{"type":"greedy_loss","c":"1.07595","l":"0","score":"0.805944","h":"10","w":"17"}
{"s_comp":"0.112926","s_loss":"0.754073","T":"158","P":"0.749054"}
{"tag":"param","type":"sa","start_temp":"30","end_temp":"1","limit":"0.25"}
{"tag":"!","time":"0.000131494","counter":"0","score":"-754"}
{"tag":"!","time":"0.000131494","counter":"6","score":"-743"}
{"tag":"!","time":"0.000131494","counter":"7","score":"-737"}
{"tag":"!","time":"0.000131494","counter":"8","score":"-558"}
{"tag":"!","time":"0.000131494","counter":"376","score":"-551"}
{"tag":"!","time":"0.000131494","counter":"494","score":"-541"}
{"tag":"!","time":"0.0126711","counter":"3022","score":"-527"}
{"tag":"result","counter":"69000","score":"-527"}
{"type":"sa","c":"0.398734","l":"0.266835","score":"0.365635"}
{"tag":"param","type":"sa","start_temp":"30","end_temp":"1","limit":"0.25"}
{"tag":"!","time":"3.37536e-05","counter":"0","score":"-710"}
{"tag":"!","time":"3.37536e-05","counter":"9","score":"-634"}
{"tag":"!","time":"3.37536e-05","counter":"22","score":"-577"}
{"tag":"!","time":"3.37536e-05","counter":"41","score":"-570"}
{"tag":"!","time":"3.37536e-05","counter":"56","score":"-556"}
{"tag":"!","time":"3.37536e-05","counter":"59","score":"-547"}
{"tag":"!","time":"3.37536e-05","counter":"202","score":"-544"}
{"tag":"!","time":"3.37536e-05","counter":"270","score":"-542"}
{"tag":"!","time":"3.37536e-05","counter":"407","score":"-521"}
{"tag":"!","time":"3.37536e-05","counter":"686","score":"-514"}
{"tag":"!","time":"0.0370583","counter":"9385","score":"-504"}
{"tag":"result","counter":"62000","score":"-504"}
{"type":"sa","c":"0.443038","l":"0.25519","score":"0.395898"}
{"tag":"param","type":"sa","start_temp":"30","end_temp":"1","limit":"0.25"}
{"tag":"!","time":"0.000191059","counter":"4","score":"-600"}
{"tag":"!","time":"0.000191059","counter":"8","score":"-578"}
{"tag":"!","time":"0.000191059","counter":"13","score":"-562"}
{"tag":"!","time":"0.000191059","counter":"54","score":"-560"}
{"tag":"!","time":"0.000191059","counter":"214","score":"-559"}
{"tag":"!","time":"0.000191059","counter":"239","score":"-548"}
{"tag":"!","time":"0.000191059","counter":"240","score":"-544"}
{"tag":"!","time":"0.000191059","counter":"243","score":"-528"}
{"tag":"!","time":"0.000191059","counter":"455","score":"-518"}
{"tag":"!","time":"0.000191059","counter":"467","score":"-513"}
{"tag":"!","time":"0.000191059","counter":"569","score":"-499"}
{"tag":"!","time":"0.000191059","counter":"622","score":"-488"}
{"tag":"!","time":"0.000191059","counter":"632","score":"-479"}
{"tag":"result","counter":"61000","score":"-479"}
{"type":"sa","c":"0.455696","l":"0.242532","score":"0.402203"}
{"tag":"param","type":"sa","start_temp":"30","end_temp":"1","limit":"0.25"}
{"tag":"!","time":"0.00038612","counter":"1","score":"-480"}
{"tag":"!","time":"0.00486141","counter":"1768","score":"-473"}
{"tag":"!","time":"0.0136557","counter":"3188","score":"-470"}
{"tag":"!","time":"0.0136557","counter":"3190","score":"-466"}
{"tag":"!","time":"0.0136557","counter":"3192","score":"-455"}
{"tag":"!","time":"0.0136557","counter":"3310","score":"-438"}
{"tag":"result","counter":"58000","score":"-438"}
{"type":"sa","c":"0.506329","l":"0.221772","score":"0.434921"}
{"tag":"param","type":"sa","start_temp":"30","end_temp":"1","limit":"0.25"}
{"tag":"!","time":"3.96125e-05","counter":"0","score":"-641"}
{"tag":"!","time":"3.96125e-05","counter":"3","score":"-615"}
{"tag":"!","time":"3.96125e-05","counter":"5","score":"-572"}
{"tag":"!","time":"3.96125e-05","counter":"6","score":"-539"}
{"tag":"!","time":"3.96125e-05","counter":"11","score":"-527"}
{"tag":"!","time":"3.96125e-05","counter":"22","score":"-514"}
{"tag":"!","time":"3.96125e-05","counter":"25","score":"-512"}
{"tag":"!","time":"3.96125e-05","counter":"322","score":"-503"}
{"tag":"!","time":"3.96125e-05","counter":"336","score":"-494"}
{"tag":"!","time":"3.96125e-05","counter":"339","score":"-492"}
{"tag":"!","time":"3.96125e-05","counter":"347","score":"-489"}
{"tag":"!","time":"3.96125e-05","counter":"360","score":"-466"}
{"tag":"!","time":"3.96125e-05","counter":"729","score":"-461"}
{"tag":"!","time":"3.96125e-05","counter":"730","score":"-458"}
{"tag":"!","time":"3.96125e-05","counter":"736","score":"-421"}
{"tag":"result","counter":"58000","score":"-421"}
{"type":"sa","c":"0.512658","l":"0.213165","score":"0.437501"}
{"tag":"param","type":"sa","start_temp":"30","end_temp":"1","limit":"0.25"}
{"tag":"!","time":"2.14879e-05","counter":"1","score":"-597"}
{"tag":"!","time":"2.14879e-05","counter":"2","score":"-563"}
{"tag":"!","time":"2.14879e-05","counter":"6","score":"-499"}
{"tag":"!","time":"2.14879e-05","counter":"8","score":"-449"}
{"tag":"!","time":"2.14879e-05","counter":"58","score":"-444"}
{"tag":"!","time":"2.14879e-05","counter":"158","score":"-429"}
{"tag":"!","time":"2.14879e-05","counter":"587","score":"-420"}
{"tag":"!","time":"2.14879e-05","counter":"636","score":"-376"}
{"tag":"!","time":"0.0220618","counter":"5595","score":"-374"}
{"tag":"!","time":"0.072146","counter":"16904","score":"-372"}
{"tag":"!","time":"0.119342","counter":"26614","score":"-368"}
{"tag":"!","time":"0.119342","counter":"26886","score":"-361"}
{"tag":"result","counter":"57000","score":"-361"}
{"type":"sa","c":"0.626582","l":"0.182785","score":"0.515213"}
{"tag":"param","type":"sa","start_temp":"30","end_temp":"1","limit":"0.25"}
{"tag":"!","time":"2.35043e-05","counter":"0","score":"-471"}
{"tag":"!","time":"2.35043e-05","counter":"2","score":"-462"}
{"tag":"!","time":"2.35043e-05","counter":"3","score":"-441"}
{"tag":"!","time":"2.35043e-05","counter":"4","score":"-398"}
{"tag":"!","time":"2.35043e-05","counter":"5","score":"-391"}
{"tag":"!","time":"2.35043e-05","counter":"7","score":"-364"}
{"tag":"!","time":"2.35043e-05","counter":"12","score":"-353"}
{"tag":"!","time":"2.35043e-05","counter":"25","score":"-350"}
{"tag":"!","time":"2.35043e-05","counter":"33","score":"-332"}
{"tag":"!","time":"2.35043e-05","counter":"42","score":"-305"}
{"tag":"!","time":"2.35043e-05","counter":"47","score":"-270"}
{"tag":"!","time":"2.35043e-05","counter":"52","score":"-210"}
{"tag":"!","time":"2.35043e-05","counter":"55","score":"-195"}
{"tag":"!","time":"2.35043e-05","counter":"137","score":"-182"}
{"tag":"!","time":"2.35043e-05","counter":"156","score":"-177"}
{"tag":"!","time":"2.35043e-05","counter":"461","score":"-174"}
{"tag":"!","time":"2.35043e-05","counter":"468","score":"-162"}
{"tag":"!","time":"2.35043e-05","counter":"529","score":"-125"}
{"tag":"!","time":"2.35043e-05","counter":"533","score":"-98"}
{"tag":"!","time":"0.0166983","counter":"4784","score":"-91"}
{"tag":"!","time":"0.0166983","counter":"4794","score":"-82"}
{"tag":"!","time":"0.0166983","counter":"4827","score":"-79"}
{"tag":"!","time":"0.0166983","counter":"4841","score":"-66"}
{"tag":"!","time":"0.0650358","counter":"16103","score":"-55"}
{"tag":"!","time":"0.0690055","counter":"17608","score":"-54"}
{"tag":"result","counter":"63000","score":"-54"}
{"type":"sa","c":"1.06329","l":"0.0273418","score":"0.803324"}
{"tag":"param","type":"sa","start_temp":"30","end_temp":"1","limit":"0.25"}
{"tag":"!","time":"2.83089e-05","counter":"1","score":"-165"}
{"tag":"!","time":"2.83089e-05","counter":"10","score":"-120"}
{"tag":"!","time":"2.83089e-05","counter":"14","score":"-89"}
{"tag":"!","time":"2.83089e-05","counter":"16","score":"-68"}
{"tag":"!","time":"2.83089e-05","counter":"42","score":"-39"}
{"tag":"!","time":"2.83089e-05","counter":"53","score":"0"}
{"tag":"result","counter":"71000","score":"0"}
{"type":"sa","c":"2.0443","l":"0","score":"1.53129"}
{"tag":"param","type":"sa","start_temp":"30","end_temp":"1","limit":"0.25"}
{"tag":"!","time":"2.92439e-05","counter":"4","score":"-87"}
{"tag":"!","time":"2.92439e-05","counter":"6","score":"0"}
{"tag":"result","counter":"85000","score":"0"}
{"type":"sa","c":"3.34177","l":"0","score":"2.50317"}
{"tag":"param","type":"sa","start_temp":"30","end_temp":"1","limit":"0.25"}
{"tag":"result","counter":"99000","score":"0"}
{"type":"sa","c":"4.9557","l":"0","score":"3.71208"}
{"tag":"param","type":"sa","start_temp":"30","end_temp":"1","limit":"7.27236"}
{"tag":"!","time":"4.08411e-05","counter":"2","score":"-637"}
{"tag":"!","time":"4.08411e-05","counter":"4","score":"-608"}
{"tag":"!","time":"4.08411e-05","counter":"11","score":"-595"}
{"tag":"!","time":"4.08411e-05","counter":"30","score":"-586"}
{"tag":"!","time":"4.08411e-05","counter":"31","score":"-584"}
{"tag":"!","time":"4.08411e-05","counter":"37","score":"-549"}
{"tag":"!","time":"4.08411e-05","counter":"274","score":"-545"}
{"tag":"!","time":"4.08411e-05","counter":"280","score":"-527"}
{"tag":"result","counter":"1983000","score":"-527"}
{"type":"sa","c":"0.398734","l":"0.266835","score":"0.365635"}
