{"type":"greedy_loss","c":"1.09234","l":"0","score":"0.107281","h":"10","w":"291"}
{"type":"greedy_loss","c":"1.06419","l":"0","score":"0.104516","h":"105","w":"27"}
{"s_comp":"0.405805","s_loss":"0.116247","T":"2664","P":"0.0982117"}
{"type":"greedy_loss","c":"1.03904","l":"0","score":"0.102046","h":"16","w":"173"}
{"type":"greedy_loss","c":"1.02703","l":"0","score":"0.100866","h":"228","w":"12"}
{"tag":"param","type":"sa","start_temp":"30","end_temp":"1","limit":"7.88927"}
{"tag":"!","time":"7.82657e-05","counter":"1","score":"-8088"}
{"tag":"!","time":"7.82657e-05","counter":"3","score":"-8032"}
{"tag":"!","time":"7.82657e-05","counter":"4","score":"-7948"}
{"tag":"!","time":"7.82657e-05","counter":"5","score":"-7840"}
{"tag":"!","time":"7.82657e-05","counter":"8","score":"-7730"}
{"tag":"!","time":"7.82657e-05","counter":"9","score":"-7563"}
{"tag":"!","time":"7.82657e-05","counter":"10","score":"-7556"}
{"tag":"!","time":"7.82657e-05","counter":"13","score":"-7500"}
{"tag":"!","time":"7.82657e-05","counter":"14","score":"-7454"}
{"tag":"!","time":"7.82657e-05","counter":"16","score":"-7354"}
{"tag":"!","time":"7.82657e-05","counter":"20","score":"-7305"}
{"tag":"!","time":"7.82657e-05","counter":"21","score":"-7299"}
{"tag":"!","time":"7.82657e-05","counter":"24","score":"-7248"}
{"tag":"!","time":"7.82657e-05","counter":"28","score":"-7181"}
{"tag":"!","time":"7.82657e-05","counter":"32","score":"-7153"}
{"tag":"!","time":"7.82657e-05","counter":"33","score":"-7046"}
{"tag":"!","time":"7.82657e-05","counter":"34","score":"-6952"}
{"tag":"!","time":"7.82657e-05","counter":"39","score":"-6880"}
{"tag":"!","time":"7.82657e-05","counter":"41","score":"-6751"}
{"tag":"!","time":"7.82657e-05","counter":"42","score":"-6529"}
{"tag":"!","time":"7.82657e-05","counter":"43","score":"-6439"}
{"tag":"!","time":"7.82657e-05","counter":"45","score":"-6317"}
{"tag":"!","time":"7.82657e-05","counter":"47","score":"-6274"}
{"tag":"!","time":"7.82657e-05","counter":"49","score":"-6273"}
{"tag":"!","time":"7.82657e-05","counter":"51","score":"-6261"}
{"tag":"!","time":"7.82657e-05","counter":"53","score":"-6260"}
{"tag":"!","time":"7.82657e-05","counter":"57","score":"-6134"}
{"tag":"!","time":"7.82657e-05","counter":"59","score":"-6055"}
{"tag":"!","time":"7.82657e-05","counter":"61","score":"-5932"}
{"tag":"!","time":"7.82657e-05","counter":"67","score":"-5894"}
{"tag":"!","time":"7.82657e-05","counter":"80","score":"-5816"}
{"tag":"!","time":"7.82657e-05","counter":"81","score":"-5815"}
{"tag":"!","time":"7.82657e-05","counter":"83","score":"-5700"}
{"tag":"!","time":"7.82657e-05","counter":"85","score":"-5605"}
{"tag":"!","time":"7.82657e-05","counter":"100","score":"-5560"}
{"tag":"!","time":"7.82657e-05","counter":"105","score":"-5539"}
{"tag":"!","time":"7.82657e-05","counter":"106","score":"-5450"}
{"tag":"!","time":"7.82657e-05","counter":"108","score":"-5340"}
{"tag":"!","time":"7.82657e-05","counter":"115","score":"-5200"}
{"tag":"!","time":"7.82657e-05","counter":"165","score":"-5199"}
{"tag":"!","time":"7.82657e-05","counter":"172","score":"-5031"}
{"tag":"!","time":"7.82657e-05","counter":"174","score":"-4954"}
{"tag":"!","time":"7.82657e-05","counter":"176","score":"-4947"}
{"tag":"!","time":"7.82657e-05","counter":"182","score":"-4922"}
{"tag":"!","time":"7.82657e-05","counter":"183","score":"-4895"}
{"tag":"!","time":"7.82657e-05","counter":"186","score":"-4874"}
{"tag":"!","time":"7.82657e-05","counter":"187","score":"-4850"}
{"tag":"!","time":"7.82657e-05","counter":"207","score":"-4796"}
{"tag":"!","time":"7.82657e-05","counter":"210","score":"-4773"}
{"tag":"!","time":"7.82657e-05","counter":"219","score":"-4747"}
{"tag":"!","time":"7.82657e-05","counter":"263","score":"-4741"}
{"tag":"!","time":"7.82657e-05","counter":"265","score":"-4738"}
{"tag":"!","time":"7.82657e-05","counter":"414","score":"-4722"}
{"tag":"!","time":"7.82657e-05","counter":"416","score":"-4666"}
{"tag":"!","time":"7.82657e-05","counter":"418","score":"-4475"}
{"tag":"!","time":"7.82657e-05","counter":"421","score":"-4421"}
{"tag":"!","time":"7.82657e-05","counter":"428","score":"-4282"}
{"tag":"!","time":"7.82657e-05","counter":"429","score":"-4275"}
{"tag":"!","time":"7.82657e-05","counter":"494","score":"-4249"}
{"tag":"!","time":"7.82657e-05","counter":"500","score":"-4229"}
{"tag":"!","time":"7.82657e-05","counter":"514","score":"-4190"}
{"tag":"!","time":"7.82657e-05","counter":"523","score":"-4187"}
{"tag":"!","time":"7.82657e-05","counter":"610","score":"-4184"}
{"tag":"!","time":"7.82657e-05","counter":"620","score":"-4151"}
{"tag":"!","time":"7.82657e-05","counter":"655","score":"-4133"}
{"tag":"!","time":"7.82657e-05","counter":"722","score":"-4051"}
{"tag":"!","time":"7.82657e-05","counter":"727","score":"-4013"}
{"tag":"!","time":"7.82657e-05","counter":"728","score":"-4009"}
{"tag":"!","time":"7.82657e-05","counter":"817","score":"-3984"}
{"tag":"!","time":"7.82657e-05","counter":"828","score":"-3923"}
{"tag":"!","time":"7.82657e-05","counter":"830","score":"-3852"}
{"tag":"!","time":"7.82657e-05","counter":"832","score":"-3814"}
{"tag":"!","time":"7.82657e-05","counter":"876","score":"-3748"}
{"tag":"!","time":"7.82657e-05","counter":"899","score":"-3745"}
{"tag":"!","time":"7.82657e-05","counter":"902","score":"-3734"}
{"tag":"!","time":"7.82657e-05","counter":"912","score":"-3717"}
{"tag":"!","time":"0.00906499","counter":"1169","score":"-3692"}
{"tag":"!","time":"0.00906499","counter":"1239","score":"-3677"}
{"tag":"!","time":"0.00906499","counter":"1247","score":"-3666"}
{"tag":"!","time":"0.00906499","counter":"1264","score":"-3658"}
{"tag":"!","time":"0.00906499","counter":"1285","score":"-3642"}
{"tag":"!","time":"0.00906499","counter":"1307","score":"-3617"}
{"tag":"!","time":"0.00906499","counter":"1308","score":"-3573"}
{"tag":"!","time":"0.00906499","counter":"1309","score":"-3535"}
{"tag":"!","time":"0.00906499","counter":"1320","score":"-3525"}
{"tag":"!","time":"0.00906499","counter":"1330","score":"-3500"}
{"tag":"!","time":"0.00906499","counter":"1348","score":"-3496"}
{"tag":"!","time":"0.00906499","counter":"1389","score":"-3477"}
{"tag":"!","time":"0.00906499","counter":"1533","score":"-3460"}
{"tag":"!","time":"0.00906499","counter":"1540","score":"-3426"}
{"tag":"!","time":"0.00906499","counter":"1541","score":"-3415"}
{"tag":"!","time":"0.00906499","counter":"1551","score":"-3397"}
{"tag":"!","time":"0.00906499","counter":"1553","score":"-3366"}
{"tag":"!","time":"0.00906499","counter":"1574","score":"-3346"}
{"tag":"!","time":"0.00906499","counter":"1578","score":"-3329"}
{"tag":"!","time":"0.00906499","counter":"1582","score":"-3284"}
{"tag":"!","time":"0.00906499","counter":"1603","score":"-3273"}
{"tag":"!","time":"0.00906499","counter":"1623","score":"-3209"}
{"tag":"!","time":"0.00906499","counter":"1631","score":"-3172"}
{"tag":"!","time":"0.00906499","counter":"1772","score":"-3162"}
{"tag":"!","time":"0.00906499","counter":"1798","score":"-3147"}
{"tag":"!","time":"0.00906499","counter":"1803","score":"-3137"}
{"tag":"!","time":"0.027286","counter":"4245","score":"-3134"}
{"tag":"!","time":"0.027286","counter":"4338","score":"-3118"}
{"tag":"!","time":"0.027286","counter":"4359","score":"-3082"}
{"tag":"!","time":"0.027286","counter":"4382","score":"-3051"}
{"tag":"!","time":"0.027286","counter":"4423","score":"-3009"}
{"tag":"!","time":"0.027286","counter":"4425","score":"-2998"}
{"tag":"!","time":"0.117385","counter":"19375","score":"-2994"}
{"tag":"!","time":"0.117385","counter":"19383","score":"-2899"}
{"tag":"!","time":"0.117385","counter":"19771","score":"-2868"}
{"tag":"!","time":"0.117385","counter":"19793","score":"-2857"}
{"tag":"!","time":"0.117385","counter":"19842","score":"-2808"}
{"tag":"!","time":"0.117385","counter":"19927","score":"-2781"}
{"tag":"!","time":"0.13542","counter":"22352","score":"-2778"}
{"tag":"!","time":"0.13542","counter":"22367","score":"-2732"}
{"tag":"!","time":"0.154673","counter":"25706","score":"-2710"}
{"tag":"!","time":"0.154673","counter":"25956","score":"-2681"}
{"tag":"!","time":"0.154673","counter":"25960","score":"-2648"}
{"tag":"!","time":"0.161716","counter":"26172","score":"-2644"}
{"tag":"!","time":"0.161716","counter":"26173","score":"-2637"}
{"tag":"!","time":"0.161716","counter":"26430","score":"-2636"}
{"tag":"!","time":"0.161716","counter":"26439","score":"-2602"}
{"tag":"!","time":"0.161716","counter":"26445","score":"-2594"}
{"tag":"!","time":"0.161716","counter":"26447","score":"-2583"}
{"tag":"!","time":"0.161716","counter":"26451","score":"-2576"}
{"tag":"!","time":"0.161716","counter":"26464","score":"-2566"}
{"tag":"!","time":"0.161716","counter":"26635","score":"-2536"}
{"tag":"!","time":"0.161716","counter":"26639","score":"-2512"}
{"tag":"!","time":"0.200321","counter":"32885","score":"-2511"}
{"tag":"!","time":"0.200321","counter":"32904","score":"-2493"}
{"tag":"!","time":"0.200321","counter":"32923","score":"-2466"}
{"tag":"!","time":"0.200321","counter":"32930","score":"-2418"}
{"tag":"!","time":"0.328399","counter":"54929","score":"-2392"}
{"tag":"!","time":"0.328399","counter":"54931","score":"-2390"}
{"tag":"!","time":"0.328399","counter":"54991","score":"-2388"}
{"tag":"!","time":"0.33398","counter":"55000","score":"-2372"}
{"tag":"!","time":"0.33398","counter":"55003","score":"-2364"}
{"tag":"!","time":"0.33398","counter":"55007","score":"-2356"}
{"tag":"!","time":"0.33398","counter":"55012","score":"-2352"}
{"tag":"!","time":"1.92436","counter":"317959","score":"-2320"}
{"tag":"!","time":"1.92436","counter":"317990","score":"-2313"}
{"tag":"!","time":"1.9311","counter":"318344","score":"-2263"}
{"tag":"!","time":"1.9311","counter":"318357","score":"-2245"}
{"tag":"!","time":"1.9311","counter":"318384","score":"-2240"}
{"tag":"!","time":"1.9311","counter":"318393","score":"-2222"}
{"tag":"!","time":"1.9311","counter":"318408","score":"-2216"}
{"tag":"!","time":"1.9311","counter":"318420","score":"-2212"}
{"tag":"!","time":"1.9311","counter":"318435","score":"-2206"}
{"tag":"!","time":"1.9311","counter":"318487","score":"-2183"}
{"tag":"!","time":"1.9311","counter":"318491","score":"-2179"}
{"tag":"!","time":"1.9311","counter":"318503","score":"-2129"}
{"tag":"!","time":"2.40979","counter":"393769","score":"-2105"}
{"tag":"!","time":"2.40979","counter":"393794","score":"-2099"}
{"tag":"!","time":"2.40979","counter":"393798","score":"-2062"}
{"tag":"!","time":"2.40979","counter":"393809","score":"-2038"}
{"tag":"!","time":"2.61478","counter":"425445","score":"-2031"}
{"tag":"!","time":"2.61478","counter":"425528","score":"-2030"}
{"tag":"!","time":"2.74756","counter":"446366","score":"-2001"}
{"tag":"!","time":"2.74756","counter":"446436","score":"-1958"}
{"tag":"!","time":"2.9823","counter":"485346","score":"-1956"}
{"tag":"!","time":"2.9823","counter":"485353","score":"-1955"}
{"tag":"!","time":"2.9823","counter":"485701","score":"-1947"}
{"tag":"!","time":"3.03957","counter":"494095","score":"-1925"}
{"tag":"!","time":"3.03957","counter":"494207","score":"-1913"}
{"tag":"!","time":"3.03957","counter":"494218","score":"-1891"}
{"tag":"!","time":"3.03957","counter":"494225","score":"-1882"}
{"tag":"!","time":"3.15297","counter":"512078","score":"-1874"}
{"tag":"!","time":"3.15297","counter":"512117","score":"-1857"}
{"tag":"!","time":"3.15297","counter":"512234","score":"-1819"}
{"tag":"!","time":"3.15297","counter":"512284","score":"-1812"}
{"tag":"!","time":"3.15297","counter":"512296","score":"-1792"}
{"tag":"!","time":"3.15297","counter":"512302","score":"-1787"}
{"tag":"!","time":"3.15297","counter":"512314","score":"-1779"}
{"tag":"!","time":"3.20891","counter":"521621","score":"-1743"}
{"tag":"!","time":"3.20891","counter":"521626","score":"-1731"}
{"tag":"!","time":"3.23273","counter":"525511","score":"-1721"}
{"tag":"!","time":"3.23273","counter":"525512","score":"-1713"}
{"tag":"!","time":"3.23273","counter":"525554","score":"-1695"}
{"tag":"!","time":"3.23273","counter":"525565","score":"-1686"}
{"tag":"!","time":"3.23273","counter":"525697","score":"-1682"}
{"tag":"!","time":"3.23273","counter":"525705","score":"-1661"}
{"tag":"!","time":"3.23273","counter":"525884","score":"-1658"}
{"tag":"!","time":"3.23273","counter":"525897","score":"-1643"}
{"tag":"!","time":"3.53544","counter":"573658","score":"-1637"}
{"tag":"!","time":"3.53544","counter":"573750","score":"-1629"}
{"tag":"!","time":"3.53544","counter":"573754","score":"-1626"}
{"tag":"!","time":"3.53544","counter":"573759","score":"-1616"}
{"tag":"!","time":"3.53544","counter":"573790","score":"-1609"}
{"tag":"!","time":"3.53544","counter":"573852","score":"-1599"}
{"tag":"!","time":"3.53544","counter":"573939","score":"-1583"}
{"tag":"!","time":"3.65059","counter":"592954","score":"-1519"}
{"tag":"!","time":"3.65743","counter":"593403","score":"-1512"}
{"tag":"!","time":"3.69341","counter":"599832","score":"-1508"}
{"tag":"!","time":"3.69341","counter":"599929","score":"-1464"}
{"tag":"!","time":"3.91981","counter":"636991","score":"-1461"}
{"tag":"!","time":"3.92773","counter":"637025","score":"-1458"}
{"tag":"!","time":"3.92773","counter":"637107","score":"-1449"}
{"tag":"!","time":"3.94757","counter":"640069","score":"-1442"}
{"tag":"!","time":"3.94757","counter":"640236","score":"-1433"}
{"tag":"!","time":"3.94757","counter":"640307","score":"-1422"}
{"tag":"!","time":"3.94757","counter":"640346","score":"-1419"}
{"tag":"!","time":"3.94757","counter":"640376","score":"-1410"}
{"tag":"!","time":"3.94757","counter":"640846","score":"-1399"}
{"tag":"!","time":"3.94757","counter":"640861","score":"-1389"}
{"tag":"!","time":"3.94757","counter":"640982","score":"-1383"}
{"tag":"!","time":"3.94757","counter":"640992","score":"-1374"}
{"tag":"!","time":"3.94757","counter":"640993","score":"-1349"}
{"tag":"!","time":"3.95539","counter":"641000","score":"-1330"}
{"tag":"!","time":"3.95539","counter":"641207","score":"-1327"}
{"tag":"!","time":"3.95539","counter":"641212","score":"-1293"}
{"tag":"!","time":"3.96189","counter":"642003","score":"-1277"}
{"tag":"!","time":"4.0708","counter":"659059","score":"-1245"}
{"tag":"!","time":"4.08938","counter":"662310","score":"-1231"}
{"tag":"!","time":"4.10248","counter":"664480","score":"-1229"}
{"tag":"!","time":"4.10248","counter":"664559","score":"-1225"}
{"tag":"!","time":"4.10248","counter":"664564","score":"-1222"}
{"tag":"!","time":"4.32887","counter":"697075","score":"-1194"}
{"tag":"!","time":"4.35361","counter":"701428","score":"-1192"}
{"tag":"!","time":"4.35361","counter":"701592","score":"-1187"}
{"tag":"!","time":"4.35361","counter":"701599","score":"-1179"}
{"tag":"!","time":"4.35361","counter":"701752","score":"-1176"}
{"tag":"!","time":"4.35361","counter":"701977","score":"-1172"}
{"tag":"!","time":"4.42125","counter":"712737","score":"-1144"}
{"tag":"!","time":"4.42125","counter":"712779","score":"-1127"}
{"tag":"!","time":"4.45247","counter":"717860","score":"-1109"}
{"tag":"!","time":"4.45826","counter":"718180","score":"-1101"}
{"tag":"!","time":"4.45826","counter":"718183","score":"-1086"}
{"tag":"!","time":"4.49646","counter":"724258","score":"-1080"}
{"tag":"!","time":"4.52869","counter":"729175","score":"-1074"}
{"tag":"!","time":"4.52869","counter":"729178","score":"-1053"}
{"tag":"!","time":"4.52869","counter":"729644","score":"-1052"}
{"tag":"!","time":"4.52869","counter":"729663","score":"-1030"}
{"tag":"!","time":"4.52869","counter":"729670","score":"-1016"}
{"tag":"!","time":"4.52869","counter":"729746","score":"-1011"}
{"tag":"!","time":"4.54824","counter":"732812","score":"-998"}
{"tag":"!","time":"4.55471","counter":"733005","score":"-985"}
{"tag":"!","time":"4.60737","counter":"741346","score":"-984"}
{"tag":"!","time":"4.60737","counter":"741398","score":"-974"}
{"tag":"!","time":"4.60737","counter":"741903","score":"-964"}
{"tag":"!","time":"4.61406","counter":"742079","score":"-963"}
{"tag":"!","time":"4.61406","counter":"742188","score":"-958"}
{"tag":"!","time":"4.61406","counter":"742806","score":"-937"}
{"tag":"!","time":"4.61406","counter":"742814","score":"-926"}
{"tag":"!","time":"4.61406","counter":"742827","score":"-925"}
{"tag":"!","time":"4.62123","counter":"743074","score":"-914"}
{"tag":"!","time":"4.62123","counter":"743157","score":"-912"}
{"tag":"!","time":"5.62826","counter":"907014","score":"-886"}
{"tag":"!","time":"5.62826","counter":"907137","score":"-878"}
{"tag":"!","time":"5.62826","counter":"907220","score":"-868"}
{"tag":"!","time":"5.63553","counter":"908453","score":"-864"}
{"tag":"!","time":"5.63553","counter":"908704","score":"-856"}
{"tag":"!","time":"5.7227","counter":"922069","score":"-845"}
{"tag":"!","time":"5.7227","counter":"922233","score":"-837"}
{"tag":"!","time":"5.7227","counter":"922295","score":"-828"}
{"tag":"!","time":"5.7227","counter":"922722","score":"-824"}
{"tag":"!","time":"5.7227","counter":"922819","score":"-816"}
{"tag":"!","time":"5.7227","counter":"922871","score":"-803"}
{"tag":"!","time":"5.82258","counter":"939313","score":"-801"}
{"tag":"!","time":"5.82258","counter":"939353","score":"-796"}
{"tag":"!","time":"5.82258","counter":"939495","score":"-787"}
{"tag":"!","time":"5.82258","counter":"939681","score":"-785"}
{"tag":"!","time":"5.82258","counter":"939806","score":"-784"}
{"tag":"!","time":"5.82258","counter":"939893","score":"-754"}
{"tag":"!","time":"5.82258","counter":"939927","score":"-752"}
{"tag":"!","time":"6.03065","counter":"973377","score":"-714"}
{"tag":"!","time":"6.12362","counter":"989569","score":"-695"}
{"tag":"!","time":"6.12362","counter":"989972","score":"-683"}
{"tag":"!","time":"6.13026","counter":"990303","score":"-682"}
{"tag":"!","time":"6.13607","counter":"991064","score":"-680"}
{"tag":"!","time":"6.13607","counter":"991384","score":"-656"}
{"tag":"!","time":"6.13607","counter":"991485","score":"-651"}
{"tag":"!","time":"6.13607","counter":"991927","score":"-646"}
{"tag":"!","time":"6.14875","counter":"993871","score":"-629"}
{"tag":"!","time":"6.15505","counter":"994300","score":"-619"}
{"tag":"!","time":"6.15505","counter":"994320","score":"-604"}
{"tag":"!","time":"6.20169","counter":"1002883","score":"-587"}
{"tag":"!","time":"6.20757","counter":"1003560","score":"-579"}
{"tag":"!","time":"6.20757","counter":"1003664","score":"-575"}
{"tag":"!","time":"6.21323","counter":"1004303","score":"-558"}
{"tag":"!","time":"6.45249","counter":"1045794","score":"-554"}
{"tag":"!","time":"6.45249","counter":"1045830","score":"-533"}
{"tag":"!","time":"6.45852","counter":"1046683","score":"-529"}
{"tag":"!","time":"6.47573","counter":"1049605","score":"-518"}
{"tag":"!","time":"6.51772","counter":"1056588","score":"-511"}
{"tag":"!","time":"6.52979","counter":"1058934","score":"-492"}
{"tag":"!","time":"6.58769","counter":"1068990","score":"-490"}
{"tag":"!","time":"6.59338","counter":"1069759","score":"-485"}
{"tag":"!","time":"6.61552","counter":"1073082","score":"-484"}
{"tag":"!","time":"6.65618","counter":"1080749","score":"-462"}
{"tag":"!","time":"6.66204","counter":"1081749","score":"-460"}
{"tag":"!","time":"6.66204","counter":"1081933","score":"-443"}
{"tag":"!","time":"6.6729","counter":"1083796","score":"-411"}
{"tag":"!","time":"7.34034","counter":"1198643","score":"-405"}
{"tag":"!","time":"7.46355","counter":"1218824","score":"-398"}
{"tag":"!","time":"7.48113","counter":"1221044","score":"-397"}
{"tag":"!","time":"7.56448","counter":"1235604","score":"-395"}
{"tag":"!","time":"7.59972","counter":"1241006","score":"-391"}
{"tag":"!","time":"7.61731","counter":"1244673","score":"-387"}
{"tag":"!","time":"7.65978","counter":"1251598","score":"-380"}
{"tag":"!","time":"7.6663","counter":"1252368","score":"-378"}
{"tag":"!","time":"7.76023","counter":"1268159","score":"-358"}
{"tag":"!","time":"7.76633","counter":"1269732","score":"-354"}
{"tag":"!","time":"7.82208","counter":"1278181","score":"-352"}
{"tag":"!","time":"7.84002","counter":"1281532","score":"-350"}
{"tag":"result","counter":"1290000","score":"-350"}
{"type":"sa","c":"1.01464","l":"0.0105105","score":"0.109128"}
