228
BEVCVWHHTSYB
BCISXABBMUTB
QEJHODEBMZXV
NXVBAPFIZYZZ
IKERTSOJBBJA
UUOSCODHDKDH
TAJJYSXEITAM
KUDGNSTEFHKQ
FMWHKRGJMVVR
VUIISGYIGUYM
HEAUDPFZSSOF
INZBUDSTGIIH
TWOWLZTXHEAN
QXVYGKEUFSLV
SNGKBEKXFPVM
HFQYEKCEFFEZ
RWZNPBZVKUPO
SYQYTCHUQVTS
HXSTOEGRLIMD
SXPOWEJOVNFT
JBJAMYZCFRJI
TPXBTOOJQGKR
DYOKRBBERXTP
EQCYNNLQCWAX
KIEJWHBPWCNN
NDPZVUZTLIQB
VDFSOTHJHDYI
WALNWYFIRSYI
DAZTSXJVUDJF
ELOFNRZQMVZM
ZAUXNUGJILLJ
XRAHMFGAOZFO
MDYLWZPETPPP
NUTRKPFOISUS
VOAZAVQLFIGA
CWECAOULBRGX
FSOXIVVRFGPL
PLGNVHAZHKHM
TZJILHDUCUJD
WCQMMUUMTUYG
VLULKYTSKODK
LDOSZJSBZEJT
NJHNXTEIZVCD
ZCNRUYAKTAZC
YAEISOHJJWDH
NRRZGGHEFONN
NLOOUZZCVAXV
VZIAOCUKXIRQ
HNSNGARMSWTU
TPAPGNAPFOAH
IFSLUSMTJOPR
FVZGIZULLMGV
ECIUGIFRYCWR
FPYEPWXSJRFU
XQCRIPQKQTPP
ARXMXQXZBYDR
OIPCEBQURNFW
TGSVFIKAMBYJ
OXRULMJIMTUH
IJPHODGYYXWG
XBMKFSCERBUS
HWWSUOZNCBMB
KDMPWJWTTWMN
RHSNEILZYMOK
GNDHUFPNWJRH
JYTKHKSOTXWZ
QTUDSEFLRBAP
UIQXICPOEVKU
KRJDEMGXKHMF
HLHBRRAFOFFE
OQBJWEMTOZCF
QGZSUZLBOSVK
TRHERWCZJWJK
DMWCMZLDCHEL
USOMLFMKYEKQ
YDWIIFGEEICR
NYOEMCGFNAOF
TKODLBKMVZFN
LRKMVUQEISPL
IAVSLCIWCNHE
LIEBOPTOIBXK
BVAZJINAHGUZ
DVBQZUNNSNUK
RQKYFLEJRZED
ROYZADPSNTRR
GSWZWZRMQYDD
EMHFZVAVOCPR
XPNUSKRPBAYN
PERKRJTBSQTU
PGLLMBPTCSES
OODYGXBDAEDP
PRJAPNVAEQTR
KFPOPLJMHHDY
UXOXYGXUVMRX
HUKGAJOVHDMZ
YFLVDERFNRAS
USHKXBZTXNRA
JFTFQMQLREAP
CGTELRGNIFPT
XEBNUQKZIXAB
AUINGIBWJVDF
HNXAIINQWXMA
EXOFZCPKQFLJ
IGQSDMQOXDHU
KZSNXXQHRLYH
BFHCDFYIZKUF
RSCXQQJVYXPH
BOGKKJNRFWSR
IHTZOTBOFNNC
YNBPSPZHDPLZ
GMHPMXTAYKOO
JGNUYNATXQAA
ZPQXFVYPLBGA
MQMJNPLTUMVA
GURMFOHMQGMA
HOJGUEEIPFTA
PNRDVUWTQIKA
FISKVDYOXMRA
LTCNQXRXTKPA
DJTYAFQIHKMA
ELXPUVXQNBEA
QWMUCORLECIT
EXDVVKVGUPIX
ZHRPQOGBDFKM
FEKAXUXOEFYJ
OKKBWARXZCSF
NVPUHORWRCCW
RGKCVKCKIBPH
RQKKFRRVSIFF
JZLYQYJJBHES
EBPAHQJMMVIW
KSKGGHRVJVWA
KMNVLAJSZXYM
BVTDPCCDWNFS
CZCNVRSQQUNH
PMRZAWFPHPMQ
VBNEIJVIKGYB
UXLJDPVUVOVH
VOVYAWEZUVGQ
APWPTDFYITTO
HJDPGTYJHMQG
JFSFPETHQYTD
GDIAXJCZFHLN
IDDCLIQEGPPT
BHPUWAUJCZYA
DSVPSTGCATFY
VWOBATSFZQUN
XWRCEOAQGWPX
SLNVGICQAUPU
DJXEOVVRTLVM
QRHNZLRKDUZS
XQEWVPBMKPCT
BHCLUEKYJITF
LISASGKXUZIM
CNTHGGZZPQQC
NWYMTQALVDIL
LGQOAMDUILKJ
NFMTYZCBZJFZ
FSXFGNWBCAQJ
OFUPDCEWEJUI
XGBCDHZEKCNZ
XDOSWETKPZCJ
NBSQKCNWABJI
VBOAEZQELBZB
MYKCNVCXUOQM
INNRWDGECJVF
KMQXPZWOOHHB
WOVOGSYRHXSW
TLFYMYEHLKQX
KYZMUAIPWFOA
JKAWPMPMVYWA
NGVGIAXYOFXA
AULJJFWGROWA
XXRJQKUYPXAA
FBGSOZJGOBKA
VCZXRZFHHLBA
GPXDOILRCPFA
LOCBDDWNBAVA
XWGITQECSPHA
CHYSJIZFOLWA
EHZPMOLJQMMA
UULHXZJKPESA
NPEJCJVUJADA
PPUNLGNCVZHR
FMMDYKNGVRML
IHONIMDCMCLZ
FILVDCMKHEMF
QHTFHNUXVYIR
DJIDDFCOGIFC
KIDHQHRIKFJN
OHGAHHSOESCU
SNMXDCIESHUS
THIJTQXAMYLG
TEVMGSNYDFRK
XHXSZVPLALRA
WUFXIJVLTQMW
ZIKXTEURMTAF
ENYHZFRBFXJV
TLEGBMZYQOUC
SZFODBJHEJMP
SLEMYRWRPEPE
EKGOXJRIDAYW
HVIWXDJBTDDA
WBYEFWXCBQTI
WOIOJUGZPJMB
ANWBMUSXLYLY
XBHBKEVMRFWL
DSNNNCNSDKEV
TYYIHKDWGTPS
MYVNUMEOAOAA
ZYDOPOIGYKCO
KVRKKFVFFSJJ
BBOXMIKVBXKY
SCIVYAJRACDF
IAJXTUWTTREB
JWEOPHKPZVVM
WBEZOQYJPLDF
OAPHBPRHYCIM
JDYOMAPAGYAW
TRAQLMMFEYOO
IFHRAAIEFQAA
JWGFAAZSESAA
PSFKAAXPIWAA
RTUCAATEODAA
IXIIAAAAAAAA
UROOAAAAAAAA
EBFYAAAAAAAA
GLTPAAAAAAAA
70 0
178 0
56 10
129 0
183 6
215 6
224 0
151 0
116 9
44 0
202 0
113 0
217 6
172 0
103 9
109 9
51 0
177 7
107 9
215 0
193 0
169 7
141 7
136 0
0 0
116 0
139 0
99 9
64 10
29 10
121 0
10 10
119 0
164 7
63 0
95 0
89 0
10 0
72 0
57 0
110 0
208 6
220 0
106 0
82 9
47 10
67 0
141 0
20 0
38 10
209 0
95 9
72 9
217 10
81 0
20 10
201 6
89 9
101 0
130 8
121 8
183 0
158 7
37 0
111 9
0 10
192 6
150 7
166 0
29 0
139 8
160 0
