10
URVOEKPPRPHE
CMFKLLKNPFKN
TLRIRJKPKIOG
ILKMKUIURVLI
QRNOHOQROFND
UFGNNHHOIPKP
IJJMOMKTSNGR
CJHSQRHJNNPF
XRJJSLNSKJIR
HWWJGLNFIIKD
5 3
0 0
2 5
3 8
2 8
1 3
5 0
0 5
3 4
7 1
1 0
4 3
0 1
2 1
2 0
0 6
0 3
0 1
0 0
0 0
0 0
1 6
0 5
0 5
3 6
0 9
2 2
0 6
0 3
5 0
0 2
2 0
6 0
3 3
1 1
1 1
0 9
3 2
6 5
0 1
0 0
1 8
0 10
0 6
0 5
0 5
0 0
5 3
0 0
5 4
2 0
0 0
0 2
0 7
3 2
0 2
3 1
0 4
1 2
1 3
0 4
6 0
1 6
0 6
2 3
2 0
0 4
0 6
0 2
7 4
0 4
0 5
2 8
0 5
2 2
1 3
5 7
8 1
0 1
2 6
0 5
0 4
0 1
1 3
3 2
1 1
0 3
0 1
1 3
0 4
1 3
3 4
0 3
6 5
5 0
1 8
5 1
0 3
0 3
7 3
