{"type":"greedy_loss","c":"1.2","l":"0","score":"0.372994","h":"12","w":"14"}
{"type":"greedy_loss","c":"1.15714","l":"0","score":"0.359672","h":"18","w":"9"}
{"type":"greedy_loss","c":"1.09286","l":"0","score":"0.339691","h":"9","w":"17"}
{"s_comp":"0.310127","s_loss":"0.324611","T":"140","P":"0.310828"}
{"tag":"param","type":"sa","start_temp":"30","end_temp":"1","limit":"0.25"}
{"tag":"!","time":"3.56386e-05","counter":"15","score":"-497"}
{"tag":"!","time":"3.56386e-05","counter":"34","score":"-488"}
{"tag":"!","time":"3.56386e-05","counter":"38","score":"-484"}
{"tag":"!","time":"3.56386e-05","counter":"55","score":"-479"}
{"tag":"!","time":"3.56386e-05","counter":"136","score":"-475"}
{"tag":"!","time":"3.56386e-05","counter":"189","score":"-458"}
{"tag":"!","time":"3.56386e-05","counter":"219","score":"-452"}
{"tag":"!","time":"3.56386e-05","counter":"343","score":"-447"}
{"tag":"!","time":"3.56386e-05","counter":"344","score":"-440"}
{"tag":"!","time":"3.56386e-05","counter":"722","score":"-423"}
{"tag":"!","time":"3.56386e-05","counter":"734","score":"-422"}
{"tag":"!","time":"0.00579657","counter":"2380","score":"-398"}
{"tag":"!","time":"0.0975504","counter":"33737","score":"-396"}
{"tag":"!","time":"0.11677","counter":"39530","score":"-393"}
{"tag":"result","counter":"82000","score":"-393"}
{"type":"sa","c":"0.45","l":"0.224571","score":"0.294641"}
{"tag":"param","type":"sa","start_temp":"30","end_temp":"1","limit":"0.25"}
{"tag":"!","time":"1.862e-05","counter":"0","score":"-530"}
{"tag":"!","time":"1.862e-05","counter":"4","score":"-484"}
{"tag":"!","time":"1.862e-05","counter":"21","score":"-471"}
{"tag":"!","time":"1.862e-05","counter":"26","score":"-459"}
{"tag":"!","time":"1.862e-05","counter":"28","score":"-445"}
{"tag":"!","time":"1.862e-05","counter":"34","score":"-434"}
{"tag":"!","time":"1.862e-05","counter":"93","score":"-431"}
{"tag":"!","time":"1.862e-05","counter":"97","score":"-418"}
{"tag":"!","time":"1.862e-05","counter":"261","score":"-417"}
{"tag":"!","time":"1.862e-05","counter":"263","score":"-411"}
{"tag":"!","time":"1.862e-05","counter":"334","score":"-399"}
{"tag":"!","time":"1.862e-05","counter":"673","score":"-394"}
{"tag":"!","time":"1.862e-05","counter":"677","score":"-387"}
{"tag":"!","time":"1.862e-05","counter":"688","score":"-383"}
{"tag":"!","time":"1.862e-05","counter":"695","score":"-378"}
{"tag":"!","time":"0.00614942","counter":"2290","score":"-364"}
{"tag":"!","time":"0.0150146","counter":"5052","score":"-359"}
{"tag":"!","time":"0.0206877","counter":"7179","score":"-352"}
{"tag":"!","time":"0.0206877","counter":"7858","score":"-349"}
{"tag":"!","time":"0.0868381","counter":"28891","score":"-348"}
{"tag":"!","time":"0.109274","counter":"35343","score":"-341"}
{"tag":"!","time":"0.164866","counter":"51076","score":"-335"}
{"tag":"!","time":"0.164866","counter":"51216","score":"-333"}
{"tag":"result","counter":"79000","score":"-333"}
{"type":"sa","c":"0.514286","l":"0.190286","score":"0.290994"}
{"tag":"param","type":"sa","start_temp":"30","end_temp":"1","limit":"0.25"}
{"tag":"!","time":"1.89029e-05","counter":"2","score":"-490"}
{"tag":"!","time":"1.89029e-05","counter":"3","score":"-474"}
{"tag":"!","time":"1.89029e-05","counter":"39","score":"-428"}
{"tag":"!","time":"1.89029e-05","counter":"78","score":"-392"}
{"tag":"!","time":"0.00626872","counter":"2098","score":"-387"}
{"tag":"!","time":"0.00626872","counter":"2140","score":"-376"}
{"tag":"!","time":"0.00626872","counter":"2152","score":"-355"}
{"tag":"!","time":"0.0712286","counter":"23608","score":"-338"}
{"tag":"result","counter":"80000","score":"-338"}
{"type":"sa","c":"0.5","l":"0.193143","score":"0.288523"}
{"tag":"param","type":"sa","start_temp":"30","end_temp":"1","limit":"0.25"}
{"tag":"!","time":"1.87371e-05","counter":"3","score":"-439"}
{"tag":"!","time":"1.87371e-05","counter":"30","score":"-388"}
{"tag":"!","time":"1.87371e-05","counter":"163","score":"-385"}
{"tag":"!","time":"1.87371e-05","counter":"217","score":"-382"}
{"tag":"!","time":"1.87371e-05","counter":"279","score":"-358"}
{"tag":"!","time":"1.87371e-05","counter":"527","score":"-338"}
{"tag":"!","time":"0.00329588","counter":"1073","score":"-330"}
{"tag":"!","time":"0.00635798","counter":"2066","score":"-327"}
{"tag":"!","time":"0.00970514","counter":"3853","score":"-322"}
{"tag":"!","time":"0.00970514","counter":"3928","score":"-318"}
{"tag":"!","time":"0.0189163","counter":"6213","score":"-316"}
{"tag":"!","time":"0.0189163","counter":"6214","score":"-303"}
{"tag":"!","time":"0.0189163","counter":"6812","score":"-301"}
{"tag":"!","time":"0.113437","counter":"34339","score":"-292"}
{"tag":"result","counter":"77000","score":"-292"}
{"type":"sa","c":"0.571429","l":"0.166857","score":"0.292609"}
{"tag":"param","type":"sa","start_temp":"30","end_temp":"1","limit":"0.25"}
{"tag":"!","time":"2.153e-05","counter":"3","score":"-472"}
{"tag":"!","time":"2.153e-05","counter":"4","score":"-455"}
{"tag":"!","time":"2.153e-05","counter":"6","score":"-443"}
{"tag":"!","time":"2.153e-05","counter":"11","score":"-398"}
{"tag":"!","time":"2.153e-05","counter":"61","score":"-396"}
{"tag":"!","time":"2.153e-05","counter":"229","score":"-370"}
{"tag":"!","time":"2.153e-05","counter":"725","score":"-369"}
{"tag":"!","time":"2.153e-05","counter":"930","score":"-358"}
{"tag":"!","time":"0.00354937","counter":"1457","score":"-349"}
{"tag":"!","time":"0.00660989","counter":"2225","score":"-343"}
{"tag":"!","time":"0.00660989","counter":"2228","score":"-342"}
{"tag":"!","time":"0.0573558","counter":"18094","score":"-334"}
{"tag":"!","time":"0.0733699","counter":"23706","score":"-331"}
{"tag":"!","time":"0.126837","counter":"39137","score":"-322"}
{"tag":"!","time":"0.164202","counter":"50288","score":"-316"}
{"tag":"result","counter":"76000","score":"-316"}
{"type":"sa","c":"0.55","l":"0.180571","score":"0.2954"}
{"tag":"param","type":"sa","start_temp":"30","end_temp":"1","limit":"0.25"}
{"tag":"!","time":"1.87543e-05","counter":"1","score":"-417"}
{"tag":"!","time":"1.87543e-05","counter":"6","score":"-408"}
{"tag":"!","time":"1.87543e-05","counter":"7","score":"-397"}
{"tag":"!","time":"1.87543e-05","counter":"8","score":"-387"}
{"tag":"!","time":"1.87543e-05","counter":"23","score":"-382"}
{"tag":"!","time":"1.87543e-05","counter":"24","score":"-369"}
{"tag":"!","time":"1.87543e-05","counter":"60","score":"-362"}
{"tag":"!","time":"1.87543e-05","counter":"85","score":"-342"}
{"tag":"!","time":"1.87543e-05","counter":"89","score":"-328"}
{"tag":"!","time":"1.87543e-05","counter":"184","score":"-296"}
{"tag":"!","time":"1.87543e-05","counter":"187","score":"-284"}
{"tag":"!","time":"1.87543e-05","counter":"255","score":"-282"}
{"tag":"!","time":"1.87543e-05","counter":"278","score":"-263"}
{"tag":"!","time":"1.87543e-05","counter":"383","score":"-257"}
{"tag":"!","time":"0.00723747","counter":"2047","score":"-245"}
{"tag":"!","time":"0.00723747","counter":"2056","score":"-222"}
{"tag":"!","time":"0.0136077","counter":"4087","score":"-220"}
{"tag":"!","time":"0.051335","counter":"16232","score":"-209"}
{"tag":"!","time":"0.106955","counter":"33164","score":"-201"}
{"tag":"!","time":"0.106955","counter":"33172","score":"-200"}
{"tag":"!","time":"0.127007","counter":"39991","score":"-188"}
{"tag":"result","counter":"72000","score":"-188"}
{"type":"sa","c":"0.707143","l":"0.107429","score":"0.293837"}
{"tag":"param","type":"sa","start_temp":"30","end_temp":"1","limit":"0.25"}
{"tag":"!","time":"2.05829e-05","counter":"0","score":"-346"}
{"tag":"!","time":"2.05829e-05","counter":"1","score":"-323"}
{"tag":"!","time":"2.05829e-05","counter":"13","score":"-263"}
{"tag":"!","time":"2.05829e-05","counter":"19","score":"-257"}
{"tag":"!","time":"2.05829e-05","counter":"27","score":"-233"}
{"tag":"!","time":"2.05829e-05","counter":"35","score":"-207"}
{"tag":"!","time":"2.05829e-05","counter":"37","score":"-201"}
{"tag":"!","time":"2.05829e-05","counter":"50","score":"-194"}
{"tag":"!","time":"2.05829e-05","counter":"51","score":"-188"}
{"tag":"!","time":"2.05829e-05","counter":"60","score":"-179"}
{"tag":"!","time":"2.05829e-05","counter":"64","score":"-143"}
{"tag":"!","time":"2.05829e-05","counter":"106","score":"-122"}
{"tag":"!","time":"2.05829e-05","counter":"119","score":"-70"}
{"tag":"!","time":"2.05829e-05","counter":"198","score":"-67"}
{"tag":"!","time":"2.05829e-05","counter":"231","score":"-66"}
{"tag":"!","time":"2.05829e-05","counter":"234","score":"-42"}
{"tag":"!","time":"2.05829e-05","counter":"237","score":"-38"}
{"tag":"!","time":"2.05829e-05","counter":"948","score":"-36"}
{"tag":"!","time":"2.05829e-05","counter":"949","score":"-33"}
{"tag":"!","time":"0.00352323","counter":"1079","score":"-30"}
{"tag":"!","time":"0.00352323","counter":"1094","score":"0"}
{"tag":"result","counter":"87000","score":"0"}
{"type":"sa","c":"1.2","l":"0","score":"0.372994"}
{"tag":"param","type":"sa","start_temp":"30","end_temp":"1","limit":"0.25"}
{"tag":"!","time":"2.01507e-05","counter":"0","score":"-19"}
{"tag":"!","time":"2.01507e-05","counter":"5","score":"-17"}
{"tag":"!","time":"2.01507e-05","counter":"29","score":"0"}
{"tag":"result","counter":"103000","score":"0"}
{"type":"sa","c":"2.30714","l":"0","score":"0.717124"}
{"tag":"param","type":"sa","start_temp":"30","end_temp":"1","limit":"0.25"}
{"tag":"!","time":"2.31464e-05","counter":"0","score":"-81"}
{"tag":"!","time":"2.31464e-05","counter":"1","score":"-56"}
{"tag":"!","time":"2.31464e-05","counter":"10","score":"-5"}
{"tag":"!","time":"2.31464e-05","counter":"12","score":"0"}
{"tag":"result","counter":"119000","score":"0"}
{"type":"sa","c":"3.77143","l":"0","score":"1.17227"}
{"tag":"param","type":"sa","start_temp":"30","end_temp":"1","limit":"0.25"}
{"tag":"!","time":"1.99586e-05","counter":"13","score":"0"}
{"tag":"result","counter":"139000","score":"0"}
{"type":"sa","c":"5.59286","l":"0","score":"1.73842"}
{"tag":"param","type":"sa","start_temp":"30","end_temp":"1","limit":"7.28445"}
{"tag":"!","time":"2.24186e-05","counter":"2","score":"-524"}
{"tag":"!","time":"2.24186e-05","counter":"7","score":"-516"}
{"tag":"!","time":"2.24186e-05","counter":"19","score":"-510"}
{"tag":"!","time":"2.24186e-05","counter":"20","score":"-444"}
{"tag":"!","time":"2.24186e-05","counter":"25","score":"-442"}
{"tag":"!","time":"2.24186e-05","counter":"57","score":"-435"}
{"tag":"!","time":"2.24186e-05","counter":"58","score":"-425"}
{"tag":"!","time":"2.24186e-05","counter":"83","score":"-404"}
{"tag":"!","time":"2.24186e-05","counter":"137","score":"-398"}
{"tag":"!","time":"2.24186e-05","counter":"381","score":"-396"}
{"tag":"!","time":"2.24186e-05","counter":"638","score":"-393"}
{"tag":"!","time":"2.24186e-05","counter":"646","score":"-368"}
{"tag":"!","time":"0.00628143","counter":"2934","score":"-363"}
{"tag":"!","time":"0.0373507","counter":"12327","score":"-362"}
{"tag":"!","time":"0.05836","counter":"19925","score":"-355"}
{"tag":"!","time":"0.05836","counter":"19932","score":"-354"}
{"tag":"!","time":"0.32022","counter":"107950","score":"-338"}
{"tag":"result","counter":"2285000","score":"-338"}
{"type":"sa","c":"0.5","l":"0.193143","score":"0.288523"}
