{"type":"greedy_loss","c":"1.12873","l":"0","score":"0.0747427","h":"10","w":"121"}
{"type":"greedy_loss","c":"1.06343","l":"0","score":"0.0704188","h":"95","w":"12"}
{"s_comp":"0.420202","s_loss":"0.084894","T":"1072","P":"0.0662184"}
{"type":"greedy_loss","c":"1.0625","l":"0","score":"0.070357","h":"67","w":"17"}
{"type":"greedy_loss","c":"1.0597","l":"0","score":"0.0701717","h":"16","w":"71"}
{"type":"greedy_loss","c":"1.02985","l":"0","score":"0.068195","h":"24","w":"46"}
{"tag":"param","type":"sa","start_temp":"30","end_temp":"1","limit":"8.46584"}
{"tag":"!","time":"9.3495e-05","counter":"4","score":"-3658"}
{"tag":"!","time":"9.3495e-05","counter":"7","score":"-3489"}
{"tag":"!","time":"9.3495e-05","counter":"8","score":"-3356"}
{"tag":"!","time":"9.3495e-05","counter":"9","score":"-3266"}
{"tag":"!","time":"9.3495e-05","counter":"11","score":"-3208"}
{"tag":"!","time":"9.3495e-05","counter":"18","score":"-3150"}
{"tag":"!","time":"9.3495e-05","counter":"26","score":"-3073"}
{"tag":"!","time":"9.3495e-05","counter":"28","score":"-2915"}
{"tag":"!","time":"9.3495e-05","counter":"29","score":"-2833"}
{"tag":"!","time":"9.3495e-05","counter":"30","score":"-2786"}
{"tag":"!","time":"9.3495e-05","counter":"33","score":"-2774"}
{"tag":"!","time":"9.3495e-05","counter":"54","score":"-2745"}
{"tag":"!","time":"9.3495e-05","counter":"56","score":"-2728"}
{"tag":"!","time":"9.3495e-05","counter":"58","score":"-2678"}
{"tag":"!","time":"9.3495e-05","counter":"74","score":"-2636"}
{"tag":"!","time":"9.3495e-05","counter":"76","score":"-2573"}
{"tag":"!","time":"9.3495e-05","counter":"81","score":"-2287"}
{"tag":"!","time":"9.3495e-05","counter":"101","score":"-2251"}
{"tag":"!","time":"9.3495e-05","counter":"117","score":"-2202"}
{"tag":"!","time":"9.3495e-05","counter":"121","score":"-2178"}
{"tag":"!","time":"9.3495e-05","counter":"132","score":"-2175"}
{"tag":"!","time":"9.3495e-05","counter":"136","score":"-2170"}
{"tag":"!","time":"9.3495e-05","counter":"162","score":"-2163"}
{"tag":"!","time":"9.3495e-05","counter":"179","score":"-2150"}
{"tag":"!","time":"9.3495e-05","counter":"182","score":"-2145"}
{"tag":"!","time":"9.3495e-05","counter":"186","score":"-2137"}
{"tag":"!","time":"9.3495e-05","counter":"187","score":"-2004"}
{"tag":"!","time":"9.3495e-05","counter":"192","score":"-1993"}
{"tag":"!","time":"9.3495e-05","counter":"213","score":"-1950"}
{"tag":"!","time":"9.3495e-05","counter":"215","score":"-1938"}
{"tag":"!","time":"9.3495e-05","counter":"227","score":"-1928"}
{"tag":"!","time":"9.3495e-05","counter":"231","score":"-1779"}
{"tag":"!","time":"9.3495e-05","counter":"247","score":"-1735"}
{"tag":"!","time":"9.3495e-05","counter":"262","score":"-1710"}
{"tag":"!","time":"9.3495e-05","counter":"264","score":"-1677"}
{"tag":"!","time":"9.3495e-05","counter":"334","score":"-1668"}
{"tag":"!","time":"9.3495e-05","counter":"344","score":"-1621"}
{"tag":"!","time":"9.3495e-05","counter":"719","score":"-1530"}
{"tag":"!","time":"9.3495e-05","counter":"721","score":"-1491"}
{"tag":"!","time":"9.3495e-05","counter":"885","score":"-1472"}
{"tag":"!","time":"9.3495e-05","counter":"890","score":"-1428"}
{"tag":"!","time":"9.3495e-05","counter":"893","score":"-1398"}
{"tag":"!","time":"9.3495e-05","counter":"918","score":"-1392"}
{"tag":"!","time":"9.3495e-05","counter":"930","score":"-1379"}
{"tag":"!","time":"9.3495e-05","counter":"931","score":"-1341"}
{"tag":"!","time":"9.3495e-05","counter":"941","score":"-1292"}
{"tag":"!","time":"9.3495e-05","counter":"944","score":"-1262"}
{"tag":"!","time":"9.3495e-05","counter":"961","score":"-1244"}
{"tag":"!","time":"9.3495e-05","counter":"998","score":"-1243"}
{"tag":"!","time":"9.3495e-05","counter":"999","score":"-1234"}
{"tag":"!","time":"0.0113066","counter":"1445","score":"-1213"}
{"tag":"!","time":"0.0113066","counter":"1451","score":"-1186"}
{"tag":"!","time":"0.0113066","counter":"1473","score":"-1179"}
{"tag":"!","time":"0.0113066","counter":"1516","score":"-1163"}
{"tag":"!","time":"0.0113066","counter":"1521","score":"-1160"}
{"tag":"!","time":"0.0113066","counter":"1529","score":"-1134"}
{"tag":"!","time":"0.0113066","counter":"1534","score":"-1127"}
{"tag":"!","time":"0.0113066","counter":"1582","score":"-1120"}
{"tag":"!","time":"0.0113066","counter":"1593","score":"-1066"}
{"tag":"!","time":"0.0113066","counter":"1596","score":"-1059"}
{"tag":"!","time":"0.0113066","counter":"1600","score":"-1042"}
{"tag":"!","time":"0.016644","counter":"2448","score":"-1025"}
{"tag":"!","time":"0.0756928","counter":"13180","score":"-964"}
{"tag":"!","time":"0.0756928","counter":"13181","score":"-917"}
{"tag":"!","time":"0.0811425","counter":"14168","score":"-898"}
{"tag":"!","time":"0.0811425","counter":"14177","score":"-896"}
{"tag":"!","time":"0.0811425","counter":"14180","score":"-892"}
{"tag":"!","time":"0.0811425","counter":"14183","score":"-888"}
{"tag":"!","time":"0.0811425","counter":"14187","score":"-841"}
{"tag":"!","time":"0.715871","counter":"134360","score":"-817"}
{"tag":"!","time":"0.715871","counter":"134517","score":"-811"}
{"tag":"!","time":"0.715871","counter":"134630","score":"-794"}
{"tag":"!","time":"0.715871","counter":"134638","score":"-770"}
{"tag":"!","time":"0.715871","counter":"134659","score":"-760"}
{"tag":"!","time":"0.715871","counter":"134660","score":"-759"}
{"tag":"!","time":"0.715871","counter":"134719","score":"-733"}
{"tag":"!","time":"0.715871","counter":"134728","score":"-671"}
{"tag":"!","time":"2.24238","counter":"421786","score":"-667"}
{"tag":"!","time":"2.2682","counter":"426916","score":"-658"}
{"tag":"!","time":"2.27401","counter":"427052","score":"-641"}
{"tag":"!","time":"2.27401","counter":"427071","score":"-625"}
{"tag":"!","time":"3.03839","counter":"570639","score":"-609"}
{"tag":"!","time":"3.16245","counter":"593681","score":"-604"}
{"tag":"!","time":"3.28443","counter":"615320","score":"-601"}
{"tag":"!","time":"3.28443","counter":"615365","score":"-594"}
{"tag":"!","time":"3.49099","counter":"654286","score":"-579"}
{"tag":"!","time":"3.74273","counter":"697360","score":"-571"}
{"tag":"!","time":"3.74273","counter":"697384","score":"-553"}
{"tag":"!","time":"3.75473","counter":"699081","score":"-526"}
{"tag":"!","time":"3.75473","counter":"699135","score":"-463"}
{"tag":"!","time":"4.20501","counter":"783318","score":"-455"}
{"tag":"!","time":"4.20501","counter":"783330","score":"-443"}
{"tag":"!","time":"4.20501","counter":"783345","score":"-433"}
{"tag":"!","time":"4.20501","counter":"783372","score":"-431"}
{"tag":"!","time":"4.20501","counter":"783379","score":"-392"}
{"tag":"!","time":"4.20501","counter":"783410","score":"-381"}
{"tag":"!","time":"4.85881","counter":"904657","score":"-376"}
{"tag":"!","time":"4.85881","counter":"904689","score":"-370"}
{"tag":"!","time":"4.85881","counter":"904773","score":"-358"}
{"tag":"!","time":"4.85881","counter":"904801","score":"-350"}
{"tag":"!","time":"4.95527","counter":"922536","score":"-348"}
{"tag":"!","time":"4.95527","counter":"922909","score":"-344"}
{"tag":"!","time":"4.9607","counter":"923191","score":"-337"}
{"tag":"!","time":"4.9607","counter":"923354","score":"-315"}
{"tag":"!","time":"4.9607","counter":"923706","score":"-306"}
{"tag":"!","time":"4.9607","counter":"923802","score":"-290"}
{"tag":"!","time":"4.96618","counter":"924360","score":"-285"}
{"tag":"!","time":"4.97116","counter":"925375","score":"-276"}
{"tag":"!","time":"4.97116","counter":"925513","score":"-274"}
{"tag":"!","time":"4.97116","counter":"925867","score":"-254"}
{"tag":"!","time":"5.86662","counter":"1096202","score":"-250"}
{"tag":"!","time":"6.75124","counter":"1264399","score":"-248"}
{"tag":"!","time":"6.76597","counter":"1267077","score":"-239"}
{"tag":"!","time":"6.76597","counter":"1267375","score":"-228"}
{"tag":"!","time":"6.77623","counter":"1269713","score":"-215"}
{"tag":"!","time":"6.83477","counter":"1280155","score":"-214"}
{"tag":"!","time":"6.83477","counter":"1280366","score":"-209"}
{"tag":"!","time":"6.8694","counter":"1286345","score":"-202"}
{"tag":"!","time":"6.90605","counter":"1293390","score":"-200"}
{"tag":"!","time":"6.90605","counter":"1293981","score":"-194"}
{"tag":"!","time":"6.91139","counter":"1294606","score":"-189"}
{"tag":"!","time":"6.91139","counter":"1294800","score":"-187"}
{"tag":"!","time":"6.91139","counter":"1294987","score":"-185"}
{"tag":"!","time":"6.91683","counter":"1295054","score":"-179"}
{"tag":"!","time":"6.91683","counter":"1295221","score":"-177"}
{"tag":"!","time":"6.92402","counter":"1296775","score":"-175"}
{"tag":"!","time":"6.93101","counter":"1297717","score":"-171"}
{"tag":"!","time":"6.96931","counter":"1304211","score":"-168"}
{"tag":"!","time":"6.98478","counter":"1307719","score":"-167"}
{"tag":"!","time":"7.08726","counter":"1327756","score":"-158"}
{"tag":"!","time":"7.10764","counter":"1331538","score":"-154"}
{"tag":"!","time":"7.13812","counter":"1337819","score":"-148"}
{"tag":"!","time":"7.14312","counter":"1338192","score":"-144"}
{"tag":"!","time":"7.19427","counter":"1348381","score":"-137"}
{"tag":"!","time":"7.19427","counter":"1348717","score":"-133"}
{"tag":"!","time":"7.25573","counter":"1360046","score":"-125"}
{"tag":"!","time":"7.7884","counter":"1462590","score":"-121"}
{"tag":"!","time":"8.35535","counter":"1572806","score":"-119"}
{"tag":"!","time":"8.36553","counter":"1574453","score":"-117"}
{"tag":"result","counter":"1594000","score":"-117"}
{"type":"sa","c":"1.01493","l":"0.00873134","score":"0.0753599"}
