24
ZKWHCTCEOIDAXBZUTRRKCGDQSMIRUZFITPFSUEKELDUJFA
BDSWGMUSAZDKYZYXMXBTAHAJIQQVGWDIWMKPUAHFNUHJCO
QCADSKLTHWBSRYOAKPFRYMHTFPCZZCTVKAFCUDNYHTZMNR
DHLJKZHIWICTEKGWOPMMWIICKWUARUIRQVUTRTPMLXLIDX
LTIAMGHIDZOQDSCCIGLEXVPDCBZOKFIHWNGAKIJKNHEQAI
NIUDQIOMTOEIVVYHXWZZQMFIXEDFYVZPVMOSTKTQMNNAGV
EUOQZMHVXYEOOKBVPTSCNVYOAZOLKZVFVAEAXRBREFSUWJ
WIDTIAYFYEWGULYISTGIRQFVLECRAYATYGYXKDHBEVXUMG
IAABRPZCKMERZHXKUAANMDQHIRWTDSHWENHNVZBXZYHUGK
ZJKXCJPMXBFBMMOCLGCTIFDAFHWZDBRXHQXSLFLTRPWENM
DTYLFYNKOMRFJLDRCXCKKQGWTRCFWUDKUNEOXULLTWEQGL
SBKYCKNANTWJFBJMHVYHTVINWJFWJTUYILTSSTSCUTZZHN
TOTKBAUNJIEXGQZZOOKGPKNNMBUYCGLZUYBXDUUHCGWODG
QSBHIYGPLILTHRVMLRGWNCGMWIQIVLFFPLIZRLAVIIBUCV
JNZNEOWHUERHZZVCZIFAOXYKUJPCIAGOZFBJCTWWISGPNB
RWRFKFRQHKBDYQTDZPRDSGKJHDWPRMOFHGOOTKRRTCTSNN
LATHHTOQSBIHITDYIJMJEGREXIZUVNAMAECOADJJXGOXXL
IBXOMKRZBKTJSEREFOBQHDZHLSCCCMAAROZJMBIUZFNRPB
JFSGJZIIYBAPCGGNPRVNNMYQVGPSKEAJBFBSIOHUWHQOEM
JRHJBVFROGOFIYCEYGICSJZYIKFQAMAFPCUJEJAVJEVJRU
BLVWHLJRCXJVXVUJHLOIECDESVGXEKNHYUWEYAAAYCAAAA
JXFRPDSYTOLNVTTVHFCAYKLYALSBCJOIVRMARWPZVHAAAA
QVRPGCTZGRFTGZBZRWZHNRABABPSSKPCWSKSLTEOAAAAAA
WOJNWAZVXSQLYAWAPVTTXYIIAYHAZCRGHRQBSGUCAAAAAA
7 41
14 42
16 19
20 40
10 0
0 9
20 29
9 9
21 19
20 25
14 31
0 40
0 26
22 16
22 10
8 29
8 27
16 25
0 30
14 37
21 32
18 0
7 31
14 34
18 16
0 0
22 0
0 17
8 19
9 15
18 10
