{"type":"greedy_loss","c":"1.03571","l":"0","score":"0.23342","h":"10","w":"203"}
{"s_comp":"0.348583","s_loss":"0.240863","T":"1960","P":"0.225371"}
{"type":"greedy_loss","c":"1.025","l":"0","score":"0.231005","h":"41","w":"49"}
{"tag":"param","type":"sa","start_temp":"30","end_temp":"1","limit":"8.16527"}
{"tag":"!","time":"5.76629e-05","counter":"1","score":"-5657"}
{"tag":"!","time":"5.76629e-05","counter":"3","score":"-5651"}
{"tag":"!","time":"5.76629e-05","counter":"4","score":"-5632"}
{"tag":"!","time":"5.76629e-05","counter":"6","score":"-5578"}
{"tag":"!","time":"5.76629e-05","counter":"7","score":"-5467"}
{"tag":"!","time":"5.76629e-05","counter":"8","score":"-5306"}
{"tag":"!","time":"5.76629e-05","counter":"9","score":"-5297"}
{"tag":"!","time":"5.76629e-05","counter":"10","score":"-5282"}
{"tag":"!","time":"5.76629e-05","counter":"12","score":"-5140"}
{"tag":"!","time":"5.76629e-05","counter":"14","score":"-5096"}
{"tag":"!","time":"5.76629e-05","counter":"16","score":"-5085"}
{"tag":"!","time":"5.76629e-05","counter":"18","score":"-5006"}
{"tag":"!","time":"5.76629e-05","counter":"19","score":"-4980"}
{"tag":"!","time":"5.76629e-05","counter":"20","score":"-4973"}
{"tag":"!","time":"5.76629e-05","counter":"23","score":"-4938"}
{"tag":"!","time":"5.76629e-05","counter":"24","score":"-4937"}
{"tag":"!","time":"5.76629e-05","counter":"28","score":"-4850"}
{"tag":"!","time":"5.76629e-05","counter":"64","score":"-4808"}
{"tag":"!","time":"5.76629e-05","counter":"67","score":"-4786"}
{"tag":"!","time":"5.76629e-05","counter":"73","score":"-4762"}
{"tag":"!","time":"5.76629e-05","counter":"74","score":"-4737"}
{"tag":"!","time":"5.76629e-05","counter":"77","score":"-4578"}
{"tag":"!","time":"5.76629e-05","counter":"82","score":"-4523"}
{"tag":"!","time":"5.76629e-05","counter":"83","score":"-4463"}
{"tag":"!","time":"5.76629e-05","counter":"95","score":"-4324"}
{"tag":"!","time":"5.76629e-05","counter":"100","score":"-4243"}
{"tag":"!","time":"5.76629e-05","counter":"101","score":"-4240"}
{"tag":"!","time":"5.76629e-05","counter":"103","score":"-4224"}
{"tag":"!","time":"5.76629e-05","counter":"108","score":"-4147"}
{"tag":"!","time":"5.76629e-05","counter":"113","score":"-4139"}
{"tag":"!","time":"5.76629e-05","counter":"116","score":"-4123"}
{"tag":"!","time":"5.76629e-05","counter":"120","score":"-4111"}
{"tag":"!","time":"5.76629e-05","counter":"122","score":"-4081"}
{"tag":"!","time":"5.76629e-05","counter":"171","score":"-4012"}
{"tag":"!","time":"5.76629e-05","counter":"172","score":"-3935"}
{"tag":"!","time":"5.76629e-05","counter":"174","score":"-3890"}
{"tag":"!","time":"5.76629e-05","counter":"176","score":"-3887"}
{"tag":"!","time":"5.76629e-05","counter":"198","score":"-3880"}
{"tag":"!","time":"5.76629e-05","counter":"199","score":"-3870"}
{"tag":"!","time":"5.76629e-05","counter":"200","score":"-3864"}
{"tag":"!","time":"5.76629e-05","counter":"205","score":"-3770"}
{"tag":"!","time":"5.76629e-05","counter":"211","score":"-3725"}
{"tag":"!","time":"5.76629e-05","counter":"212","score":"-3707"}
{"tag":"!","time":"5.76629e-05","counter":"214","score":"-3693"}
{"tag":"!","time":"5.76629e-05","counter":"220","score":"-3671"}
{"tag":"!","time":"5.76629e-05","counter":"243","score":"-3656"}
{"tag":"!","time":"5.76629e-05","counter":"371","score":"-3514"}
{"tag":"!","time":"5.76629e-05","counter":"391","score":"-3512"}
{"tag":"!","time":"5.76629e-05","counter":"443","score":"-3471"}
{"tag":"!","time":"5.76629e-05","counter":"444","score":"-3465"}
{"tag":"!","time":"5.76629e-05","counter":"445","score":"-3461"}
{"tag":"!","time":"5.76629e-05","counter":"526","score":"-3454"}
{"tag":"!","time":"5.76629e-05","counter":"629","score":"-3446"}
{"tag":"!","time":"5.76629e-05","counter":"670","score":"-3431"}
{"tag":"!","time":"5.76629e-05","counter":"674","score":"-3386"}
{"tag":"!","time":"5.76629e-05","counter":"679","score":"-3368"}
{"tag":"!","time":"5.76629e-05","counter":"689","score":"-3278"}
{"tag":"!","time":"5.76629e-05","counter":"690","score":"-3266"}
{"tag":"!","time":"5.76629e-05","counter":"691","score":"-3233"}
{"tag":"!","time":"5.76629e-05","counter":"692","score":"-3212"}
{"tag":"!","time":"5.76629e-05","counter":"695","score":"-3186"}
{"tag":"!","time":"5.76629e-05","counter":"743","score":"-3174"}
{"tag":"!","time":"5.76629e-05","counter":"754","score":"-3166"}
{"tag":"!","time":"5.76629e-05","counter":"755","score":"-3127"}
{"tag":"!","time":"5.76629e-05","counter":"763","score":"-3080"}
{"tag":"!","time":"5.76629e-05","counter":"792","score":"-3076"}
{"tag":"!","time":"5.76629e-05","counter":"882","score":"-3047"}
{"tag":"!","time":"5.76629e-05","counter":"894","score":"-3038"}
{"tag":"!","time":"5.76629e-05","counter":"941","score":"-3018"}
{"tag":"!","time":"5.76629e-05","counter":"943","score":"-2985"}
{"tag":"!","time":"0.00765123","counter":"1269","score":"-2981"}
{"tag":"!","time":"0.00765123","counter":"1281","score":"-2965"}
{"tag":"!","time":"0.00765123","counter":"1283","score":"-2948"}
{"tag":"!","time":"0.00765123","counter":"1336","score":"-2915"}
{"tag":"!","time":"0.00765123","counter":"1346","score":"-2902"}
{"tag":"!","time":"0.00765123","counter":"1404","score":"-2892"}
{"tag":"!","time":"0.00765123","counter":"1425","score":"-2888"}
{"tag":"!","time":"0.00765123","counter":"1427","score":"-2861"}
{"tag":"!","time":"0.00765123","counter":"1428","score":"-2849"}
{"tag":"!","time":"0.00765123","counter":"1440","score":"-2828"}
{"tag":"!","time":"0.00765123","counter":"1461","score":"-2810"}
{"tag":"!","time":"0.00765123","counter":"1465","score":"-2791"}
{"tag":"!","time":"0.00765123","counter":"1469","score":"-2702"}
{"tag":"!","time":"0.00765123","counter":"1493","score":"-2698"}
{"tag":"!","time":"0.00765123","counter":"1515","score":"-2686"}
{"tag":"!","time":"0.00765123","counter":"1663","score":"-2679"}
{"tag":"!","time":"0.0138243","counter":"2133","score":"-2592"}
{"tag":"!","time":"0.0138243","counter":"2138","score":"-2562"}
{"tag":"!","time":"0.0138243","counter":"2159","score":"-2552"}
{"tag":"!","time":"0.0138243","counter":"2161","score":"-2542"}
{"tag":"!","time":"0.0138243","counter":"2501","score":"-2528"}
{"tag":"!","time":"0.0138243","counter":"2502","score":"-2483"}
{"tag":"!","time":"0.0138243","counter":"2512","score":"-2458"}
{"tag":"!","time":"0.0138243","counter":"2514","score":"-2447"}
{"tag":"!","time":"0.0138243","counter":"2905","score":"-2446"}
{"tag":"!","time":"0.0138243","counter":"2907","score":"-2410"}
{"tag":"!","time":"0.0192921","counter":"3014","score":"-2377"}
{"tag":"!","time":"0.0192921","counter":"3028","score":"-2348"}
{"tag":"!","time":"0.0252709","counter":"4040","score":"-2342"}
{"tag":"!","time":"0.0252709","counter":"4044","score":"-2340"}
{"tag":"!","time":"0.0252709","counter":"4152","score":"-2323"}
{"tag":"!","time":"0.0252709","counter":"4154","score":"-2282"}
{"tag":"!","time":"0.0252709","counter":"4155","score":"-2257"}
{"tag":"!","time":"0.0252709","counter":"4173","score":"-2250"}
{"tag":"!","time":"0.0252709","counter":"4177","score":"-2248"}
{"tag":"!","time":"0.0304076","counter":"5731","score":"-2247"}
{"tag":"!","time":"0.142554","counter":"27568","score":"-2140"}
{"tag":"!","time":"0.279341","counter":"52992","score":"-2130"}
{"tag":"!","time":"0.357862","counter":"67178","score":"-2129"}
{"tag":"!","time":"0.357862","counter":"67179","score":"-2117"}
{"tag":"!","time":"0.357862","counter":"67311","score":"-2108"}
{"tag":"!","time":"0.377462","counter":"71047","score":"-2096"}
{"tag":"!","time":"0.377462","counter":"71070","score":"-2056"}
{"tag":"!","time":"0.377462","counter":"71072","score":"-2034"}
{"tag":"!","time":"0.377462","counter":"71076","score":"-2003"}
{"tag":"!","time":"0.88097","counter":"167446","score":"-1952"}
{"tag":"!","time":"0.88097","counter":"167447","score":"-1936"}
{"tag":"!","time":"1.07275","counter":"203719","score":"-1929"}
{"tag":"!","time":"1.07275","counter":"203720","score":"-1912"}
{"tag":"!","time":"1.07275","counter":"203737","score":"-1878"}
{"tag":"!","time":"1.07275","counter":"203750","score":"-1875"}
{"tag":"!","time":"1.07275","counter":"203751","score":"-1873"}
{"tag":"!","time":"1.07275","counter":"203757","score":"-1833"}
{"tag":"!","time":"1.26834","counter":"241477","score":"-1781"}
{"tag":"!","time":"1.27879","counter":"243638","score":"-1769"}
{"tag":"!","time":"1.27879","counter":"243640","score":"-1722"}
{"tag":"!","time":"1.27879","counter":"243654","score":"-1721"}
{"tag":"!","time":"1.27879","counter":"243743","score":"-1716"}
{"tag":"!","time":"1.27879","counter":"243752","score":"-1707"}
{"tag":"!","time":"1.27879","counter":"243798","score":"-1641"}
{"tag":"!","time":"1.27879","counter":"243805","score":"-1635"}
{"tag":"!","time":"1.38619","counter":"264627","score":"-1625"}
{"tag":"!","time":"1.38619","counter":"264645","score":"-1623"}
{"tag":"!","time":"1.38619","counter":"264646","score":"-1616"}
{"tag":"!","time":"1.80071","counter":"343730","score":"-1612"}
{"tag":"!","time":"1.80071","counter":"343736","score":"-1610"}
{"tag":"!","time":"1.80071","counter":"343739","score":"-1603"}
{"tag":"!","time":"1.80691","counter":"344227","score":"-1579"}
{"tag":"!","time":"1.80691","counter":"344678","score":"-1571"}
{"tag":"!","time":"1.80691","counter":"344693","score":"-1543"}
{"tag":"!","time":"1.80691","counter":"344742","score":"-1525"}
{"tag":"!","time":"1.80691","counter":"344743","score":"-1504"}
{"tag":"!","time":"1.80691","counter":"344924","score":"-1496"}
{"tag":"!","time":"1.80691","counter":"344925","score":"-1472"}
{"tag":"!","time":"1.80691","counter":"344952","score":"-1429"}
{"tag":"!","time":"3.12616","counter":"591428","score":"-1414"}
{"tag":"!","time":"3.12616","counter":"591502","score":"-1370"}
{"tag":"!","time":"3.47525","counter":"658319","score":"-1369"}
{"tag":"!","time":"3.72874","counter":"705069","score":"-1314"}
{"tag":"!","time":"3.72874","counter":"705789","score":"-1312"}
{"tag":"!","time":"3.72874","counter":"705794","score":"-1286"}
{"tag":"!","time":"3.82207","counter":"723883","score":"-1273"}
{"tag":"!","time":"3.82207","counter":"723892","score":"-1259"}
{"tag":"!","time":"3.83834","counter":"726266","score":"-1249"}
{"tag":"!","time":"3.83834","counter":"726273","score":"-1245"}
{"tag":"!","time":"3.85391","counter":"729911","score":"-1233"}
{"tag":"!","time":"3.85391","counter":"729912","score":"-1219"}
{"tag":"!","time":"3.86424","counter":"731635","score":"-1214"}
{"tag":"!","time":"3.86424","counter":"731666","score":"-1206"}
{"tag":"!","time":"3.86424","counter":"731701","score":"-1190"}
{"tag":"!","time":"3.86424","counter":"731706","score":"-1171"}
{"tag":"!","time":"3.86424","counter":"731769","score":"-1161"}
{"tag":"!","time":"3.86424","counter":"731924","score":"-1143"}
{"tag":"!","time":"3.87032","counter":"732218","score":"-1142"}
{"tag":"!","time":"3.87032","counter":"732258","score":"-1141"}
{"tag":"!","time":"3.87032","counter":"732393","score":"-1133"}
{"tag":"!","time":"3.87032","counter":"732416","score":"-1127"}
{"tag":"!","time":"3.87599","counter":"733230","score":"-1106"}
{"tag":"!","time":"3.87599","counter":"733324","score":"-1096"}
{"tag":"!","time":"3.87599","counter":"733339","score":"-1095"}
{"tag":"!","time":"4.40967","counter":"831455","score":"-1070"}
{"tag":"!","time":"4.40967","counter":"831477","score":"-1058"}
{"tag":"!","time":"4.40967","counter":"831713","score":"-1021"}
{"tag":"!","time":"4.44711","counter":"838539","score":"-1020"}
{"tag":"!","time":"4.56209","counter":"859538","score":"-1017"}
{"tag":"!","time":"4.56209","counter":"859755","score":"-1000"}
{"tag":"!","time":"4.56209","counter":"859813","score":"-993"}
{"tag":"!","time":"4.56209","counter":"859902","score":"-992"}
{"tag":"!","time":"4.56209","counter":"859981","score":"-984"}
{"tag":"!","time":"4.56793","counter":"860004","score":"-982"}
{"tag":"!","time":"4.58796","counter":"864691","score":"-968"}
{"tag":"!","time":"4.58796","counter":"864700","score":"-956"}
{"tag":"!","time":"5.02925","counter":"947761","score":"-928"}
{"tag":"!","time":"5.02925","counter":"947904","score":"-921"}
{"tag":"!","time":"5.03492","counter":"948063","score":"-920"}
{"tag":"!","time":"5.03492","counter":"948080","score":"-901"}
{"tag":"!","time":"5.05054","counter":"951483","score":"-890"}
{"tag":"!","time":"5.28786","counter":"995093","score":"-885"}
{"tag":"!","time":"5.28786","counter":"995207","score":"-856"}
{"tag":"!","time":"5.46116","counter":"1028418","score":"-850"}
{"tag":"!","time":"5.46116","counter":"1028428","score":"-849"}
{"tag":"!","time":"5.46116","counter":"1028599","score":"-830"}
{"tag":"!","time":"5.56239","counter":"1047419","score":"-811"}
{"tag":"!","time":"5.5682","counter":"1048058","score":"-793"}
{"tag":"!","time":"5.5682","counter":"1048201","score":"-785"}
{"tag":"!","time":"5.5682","counter":"1048277","score":"-731"}
{"tag":"!","time":"5.5682","counter":"1048326","score":"-717"}
{"tag":"!","time":"5.64408","counter":"1062451","score":"-706"}
{"tag":"!","time":"5.64408","counter":"1062695","score":"-694"}
{"tag":"!","time":"5.97666","counter":"1126940","score":"-689"}
{"tag":"!","time":"5.99348","counter":"1129818","score":"-660"}
{"tag":"!","time":"5.99871","counter":"1130566","score":"-655"}
{"tag":"!","time":"5.99871","counter":"1130582","score":"-643"}
{"tag":"!","time":"5.99871","counter":"1130755","score":"-639"}
{"tag":"!","time":"6.00393","counter":"1131486","score":"-634"}
{"tag":"!","time":"6.00393","counter":"1131529","score":"-632"}
{"tag":"!","time":"6.24651","counter":"1178711","score":"-631"}
{"tag":"!","time":"6.32663","counter":"1193265","score":"-630"}
{"tag":"!","time":"6.3717","counter":"1201454","score":"-627"}
{"tag":"!","time":"6.37683","counter":"1202051","score":"-624"}
{"tag":"!","time":"6.37683","counter":"1202482","score":"-614"}
{"tag":"!","time":"6.38852","counter":"1204280","score":"-600"}
{"tag":"!","time":"6.40213","counter":"1206577","score":"-593"}
{"tag":"!","time":"6.41759","counter":"1209705","score":"-590"}
{"tag":"!","time":"6.41759","counter":"1209892","score":"-583"}
{"tag":"!","time":"6.42262","counter":"1210166","score":"-581"}
{"tag":"!","time":"6.42262","counter":"1210268","score":"-580"}
{"tag":"!","time":"6.42262","counter":"1210387","score":"-575"}
{"tag":"!","time":"6.42799","counter":"1211385","score":"-569"}
{"tag":"!","time":"6.43866","counter":"1213833","score":"-567"}
{"tag":"!","time":"6.43866","counter":"1213845","score":"-565"}
{"tag":"!","time":"6.44426","counter":"1214392","score":"-551"}
{"tag":"!","time":"6.44426","counter":"1214594","score":"-542"}
{"tag":"!","time":"6.53751","counter":"1232345","score":"-541"}
{"tag":"!","time":"6.54243","counter":"1233369","score":"-540"}
{"tag":"!","time":"6.54775","counter":"1234025","score":"-523"}
{"tag":"!","time":"6.54775","counter":"1234097","score":"-521"}
{"tag":"!","time":"6.54775","counter":"1234380","score":"-512"}
{"tag":"!","time":"6.77753","counter":"1279691","score":"-509"}
{"tag":"!","time":"6.77753","counter":"1279702","score":"-499"}
{"tag":"!","time":"6.86078","counter":"1294825","score":"-496"}
{"tag":"!","time":"6.86078","counter":"1294992","score":"-494"}
{"tag":"!","time":"6.86584","counter":"1295085","score":"-488"}
{"tag":"!","time":"6.87099","counter":"1296011","score":"-481"}
{"tag":"!","time":"6.87099","counter":"1296058","score":"-470"}
{"tag":"!","time":"6.87099","counter":"1296234","score":"-462"}
{"tag":"!","time":"6.87099","counter":"1296337","score":"-441"}
{"tag":"!","time":"6.88694","counter":"1299241","score":"-439"}
{"tag":"!","time":"6.88694","counter":"1299359","score":"-437"}
{"tag":"!","time":"6.88694","counter":"1299481","score":"-426"}
{"tag":"!","time":"6.89232","counter":"1300146","score":"-419"}
{"tag":"!","time":"6.90732","counter":"1303024","score":"-418"}
{"tag":"!","time":"6.9806","counter":"1317718","score":"-408"}
{"tag":"!","time":"6.98583","counter":"1318669","score":"-407"}
{"tag":"!","time":"6.99119","counter":"1319890","score":"-402"}
{"tag":"!","time":"6.99665","counter":"1320566","score":"-400"}
{"tag":"!","time":"7.00709","counter":"1322729","score":"-393"}
{"tag":"!","time":"7.02349","counter":"1325998","score":"-391"}
{"tag":"!","time":"7.02854","counter":"1326600","score":"-380"}
{"tag":"!","time":"7.05485","counter":"1331925","score":"-376"}
{"tag":"!","time":"7.07054","counter":"1334612","score":"-373"}
{"tag":"!","time":"7.07054","counter":"1334868","score":"-372"}
{"tag":"!","time":"7.07589","counter":"1335220","score":"-365"}
{"tag":"!","time":"7.08658","counter":"1337422","score":"-357"}
{"tag":"!","time":"7.1017","counter":"1340023","score":"-354"}
{"tag":"!","time":"7.11168","counter":"1342179","score":"-343"}
{"tag":"!","time":"7.11168","counter":"1342918","score":"-329"}
{"tag":"!","time":"7.12803","counter":"1345977","score":"-328"}
{"tag":"!","time":"7.13314","counter":"1346031","score":"-320"}
{"tag":"!","time":"7.17877","counter":"1355705","score":"-318"}
{"tag":"!","time":"7.28709","counter":"1375013","score":"-317"}
{"tag":"!","time":"7.29215","counter":"1376459","score":"-313"}
{"tag":"!","time":"7.37377","counter":"1392881","score":"-307"}
{"tag":"!","time":"7.379","counter":"1393768","score":"-303"}
{"tag":"!","time":"7.40921","counter":"1399204","score":"-302"}
{"tag":"!","time":"7.43954","counter":"1405006","score":"-298"}
{"tag":"!","time":"7.4446","counter":"1406207","score":"-297"}
{"tag":"!","time":"7.82077","counter":"1479677","score":"-290"}
{"tag":"!","time":"8.04403","counter":"1523034","score":"-286"}
{"tag":"result","counter":"1546000","score":"-286"}
{"type":"sa","c":"1.0102","l":"0.0116735","score":"0.236713"}
