41
LKUNFNDYJLEYPECBQNLPSPCDBJKEJRKAHRGRACGZNGELZALNX
AXGIXJHVVWIYYVWQVNXHIQMZZGVHHHPLWHHIFXNXMANYCWNEP
KNEVMVAVBAXPGYFZDTHAXSCAHJLIGEHXUAAMOXJNXIPFPCMNL
OFGZBWMTOUDZCBEVGYTGDWRYJCZOEFVAQGDSILWOTXUTENOCS
FPSWPUDYSRNPDEFFFEYYFYKBCHPGLDAUOWCLDQSOMZYOEPUOB
JDPLLTZVAHMFIFMKYKYOQIISZXYORVBAONHQVBGBEIIWOOJXW
FLRBXJYZJZDJXPZPOHZUTTXTFXEOYTZJYXKFFQLPLSOGHTNSV
YITAGDSEMLXZGEMCHUREPEAEEQGAAAAGZSKLRQWZCQGYUCWWG
PTGEHMVZTSHKNSZMGRHQTWTAAACXLRONNLEUWPUBNSORNMIUZ
WGAURCYYYZVMRMLCSSFRATCAAATNTMAXWXBFTLSYLWUVJGNFX
CLEEUYOKPNJVVJFNFOWAMYIASESOOPJLWFIVBMSCDISRCESWF
YGWRGGXYTDQSKKDGAXROZYCGMPOJJVXESXSPNWJTEKMYUZWBM
LATZABNACLVLOHAYNCHBFSGDFUCHHJPVLKOLYIFYQVMUECAFW
WSOHDGBILZBGOKQNQRAGKNBBVGXOUGTNQSAYDXNMAHOCTVUKK
WPPSERAQHDGQALYVDIGISEOQQPRRIWMPKEMWMEBLLOYBBNJHF
PBBIEUJZPANGZQBRXXKCMAKJBIPNBTIXGIQCSHHWTLOJXFAUH
YERNFVVNNANGYSTOGCNVMZPXICCSBVDWLWPIQBFOTPQWPBXEX
PHXGOTVLLFMYTQXKSSEYDNEPDZXSAPOCMOXJKUACNIDDFXODB
GNJIRHRXOBGAIYVIFTOIRQRRXJKGIHINPKECEHIDPXKXQNUNP
AMLAFZNOAJUTVCEBCCVWMWWZMTBIMGHDQXNTXQOYFKAGNCMPH
ISHTDFZTGUDMAEKKJOQELQERDNJDTLVVOHHVXSJFGIBLIWQHB
CZBIKITWNXKSABNGQDYBNGCDRBXRPQONYJIQYXQFCPBNGDASA
CQJVLHUYXRWOAZDIEBHRQYVJZMTLVAOQCALILJTNPNOONFULA
DIDERHATIMTZASCFOOTHUUXKXVBRLWRTLTPRPCNTTVYFNAAUA
IZTTKWEGVTJQATPAVFMRKLYGSBAAAGYPGLXVADCMYGGPABRKA
FMVHSFULWQHSDYUCQTQXCKETQSDWCDUKCJQMUVLERJSLGATAA
SHEJKZCGUZWJBYVJARGYSPGNNAILOQHBAANPOOBJMODIQUDAA
BUJNAIRWTGBDXUIAXXFDYLKQZJFQIROYNPJCJRBMOCILTSUHA
XWTMCRAERDIHKKUNLPOWDHGZZHRDUBFZQPXVCOFMKKUGHAXGA
TRGGZQIWIAQUVVAFAEFUEOMBHPAWIDCMJRDCBKKMRGVCVUKQA
WAWJWXGRTRPTQFSWEYSZVRYZDTSHXAATUMVGZIXQNOGHXBYRA
ZQSUEZCUBFMQKXQJASDVOOSZEHHWZBHSWOKFIGVRMOVVBKJGA
KPOWFKVQTXCNJZFKANLJKOPUAYGUVGMABYIDXCVOMRFOCREKF
DYVFBTCCFRDOZKCJGCEGBLGPFVVBPDVYAWQMDVGPUZTBLWJUS
DBRJGQHPCBPKGJXQLWYAOCMSKPYECMORKMYVIPZJXARYKSSSJ
JCGEYYFEBJPWBTDYFDCQCAEYWUXEFJAAAONIWFJZXGGTBAAOJ
LJIFBHALENXLKSTZXFAJYHLHERNGVTNIWVCYLZPWMAULEGJVD
UOGAPFXZATBCQHSSQASRUHKQAPFTFDFFJTLPFWSTQKLBKKPOB
VOPMRWZJUOHYRGAAAAAAAAAAAAAAAAGNOEIMINXVKMAJZGQYX
QGVCBAUEIPSKTWDIHRRORRZGOBBSRWIAMJRRHNNCFGJIMWAAA
TBNJJGWJRZLLMCRKFDZWBERLWSUBXMZGFDOHFPLKCRVBCYRAA
35 0
10 5
19 13
31 0
25 17
37 47
0 18
0 46
39 14
8 18
7 31
14 38
0 9
32 43
10 9
32 33
36 30
31 19
35 20
25 25
27 31
0 27
26 0
7 45
39 31
24 29
39 23
18 16
21 40
10 13
31 28
32 47
35 10
14 43
32 45
38 0
25 9
14 31
0 37
36 40
14 47
21 31
0 42
18 23
35 47
32 37
7 40
0 0
38 7
10 16
8 26
27 40
32 40
20 0
39 39
16 26
20 9
31 10
10 0
