12
YKVTOUGNPKPG
OIJFVQVNLSEQ
GJUMVONGKINR
JNSRNMRRTNFG
NTFDKJKQJNKH
WTOOMNKSPIRF
QSJLIQNIINRM
OSJJIGDMUIRS
DLSLQMPLISQS
FTNLOKJONLMN
RIRQRFNTPSHV
DMITMUNMSFUU
3 5
6 4
1 6
4 2
3 3
1 4
9 5
1 1
1 3
5 2
1 2
0 5
2 6
5 0
5 2
7 0
4 1
2 2
2 1
7 3
1 3
0 0
3 7
4 1
0 2
0 5
0 0
1 1
8 2
2 0
4 2
2 4
2 2
0 2
0 5
7 10
5 6
0 8
5 0
7 5
8 8
5 6
8 5
2 2
8 4
0 1
1 0
8 0
8 2
2 4
0 2
0 0
5 0
9 5
1 3
0 1
1 4
0 2
2 5
4 3
3 1
2 1
6 1
1 6
4 0
4 2
0 1
6 0
5 3
0 0
0 1
4 2
2 2
0 0
1 1
7 4
6 0
6 5
2 3
8 8
0 3
2 6
4 4
1 8
7 2
4 1
5 2
0 0
7 1
10 3
2 0
1 1
5 4
6 3
1 2
9 2
