{"type":"greedy_loss","c":"1.0901","l":"0","score":"0.194103","h":"12","w":"122"}
{"type":"greedy_loss","c":"1.0752","l":"0","score":"0.191452","h":"38","w":"38"}
{"s_comp":"0.369873","s_loss":"0.194499","T":"1343","P":"0.178061"}
{"type":"greedy_loss","c":"1.02606","l":"0","score":"0.182701","h":"13","w":"106"}
{"tag":"param","type":"sa","start_temp":"30","end_temp":"1","limit":"8.36271"}
{"tag":"!","time":"7.5005e-05","counter":"0","score":"-3966"}
{"tag":"!","time":"7.5005e-05","counter":"2","score":"-3963"}
{"tag":"!","time":"7.5005e-05","counter":"4","score":"-3951"}
{"tag":"!","time":"7.5005e-05","counter":"6","score":"-3910"}
{"tag":"!","time":"7.5005e-05","counter":"7","score":"-3861"}
{"tag":"!","time":"7.5005e-05","counter":"8","score":"-3801"}
{"tag":"!","time":"7.5005e-05","counter":"9","score":"-3796"}
{"tag":"!","time":"7.5005e-05","counter":"12","score":"-3778"}
{"tag":"!","time":"7.5005e-05","counter":"17","score":"-3744"}
{"tag":"!","time":"7.5005e-05","counter":"22","score":"-3629"}
{"tag":"!","time":"7.5005e-05","counter":"24","score":"-3625"}
{"tag":"!","time":"7.5005e-05","counter":"30","score":"-3567"}
{"tag":"!","time":"7.5005e-05","counter":"36","score":"-3563"}
{"tag":"!","time":"7.5005e-05","counter":"39","score":"-3508"}
{"tag":"!","time":"7.5005e-05","counter":"42","score":"-3500"}
{"tag":"!","time":"7.5005e-05","counter":"49","score":"-3380"}
{"tag":"!","time":"7.5005e-05","counter":"51","score":"-3307"}
{"tag":"!","time":"7.5005e-05","counter":"54","score":"-3280"}
{"tag":"!","time":"7.5005e-05","counter":"55","score":"-3136"}
{"tag":"!","time":"7.5005e-05","counter":"59","score":"-3131"}
{"tag":"!","time":"7.5005e-05","counter":"77","score":"-3098"}
{"tag":"!","time":"7.5005e-05","counter":"91","score":"-3096"}
{"tag":"!","time":"7.5005e-05","counter":"97","score":"-2959"}
{"tag":"!","time":"7.5005e-05","counter":"98","score":"-2906"}
{"tag":"!","time":"7.5005e-05","counter":"99","score":"-2865"}
{"tag":"!","time":"7.5005e-05","counter":"104","score":"-2864"}
{"tag":"!","time":"7.5005e-05","counter":"105","score":"-2795"}
{"tag":"!","time":"7.5005e-05","counter":"117","score":"-2700"}
{"tag":"!","time":"7.5005e-05","counter":"126","score":"-2661"}
{"tag":"!","time":"7.5005e-05","counter":"179","score":"-2657"}
{"tag":"!","time":"7.5005e-05","counter":"184","score":"-2643"}
{"tag":"!","time":"7.5005e-05","counter":"190","score":"-2620"}
{"tag":"!","time":"7.5005e-05","counter":"196","score":"-2502"}
{"tag":"!","time":"7.5005e-05","counter":"215","score":"-2466"}
{"tag":"!","time":"7.5005e-05","counter":"297","score":"-2418"}
{"tag":"!","time":"7.5005e-05","counter":"299","score":"-2390"}
{"tag":"!","time":"7.5005e-05","counter":"307","score":"-2367"}
{"tag":"!","time":"7.5005e-05","counter":"313","score":"-2355"}
{"tag":"!","time":"7.5005e-05","counter":"317","score":"-2239"}
{"tag":"!","time":"7.5005e-05","counter":"343","score":"-2228"}
{"tag":"!","time":"7.5005e-05","counter":"358","score":"-2216"}
{"tag":"!","time":"7.5005e-05","counter":"362","score":"-2211"}
{"tag":"!","time":"7.5005e-05","counter":"366","score":"-2210"}
{"tag":"!","time":"7.5005e-05","counter":"398","score":"-2165"}
{"tag":"!","time":"7.5005e-05","counter":"402","score":"-2162"}
{"tag":"!","time":"7.5005e-05","counter":"433","score":"-2155"}
{"tag":"!","time":"7.5005e-05","counter":"581","score":"-2147"}
{"tag":"!","time":"7.5005e-05","counter":"588","score":"-2127"}
{"tag":"!","time":"7.5005e-05","counter":"595","score":"-2075"}
{"tag":"!","time":"7.5005e-05","counter":"600","score":"-2063"}
{"tag":"!","time":"7.5005e-05","counter":"637","score":"-2057"}
{"tag":"!","time":"7.5005e-05","counter":"679","score":"-1975"}
{"tag":"!","time":"7.5005e-05","counter":"681","score":"-1967"}
{"tag":"!","time":"7.5005e-05","counter":"710","score":"-1939"}
{"tag":"!","time":"7.5005e-05","counter":"712","score":"-1892"}
{"tag":"!","time":"7.5005e-05","counter":"718","score":"-1868"}
{"tag":"!","time":"7.5005e-05","counter":"734","score":"-1863"}
{"tag":"!","time":"7.5005e-05","counter":"753","score":"-1827"}
{"tag":"!","time":"7.5005e-05","counter":"781","score":"-1814"}
{"tag":"!","time":"7.5005e-05","counter":"814","score":"-1812"}
{"tag":"!","time":"7.5005e-05","counter":"824","score":"-1795"}
{"tag":"!","time":"7.5005e-05","counter":"830","score":"-1783"}
{"tag":"!","time":"0.00949812","counter":"1459","score":"-1769"}
{"tag":"!","time":"0.00949812","counter":"1491","score":"-1730"}
{"tag":"!","time":"0.00949812","counter":"1530","score":"-1708"}
{"tag":"!","time":"0.0148908","counter":"2518","score":"-1707"}
{"tag":"!","time":"0.0148908","counter":"2522","score":"-1699"}
{"tag":"!","time":"0.0148908","counter":"2525","score":"-1680"}
{"tag":"!","time":"0.0148908","counter":"2531","score":"-1657"}
{"tag":"!","time":"0.02004","counter":"3181","score":"-1641"}
{"tag":"!","time":"0.02004","counter":"3197","score":"-1592"}
{"tag":"!","time":"0.02004","counter":"3198","score":"-1557"}
{"tag":"!","time":"0.02004","counter":"3207","score":"-1507"}
{"tag":"!","time":"0.02004","counter":"3806","score":"-1505"}
{"tag":"!","time":"0.02004","counter":"3835","score":"-1500"}
{"tag":"!","time":"0.0256182","counter":"4188","score":"-1471"}
{"tag":"!","time":"0.0386354","counter":"6585","score":"-1451"}
{"tag":"!","time":"0.0551201","counter":"9839","score":"-1445"}
{"tag":"!","time":"0.0551201","counter":"9848","score":"-1423"}
{"tag":"!","time":"0.0603141","counter":"10751","score":"-1408"}
{"tag":"!","time":"0.0760329","counter":"13705","score":"-1399"}
{"tag":"!","time":"0.0813759","counter":"14065","score":"-1392"}
{"tag":"!","time":"0.0813759","counter":"14076","score":"-1344"}
{"tag":"!","time":"0.0813759","counter":"14080","score":"-1313"}
{"tag":"!","time":"0.321267","counter":"60122","score":"-1286"}
{"tag":"!","time":"0.353007","counter":"66168","score":"-1270"}
{"tag":"!","time":"0.353007","counter":"66174","score":"-1264"}
{"tag":"!","time":"0.399049","counter":"75876","score":"-1246"}
{"tag":"!","time":"0.399049","counter":"75885","score":"-1237"}
{"tag":"!","time":"0.714128","counter":"135716","score":"-1222"}
{"tag":"!","time":"0.77751","counter":"147880","score":"-1216"}
{"tag":"!","time":"0.77751","counter":"147884","score":"-1199"}
{"tag":"!","time":"0.77751","counter":"147903","score":"-1165"}
{"tag":"!","time":"0.77751","counter":"147943","score":"-1145"}
{"tag":"!","time":"0.77751","counter":"147994","score":"-1116"}
{"tag":"!","time":"0.77751","counter":"147996","score":"-1105"}
{"tag":"!","time":"0.782819","counter":"148028","score":"-1101"}
{"tag":"!","time":"0.782819","counter":"148029","score":"-1054"}
{"tag":"!","time":"1.54791","counter":"291649","score":"-1039"}
{"tag":"!","time":"1.58117","counter":"297011","score":"-1031"}
{"tag":"!","time":"1.85164","counter":"344231","score":"-1029"}
{"tag":"!","time":"1.85164","counter":"344365","score":"-1011"}
{"tag":"!","time":"1.85745","counter":"345335","score":"-1004"}
{"tag":"!","time":"1.85745","counter":"345336","score":"-967"}
{"tag":"!","time":"1.85745","counter":"345339","score":"-946"}
{"tag":"!","time":"2.17603","counter":"401877","score":"-930"}
{"tag":"!","time":"2.3999","counter":"439348","score":"-925"}
{"tag":"!","time":"2.3999","counter":"439356","score":"-905"}
{"tag":"!","time":"2.3999","counter":"439397","score":"-902"}
{"tag":"!","time":"2.3999","counter":"439516","score":"-876"}
{"tag":"!","time":"3.02722","counter":"544379","score":"-859"}
{"tag":"!","time":"3.0442","counter":"547183","score":"-845"}
{"tag":"!","time":"3.0501","counter":"548457","score":"-814"}
{"tag":"!","time":"3.05563","counter":"549842","score":"-796"}
{"tag":"!","time":"3.06094","counter":"550760","score":"-790"}
{"tag":"!","time":"3.06094","counter":"550784","score":"-736"}
{"tag":"!","time":"3.06094","counter":"550817","score":"-727"}
{"tag":"!","time":"3.95837","counter":"715716","score":"-685"}
{"tag":"!","time":"3.95837","counter":"715824","score":"-677"}
{"tag":"!","time":"4.4809","counter":"812424","score":"-664"}
{"tag":"!","time":"4.54463","counter":"824931","score":"-654"}
{"tag":"!","time":"4.55015","counter":"825101","score":"-643"}
{"tag":"!","time":"4.55015","counter":"825436","score":"-616"}
{"tag":"!","time":"4.55015","counter":"825453","score":"-601"}
{"tag":"!","time":"4.65572","counter":"844314","score":"-596"}
{"tag":"!","time":"4.65572","counter":"844454","score":"-594"}
{"tag":"!","time":"4.65572","counter":"844457","score":"-586"}
{"tag":"!","time":"4.65572","counter":"844661","score":"-551"}
{"tag":"!","time":"4.65572","counter":"844726","score":"-549"}
{"tag":"!","time":"4.65572","counter":"844789","score":"-544"}
{"tag":"!","time":"4.87558","counter":"885358","score":"-533"}
{"tag":"!","time":"4.9116","counter":"892318","score":"-517"}
{"tag":"!","time":"4.9116","counter":"892396","score":"-479"}
{"tag":"!","time":"4.9116","counter":"892658","score":"-478"}
{"tag":"!","time":"4.9116","counter":"892849","score":"-471"}
{"tag":"!","time":"4.93366","counter":"896714","score":"-466"}
{"tag":"!","time":"4.93366","counter":"896786","score":"-456"}
{"tag":"!","time":"4.9392","counter":"897233","score":"-444"}
{"tag":"!","time":"4.94466","counter":"898670","score":"-440"}
{"tag":"!","time":"4.94994","counter":"899322","score":"-439"}
{"tag":"!","time":"4.94994","counter":"899370","score":"-431"}
{"tag":"!","time":"4.94994","counter":"899778","score":"-414"}
{"tag":"!","time":"6.09225","counter":"1112709","score":"-413"}
{"tag":"!","time":"6.0978","counter":"1113950","score":"-405"}
{"tag":"!","time":"6.12429","counter":"1118146","score":"-399"}
{"tag":"!","time":"6.28461","counter":"1146430","score":"-393"}
{"tag":"!","time":"6.39843","counter":"1166253","score":"-381"}
{"tag":"!","time":"6.4311","counter":"1172141","score":"-377"}
{"tag":"!","time":"6.4311","counter":"1172531","score":"-346"}
{"tag":"!","time":"6.50444","counter":"1186417","score":"-345"}
{"tag":"!","time":"6.50444","counter":"1186447","score":"-344"}
{"tag":"!","time":"6.53096","counter":"1191088","score":"-342"}
{"tag":"!","time":"6.53096","counter":"1191615","score":"-339"}
{"tag":"!","time":"6.53096","counter":"1191702","score":"-333"}
{"tag":"!","time":"6.53649","counter":"1192231","score":"-329"}
{"tag":"!","time":"6.53649","counter":"1192721","score":"-325"}
{"tag":"!","time":"6.53649","counter":"1192833","score":"-322"}
{"tag":"!","time":"6.56749","counter":"1198381","score":"-315"}
{"tag":"!","time":"6.58787","counter":"1202338","score":"-305"}
{"tag":"!","time":"6.5934","counter":"1203082","score":"-303"}
{"tag":"!","time":"6.59848","counter":"1204323","score":"-297"}
{"tag":"!","time":"6.59848","counter":"1204632","score":"-284"}
{"tag":"!","time":"6.59848","counter":"1204884","score":"-282"}
{"tag":"!","time":"6.60359","counter":"1205247","score":"-262"}
{"tag":"!","time":"6.60359","counter":"1205422","score":"-242"}
{"tag":"!","time":"6.60359","counter":"1205919","score":"-236"}
{"tag":"!","time":"6.60888","counter":"1206221","score":"-229"}
{"tag":"!","time":"6.60888","counter":"1206571","score":"-219"}
{"tag":"!","time":"6.61428","counter":"1207007","score":"-215"}
{"tag":"!","time":"6.625","counter":"1209753","score":"-205"}
{"tag":"!","time":"6.6304","counter":"1210284","score":"-203"}
{"tag":"!","time":"6.6304","counter":"1210625","score":"-189"}
{"tag":"!","time":"6.66111","counter":"1216672","score":"-181"}
{"tag":"!","time":"6.83378","counter":"1246686","score":"-178"}
{"tag":"!","time":"6.89545","counter":"1258424","score":"-171"}
{"tag":"!","time":"6.90071","counter":"1259554","score":"-167"}
{"tag":"!","time":"6.90585","counter":"1260219","score":"-161"}
{"tag":"!","time":"6.92674","counter":"1264034","score":"-155"}
{"tag":"!","time":"7.52799","counter":"1379793","score":"-148"}
{"tag":"!","time":"7.53433","counter":"1380296","score":"-140"}
{"tag":"!","time":"7.95601","counter":"1461767","score":"-135"}
{"tag":"!","time":"8.10044","counter":"1488876","score":"-132"}
{"tag":"!","time":"8.1058","counter":"1489111","score":"-129"}
{"tag":"!","time":"8.13177","counter":"1494171","score":"-123"}
{"tag":"result","counter":"1540000","score":"-123"}
{"type":"sa","c":"1.01862","l":"0.00732688","score":"0.187397"}
