13
DZVHAFOKHOAQVHKJIVLRYVGGOTBWODQGVBLFARNWFHCOEBNYBXTUTBMOLHEPYEXCKWNKYUOFFGUGJTEMDGVAOQDYAZPAHMMZHPYHTFKIAA
LXKFYDLJHCCQFXLJWZXYQZFHMUSZQCSZCMFOSYTPLLFBOKOSCXOWBRLWFBXEZASWNSTVLTFGQWYYFQOMSKELFNZNGJPXYCPFHLOGHTJFAA
WWGTKGOGJZIZGIPFVAGZOEZVBYRNKPHEMJIUFSUGSPXZPPPBBTZTEACYCGNWJRCHPNZEHVKLYAJDDQZPCERNXXJRVMFAPVDJRWOGBPFLAA
ZOYUNUODCFLGHGYRCWKDMVHFSTFWHYFMIANXXGFRTOOFXAQDRZXFIXFJZELAKFFDJWLFTEPSCTPFEADFLCNJMBQLZQUNIDJZEWMTCBLHAA
QBLPBIQQFFDJCGFQUQBDCNSQVFPAOQGIBHOAKKSPLBKLPZDUVHWYKRMHIHUKIEEFOQCLMWWVUUVQYODDRURZGMLCCBONAEKDOBAEKFGOAA
QWXTMZIGIZLQHAMQTMHVZGGOXSNWPYTYOUABKKVSNWZLRXLEDZDLKSOFNGHVBIZDIKZVETXOZJOTXROVIIETCAKCSFDSOXBRTEMXEGTFAA
XPQXREOSJOGJNANOXVXTUMBDVOYQSSOSRSHXVNBFEMCMZDNOVUFQBJOBBWDDVFMRZRYLRXFFSDCOSICPIOKMPVHSNWHEUXQHGJLYLBKDAA
JEXQHNWOCFEHDMZGZJOVOORWRPDZROASWEBWHGQYOEWFKJCJZNKXEDNSYILGLYFHMFXTLKOKKXMKOWBZHZELXNWOEOBSSTPYBEIYZGYGZA
TDXASPWYYUASSCAARSRFICNNDIBLFCQWIFNSYDFCJLBHPCEUFDOBJDXDLHPHJATFEHIZYOMECAZQENGUOYXDVVTYKIBGUKCXKCEKPYMYCA
SXQFKKRCWBJKTRRSZJTCRIPFWAWNQNYIBXEODPETSKGIAFMKLQPLZDSMUKEQZUVJRTURJJIDCVUVEZDGWNWWMEXGGKEDEKRZNBAAAOGZOT
ICIFSJEAVSVXOUMOQNIVBUPUJBDXVSMRZPLKXAOJXIVJILXGAKLBHCPQFGPPXEEZTGZWDLCPYCPNFWCWNWRLJWBNHSIIWHTGFAENYZNXTJ
AYDMWWWDHVYLETOOXUZSANQYIXXZNOFFAKKMQGXZJNKGGVJCUYMAMNJIMECPSOSDWAPEHVRAXTXUBWHSBJSJBKTQISIOLNZCRLORHAAAAA
PUKHYZYBXGJXVMSKVTITTCSTSQDBNTSPQDMAHYMZBPMWPQEBFIAAAANSWWFESRUDLYWZXXEAVAQIRGUNFSKNDQQQJWGJHIKJHSBJCAAAAA
7 72
0 46
0 24
0 81
9 50
0 0
7 85
7 89
0 100
0 41
7 98
0 60
0 52
8 54
10 10
9 32
0 65
0 90
0 49
10 29
0 54
0 29
8 63
7 80
0 18
10 89
0 95
0 102
0 69
10 96
9 47
9 101
9 41
0 32
10 0
0 9
0 72
11 63
10 20
