{"type":"greedy_loss","c":"1.09234","l":"0","score":"0.107281"}
{"tag":"param","type":"sa","start_temp":"30","end_temp":"1","limit":"5"}
{"tag":"!","time":"1.77214e-05","counter":"0","score":"-16447"}
{"tag":"!","time":"1.77214e-05","counter":"1","score":"-16437"}
{"tag":"!","time":"1.77214e-05","counter":"3","score":"-16423"}
{"tag":"!","time":"1.77214e-05","counter":"4","score":"-16410"}
{"tag":"!","time":"1.77214e-05","counter":"5","score":"-16394"}
{"tag":"!","time":"1.77214e-05","counter":"8","score":"-16383"}
{"tag":"!","time":"1.77214e-05","counter":"13","score":"-16367"}
{"tag":"!","time":"1.77214e-05","counter":"14","score":"-16353"}
{"tag":"!","time":"1.77214e-05","counter":"20","score":"-16349"}
{"tag":"!","time":"1.77214e-05","counter":"21","score":"-16340"}
{"tag":"!","time":"1.77214e-05","counter":"22","score":"-16325"}
{"tag":"!","time":"1.77214e-05","counter":"53","score":"-16320"}
{"tag":"!","time":"1.77214e-05","counter":"56","score":"-16293"}
{"tag":"!","time":"1.77214e-05","counter":"87","score":"-16289"}
{"tag":"!","time":"1.77214e-05","counter":"94","score":"-16267"}
{"tag":"!","time":"1.77214e-05","counter":"95","score":"-16256"}
{"tag":"!","time":"1.77214e-05","counter":"97","score":"-16251"}
{"tag":"!","time":"1.77214e-05","counter":"128","score":"-16246"}
{"tag":"!","time":"1.77214e-05","counter":"129","score":"-16232"}
{"tag":"!","time":"1.77214e-05","counter":"132","score":"-16229"}
{"tag":"!","time":"1.77214e-05","counter":"140","score":"-16228"}
{"tag":"!","time":"1.77214e-05","counter":"142","score":"-16216"}
{"tag":"!","time":"1.77214e-05","counter":"156","score":"-16213"}
{"tag":"!","time":"1.77214e-05","counter":"161","score":"-16205"}
{"tag":"!","time":"1.77214e-05","counter":"167","score":"-16199"}
{"tag":"!","time":"1.77214e-05","counter":"181","score":"-16196"}
{"tag":"!","time":"1.77214e-05","counter":"182","score":"-16192"}
{"tag":"!","time":"1.77214e-05","counter":"195","score":"-16165"}
{"tag":"!","time":"1.77214e-05","counter":"196","score":"-16155"}
{"tag":"!","time":"1.77214e-05","counter":"197","score":"-16144"}
{"tag":"!","time":"1.77214e-05","counter":"257","score":"-16131"}
{"tag":"!","time":"1.77214e-05","counter":"258","score":"-16126"}
{"tag":"!","time":"1.77214e-05","counter":"262","score":"-16107"}
{"tag":"!","time":"1.77214e-05","counter":"265","score":"-16101"}
{"tag":"!","time":"1.77214e-05","counter":"463","score":"-16084"}
{"tag":"!","time":"1.77214e-05","counter":"466","score":"-16080"}
{"tag":"!","time":"1.77214e-05","counter":"469","score":"-16063"}
{"tag":"!","time":"1.77214e-05","counter":"471","score":"-16047"}
{"tag":"!","time":"1.77214e-05","counter":"473","score":"-16031"}
{"tag":"!","time":"1.77214e-05","counter":"474","score":"-16012"}
{"tag":"!","time":"1.77214e-05","counter":"475","score":"-16008"}
{"tag":"!","time":"1.77214e-05","counter":"477","score":"-16000"}
{"tag":"!","time":"1.77214e-05","counter":"495","score":"-15975"}
{"tag":"!","time":"1.77214e-05","counter":"500","score":"-15974"}
{"tag":"!","time":"1.77214e-05","counter":"501","score":"-15968"}
{"tag":"!","time":"1.77214e-05","counter":"507","score":"-15967"}
{"tag":"!","time":"1.77214e-05","counter":"522","score":"-15963"}
{"tag":"!","time":"0.034974","counter":"6432","score":"-15956"}
{"tag":"!","time":"0.034974","counter":"6437","score":"-15950"}
{"tag":"!","time":"0.034974","counter":"6439","score":"-15949"}
{"tag":"!","time":"0.034974","counter":"6440","score":"-15943"}
{"tag":"!","time":"0.034974","counter":"6441","score":"-15940"}
{"tag":"!","time":"0.034974","counter":"6444","score":"-15933"}
{"tag":"!","time":"0.034974","counter":"6446","score":"-15932"}
{"tag":"!","time":"0.034974","counter":"6453","score":"-15931"}
{"tag":"!","time":"0.034974","counter":"6455","score":"-15917"}
{"tag":"!","time":"0.034974","counter":"6459","score":"-15884"}
{"tag":"!","time":"0.034974","counter":"6467","score":"-15883"}
{"tag":"!","time":"0.034974","counter":"6468","score":"-15880"}
{"tag":"!","time":"0.034974","counter":"6473","score":"-15877"}
{"tag":"!","time":"0.034974","counter":"6474","score":"-15859"}
{"tag":"!","time":"0.034974","counter":"6487","score":"-15858"}
{"tag":"!","time":"0.034974","counter":"6548","score":"-15853"}
{"tag":"!","time":"0.034974","counter":"6550","score":"-15848"}
{"tag":"!","time":"0.034974","counter":"6551","score":"-15847"}
{"tag":"!","time":"0.034974","counter":"6556","score":"-15836"}
{"tag":"!","time":"0.034974","counter":"6557","score":"-15835"}
{"tag":"!","time":"0.640479","counter":"116630","score":"-15805"}
{"tag":"!","time":"0.640479","counter":"116631","score":"-15797"}
{"tag":"!","time":"1.00481","counter":"182340","score":"-15792"}
{"tag":"!","time":"1.00481","counter":"182341","score":"-15790"}
{"tag":"!","time":"1.28371","counter":"231963","score":"-15771"}
{"tag":"!","time":"1.28371","counter":"231964","score":"-15769"}
{"tag":"!","time":"1.28371","counter":"231965","score":"-15768"}
{"tag":"!","time":"1.28371","counter":"231975","score":"-15736"}
{"tag":"!","time":"1.94128","counter":"342889","score":"-15729"}
{"tag":"!","time":"1.94128","counter":"342890","score":"-15706"}
{"tag":"!","time":"1.99203","counter":"350627","score":"-15703"}
{"tag":"!","time":"1.99203","counter":"350635","score":"-15696"}
{"tag":"!","time":"1.99203","counter":"350638","score":"-15691"}
{"tag":"!","time":"1.99203","counter":"350711","score":"-15672"}
{"tag":"!","time":"1.99203","counter":"350713","score":"-15635"}
{"tag":"!","time":"1.99203","counter":"350715","score":"-15633"}
{"tag":"!","time":"1.99203","counter":"350726","score":"-15621"}
{"tag":"!","time":"2.4126","counter":"419848","score":"-15618"}
{"tag":"!","time":"2.4126","counter":"419856","score":"-15616"}
{"tag":"!","time":"2.4126","counter":"419860","score":"-15608"}
{"tag":"!","time":"2.41963","counter":"420247","score":"-15577"}
{"tag":"!","time":"2.41963","counter":"420272","score":"-15572"}
{"tag":"!","time":"2.41963","counter":"420275","score":"-15571"}
{"tag":"!","time":"2.41963","counter":"420316","score":"-15568"}
{"tag":"!","time":"2.41963","counter":"420322","score":"-15566"}
{"tag":"!","time":"2.41963","counter":"420328","score":"-15559"}
{"tag":"!","time":"2.67809","counter":"461881","score":"-15558"}
{"tag":"!","time":"2.67809","counter":"461902","score":"-15557"}
{"tag":"!","time":"2.67809","counter":"461911","score":"-15540"}
{"tag":"!","time":"2.67809","counter":"461914","score":"-15525"}
{"tag":"!","time":"2.67809","counter":"461938","score":"-15517"}
{"tag":"!","time":"2.7184","counter":"467406","score":"-15506"}
{"tag":"!","time":"2.7184","counter":"467443","score":"-15498"}
{"tag":"!","time":"2.7184","counter":"467449","score":"-15485"}
{"tag":"!","time":"2.7184","counter":"467451","score":"-15484"}
{"tag":"!","time":"2.7184","counter":"467453","score":"-15483"}
{"tag":"!","time":"2.7184","counter":"467858","score":"-15479"}
{"tag":"!","time":"2.7184","counter":"467859","score":"-15451"}
{"tag":"!","time":"2.7184","counter":"467860","score":"-15419"}
{"tag":"!","time":"2.7184","counter":"467867","score":"-15413"}
{"tag":"!","time":"2.7184","counter":"467887","score":"-15410"}
{"tag":"!","time":"2.7184","counter":"467888","score":"-15409"}
{"tag":"!","time":"2.7184","counter":"467902","score":"-15404"}
{"tag":"!","time":"2.7184","counter":"467906","score":"-15388"}
{"tag":"!","time":"2.7184","counter":"467916","score":"-15387"}
{"tag":"!","time":"2.72642","counter":"468414","score":"-15383"}
{"tag":"!","time":"2.72642","counter":"468449","score":"-15379"}
{"tag":"!","time":"2.72642","counter":"468450","score":"-15370"}
{"tag":"!","time":"2.72642","counter":"468452","score":"-15354"}
{"tag":"!","time":"2.72642","counter":"468987","score":"-15345"}
{"tag":"!","time":"2.72642","counter":"468988","score":"-15329"}
{"tag":"!","time":"2.72642","counter":"468989","score":"-15319"}
{"tag":"!","time":"3.12781","counter":"530941","score":"-15318"}
{"tag":"!","time":"3.12781","counter":"530959","score":"-15316"}
{"tag":"!","time":"3.12781","counter":"530960","score":"-15300"}
{"tag":"!","time":"3.12781","counter":"530962","score":"-15292"}
{"tag":"!","time":"3.12781","counter":"530980","score":"-15288"}
{"tag":"!","time":"3.12781","counter":"530981","score":"-15282"}
{"tag":"!","time":"3.12781","counter":"530983","score":"-15281"}
{"tag":"!","time":"3.12781","counter":"530988","score":"-15274"}
{"tag":"!","time":"3.13604","counter":"531007","score":"-15273"}
{"tag":"!","time":"3.13604","counter":"531135","score":"-15261"}
{"tag":"!","time":"3.13604","counter":"531136","score":"-15259"}
{"tag":"!","time":"3.13604","counter":"531152","score":"-15253"}
{"tag":"!","time":"3.13604","counter":"531154","score":"-15247"}
{"tag":"!","time":"3.25907","counter":"550568","score":"-15242"}
{"tag":"!","time":"3.25907","counter":"550569","score":"-15240"}
{"tag":"!","time":"3.44285","counter":"578694","score":"-15236"}
{"tag":"!","time":"3.44285","counter":"578704","score":"-15227"}
{"tag":"!","time":"3.50332","counter":"587724","score":"-15209"}
{"tag":"!","time":"3.50332","counter":"587726","score":"-15196"}
{"tag":"!","time":"3.50332","counter":"587731","score":"-15171"}
{"tag":"!","time":"3.50332","counter":"587769","score":"-15161"}
{"tag":"!","time":"3.50332","counter":"587773","score":"-15154"}
{"tag":"!","time":"3.50332","counter":"587787","score":"-15123"}
{"tag":"!","time":"3.50332","counter":"587789","score":"-15108"}
{"tag":"!","time":"3.74522","counter":"623028","score":"-15106"}
{"tag":"!","time":"3.76446","counter":"626223","score":"-15099"}
{"tag":"!","time":"3.7715","counter":"627586","score":"-15089"}
{"tag":"!","time":"3.7715","counter":"627598","score":"-15077"}
{"tag":"!","time":"3.7715","counter":"627995","score":"-15073"}
{"tag":"!","time":"3.77815","counter":"628030","score":"-15065"}
{"tag":"!","time":"3.77815","counter":"628038","score":"-15046"}
{"tag":"!","time":"3.77815","counter":"628077","score":"-15041"}
{"tag":"!","time":"3.77815","counter":"628468","score":"-15022"}
{"tag":"!","time":"3.77815","counter":"628639","score":"-15012"}
{"tag":"!","time":"3.77815","counter":"628666","score":"-15009"}
{"tag":"!","time":"3.85294","counter":"639130","score":"-15008"}
{"tag":"!","time":"3.85294","counter":"639166","score":"-14990"}
{"tag":"!","time":"3.85294","counter":"639269","score":"-14976"}
{"tag":"!","time":"3.85294","counter":"639335","score":"-14971"}
{"tag":"!","time":"3.90252","counter":"646482","score":"-14955"}
{"tag":"!","time":"3.90252","counter":"646543","score":"-14954"}
{"tag":"!","time":"3.95133","counter":"653991","score":"-14946"}
{"tag":"!","time":"3.95822","counter":"654008","score":"-14944"}
{"tag":"!","time":"3.95822","counter":"654027","score":"-14940"}
{"tag":"!","time":"3.95822","counter":"654057","score":"-14928"}
{"tag":"!","time":"3.95822","counter":"654064","score":"-14927"}
{"tag":"!","time":"3.95822","counter":"654079","score":"-14926"}
{"tag":"!","time":"3.97968","counter":"657006","score":"-14921"}
{"tag":"!","time":"3.97968","counter":"657029","score":"-14915"}
{"tag":"!","time":"3.97968","counter":"657056","score":"-14912"}
{"tag":"!","time":"3.97968","counter":"657113","score":"-14907"}
{"tag":"!","time":"4.10797","counter":"676562","score":"-14905"}
{"tag":"!","time":"4.10797","counter":"676568","score":"-14904"}
{"tag":"!","time":"4.10797","counter":"676900","score":"-14889"}
{"tag":"!","time":"4.22277","counter":"693174","score":"-14885"}
{"tag":"!","time":"4.22935","counter":"694675","score":"-14884"}
{"tag":"!","time":"4.24967","counter":"697738","score":"-14880"}
{"tag":"!","time":"4.24967","counter":"697776","score":"-14875"}
{"tag":"!","time":"4.24967","counter":"697877","score":"-14872"}
{"tag":"!","time":"4.25619","counter":"698439","score":"-14871"}
{"tag":"!","time":"4.26284","counter":"699958","score":"-14870"}
{"tag":"!","time":"4.26284","counter":"699978","score":"-14866"}
{"tag":"!","time":"4.2689","counter":"700119","score":"-14864"}
{"tag":"!","time":"4.2689","counter":"700156","score":"-14857"}
{"tag":"!","time":"4.28828","counter":"703415","score":"-14849"}
{"tag":"!","time":"4.28828","counter":"703480","score":"-14847"}
{"tag":"!","time":"4.28828","counter":"703545","score":"-14846"}
{"tag":"!","time":"4.3078","counter":"706131","score":"-14841"}
{"tag":"!","time":"4.3078","counter":"706209","score":"-14837"}
{"tag":"!","time":"4.32709","counter":"709627","score":"-14835"}
{"tag":"!","time":"4.32709","counter":"709713","score":"-14834"}
{"tag":"!","time":"4.39015","counter":"719000","score":"-14833"}
{"tag":"!","time":"4.39015","counter":"719087","score":"-14825"}
{"tag":"!","time":"4.44875","counter":"728371","score":"-14822"}
{"tag":"!","time":"4.44875","counter":"728399","score":"-14821"}
{"tag":"!","time":"4.48799","counter":"734998","score":"-14814"}
{"tag":"!","time":"4.53215","counter":"741477","score":"-14808"}
{"tag":"!","time":"4.53215","counter":"741865","score":"-14799"}
{"tag":"!","time":"4.53846","counter":"742086","score":"-14798"}
{"tag":"!","time":"4.58496","counter":"749178","score":"-14795"}
{"tag":"!","time":"4.58496","counter":"749235","score":"-14793"}
{"tag":"!","time":"4.65459","counter":"760068","score":"-14792"}
{"tag":"!","time":"4.65459","counter":"760156","score":"-14791"}
{"tag":"!","time":"4.65459","counter":"760211","score":"-14789"}
{"tag":"!","time":"4.65459","counter":"760496","score":"-14786"}
{"tag":"!","time":"4.65459","counter":"760515","score":"-14782"}
{"tag":"!","time":"4.65459","counter":"760798","score":"-14781"}
{"tag":"!","time":"4.67418","counter":"763692","score":"-14775"}
{"tag":"!","time":"4.67418","counter":"763719","score":"-14773"}
{"tag":"!","time":"4.67418","counter":"763736","score":"-14771"}
{"tag":"!","time":"4.67418","counter":"763946","score":"-14769"}
{"tag":"!","time":"4.71847","counter":"770280","score":"-14764"}
{"tag":"!","time":"4.71847","counter":"770343","score":"-14763"}
{"tag":"!","time":"4.71847","counter":"770353","score":"-14760"}
{"tag":"!","time":"4.71847","counter":"770410","score":"-14753"}
{"tag":"!","time":"4.71847","counter":"770543","score":"-14752"}
{"tag":"!","time":"4.71847","counter":"770700","score":"-14751"}
{"tag":"!","time":"4.72517","counter":"771657","score":"-14749"}
{"tag":"!","time":"4.75542","counter":"776102","score":"-14746"}
{"tag":"!","time":"4.75542","counter":"776582","score":"-14745"}
{"tag":"!","time":"4.75542","counter":"776662","score":"-14741"}
{"tag":"!","time":"4.75542","counter":"776897","score":"-14737"}
{"tag":"!","time":"4.90707","counter":"800334","score":"-14733"}
{"tag":"!","time":"4.93283","counter":"804381","score":"-14730"}
{"tag":"!","time":"4.93899","counter":"805541","score":"-14727"}
{"tag":"!","time":"4.95201","counter":"807226","score":"-14725"}
{"tag":"result","counter":"815000","score":"-14725"}
{"type":"sa","c":"0.0375375","l":"0.442192","score":"0.40245"}
