{"type":"greedy_loss","c":"1.06204","l":"0","score":"0.679784"}
{"tag":"param","type":"sa","start_temp":"30","end_temp":"1","limit":"5"}
{"tag":"!","time":"2.45714e-05","counter":"0","score":"-24702"}
{"tag":"!","time":"2.45714e-05","counter":"1","score":"-24693"}
{"tag":"!","time":"2.45714e-05","counter":"2","score":"-24687"}
{"tag":"!","time":"2.45714e-05","counter":"4","score":"-24673"}
{"tag":"!","time":"2.45714e-05","counter":"5","score":"-24659"}
{"tag":"!","time":"2.45714e-05","counter":"6","score":"-24644"}
{"tag":"!","time":"2.45714e-05","counter":"8","score":"-24626"}
{"tag":"!","time":"2.45714e-05","counter":"16","score":"-24624"}
{"tag":"!","time":"2.45714e-05","counter":"18","score":"-24617"}
{"tag":"!","time":"2.45714e-05","counter":"19","score":"-24599"}
{"tag":"!","time":"2.45714e-05","counter":"22","score":"-24598"}
{"tag":"!","time":"2.45714e-05","counter":"24","score":"-24579"}
{"tag":"!","time":"2.45714e-05","counter":"25","score":"-24572"}
{"tag":"!","time":"2.45714e-05","counter":"26","score":"-24553"}
{"tag":"!","time":"2.45714e-05","counter":"35","score":"-24529"}
{"tag":"!","time":"2.45714e-05","counter":"38","score":"-24526"}
{"tag":"!","time":"2.45714e-05","counter":"71","score":"-24517"}
{"tag":"!","time":"2.45714e-05","counter":"72","score":"-24497"}
{"tag":"!","time":"2.45714e-05","counter":"99","score":"-24482"}
{"tag":"!","time":"2.45714e-05","counter":"168","score":"-24453"}
{"tag":"!","time":"2.45714e-05","counter":"171","score":"-24419"}
{"tag":"!","time":"0.00505529","counter":"1284","score":"-24412"}
{"tag":"!","time":"0.00505529","counter":"1290","score":"-24410"}
{"tag":"!","time":"0.00505529","counter":"1291","score":"-24394"}
{"tag":"!","time":"0.00505529","counter":"1292","score":"-24387"}
{"tag":"!","time":"0.00505529","counter":"1409","score":"-24379"}
{"tag":"!","time":"0.00505529","counter":"1411","score":"-24363"}
{"tag":"!","time":"0.00505529","counter":"1585","score":"-24353"}
{"tag":"!","time":"0.00505529","counter":"1627","score":"-24349"}
{"tag":"!","time":"0.0153048","counter":"3411","score":"-24348"}
{"tag":"!","time":"0.0153048","counter":"3413","score":"-24347"}
{"tag":"!","time":"0.0153048","counter":"3415","score":"-24330"}
{"tag":"!","time":"0.0153048","counter":"3420","score":"-24313"}
{"tag":"!","time":"0.0153048","counter":"3423","score":"-24311"}
{"tag":"!","time":"0.0340082","counter":"7496","score":"-24310"}
{"tag":"!","time":"0.0340082","counter":"7500","score":"-24295"}
{"tag":"!","time":"0.0340082","counter":"7510","score":"-24268"}
{"tag":"!","time":"0.0340082","counter":"7514","score":"-24245"}
{"tag":"!","time":"0.0340082","counter":"7518","score":"-24243"}
{"tag":"!","time":"0.0340082","counter":"7528","score":"-24216"}
{"tag":"!","time":"0.0857473","counter":"17067","score":"-24198"}
{"tag":"!","time":"0.229396","counter":"46716","score":"-24193"}
{"tag":"!","time":"0.328909","counter":"66823","score":"-24170"}
{"tag":"!","time":"0.328909","counter":"66828","score":"-24164"}
{"tag":"!","time":"0.328909","counter":"66861","score":"-24163"}
{"tag":"!","time":"0.784646","counter":"160105","score":"-24144"}
{"tag":"!","time":"0.784646","counter":"160107","score":"-24135"}
{"tag":"!","time":"0.784646","counter":"160113","score":"-24121"}
{"tag":"!","time":"0.784646","counter":"160116","score":"-24120"}
{"tag":"!","time":"0.784646","counter":"160117","score":"-24113"}
{"tag":"!","time":"0.784646","counter":"160120","score":"-24102"}
{"tag":"!","time":"1.16094","counter":"234232","score":"-24076"}
{"tag":"!","time":"1.16094","counter":"234235","score":"-24054"}
{"tag":"!","time":"1.35961","counter":"272399","score":"-24032"}
{"tag":"!","time":"1.35961","counter":"272542","score":"-24029"}
{"tag":"!","time":"1.35961","counter":"272546","score":"-24019"}
{"tag":"!","time":"1.35961","counter":"272831","score":"-24010"}
{"tag":"!","time":"1.55346","counter":"310779","score":"-23962"}
{"tag":"!","time":"1.55346","counter":"310794","score":"-23958"}
{"tag":"!","time":"1.61527","counter":"322193","score":"-23950"}
{"tag":"!","time":"1.88942","counter":"375850","score":"-23945"}
{"tag":"!","time":"1.88942","counter":"375851","score":"-23930"}
{"tag":"!","time":"1.88942","counter":"375860","score":"-23924"}
{"tag":"!","time":"1.94071","counter":"385104","score":"-23914"}
{"tag":"!","time":"1.94071","counter":"385108","score":"-23904"}
{"tag":"!","time":"2.23197","counter":"439760","score":"-23903"}
{"tag":"!","time":"2.23197","counter":"439761","score":"-23897"}
{"tag":"!","time":"2.23197","counter":"439762","score":"-23889"}
{"tag":"!","time":"2.23197","counter":"439765","score":"-23873"}
{"tag":"!","time":"2.23197","counter":"439766","score":"-23865"}
{"tag":"!","time":"2.33219","counter":"458770","score":"-23861"}
{"tag":"!","time":"2.33219","counter":"458816","score":"-23858"}
{"tag":"!","time":"2.33773","counter":"459284","score":"-23855"}
{"tag":"!","time":"2.33773","counter":"459285","score":"-23834"}
{"tag":"!","time":"2.33773","counter":"459288","score":"-23821"}
{"tag":"!","time":"2.33773","counter":"459307","score":"-23806"}
{"tag":"!","time":"2.33773","counter":"459316","score":"-23802"}
{"tag":"!","time":"2.33773","counter":"459318","score":"-23788"}
{"tag":"!","time":"2.33773","counter":"459319","score":"-23765"}
{"tag":"!","time":"2.33773","counter":"459321","score":"-23753"}
{"tag":"!","time":"2.45979","counter":"481832","score":"-23747"}
{"tag":"!","time":"2.45979","counter":"481833","score":"-23738"}
{"tag":"!","time":"2.45979","counter":"481840","score":"-23730"}
{"tag":"!","time":"2.45979","counter":"481841","score":"-23727"}
{"tag":"!","time":"2.64209","counter":"513319","score":"-23716"}
{"tag":"!","time":"2.64209","counter":"513364","score":"-23715"}
{"tag":"!","time":"2.64209","counter":"513365","score":"-23713"}
{"tag":"!","time":"2.64838","counter":"514227","score":"-23706"}
{"tag":"!","time":"2.64838","counter":"514231","score":"-23697"}
{"tag":"!","time":"2.64838","counter":"514249","score":"-23687"}
{"tag":"!","time":"2.64838","counter":"514255","score":"-23682"}
{"tag":"!","time":"2.64838","counter":"514294","score":"-23671"}
{"tag":"!","time":"2.64838","counter":"514301","score":"-23657"}
{"tag":"!","time":"2.64838","counter":"514306","score":"-23655"}
{"tag":"!","time":"2.64838","counter":"514308","score":"-23645"}
{"tag":"!","time":"2.81222","counter":"543291","score":"-23632"}
{"tag":"!","time":"2.81222","counter":"543297","score":"-23623"}
{"tag":"!","time":"2.81222","counter":"543299","score":"-23596"}
{"tag":"!","time":"2.81222","counter":"543300","score":"-23576"}
{"tag":"!","time":"2.81222","counter":"543559","score":"-23574"}
{"tag":"!","time":"2.81222","counter":"543560","score":"-23566"}
{"tag":"!","time":"2.81222","counter":"543562","score":"-23562"}
{"tag":"!","time":"2.81222","counter":"543576","score":"-23542"}
{"tag":"!","time":"2.81222","counter":"543579","score":"-23531"}
{"tag":"!","time":"2.81222","counter":"543583","score":"-23507"}
{"tag":"!","time":"2.81222","counter":"543585","score":"-23505"}
{"tag":"!","time":"2.81222","counter":"543588","score":"-23502"}
{"tag":"!","time":"3.12777","counter":"598076","score":"-23501"}
{"tag":"!","time":"3.15687","counter":"603542","score":"-23493"}
{"tag":"!","time":"3.15687","counter":"603546","score":"-23490"}
{"tag":"!","time":"3.15687","counter":"603556","score":"-23478"}
{"tag":"!","time":"3.15687","counter":"603951","score":"-23472"}
{"tag":"!","time":"3.15687","counter":"603961","score":"-23453"}
{"tag":"!","time":"3.15687","counter":"603965","score":"-23431"}
{"tag":"!","time":"3.16892","counter":"605550","score":"-23425"}
{"tag":"!","time":"3.16892","counter":"605553","score":"-23411"}
{"tag":"!","time":"3.16892","counter":"605555","score":"-23395"}
{"tag":"!","time":"3.16892","counter":"605570","score":"-23379"}
{"tag":"!","time":"3.16892","counter":"605572","score":"-23359"}
{"tag":"!","time":"3.16892","counter":"605577","score":"-23356"}
{"tag":"!","time":"3.16892","counter":"605583","score":"-23347"}
{"tag":"!","time":"3.16892","counter":"605617","score":"-23331"}
{"tag":"!","time":"3.16892","counter":"605660","score":"-23325"}
{"tag":"!","time":"3.16892","counter":"605671","score":"-23319"}
{"tag":"!","time":"3.38134","counter":"640115","score":"-23286"}
{"tag":"!","time":"3.38134","counter":"640135","score":"-23283"}
{"tag":"!","time":"3.38134","counter":"640139","score":"-23261"}
{"tag":"!","time":"3.38134","counter":"640153","score":"-23256"}
{"tag":"!","time":"3.38134","counter":"640164","score":"-23246"}
{"tag":"!","time":"3.38134","counter":"640169","score":"-23230"}
{"tag":"!","time":"3.38134","counter":"640176","score":"-23227"}
{"tag":"!","time":"3.38134","counter":"640192","score":"-23205"}
{"tag":"!","time":"3.40038","counter":"643411","score":"-23204"}
{"tag":"!","time":"3.40038","counter":"643430","score":"-23198"}
{"tag":"!","time":"3.40038","counter":"643447","score":"-23179"}
{"tag":"!","time":"3.40615","counter":"644278","score":"-23163"}
{"tag":"!","time":"3.40615","counter":"644327","score":"-23156"}
{"tag":"!","time":"3.40615","counter":"644338","score":"-23151"}
{"tag":"!","time":"3.45971","counter":"653229","score":"-23150"}
{"tag":"!","time":"3.46549","counter":"654480","score":"-23128"}
{"tag":"!","time":"3.56602","counter":"671736","score":"-23115"}
{"tag":"!","time":"3.57292","counter":"672373","score":"-23108"}
{"tag":"!","time":"3.72131","counter":"696653","score":"-23074"}
{"tag":"!","time":"3.72131","counter":"696976","score":"-23064"}
{"tag":"!","time":"3.72743","counter":"697031","score":"-23038"}
{"tag":"!","time":"3.72743","counter":"697040","score":"-23029"}
{"tag":"!","time":"3.72743","counter":"697046","score":"-23015"}
{"tag":"!","time":"3.72743","counter":"697163","score":"-23012"}
{"tag":"!","time":"3.74645","counter":"700844","score":"-23010"}
{"tag":"!","time":"3.77882","counter":"705054","score":"-22995"}
{"tag":"!","time":"3.77882","counter":"705061","score":"-22969"}
{"tag":"!","time":"3.77882","counter":"705107","score":"-22965"}
{"tag":"!","time":"3.77882","counter":"705123","score":"-22960"}
{"tag":"!","time":"3.85287","counter":"717540","score":"-22959"}
{"tag":"!","time":"3.85287","counter":"717552","score":"-22942"}
{"tag":"!","time":"3.85874","counter":"718069","score":"-22936"}
{"tag":"!","time":"3.85874","counter":"718077","score":"-22924"}
{"tag":"!","time":"3.85874","counter":"718085","score":"-22923"}
{"tag":"!","time":"3.85874","counter":"718086","score":"-22916"}
{"tag":"!","time":"3.85874","counter":"718137","score":"-22911"}
{"tag":"!","time":"3.9118","counter":"727228","score":"-22907"}
{"tag":"!","time":"3.95385","counter":"734690","score":"-22906"}
{"tag":"!","time":"3.96633","counter":"736016","score":"-22900"}
{"tag":"!","time":"3.96633","counter":"736305","score":"-22898"}
{"tag":"!","time":"3.96633","counter":"736306","score":"-22860"}
{"tag":"!","time":"3.96633","counter":"736436","score":"-22838"}
{"tag":"!","time":"3.96633","counter":"736492","score":"-22829"}
{"tag":"!","time":"3.96633","counter":"736493","score":"-22828"}
{"tag":"!","time":"3.96633","counter":"736500","score":"-22826"}
{"tag":"!","time":"3.96633","counter":"736502","score":"-22815"}
{"tag":"!","time":"3.96633","counter":"736538","score":"-22808"}
{"tag":"!","time":"4.08848","counter":"756266","score":"-22795"}
{"tag":"!","time":"4.08848","counter":"756269","score":"-22782"}
{"tag":"!","time":"4.08848","counter":"756449","score":"-22780"}
{"tag":"!","time":"4.08848","counter":"756495","score":"-22779"}
{"tag":"!","time":"4.08848","counter":"756502","score":"-22774"}
{"tag":"!","time":"4.08848","counter":"756679","score":"-22773"}
{"tag":"!","time":"4.1012","counter":"758554","score":"-22762"}
{"tag":"!","time":"4.1012","counter":"758598","score":"-22755"}
{"tag":"!","time":"4.1012","counter":"758646","score":"-22752"}
{"tag":"!","time":"4.1012","counter":"758753","score":"-22750"}
{"tag":"!","time":"4.1012","counter":"758780","score":"-22742"}
{"tag":"!","time":"4.1012","counter":"758790","score":"-22735"}
{"tag":"!","time":"4.1012","counter":"758903","score":"-22724"}
{"tag":"!","time":"4.1012","counter":"758944","score":"-22719"}
{"tag":"!","time":"4.26235","counter":"785394","score":"-22714"}
{"tag":"!","time":"4.26235","counter":"785569","score":"-22712"}
{"tag":"!","time":"4.26235","counter":"785701","score":"-22699"}
{"tag":"!","time":"4.26235","counter":"785816","score":"-22697"}
{"tag":"!","time":"4.268","counter":"786243","score":"-22695"}
{"tag":"!","time":"4.268","counter":"786311","score":"-22691"}
{"tag":"!","time":"4.268","counter":"786338","score":"-22684"}
{"tag":"!","time":"4.28528","counter":"789924","score":"-22681"}
{"tag":"!","time":"4.41656","counter":"811466","score":"-22677"}
{"tag":"!","time":"4.42831","counter":"813417","score":"-22671"}
{"tag":"!","time":"4.42831","counter":"813471","score":"-22666"}
{"tag":"!","time":"4.48141","counter":"822468","score":"-22660"}
{"tag":"!","time":"4.48141","counter":"822899","score":"-22651"}
{"tag":"!","time":"4.48141","counter":"822941","score":"-22649"}
{"tag":"!","time":"4.48141","counter":"822942","score":"-22647"}
{"tag":"!","time":"4.51854","counter":"828896","score":"-22638"}
{"tag":"!","time":"4.51854","counter":"828981","score":"-22636"}
{"tag":"!","time":"4.52485","counter":"829356","score":"-22633"}
{"tag":"!","time":"4.52485","counter":"829905","score":"-22632"}
{"tag":"!","time":"4.53113","counter":"830055","score":"-22622"}
{"tag":"!","time":"4.53113","counter":"830107","score":"-22609"}
{"tag":"!","time":"4.53113","counter":"830144","score":"-22604"}
{"tag":"!","time":"4.53113","counter":"830174","score":"-22602"}
{"tag":"!","time":"4.53113","counter":"830189","score":"-22601"}
{"tag":"!","time":"4.53113","counter":"830389","score":"-22600"}
{"tag":"!","time":"4.60494","counter":"842055","score":"-22598"}
{"tag":"!","time":"4.60494","counter":"842065","score":"-22594"}
{"tag":"!","time":"4.61683","counter":"844762","score":"-22591"}
{"tag":"!","time":"4.62289","counter":"845104","score":"-22587"}
{"tag":"!","time":"4.62289","counter":"845137","score":"-22583"}
{"tag":"!","time":"4.62289","counter":"845379","score":"-22581"}
{"tag":"!","time":"4.6523","counter":"850858","score":"-22580"}
{"tag":"!","time":"4.65831","counter":"851038","score":"-22579"}
{"tag":"!","time":"4.65831","counter":"851321","score":"-22576"}
{"tag":"!","time":"4.65831","counter":"851608","score":"-22575"}
{"tag":"!","time":"4.65831","counter":"851654","score":"-22567"}
{"tag":"!","time":"4.68886","counter":"856326","score":"-22564"}
{"tag":"!","time":"4.69535","counter":"857002","score":"-22554"}
{"tag":"!","time":"4.70163","counter":"858007","score":"-22550"}
{"tag":"!","time":"4.87054","counter":"885183","score":"-22549"}
{"tag":"!","time":"4.87666","counter":"886225","score":"-22547"}
{"tag":"!","time":"4.87666","counter":"886697","score":"-22545"}
{"tag":"!","time":"4.87666","counter":"886849","score":"-22534"}
{"tag":"result","counter":"907000","score":"-22534"}
{"type":"sa","c":"0.0255297","l":"0.46023","score":"0.181989"}
