{"type":"greedy_loss","c":"1.09225","l":"0","score":"0.484605"}
{"tag":"param","type":"sa","start_temp":"30","end_temp":"1","limit":"5"}
{"tag":"!","time":"1.44264e-05","counter":"1","score":"-14099"}
{"tag":"!","time":"1.44264e-05","counter":"2","score":"-14096"}
{"tag":"!","time":"1.44264e-05","counter":"36","score":"-14079"}
{"tag":"!","time":"1.44264e-05","counter":"37","score":"-14055"}
{"tag":"!","time":"1.44264e-05","counter":"174","score":"-14017"}
{"tag":"!","time":"1.44264e-05","counter":"178","score":"-14014"}
{"tag":"!","time":"1.44264e-05","counter":"180","score":"-14000"}
{"tag":"!","time":"1.44264e-05","counter":"185","score":"-13996"}
{"tag":"!","time":"1.44264e-05","counter":"310","score":"-13968"}
{"tag":"!","time":"1.44264e-05","counter":"336","score":"-13967"}
{"tag":"!","time":"1.44264e-05","counter":"661","score":"-13953"}
{"tag":"!","time":"1.44264e-05","counter":"738","score":"-13946"}
{"tag":"!","time":"1.44264e-05","counter":"769","score":"-13944"}
{"tag":"!","time":"1.44264e-05","counter":"770","score":"-13939"}
{"tag":"!","time":"1.44264e-05","counter":"793","score":"-13937"}
{"tag":"!","time":"1.44264e-05","counter":"798","score":"-13936"}
{"tag":"!","time":"1.44264e-05","counter":"802","score":"-13924"}
{"tag":"!","time":"1.44264e-05","counter":"827","score":"-13913"}
{"tag":"!","time":"1.44264e-05","counter":"829","score":"-13909"}
{"tag":"!","time":"1.44264e-05","counter":"836","score":"-13905"}
{"tag":"!","time":"0.00659225","counter":"1156","score":"-13897"}
{"tag":"!","time":"0.00659225","counter":"1161","score":"-13886"}
{"tag":"!","time":"0.00659225","counter":"1293","score":"-13885"}
{"tag":"!","time":"0.00659225","counter":"1294","score":"-13867"}
{"tag":"!","time":"0.00659225","counter":"1708","score":"-13862"}
{"tag":"!","time":"0.0124282","counter":"2074","score":"-13839"}
{"tag":"!","time":"0.0124282","counter":"2079","score":"-13834"}
{"tag":"!","time":"0.0124282","counter":"2080","score":"-13814"}
{"tag":"!","time":"0.0124282","counter":"2081","score":"-13800"}
{"tag":"!","time":"0.0124282","counter":"2082","score":"-13788"}
{"tag":"!","time":"0.0124282","counter":"2088","score":"-13780"}
{"tag":"!","time":"0.0124282","counter":"2089","score":"-13767"}
{"tag":"!","time":"0.0124282","counter":"2138","score":"-13765"}
{"tag":"!","time":"0.0124282","counter":"2143","score":"-13763"}
{"tag":"!","time":"0.0184281","counter":"3447","score":"-13759"}
{"tag":"!","time":"0.0184281","counter":"3450","score":"-13754"}
{"tag":"!","time":"0.024419","counter":"4847","score":"-13740"}
{"tag":"!","time":"0.024419","counter":"4862","score":"-13732"}
{"tag":"!","time":"0.0360921","counter":"6888","score":"-13722"}
{"tag":"!","time":"0.0360921","counter":"6890","score":"-13713"}
{"tag":"!","time":"0.0360921","counter":"6891","score":"-13704"}
{"tag":"!","time":"0.0417512","counter":"7176","score":"-13685"}
{"tag":"!","time":"0.0417512","counter":"7177","score":"-13677"}
{"tag":"!","time":"0.0417512","counter":"7181","score":"-13663"}
{"tag":"!","time":"0.0417512","counter":"7182","score":"-13662"}
{"tag":"!","time":"0.0417512","counter":"7184","score":"-13661"}
{"tag":"!","time":"0.0417512","counter":"7187","score":"-13651"}
{"tag":"!","time":"0.149222","counter":"26387","score":"-13648"}
{"tag":"!","time":"0.227645","counter":"40459","score":"-13642"}
{"tag":"!","time":"0.227645","counter":"40471","score":"-13607"}
{"tag":"!","time":"0.534475","counter":"92090","score":"-13592"}
{"tag":"!","time":"0.534475","counter":"92092","score":"-13575"}
{"tag":"!","time":"0.658434","counter":"113117","score":"-13573"}
{"tag":"!","time":"1.03804","counter":"175586","score":"-13541"}
{"tag":"!","time":"1.04435","counter":"176007","score":"-13521"}
{"tag":"!","time":"1.04435","counter":"176013","score":"-13500"}
{"tag":"!","time":"1.04435","counter":"176023","score":"-13473"}
{"tag":"!","time":"1.38006","counter":"232007","score":"-13472"}
{"tag":"!","time":"1.38006","counter":"232010","score":"-13460"}
{"tag":"!","time":"1.38006","counter":"232037","score":"-13456"}
{"tag":"!","time":"1.38006","counter":"232038","score":"-13435"}
{"tag":"!","time":"1.38006","counter":"232052","score":"-13432"}
{"tag":"!","time":"1.38006","counter":"232054","score":"-13422"}
{"tag":"!","time":"2.14278","counter":"352660","score":"-13421"}
{"tag":"!","time":"2.14278","counter":"352677","score":"-13413"}
{"tag":"!","time":"2.14278","counter":"352905","score":"-13402"}
{"tag":"!","time":"2.14278","counter":"352935","score":"-13400"}
{"tag":"!","time":"2.14278","counter":"352942","score":"-13390"}
{"tag":"!","time":"2.14278","counter":"352976","score":"-13389"}
{"tag":"!","time":"2.14278","counter":"352980","score":"-13381"}
{"tag":"!","time":"2.14278","counter":"352984","score":"-13350"}
{"tag":"!","time":"2.14278","counter":"352986","score":"-13344"}
{"tag":"!","time":"2.14278","counter":"352989","score":"-13341"}
{"tag":"!","time":"2.14278","counter":"352992","score":"-13337"}
{"tag":"!","time":"2.14983","counter":"353033","score":"-13336"}
{"tag":"!","time":"2.14983","counter":"353060","score":"-13309"}
{"tag":"!","time":"2.14983","counter":"353155","score":"-13303"}
{"tag":"!","time":"2.14983","counter":"353163","score":"-13280"}
{"tag":"!","time":"2.71325","counter":"437943","score":"-13271"}
{"tag":"!","time":"2.72841","counter":"439796","score":"-13262"}
{"tag":"!","time":"2.72841","counter":"439797","score":"-13251"}
{"tag":"!","time":"2.72841","counter":"439800","score":"-13245"}
{"tag":"!","time":"2.72841","counter":"439803","score":"-13228"}
{"tag":"!","time":"2.72841","counter":"439813","score":"-13223"}
{"tag":"!","time":"2.72841","counter":"439817","score":"-13218"}
{"tag":"!","time":"2.94902","counter":"470529","score":"-13217"}
{"tag":"!","time":"2.94902","counter":"470535","score":"-13214"}
{"tag":"!","time":"3.0576","counter":"486223","score":"-13177"}
{"tag":"!","time":"3.09943","counter":"492219","score":"-13149"}
{"tag":"!","time":"3.09943","counter":"492242","score":"-13141"}
{"tag":"!","time":"3.09943","counter":"492251","score":"-13140"}
{"tag":"!","time":"3.09943","counter":"492259","score":"-13134"}
{"tag":"!","time":"3.14605","counter":"499662","score":"-13130"}
{"tag":"!","time":"3.14605","counter":"499666","score":"-13124"}
{"tag":"!","time":"3.16034","counter":"501903","score":"-13112"}
{"tag":"!","time":"3.16034","counter":"501925","score":"-13089"}
{"tag":"!","time":"3.18","counter":"504712","score":"-13088"}
{"tag":"!","time":"3.18","counter":"504735","score":"-13077"}
{"tag":"!","time":"3.18","counter":"504741","score":"-13062"}
{"tag":"!","time":"3.18","counter":"504755","score":"-13058"}
{"tag":"!","time":"3.33469","counter":"526115","score":"-13040"}
{"tag":"!","time":"3.44867","counter":"542364","score":"-13031"}
{"tag":"!","time":"3.44867","counter":"542472","score":"-13016"}
{"tag":"!","time":"3.4695","counter":"545325","score":"-12995"}
{"tag":"!","time":"3.4695","counter":"545326","score":"-12994"}
{"tag":"!","time":"3.4695","counter":"545599","score":"-12960"}
{"tag":"!","time":"3.4695","counter":"545866","score":"-12948"}
{"tag":"!","time":"3.4695","counter":"545871","score":"-12943"}
{"tag":"!","time":"3.51251","counter":"551993","score":"-12919"}
{"tag":"!","time":"3.5191","counter":"552024","score":"-12901"}
{"tag":"!","time":"3.5191","counter":"552038","score":"-12895"}
{"tag":"!","time":"3.5191","counter":"552042","score":"-12891"}
{"tag":"!","time":"3.5191","counter":"552043","score":"-12881"}
{"tag":"!","time":"3.5191","counter":"552050","score":"-12878"}
{"tag":"!","time":"3.5191","counter":"552092","score":"-12876"}
{"tag":"!","time":"3.74847","counter":"584539","score":"-12875"}
{"tag":"!","time":"3.74847","counter":"584548","score":"-12872"}
{"tag":"!","time":"3.74847","counter":"584581","score":"-12871"}
{"tag":"!","time":"3.74847","counter":"584593","score":"-12870"}
{"tag":"!","time":"3.74847","counter":"584645","score":"-12858"}
{"tag":"!","time":"3.74847","counter":"584660","score":"-12827"}
{"tag":"!","time":"3.74847","counter":"584664","score":"-12822"}
{"tag":"!","time":"3.89784","counter":"605611","score":"-12818"}
{"tag":"!","time":"4.05698","counter":"627574","score":"-12800"}
{"tag":"!","time":"4.05698","counter":"627602","score":"-12794"}
{"tag":"!","time":"4.07929","counter":"630326","score":"-12786"}
{"tag":"!","time":"4.09355","counter":"632416","score":"-12782"}
{"tag":"!","time":"4.09355","counter":"632479","score":"-12768"}
{"tag":"!","time":"4.09355","counter":"632518","score":"-12765"}
{"tag":"!","time":"4.09355","counter":"632567","score":"-12763"}
{"tag":"!","time":"4.09355","counter":"632576","score":"-12757"}
{"tag":"!","time":"4.10782","counter":"634646","score":"-12744"}
{"tag":"!","time":"4.10782","counter":"634711","score":"-12735"}
{"tag":"!","time":"4.10782","counter":"634909","score":"-12729"}
{"tag":"!","time":"4.1226","counter":"636389","score":"-12727"}
{"tag":"!","time":"4.1226","counter":"636438","score":"-12724"}
{"tag":"!","time":"4.1226","counter":"636535","score":"-12710"}
{"tag":"!","time":"4.1226","counter":"636580","score":"-12706"}
{"tag":"!","time":"4.33022","counter":"665243","score":"-12704"}
{"tag":"!","time":"4.33022","counter":"665254","score":"-12699"}
{"tag":"!","time":"4.33022","counter":"665271","score":"-12688"}
{"tag":"!","time":"4.33766","counter":"666775","score":"-12686"}
{"tag":"!","time":"4.38858","counter":"673136","score":"-12684"}
{"tag":"!","time":"4.38858","counter":"673649","score":"-12682"}
{"tag":"!","time":"4.38858","counter":"673713","score":"-12681"}
{"tag":"!","time":"4.40305","counter":"675511","score":"-12678"}
{"tag":"!","time":"4.41001","counter":"676878","score":"-12670"}
{"tag":"!","time":"4.41001","counter":"676958","score":"-12668"}
{"tag":"!","time":"4.43847","counter":"680006","score":"-12659"}
{"tag":"!","time":"4.43847","counter":"680075","score":"-12653"}
{"tag":"!","time":"4.43847","counter":"680380","score":"-12643"}
{"tag":"!","time":"4.43847","counter":"680445","score":"-12629"}
{"tag":"!","time":"4.48951","counter":"687149","score":"-12628"}
{"tag":"!","time":"4.48951","counter":"687282","score":"-12623"}
{"tag":"!","time":"4.48951","counter":"687529","score":"-12618"}
{"tag":"!","time":"4.69431","counter":"716792","score":"-12615"}
{"tag":"!","time":"4.84761","counter":"738749","score":"-12614"}
{"tag":"!","time":"4.8814","counter":"743347","score":"-12612"}
{"tag":"!","time":"4.8882","counter":"744598","score":"-12609"}
{"tag":"!","time":"4.90841","counter":"747586","score":"-12604"}
{"tag":"!","time":"4.90841","counter":"747610","score":"-12603"}
{"tag":"!","time":"4.91534","counter":"748579","score":"-12601"}
{"tag":"!","time":"4.91534","counter":"748755","score":"-12599"}
{"tag":"result","counter":"761000","score":"-12599"}
{"type":"sa","c":"0.0435161","l":"0.438607","score":"0.263316"}
