{"type":"greedy_loss","c":"1.12873","l":"0","score":"0.0747427"}
{"tag":"param","type":"sa","start_temp":"30","end_temp":"1","limit":"5"}
{"tag":"!","time":"2.26693e-05","counter":"0","score":"-6394"}
{"tag":"!","time":"2.26693e-05","counter":"1","score":"-6373"}
{"tag":"!","time":"2.26693e-05","counter":"4","score":"-6365"}
{"tag":"!","time":"2.26693e-05","counter":"6","score":"-6334"}
{"tag":"!","time":"2.26693e-05","counter":"9","score":"-6323"}
{"tag":"!","time":"2.26693e-05","counter":"29","score":"-6294"}
{"tag":"!","time":"2.26693e-05","counter":"34","score":"-6282"}
{"tag":"!","time":"2.26693e-05","counter":"85","score":"-6237"}
{"tag":"!","time":"2.26693e-05","counter":"88","score":"-6194"}
{"tag":"!","time":"2.26693e-05","counter":"90","score":"-6185"}
{"tag":"!","time":"2.26693e-05","counter":"92","score":"-6143"}
{"tag":"!","time":"2.26693e-05","counter":"129","score":"-6127"}
{"tag":"!","time":"2.26693e-05","counter":"131","score":"-6083"}
{"tag":"!","time":"2.26693e-05","counter":"134","score":"-6081"}
{"tag":"!","time":"2.26693e-05","counter":"545","score":"-6063"}
{"tag":"!","time":"2.26693e-05","counter":"741","score":"-6056"}
{"tag":"!","time":"2.26693e-05","counter":"744","score":"-6054"}
{"tag":"!","time":"0.00645128","counter":"1146","score":"-6044"}
{"tag":"!","time":"0.00645128","counter":"1706","score":"-6034"}
{"tag":"!","time":"0.00645128","counter":"1738","score":"-6032"}
{"tag":"!","time":"0.00645128","counter":"1749","score":"-6025"}
{"tag":"!","time":"0.00645128","counter":"1750","score":"-6007"}
{"tag":"!","time":"0.00645128","counter":"1759","score":"-5989"}
{"tag":"!","time":"0.00645128","counter":"1761","score":"-5980"}
{"tag":"!","time":"0.00645128","counter":"1763","score":"-5976"}
{"tag":"!","time":"0.00645128","counter":"1765","score":"-5951"}
{"tag":"!","time":"0.00645128","counter":"1772","score":"-5949"}
{"tag":"!","time":"0.0192215","counter":"3533","score":"-5944"}
{"tag":"!","time":"0.0192215","counter":"3534","score":"-5920"}
{"tag":"!","time":"0.120423","counter":"19031","score":"-5916"}
{"tag":"!","time":"0.174316","counter":"28938","score":"-5906"}
{"tag":"!","time":"0.174316","counter":"28944","score":"-5893"}
{"tag":"!","time":"0.174316","counter":"28945","score":"-5889"}
{"tag":"!","time":"0.199355","counter":"32112","score":"-5859"}
{"tag":"!","time":"0.96374","counter":"153724","score":"-5853"}
{"tag":"!","time":"0.96374","counter":"153733","score":"-5852"}
{"tag":"!","time":"0.96374","counter":"153749","score":"-5849"}
{"tag":"!","time":"0.96374","counter":"153750","score":"-5835"}
{"tag":"!","time":"0.96374","counter":"153751","score":"-5831"}
{"tag":"!","time":"1.43031","counter":"225706","score":"-5815"}
{"tag":"!","time":"1.44916","counter":"228807","score":"-5807"}
{"tag":"!","time":"1.44916","counter":"228811","score":"-5792"}
{"tag":"!","time":"1.44916","counter":"228818","score":"-5779"}
{"tag":"!","time":"1.46963","counter":"231047","score":"-5778"}
{"tag":"!","time":"1.46963","counter":"231048","score":"-5769"}
{"tag":"!","time":"1.46963","counter":"231050","score":"-5758"}
{"tag":"!","time":"1.46963","counter":"231051","score":"-5740"}
{"tag":"!","time":"1.46963","counter":"231055","score":"-5730"}
{"tag":"!","time":"2.34162","counter":"359111","score":"-5729"}
{"tag":"!","time":"2.58511","counter":"394061","score":"-5728"}
{"tag":"!","time":"2.63543","counter":"401573","score":"-5722"}
{"tag":"!","time":"2.64269","counter":"402335","score":"-5720"}
{"tag":"!","time":"2.64269","counter":"402336","score":"-5717"}
{"tag":"!","time":"2.68355","counter":"408938","score":"-5709"}
{"tag":"!","time":"2.68355","counter":"408950","score":"-5708"}
{"tag":"!","time":"2.68355","counter":"408952","score":"-5690"}
{"tag":"!","time":"2.89384","counter":"438235","score":"-5687"}
{"tag":"!","time":"2.97918","counter":"450331","score":"-5683"}
{"tag":"!","time":"2.97918","counter":"450342","score":"-5682"}
{"tag":"!","time":"2.97918","counter":"450394","score":"-5672"}
{"tag":"!","time":"3.04171","counter":"459438","score":"-5658"}
{"tag":"!","time":"3.04171","counter":"459623","score":"-5650"}
{"tag":"!","time":"3.04171","counter":"459627","score":"-5636"}
{"tag":"!","time":"3.12054","counter":"470909","score":"-5634"}
{"tag":"!","time":"3.15689","counter":"475110","score":"-5629"}
{"tag":"!","time":"3.35889","counter":"503304","score":"-5618"}
{"tag":"!","time":"3.35889","counter":"503606","score":"-5614"}
{"tag":"!","time":"3.36641","counter":"504543","score":"-5603"}
{"tag":"!","time":"3.36641","counter":"504565","score":"-5594"}
{"tag":"!","time":"3.36641","counter":"504626","score":"-5589"}
{"tag":"!","time":"3.56666","counter":"532042","score":"-5586"}
{"tag":"!","time":"3.56666","counter":"532047","score":"-5576"}
{"tag":"!","time":"3.56666","counter":"532048","score":"-5561"}
{"tag":"!","time":"3.5889","counter":"535186","score":"-5551"}
{"tag":"!","time":"3.5889","counter":"535230","score":"-5539"}
{"tag":"!","time":"3.5889","counter":"535242","score":"-5522"}
{"tag":"!","time":"3.71553","counter":"553769","score":"-5519"}
{"tag":"!","time":"3.71553","counter":"553774","score":"-5518"}
{"tag":"!","time":"3.82883","counter":"569036","score":"-5517"}
{"tag":"!","time":"3.82883","counter":"569061","score":"-5515"}
{"tag":"!","time":"3.8779","counter":"576413","score":"-5507"}
{"tag":"!","time":"3.8779","counter":"576762","score":"-5502"}
{"tag":"!","time":"4.02358","counter":"597674","score":"-5498"}
{"tag":"!","time":"4.02358","counter":"597792","score":"-5479"}
{"tag":"!","time":"4.0896","counter":"607863","score":"-5475"}
{"tag":"!","time":"4.09657","counter":"608224","score":"-5474"}
{"tag":"!","time":"4.14468","counter":"615730","score":"-5469"}
{"tag":"!","time":"4.18719","counter":"621428","score":"-5466"}
{"tag":"!","time":"4.47331","counter":"662287","score":"-5463"}
{"tag":"!","time":"4.47331","counter":"662416","score":"-5458"}
{"tag":"!","time":"4.47331","counter":"662484","score":"-5451"}
{"tag":"!","time":"4.49432","counter":"665907","score":"-5447"}
{"tag":"!","time":"4.49432","counter":"665975","score":"-5446"}
{"tag":"!","time":"4.52224","counter":"669295","score":"-5445"}
{"tag":"!","time":"4.52224","counter":"669636","score":"-5444"}
{"tag":"!","time":"4.549","counter":"673432","score":"-5442"}
{"tag":"!","time":"4.55577","counter":"674171","score":"-5441"}
{"tag":"!","time":"4.55577","counter":"674470","score":"-5440"}
{"tag":"!","time":"4.60177","counter":"681662","score":"-5439"}
{"tag":"!","time":"4.82382","counter":"714473","score":"-5435"}
{"tag":"result","counter":"741000","score":"-5435"}
{"type":"sa","c":"0.0932836","l":"0.405597","score":"0.384916"}
