10
ZKWHCTCEOIDAXBZUTBFBMMOCLGCDTYLFYNKORRKCGDQSMNMDQHIRWIRUZTDSHFITPFSUEKETYGYXKDHBELDUJFAVXUMGOZFBJCTWWISGPNBJEGREXIZUVNPRV
BDSWGMUSAZDKYZYXMMRFJLDRCXCSBKYCKNANXBTAHAJIQTIFDAFHWQVGWZDBRDIWMKPUAHFWENHNVZBXZNUHJCOYHUGKFHGOOTKRRTCTSNNQHDZHLSCCCMYGI
QCADSKLTHWBSRYOAKTWJFBJMHVYTOTKBAUNJPFRYMHTFPKKQGWTRCCZZCFWUDTVKAFCUDNYXHQXSLFLTRHTZMNRPWENMMAECOADJJXGOXXLNNMYQVGPSKEHLO
DHLJKZHIWICTEKGWOIEXGQZZOOKQSBHIYGPLPMMWIICKWHTVINWJFUARUWJTUIRQVUTRTPMKUNEOXULLTLXLIDXWEQGLAROZJMBIUZFNRPBCSJZYIKFQAMHFC
LTIAMGHIDZOQDSCCIILTHRVMLRGJNZNEOWHUGLEXVPDCBGPKNNMBUZOKFYCGLIHWNGAKIJKYILTSSTSCUNHEQAITZZHNJBFBSIOHUWHQOEMIECDESAAAAAAAA
NIUDQIOMTOEIVVYHXERHZZVCZIFRWRFKFRQHWZZQMFIXEWNCGMWIQDFYVIVLFZPVMOSTKTQZUYBXDUUHCMNNAGVGWODGFPCUJEJAVJEVJRUAAAAAAAAAAAAAA
EUOQZMHVXYEOOKBVPKBDYQTDZPRLATHHTOQSTSCNVYOAZAOXYKUJPOLKZCIAGVFVAEAXRBRFPLIZRLAVIEFSUWJIBUCVLYUWEYJFSGJZIIYBAPCGGNVGXEKNH
WIDTIAYFYEWGULYISBIHITDYIJMIBXOMKRZBTGIRQFVLEDSGKJHDWCRAYPRMOVRMARWPZAAAYKLYAAAAAAAAAAAAAAAAAAAAAAJRHJBVFROGOFIYCELSBCJOI
IAABRPZCKMERZHXKUKTJSEREFOBQVRPGCTZGRAAAAAAAAFTGZBZAARWZAYCAAWSKSLTEOAAHNRABAAAAAAAAAAAAAAAAAAAAAABLVWHLJRCXJVXVUJBPSSKPC
ZJKXCJPMXAAAAAAAAAAAAAAAAAAWOJNWAZVXSAAAAAAAAQLYAWAAAPVTAVHAAHRQBSGUCAATXYIIAAAAAAAAAAAAAAAAAAAAAAJXFRPDSYTOLNVTTVYHAZCRG
0 87
0 103
0 107
8 57
0 27
0 9
6 118
0 17
7 71
6 114
0 92
0 81
0 53
8 53
8 45
0 59
0 57
0 113
0 61
0 98
7 61
6 98
0 71
0 95
0 118
0 0
8 27
0 36
0 45
0 23
6 108
