{"type":"greedy_loss","c":"1.05612","l":"0","score":"0.238019"}
{"tag":"param","type":"sa","start_temp":"30","end_temp":"1","limit":"5"}
{"tag":"!","time":"2.01679e-05","counter":"1","score":"-12172"}
{"tag":"!","time":"2.01679e-05","counter":"2","score":"-12163"}
{"tag":"!","time":"2.01679e-05","counter":"3","score":"-12160"}
{"tag":"!","time":"2.01679e-05","counter":"5","score":"-12158"}
{"tag":"!","time":"2.01679e-05","counter":"6","score":"-12150"}
{"tag":"!","time":"2.01679e-05","counter":"49","score":"-12142"}
{"tag":"!","time":"2.01679e-05","counter":"50","score":"-12138"}
{"tag":"!","time":"2.01679e-05","counter":"52","score":"-12110"}
{"tag":"!","time":"2.01679e-05","counter":"94","score":"-12095"}
{"tag":"!","time":"2.01679e-05","counter":"95","score":"-12073"}
{"tag":"!","time":"2.01679e-05","counter":"96","score":"-12039"}
{"tag":"!","time":"2.01679e-05","counter":"97","score":"-12032"}
{"tag":"!","time":"2.01679e-05","counter":"102","score":"-12001"}
{"tag":"!","time":"2.01679e-05","counter":"103","score":"-11972"}
{"tag":"!","time":"2.01679e-05","counter":"144","score":"-11959"}
{"tag":"!","time":"2.01679e-05","counter":"148","score":"-11958"}
{"tag":"!","time":"2.01679e-05","counter":"149","score":"-11943"}
{"tag":"!","time":"2.01679e-05","counter":"150","score":"-11920"}
{"tag":"!","time":"2.01679e-05","counter":"151","score":"-11914"}
{"tag":"!","time":"2.01679e-05","counter":"243","score":"-11892"}
{"tag":"!","time":"2.01679e-05","counter":"286","score":"-11884"}
{"tag":"!","time":"2.01679e-05","counter":"287","score":"-11858"}
{"tag":"!","time":"2.01679e-05","counter":"301","score":"-11857"}
{"tag":"!","time":"2.01679e-05","counter":"303","score":"-11836"}
{"tag":"!","time":"2.01679e-05","counter":"304","score":"-11831"}
{"tag":"!","time":"2.01679e-05","counter":"305","score":"-11821"}
{"tag":"!","time":"2.01679e-05","counter":"315","score":"-11814"}
{"tag":"!","time":"2.01679e-05","counter":"776","score":"-11813"}
{"tag":"!","time":"2.01679e-05","counter":"810","score":"-11811"}
{"tag":"!","time":"2.01679e-05","counter":"812","score":"-11798"}
{"tag":"!","time":"0.00858316","counter":"1545","score":"-11786"}
{"tag":"!","time":"0.00858316","counter":"1546","score":"-11758"}
{"tag":"!","time":"0.00858316","counter":"1547","score":"-11738"}
{"tag":"!","time":"0.00858316","counter":"1548","score":"-11730"}
{"tag":"!","time":"0.00858316","counter":"1550","score":"-11714"}
{"tag":"!","time":"0.00858316","counter":"1564","score":"-11681"}
{"tag":"!","time":"0.0146478","counter":"2311","score":"-11667"}
{"tag":"!","time":"0.0257385","counter":"4734","score":"-11637"}
{"tag":"!","time":"0.0257385","counter":"4744","score":"-11596"}
{"tag":"!","time":"0.0257385","counter":"4746","score":"-11587"}
{"tag":"!","time":"0.0257385","counter":"4747","score":"-11573"}
{"tag":"!","time":"0.0257385","counter":"4763","score":"-11568"}
{"tag":"!","time":"0.548436","counter":"98385","score":"-11553"}
{"tag":"!","time":"0.548436","counter":"98399","score":"-11534"}
{"tag":"!","time":"0.548436","counter":"98406","score":"-11521"}
{"tag":"!","time":"0.548436","counter":"98411","score":"-11511"}
{"tag":"!","time":"1.22272","counter":"217603","score":"-11510"}
{"tag":"!","time":"1.35366","counter":"240898","score":"-11507"}
{"tag":"!","time":"1.35366","counter":"240900","score":"-11501"}
{"tag":"!","time":"1.35366","counter":"240902","score":"-11472"}
{"tag":"!","time":"1.35366","counter":"240903","score":"-11448"}
{"tag":"!","time":"1.35366","counter":"240905","score":"-11431"}
{"tag":"!","time":"1.55245","counter":"274840","score":"-11397"}
{"tag":"!","time":"1.55245","counter":"274850","score":"-11394"}
{"tag":"!","time":"1.75997","counter":"309920","score":"-11384"}
{"tag":"!","time":"1.86058","counter":"326153","score":"-11383"}
{"tag":"!","time":"1.86058","counter":"326157","score":"-11356"}
{"tag":"!","time":"1.86058","counter":"326167","score":"-11338"}
{"tag":"!","time":"1.86058","counter":"326173","score":"-11336"}
{"tag":"!","time":"1.86058","counter":"326181","score":"-11330"}
{"tag":"!","time":"1.86058","counter":"326182","score":"-11325"}
{"tag":"!","time":"2.29075","counter":"396955","score":"-11308"}
{"tag":"!","time":"2.29075","counter":"396962","score":"-11299"}
{"tag":"!","time":"2.30974","counter":"399323","score":"-11296"}
{"tag":"!","time":"2.31594","counter":"400730","score":"-11288"}
{"tag":"!","time":"2.46874","counter":"425411","score":"-11285"}
{"tag":"!","time":"2.46874","counter":"425440","score":"-11277"}
{"tag":"!","time":"2.46874","counter":"425442","score":"-11256"}
{"tag":"!","time":"2.46874","counter":"425449","score":"-11253"}
{"tag":"!","time":"2.46874","counter":"425502","score":"-11252"}
{"tag":"!","time":"2.46874","counter":"425508","score":"-11236"}
{"tag":"!","time":"2.60008","counter":"446564","score":"-11221"}
{"tag":"!","time":"2.60008","counter":"446838","score":"-11219"}
{"tag":"!","time":"2.60008","counter":"446841","score":"-11209"}
{"tag":"!","time":"2.60008","counter":"446844","score":"-11207"}
{"tag":"!","time":"2.60008","counter":"446858","score":"-11195"}
{"tag":"!","time":"2.60008","counter":"446861","score":"-11175"}
{"tag":"!","time":"2.60008","counter":"446866","score":"-11164"}
{"tag":"!","time":"2.60008","counter":"446882","score":"-11142"}
{"tag":"!","time":"2.90528","counter":"493757","score":"-11138"}
{"tag":"!","time":"2.93065","counter":"497647","score":"-11136"}
{"tag":"!","time":"3.12036","counter":"526771","score":"-11129"}
{"tag":"!","time":"3.1339","counter":"528355","score":"-11126"}
{"tag":"!","time":"3.1339","counter":"528737","score":"-11124"}
{"tag":"!","time":"3.1339","counter":"528738","score":"-11115"}
{"tag":"!","time":"3.1339","counter":"528748","score":"-11101"}
{"tag":"!","time":"3.1339","counter":"528750","score":"-11084"}
{"tag":"!","time":"3.21435","counter":"540187","score":"-11077"}
{"tag":"!","time":"3.21435","counter":"540204","score":"-11060"}
{"tag":"!","time":"3.21435","counter":"540329","score":"-11052"}
{"tag":"!","time":"3.23443","counter":"543784","score":"-11029"}
{"tag":"!","time":"3.23443","counter":"543794","score":"-11015"}
{"tag":"!","time":"3.23443","counter":"543798","score":"-10998"}
{"tag":"!","time":"3.4565","counter":"577310","score":"-10977"}
{"tag":"!","time":"3.4565","counter":"577312","score":"-10957"}
{"tag":"!","time":"3.4565","counter":"577321","score":"-10954"}
{"tag":"!","time":"3.4565","counter":"577427","score":"-10949"}
{"tag":"!","time":"3.4565","counter":"577441","score":"-10931"}
{"tag":"!","time":"3.4565","counter":"577771","score":"-10925"}
{"tag":"!","time":"3.4565","counter":"577772","score":"-10911"}
{"tag":"!","time":"3.4565","counter":"577782","score":"-10905"}
{"tag":"!","time":"3.4565","counter":"577906","score":"-10898"}
{"tag":"!","time":"3.4565","counter":"577920","score":"-10878"}
{"tag":"!","time":"3.65176","counter":"606510","score":"-10877"}
{"tag":"!","time":"3.65176","counter":"606514","score":"-10876"}
{"tag":"!","time":"3.65176","counter":"606623","score":"-10868"}
{"tag":"!","time":"3.79038","counter":"627729","score":"-10859"}
{"tag":"!","time":"3.84876","counter":"636299","score":"-10850"}
{"tag":"!","time":"3.84876","counter":"636304","score":"-10830"}
{"tag":"!","time":"3.86867","counter":"639833","score":"-10822"}
{"tag":"!","time":"3.86867","counter":"639911","score":"-10811"}
{"tag":"!","time":"3.86867","counter":"639920","score":"-10810"}
{"tag":"!","time":"3.86867","counter":"639935","score":"-10809"}
{"tag":"!","time":"3.87598","counter":"640457","score":"-10779"}
{"tag":"!","time":"3.87598","counter":"640483","score":"-10778"}
{"tag":"!","time":"3.87598","counter":"640527","score":"-10775"}
{"tag":"!","time":"3.87598","counter":"640528","score":"-10761"}
{"tag":"!","time":"3.87598","counter":"640529","score":"-10760"}
{"tag":"!","time":"4.0064","counter":"660589","score":"-10758"}
{"tag":"!","time":"4.0064","counter":"660755","score":"-10752"}
{"tag":"!","time":"4.01315","counter":"661351","score":"-10742"}
{"tag":"!","time":"4.01315","counter":"661393","score":"-10741"}
{"tag":"!","time":"4.01315","counter":"661448","score":"-10737"}
{"tag":"!","time":"4.01315","counter":"661480","score":"-10730"}
{"tag":"!","time":"4.01315","counter":"661601","score":"-10729"}
{"tag":"!","time":"4.11325","counter":"676676","score":"-10722"}
{"tag":"!","time":"4.12653","counter":"678431","score":"-10716"}
{"tag":"!","time":"4.12653","counter":"678529","score":"-10715"}
{"tag":"!","time":"4.1332","counter":"679013","score":"-10700"}
{"tag":"!","time":"4.1332","counter":"679178","score":"-10693"}
{"tag":"!","time":"4.1332","counter":"679238","score":"-10691"}
{"tag":"!","time":"4.1332","counter":"679239","score":"-10688"}
{"tag":"!","time":"4.20493","counter":"689395","score":"-10687"}
{"tag":"!","time":"4.26101","counter":"698783","score":"-10681"}
{"tag":"!","time":"4.27946","counter":"701162","score":"-10670"}
{"tag":"!","time":"4.28603","counter":"702853","score":"-10656"}
{"tag":"!","time":"4.29248","counter":"703011","score":"-10646"}
{"tag":"!","time":"4.33019","counter":"709541","score":"-10640"}
{"tag":"!","time":"4.33019","counter":"709577","score":"-10630"}
{"tag":"!","time":"4.40494","counter":"721888","score":"-10628"}
{"tag":"!","time":"4.41127","counter":"722007","score":"-10619"}
{"tag":"!","time":"4.42421","counter":"724224","score":"-10616"}
{"tag":"!","time":"4.42421","counter":"724241","score":"-10608"}
{"tag":"!","time":"4.42421","counter":"724282","score":"-10601"}
{"tag":"!","time":"4.70028","counter":"768103","score":"-10596"}
{"tag":"!","time":"4.70028","counter":"768815","score":"-10594"}
{"tag":"!","time":"4.76847","counter":"779466","score":"-10591"}
{"tag":"!","time":"4.87731","counter":"797490","score":"-10590"}
{"tag":"!","time":"4.87731","counter":"797534","score":"-10587"}
{"tag":"!","time":"4.87731","counter":"797643","score":"-10584"}
{"tag":"!","time":"4.89058","counter":"799423","score":"-10582"}
{"tag":"!","time":"4.94596","counter":"808227","score":"-10580"}
{"tag":"!","time":"4.95271","counter":"809922","score":"-10579"}
{"tag":"!","time":"4.95882","counter":"810080","score":"-10576"}
{"tag":"!","time":"4.95882","counter":"810096","score":"-10575"}
{"tag":"!","time":"4.96514","counter":"811242","score":"-10574"}
{"tag":"!","time":"4.96514","counter":"811714","score":"-10573"}
{"tag":"!","time":"4.98372","counter":"814897","score":"-10571"}
{"tag":"result","counter":"817000","score":"-10571"}
{"type":"sa","c":"0.0510204","l":"0.431469","score":"0.345727"}
