10
LKUNFNDYJLEYPECBQNCLEEUYOKPNJVVJFNFOWAMYIASELPSPCDBJKCXLROCSBVDEJRKAHRGRAGZSKLRQWZPKEMWMEFTOIRQRCGZNGBLLOYCQGYUELZABBNJCWWGRXJLNXHFISHTDFZTGNYJIQYXQFCPBNGDASQHSDYUCQTQXCKETQSDWCCEBGYSHEJKZCGUZUDMYIDXCFGJIMWA
AXGIXJHVVWIYYVWQVNYGWRGGXYTDQSKKDGAXROZYCGMPXHIQMZZGVTNTMAXSAPOHHHPLWHHIFNNLEUWPUBXGIQCSHCCVWMWWXNXMAHWTLONSORNNYCWJXFAMIUZZMTNEPUHCZBIKITWNQCALILJTNPNOONFULPWJBYVJARGYSPGNNAILOEKKDUBUJNAIRWTGXKSWQMDKCRVBCYR
KNEVMVAVBAXPGYFZDTLATZABNACLVLOHAYNCHBFSGDFUHAXSCAHJLSOOPJKGIHIIGEHXUAAMOXWXBFTLSYWLWPIQBJOQELQEXJNXIFOTPQLWUVJPFPCWPBXGNFXRDNMNLEXCQJVLHUYXTLTPRPCNTTVYFNAAUGBDXUIAXXFDYLKQZJFQIBNGQHXWTMCRAERDRWOMYVIAAAAAAAA
OFGZBWMTOUDZCBEVGYWSOHDGBILZBGOKQNQRAGKNBBVGTGDWRYJCZOJJVXBIMGHOEFVAQGDSILWFIVBMSCCMOXJKUQDYBNGCLWOTXACNIDDISRCUTENDFXOESWFDRBOCSDBDIDERHATIPGLXVADCMYGGPABRKXIHKKUNLPOWDHGZZHRDUZDIROTRGGZQIWIAMTZONIWAAAAAAAA
FPSWPUDYSRNPDEFFFEWPPSERAQHDGQALYVDIGISEOQQPYYFYKBCHPCHHJPJDTLVGLDAUOWCLDESXSPNWJTNPKECEHEBHRQYVQSOMZIDPXKEKMYUYOEPXQNUZWBMJZMUOBNPIZTTKWEGVKCJQMUVLERJSLGATAEQUVVAFAEFUEOMBHPAWISCFBFWAWJWXGRTRTJQAAAAAAAAAAAA
JDPLLTZVAHMFIFMKYKPBBIEUJZPANGZQBRXXKCMAKJBIYOQIISZXYXOUGTXRPQOORVBAONHQVVLKOLYIFYDQXNTXQOOTHUUXBGBEIOYFKAQVMUEIWOOGNCMCAFWKXVJXWPHFMVHSFULWBAANPOOBJMODIQUDAUPTQFSWEYSZVRYZDTSHXTPADCYNPJCJRBMOCILTSUHJUOHYRGA
FLRBXJYZJZDJXPZPOHYERNFVVNNANGYSTOGCNVMZPXICZUTTXTFXERRIWMTLVAOOYTZJYXKFFNQSAYDXNMVOHHVXSVFMRKLYQLPLSJFGIBAHOCTOGHTLIWQVUKKGSBNSVHBZQSUEZCUBFCVOHQTWTMQKXQJASDMRFOJAAVOOSZEHHWOCAZBHSWZQPXVCOFMKKUGHAXGEIPSKTWA
YITAGDSEMLXZGEMCHUPHXGOTVLLFMYTQXKSSEYDNEPDZREPEAEEQGPNBTIBRLWRJCGEYYFEBJPWBTDYFDCQOBAAAACAEYWUXEFJAANIWVCYLZPWMAULEGJAVOPMRWZREAKFKPOWFKVQTXVGPFRATCCNJZFKANLUZTVDAAJKOPUAYGUBLAVGMABMJRDCBKKMRGVCVUKQJRZLLMCA
PTGEHMVZTSHKNSZMGRGNJIRHRXOBGAIYVIDIHRRORRZAGOBBSRWIAAMJRRHNNAALJIFBHALENXLKSTZXFAJYXAAAAYHLHERNGVTAAFFJTLPFWSTQKLBKKPAQGVCBAUWJAUSDYVFBTCCFRPZJAAAAADOZKCJGCEXARAAAAGBLGPFVVBYKAPDVYATUMVGZIXQNOGHXBYRAAAAAAAA
WGAURCYYYZVMRMLCSSAMLAFZNOAJUTVAAARKFDZWBERALWSUBXMZAGFDOHFPLAAUOGAPFXZATBCQHSSQASRAAAAAAUHKQAPFTFDAAGNOEIMINXVKMAJZGQATBNJJGWSSASJDBRJGQHPCBFJZAAAAAPKGJXQLWYXGGAAAAAOCMSKPYETBACMORKPDOKFIGVRMOVVBKJGAAAAAAAA
7 63
0 23
0 177
6 131
0 165
7 83
0 44
0 126
8 34
6 144
0 73
0 101
0 9
6 174
0 27
0 195
7 101
6 165
7 89
0 173
5 182
0 63
0 182
0 119
8 53
0 180
8 44
0 89
0 149
0 31
6 177
7 129
7 73
0 115
7 126
7 119
0 157
0 82
0 96
7 111
0 129
0 140
0 111
0 123
6 161
6 141
0 106
0 0
5 199
0 34
0 53
5 191
6 158
0 131
0 199
0 58
0 192
6 149
0 18
