{"type":"greedy_loss","c":"1.10278","l":"0","score":"0.919354"}
{"tag":"param","type":"sa","start_temp":"30","end_temp":"1","limit":"5"}
{"tag":"!","time":"2.63293e-05","counter":"1","score":"-17576"}
{"tag":"!","time":"2.63293e-05","counter":"6","score":"-17564"}
{"tag":"!","time":"2.63293e-05","counter":"52","score":"-17559"}
{"tag":"!","time":"2.63293e-05","counter":"54","score":"-17555"}
{"tag":"!","time":"2.63293e-05","counter":"59","score":"-17531"}
{"tag":"!","time":"2.63293e-05","counter":"60","score":"-17505"}
{"tag":"!","time":"2.63293e-05","counter":"67","score":"-17497"}
{"tag":"!","time":"2.63293e-05","counter":"80","score":"-17479"}
{"tag":"!","time":"2.63293e-05","counter":"87","score":"-17473"}
{"tag":"!","time":"2.63293e-05","counter":"88","score":"-17470"}
{"tag":"!","time":"2.63293e-05","counter":"89","score":"-17460"}
{"tag":"!","time":"2.63293e-05","counter":"126","score":"-17446"}
{"tag":"!","time":"2.63293e-05","counter":"127","score":"-17443"}
{"tag":"!","time":"2.63293e-05","counter":"206","score":"-17431"}
{"tag":"!","time":"2.63293e-05","counter":"207","score":"-17415"}
{"tag":"!","time":"2.63293e-05","counter":"209","score":"-17357"}
{"tag":"!","time":"2.63293e-05","counter":"210","score":"-17352"}
{"tag":"!","time":"2.63293e-05","counter":"211","score":"-17344"}
{"tag":"!","time":"2.63293e-05","counter":"215","score":"-17342"}
{"tag":"!","time":"2.63293e-05","counter":"217","score":"-17326"}
{"tag":"!","time":"2.63293e-05","counter":"218","score":"-17299"}
{"tag":"!","time":"2.63293e-05","counter":"239","score":"-17293"}
{"tag":"!","time":"2.63293e-05","counter":"305","score":"-17280"}
{"tag":"!","time":"2.63293e-05","counter":"307","score":"-17268"}
{"tag":"!","time":"2.63293e-05","counter":"533","score":"-17244"}
{"tag":"!","time":"0.00750487","counter":"1496","score":"-17243"}
{"tag":"!","time":"0.00750487","counter":"1500","score":"-17242"}
{"tag":"!","time":"0.00750487","counter":"1580","score":"-17236"}
{"tag":"!","time":"0.00750487","counter":"1581","score":"-17207"}
{"tag":"!","time":"0.0193384","counter":"3036","score":"-17201"}
{"tag":"!","time":"0.0193384","counter":"3038","score":"-17180"}
{"tag":"!","time":"0.0193384","counter":"3899","score":"-17178"}
{"tag":"!","time":"0.0193384","counter":"3959","score":"-17165"}
{"tag":"!","time":"0.0256266","counter":"4052","score":"-17157"}
{"tag":"!","time":"0.0256266","counter":"4063","score":"-17156"}
{"tag":"!","time":"0.0256266","counter":"4130","score":"-17153"}
{"tag":"!","time":"0.0256266","counter":"4143","score":"-17133"}
{"tag":"!","time":"0.0256266","counter":"4144","score":"-17122"}
{"tag":"!","time":"0.0256266","counter":"4145","score":"-17117"}
{"tag":"!","time":"0.0256266","counter":"4147","score":"-17088"}
{"tag":"!","time":"0.0256266","counter":"4148","score":"-17078"}
{"tag":"!","time":"0.0256266","counter":"4151","score":"-17073"}
{"tag":"!","time":"0.0256266","counter":"4176","score":"-17048"}
{"tag":"!","time":"0.0256266","counter":"4179","score":"-17044"}
{"tag":"!","time":"0.0256266","counter":"4190","score":"-17023"}
{"tag":"!","time":"0.0256266","counter":"4191","score":"-17017"}
{"tag":"!","time":"0.0256266","counter":"4196","score":"-17014"}
{"tag":"!","time":"0.0256266","counter":"4200","score":"-17000"}
{"tag":"!","time":"0.0659068","counter":"11741","score":"-16994"}
{"tag":"!","time":"0.12519","counter":"21006","score":"-16988"}
{"tag":"!","time":"0.12519","counter":"21007","score":"-16987"}
{"tag":"!","time":"0.12519","counter":"21009","score":"-16983"}
{"tag":"!","time":"0.215554","counter":"36975","score":"-16935"}
{"tag":"!","time":"0.222104","counter":"37048","score":"-16928"}
{"tag":"!","time":"0.222104","counter":"37050","score":"-16907"}
{"tag":"!","time":"0.565881","counter":"93292","score":"-16897"}
{"tag":"!","time":"0.565881","counter":"93294","score":"-16877"}
{"tag":"!","time":"1.26581","counter":"206152","score":"-16873"}
{"tag":"!","time":"1.26581","counter":"206153","score":"-16857"}
{"tag":"!","time":"1.26581","counter":"206154","score":"-16851"}
{"tag":"!","time":"1.26581","counter":"206155","score":"-16846"}
{"tag":"!","time":"1.32266","counter":"215742","score":"-16839"}
{"tag":"!","time":"1.35328","counter":"220878","score":"-16821"}
{"tag":"!","time":"1.35328","counter":"220879","score":"-16802"}
{"tag":"!","time":"1.35328","counter":"220880","score":"-16792"}
{"tag":"!","time":"1.35328","counter":"220918","score":"-16765"}
{"tag":"!","time":"1.35328","counter":"220921","score":"-16759"}
{"tag":"!","time":"1.35328","counter":"220923","score":"-16751"}
{"tag":"!","time":"1.35328","counter":"220929","score":"-16746"}
{"tag":"!","time":"1.55295","counter":"250362","score":"-16743"}
{"tag":"!","time":"1.55295","counter":"250380","score":"-16741"}
{"tag":"!","time":"1.55295","counter":"250381","score":"-16740"}
{"tag":"!","time":"1.55295","counter":"250383","score":"-16723"}
{"tag":"!","time":"1.55295","counter":"250388","score":"-16716"}
{"tag":"!","time":"1.83178","counter":"293892","score":"-16712"}
{"tag":"!","time":"1.83178","counter":"293893","score":"-16701"}
{"tag":"!","time":"2.17566","counter":"345475","score":"-16700"}
{"tag":"!","time":"2.17566","counter":"345477","score":"-16693"}
{"tag":"!","time":"2.17566","counter":"345478","score":"-16677"}
{"tag":"!","time":"2.17566","counter":"345485","score":"-16664"}
{"tag":"!","time":"2.17566","counter":"345492","score":"-16657"}
{"tag":"!","time":"2.17566","counter":"345498","score":"-16650"}
{"tag":"!","time":"2.17566","counter":"345502","score":"-16640"}
{"tag":"!","time":"2.17566","counter":"345503","score":"-16615"}
{"tag":"!","time":"2.17566","counter":"345509","score":"-16612"}
{"tag":"!","time":"2.17566","counter":"345518","score":"-16604"}
{"tag":"!","time":"2.17566","counter":"345530","score":"-16599"}
{"tag":"!","time":"2.61683","counter":"409666","score":"-16582"}
{"tag":"!","time":"2.61683","counter":"409862","score":"-16578"}
{"tag":"!","time":"2.61683","counter":"409869","score":"-16561"}
{"tag":"!","time":"2.61683","counter":"409870","score":"-16560"}
{"tag":"!","time":"2.61683","counter":"409881","score":"-16558"}
{"tag":"!","time":"2.61683","counter":"409883","score":"-16547"}
{"tag":"!","time":"2.73048","counter":"425745","score":"-16540"}
{"tag":"!","time":"2.73048","counter":"425778","score":"-16525"}
{"tag":"!","time":"2.73048","counter":"425782","score":"-16474"}
{"tag":"!","time":"2.73048","counter":"425783","score":"-16467"}
{"tag":"!","time":"2.73048","counter":"425785","score":"-16458"}
{"tag":"!","time":"2.81619","counter":"437922","score":"-16455"}
{"tag":"!","time":"2.81619","counter":"437926","score":"-16449"}
{"tag":"!","time":"2.81619","counter":"437972","score":"-16445"}
{"tag":"!","time":"2.82344","counter":"438226","score":"-16431"}
{"tag":"!","time":"2.82344","counter":"438228","score":"-16414"}
{"tag":"!","time":"2.82344","counter":"438230","score":"-16413"}
{"tag":"!","time":"2.82344","counter":"438281","score":"-16387"}
{"tag":"!","time":"2.82344","counter":"438283","score":"-16375"}
{"tag":"!","time":"3.08137","counter":"474684","score":"-16341"}
{"tag":"!","time":"3.08137","counter":"474695","score":"-16310"}
{"tag":"!","time":"3.08137","counter":"474782","score":"-16307"}
{"tag":"!","time":"3.23446","counter":"495743","score":"-16304"}
{"tag":"!","time":"3.23446","counter":"495754","score":"-16286"}
{"tag":"!","time":"3.23446","counter":"495761","score":"-16276"}
{"tag":"!","time":"3.23446","counter":"495769","score":"-16275"}
{"tag":"!","time":"3.23446","counter":"495772","score":"-16264"}
{"tag":"!","time":"3.23446","counter":"495773","score":"-16262"}
{"tag":"!","time":"3.23446","counter":"495813","score":"-16195"}
{"tag":"!","time":"3.23446","counter":"495875","score":"-16194"}
{"tag":"!","time":"3.23446","counter":"495888","score":"-16191"}
{"tag":"!","time":"3.55703","counter":"538237","score":"-16169"}
{"tag":"!","time":"3.55703","counter":"538248","score":"-16161"}
{"tag":"!","time":"3.57955","counter":"541246","score":"-16160"}
{"tag":"!","time":"3.57955","counter":"541345","score":"-16156"}
{"tag":"!","time":"3.63279","counter":"548948","score":"-16150"}
{"tag":"!","time":"3.63279","counter":"548953","score":"-16139"}
{"tag":"!","time":"3.63279","counter":"548977","score":"-16135"}
{"tag":"!","time":"3.64021","counter":"549015","score":"-16131"}
{"tag":"!","time":"3.64021","counter":"549032","score":"-16125"}
{"tag":"!","time":"3.64021","counter":"549164","score":"-16117"}
{"tag":"!","time":"3.64786","counter":"550443","score":"-16112"}
{"tag":"!","time":"3.64786","counter":"550449","score":"-16100"}
{"tag":"!","time":"3.64786","counter":"550459","score":"-16097"}
{"tag":"!","time":"3.64786","counter":"550460","score":"-16065"}
{"tag":"!","time":"3.80374","counter":"570646","score":"-16059"}
{"tag":"!","time":"3.80374","counter":"570659","score":"-16045"}
{"tag":"!","time":"3.81181","counter":"571768","score":"-16034"}
{"tag":"!","time":"3.92391","counter":"586243","score":"-16030"}
{"tag":"!","time":"3.92391","counter":"586305","score":"-16024"}
{"tag":"!","time":"3.92391","counter":"586366","score":"-16022"}
{"tag":"!","time":"3.92391","counter":"586379","score":"-16021"}
{"tag":"!","time":"3.92391","counter":"586383","score":"-16019"}
{"tag":"!","time":"3.97695","counter":"593251","score":"-16017"}
{"tag":"!","time":"3.97695","counter":"593351","score":"-16014"}
{"tag":"!","time":"3.97695","counter":"593358","score":"-16006"}
{"tag":"!","time":"3.9849","counter":"594676","score":"-15989"}
{"tag":"!","time":"3.9849","counter":"594693","score":"-15974"}
{"tag":"!","time":"3.9849","counter":"594725","score":"-15966"}
{"tag":"!","time":"3.99979","counter":"596261","score":"-15960"}
{"tag":"!","time":"4.0804","counter":"607339","score":"-15958"}
{"tag":"!","time":"4.0804","counter":"607655","score":"-15951"}
{"tag":"!","time":"4.0804","counter":"607694","score":"-15949"}
{"tag":"!","time":"4.0804","counter":"607771","score":"-15940"}
{"tag":"!","time":"4.0804","counter":"607792","score":"-15934"}
{"tag":"!","time":"4.0804","counter":"607805","score":"-15927"}
{"tag":"!","time":"4.0804","counter":"607826","score":"-15922"}
{"tag":"!","time":"4.0804","counter":"607845","score":"-15917"}
{"tag":"!","time":"4.0804","counter":"607847","score":"-15910"}
{"tag":"!","time":"4.0804","counter":"607855","score":"-15908"}
{"tag":"!","time":"4.0804","counter":"607862","score":"-15896"}
{"tag":"!","time":"4.13341","counter":"614285","score":"-15894"}
{"tag":"!","time":"4.13341","counter":"614301","score":"-15891"}
{"tag":"!","time":"4.13341","counter":"614331","score":"-15888"}
{"tag":"!","time":"4.13341","counter":"614343","score":"-15881"}
{"tag":"!","time":"4.14146","counter":"615022","score":"-15872"}
{"tag":"!","time":"4.14146","counter":"615065","score":"-15861"}
{"tag":"!","time":"4.39586","counter":"651221","score":"-15859"}
{"tag":"!","time":"4.40989","counter":"653816","score":"-15849"}
{"tag":"!","time":"4.44533","counter":"658082","score":"-15841"}
{"tag":"!","time":"4.47409","counter":"662768","score":"-15839"}
{"tag":"!","time":"4.47409","counter":"662874","score":"-15818"}
{"tag":"!","time":"4.48171","counter":"663158","score":"-15817"}
{"tag":"!","time":"4.48171","counter":"663171","score":"-15816"}
{"tag":"!","time":"4.48171","counter":"663176","score":"-15813"}
{"tag":"!","time":"4.48171","counter":"663524","score":"-15808"}
{"tag":"!","time":"4.48959","counter":"664219","score":"-15804"}
{"tag":"!","time":"4.48959","counter":"664434","score":"-15803"}
{"tag":"!","time":"4.52482","counter":"669465","score":"-15796"}
{"tag":"!","time":"4.55228","counter":"673708","score":"-15794"}
{"tag":"!","time":"4.55888","counter":"674772","score":"-15791"}
{"tag":"!","time":"4.55888","counter":"674837","score":"-15783"}
{"tag":"!","time":"4.57255","counter":"676000","score":"-15780"}
{"tag":"!","time":"4.62519","counter":"684123","score":"-15778"}
{"tag":"!","time":"4.62519","counter":"684860","score":"-15774"}
{"tag":"!","time":"4.77491","counter":"706296","score":"-15772"}
{"tag":"!","time":"4.78142","counter":"707727","score":"-15767"}
{"tag":"!","time":"4.78142","counter":"707938","score":"-15766"}
{"tag":"!","time":"4.78142","counter":"707993","score":"-15765"}
{"tag":"!","time":"4.79442","counter":"709811","score":"-15763"}
{"tag":"!","time":"4.9308","counter":"729896","score":"-15762"}
{"tag":"!","time":"4.94491","counter":"731248","score":"-15758"}
{"tag":"result","counter":"740000","score":"-15758"}
{"type":"sa","c":"0.0356888","l":"0.449907","score":"0.104587"}
