{"type":"greedy_loss","c":"1.04969","l":"0","score":"0.624213"}
{"tag":"param","type":"sa","start_temp":"30","end_temp":"1","limit":"5"}
{"tag":"!","time":"2.25386e-05","counter":"1","score":"-23717"}
{"tag":"!","time":"2.25386e-05","counter":"6","score":"-23700"}
{"tag":"!","time":"2.25386e-05","counter":"7","score":"-23698"}
{"tag":"!","time":"2.25386e-05","counter":"8","score":"-23696"}
{"tag":"!","time":"2.25386e-05","counter":"11","score":"-23684"}
{"tag":"!","time":"2.25386e-05","counter":"25","score":"-23656"}
{"tag":"!","time":"2.25386e-05","counter":"28","score":"-23652"}
{"tag":"!","time":"2.25386e-05","counter":"57","score":"-23651"}
{"tag":"!","time":"2.25386e-05","counter":"58","score":"-23640"}
{"tag":"!","time":"2.25386e-05","counter":"59","score":"-23633"}
{"tag":"!","time":"2.25386e-05","counter":"62","score":"-23632"}
{"tag":"!","time":"2.25386e-05","counter":"73","score":"-23627"}
{"tag":"!","time":"2.25386e-05","counter":"74","score":"-23625"}
{"tag":"!","time":"2.25386e-05","counter":"75","score":"-23623"}
{"tag":"!","time":"2.25386e-05","counter":"150","score":"-23612"}
{"tag":"!","time":"2.25386e-05","counter":"153","score":"-23603"}
{"tag":"!","time":"2.25386e-05","counter":"170","score":"-23579"}
{"tag":"!","time":"2.25386e-05","counter":"172","score":"-23560"}
{"tag":"!","time":"2.25386e-05","counter":"485","score":"-23550"}
{"tag":"!","time":"2.25386e-05","counter":"487","score":"-23520"}
{"tag":"!","time":"2.25386e-05","counter":"523","score":"-23502"}
{"tag":"!","time":"2.25386e-05","counter":"526","score":"-23494"}
{"tag":"!","time":"2.25386e-05","counter":"533","score":"-23483"}
{"tag":"!","time":"2.25386e-05","counter":"534","score":"-23461"}
{"tag":"!","time":"2.25386e-05","counter":"535","score":"-23451"}
{"tag":"!","time":"2.25386e-05","counter":"536","score":"-23426"}
{"tag":"!","time":"2.25386e-05","counter":"537","score":"-23423"}
{"tag":"!","time":"2.25386e-05","counter":"538","score":"-23421"}
{"tag":"!","time":"2.25386e-05","counter":"539","score":"-23405"}
{"tag":"!","time":"2.25386e-05","counter":"543","score":"-23404"}
{"tag":"!","time":"2.25386e-05","counter":"547","score":"-23386"}
{"tag":"!","time":"2.25386e-05","counter":"645","score":"-23369"}
{"tag":"!","time":"2.25386e-05","counter":"677","score":"-23353"}
{"tag":"!","time":"2.25386e-05","counter":"678","score":"-23350"}
{"tag":"!","time":"2.25386e-05","counter":"712","score":"-23348"}
{"tag":"!","time":"2.25386e-05","counter":"717","score":"-23346"}
{"tag":"!","time":"0.0055768","counter":"1196","score":"-23334"}
{"tag":"!","time":"0.0055768","counter":"1204","score":"-23323"}
{"tag":"!","time":"0.0055768","counter":"1210","score":"-23313"}
{"tag":"!","time":"0.0055768","counter":"1214","score":"-23279"}
{"tag":"!","time":"0.0055768","counter":"1215","score":"-23259"}
{"tag":"!","time":"0.0055768","counter":"1216","score":"-23258"}
{"tag":"!","time":"0.0055768","counter":"1217","score":"-23251"}
{"tag":"!","time":"0.0055768","counter":"1218","score":"-23239"}
{"tag":"!","time":"0.0055768","counter":"1219","score":"-23238"}
{"tag":"!","time":"0.0055768","counter":"1222","score":"-23223"}
{"tag":"!","time":"0.0055768","counter":"1223","score":"-23221"}
{"tag":"!","time":"0.0055768","counter":"1227","score":"-23215"}
{"tag":"!","time":"0.0055768","counter":"1228","score":"-23192"}
{"tag":"!","time":"0.0157457","counter":"3064","score":"-23186"}
{"tag":"!","time":"0.0157457","counter":"3066","score":"-23181"}
{"tag":"!","time":"0.0157457","counter":"3067","score":"-23171"}
{"tag":"!","time":"0.0157457","counter":"3073","score":"-23170"}
{"tag":"!","time":"0.0157457","counter":"3076","score":"-23155"}
{"tag":"!","time":"0.0157457","counter":"3077","score":"-23153"}
{"tag":"!","time":"0.0157457","counter":"3081","score":"-23125"}
{"tag":"!","time":"0.0157457","counter":"3082","score":"-23122"}
{"tag":"!","time":"0.0157457","counter":"3096","score":"-23118"}
{"tag":"!","time":"0.0839348","counter":"17087","score":"-23115"}
{"tag":"!","time":"0.155832","counter":"32154","score":"-23076"}
{"tag":"!","time":"0.302164","counter":"62605","score":"-23062"}
{"tag":"!","time":"0.302164","counter":"62607","score":"-23040"}
{"tag":"!","time":"0.302164","counter":"62610","score":"-23036"}
{"tag":"!","time":"0.548343","counter":"113203","score":"-23031"}
{"tag":"!","time":"0.548343","counter":"113212","score":"-23029"}
{"tag":"!","time":"0.712355","counter":"146904","score":"-23010"}
{"tag":"!","time":"0.834303","counter":"170734","score":"-23005"}
{"tag":"!","time":"0.834303","counter":"170741","score":"-22996"}
{"tag":"!","time":"0.834303","counter":"170743","score":"-22984"}
{"tag":"!","time":"0.834303","counter":"170744","score":"-22974"}
{"tag":"!","time":"1.3611","counter":"273544","score":"-22936"}
{"tag":"!","time":"1.3611","counter":"273556","score":"-22935"}
{"tag":"!","time":"1.3611","counter":"273558","score":"-22933"}
{"tag":"!","time":"1.3611","counter":"273561","score":"-22920"}
{"tag":"!","time":"1.3611","counter":"273563","score":"-22910"}
{"tag":"!","time":"1.3611","counter":"273564","score":"-22904"}
{"tag":"!","time":"1.3611","counter":"273569","score":"-22900"}
{"tag":"!","time":"1.71909","counter":"342576","score":"-22891"}
{"tag":"!","time":"1.71909","counter":"342578","score":"-22886"}
{"tag":"!","time":"1.96681","counter":"388661","score":"-22874"}
{"tag":"!","time":"2.04776","counter":"403820","score":"-22871"}
{"tag":"!","time":"2.04776","counter":"403896","score":"-22827"}
{"tag":"!","time":"2.04776","counter":"403899","score":"-22822"}
{"tag":"!","time":"2.04776","counter":"403902","score":"-22816"}
{"tag":"!","time":"2.04776","counter":"403995","score":"-22803"}
{"tag":"!","time":"2.05347","counter":"404010","score":"-22797"}
{"tag":"!","time":"2.20478","counter":"431115","score":"-22792"}
{"tag":"!","time":"2.24654","counter":"438531","score":"-22785"}
{"tag":"!","time":"2.24654","counter":"438532","score":"-22765"}
{"tag":"!","time":"2.24654","counter":"438540","score":"-22764"}
{"tag":"!","time":"2.24654","counter":"438544","score":"-22760"}
{"tag":"!","time":"2.2692","counter":"442249","score":"-22759"}
{"tag":"!","time":"2.2692","counter":"442250","score":"-22752"}
{"tag":"!","time":"2.2692","counter":"442258","score":"-22747"}
{"tag":"!","time":"2.2692","counter":"442259","score":"-22739"}
{"tag":"!","time":"2.43659","counter":"471011","score":"-22734"}
{"tag":"!","time":"2.46483","counter":"476858","score":"-22731"}
{"tag":"!","time":"2.5629","counter":"493551","score":"-22711"}
{"tag":"!","time":"2.5629","counter":"493556","score":"-22705"}
{"tag":"!","time":"2.5629","counter":"493582","score":"-22704"}
{"tag":"!","time":"2.5629","counter":"493865","score":"-22700"}
{"tag":"!","time":"2.5629","counter":"493866","score":"-22696"}
{"tag":"!","time":"2.66195","counter":"510486","score":"-22674"}
{"tag":"!","time":"2.73916","counter":"523230","score":"-22664"}
{"tag":"!","time":"2.73916","counter":"523400","score":"-22652"}
{"tag":"!","time":"2.73916","counter":"523636","score":"-22651"}
{"tag":"!","time":"2.73916","counter":"523638","score":"-22632"}
{"tag":"!","time":"2.73916","counter":"523641","score":"-22628"}
{"tag":"!","time":"2.73916","counter":"523670","score":"-22625"}
{"tag":"!","time":"2.73916","counter":"523697","score":"-22616"}
{"tag":"!","time":"2.73916","counter":"523699","score":"-22615"}
{"tag":"!","time":"2.73916","counter":"523720","score":"-22612"}
{"tag":"!","time":"2.73916","counter":"523724","score":"-22597"}
{"tag":"!","time":"2.73916","counter":"523725","score":"-22587"}
{"tag":"!","time":"2.73916","counter":"523726","score":"-22584"}
{"tag":"!","time":"2.73916","counter":"523727","score":"-22572"}
{"tag":"!","time":"2.73916","counter":"523729","score":"-22553"}
{"tag":"!","time":"2.73916","counter":"523731","score":"-22536"}
{"tag":"!","time":"2.73916","counter":"523735","score":"-22535"}
{"tag":"!","time":"2.73916","counter":"523737","score":"-22529"}
{"tag":"!","time":"2.92978","counter":"554816","score":"-22525"}
{"tag":"!","time":"2.92978","counter":"554900","score":"-22509"}
{"tag":"!","time":"2.92978","counter":"554908","score":"-22506"}
{"tag":"!","time":"2.92978","counter":"554910","score":"-22489"}
{"tag":"!","time":"2.92978","counter":"554924","score":"-22486"}
{"tag":"!","time":"2.92978","counter":"554926","score":"-22476"}
{"tag":"!","time":"2.92978","counter":"554927","score":"-22470"}
{"tag":"!","time":"2.92978","counter":"554929","score":"-22456"}
{"tag":"!","time":"2.92978","counter":"554944","score":"-22452"}
{"tag":"!","time":"2.92978","counter":"554946","score":"-22435"}
{"tag":"!","time":"2.96979","counter":"560022","score":"-22421"}
{"tag":"!","time":"3.05422","counter":"574859","score":"-22414"}
{"tag":"!","time":"3.05422","counter":"574861","score":"-22401"}
{"tag":"!","time":"3.05422","counter":"574864","score":"-22397"}
{"tag":"!","time":"3.05422","counter":"574867","score":"-22392"}
{"tag":"!","time":"3.05422","counter":"574868","score":"-22377"}
{"tag":"!","time":"3.05422","counter":"574869","score":"-22374"}
{"tag":"!","time":"3.05422","counter":"574920","score":"-22358"}
{"tag":"!","time":"3.05422","counter":"574938","score":"-22354"}
{"tag":"!","time":"3.05422","counter":"574950","score":"-22347"}
{"tag":"!","time":"3.13325","counter":"587693","score":"-22346"}
{"tag":"!","time":"3.16943","counter":"593970","score":"-22333"}
{"tag":"!","time":"3.18149","counter":"595313","score":"-22326"}
{"tag":"!","time":"3.18149","counter":"595317","score":"-22299"}
{"tag":"!","time":"3.18149","counter":"595322","score":"-22295"}
{"tag":"!","time":"3.18149","counter":"595620","score":"-22291"}
{"tag":"!","time":"3.18149","counter":"595623","score":"-22281"}
{"tag":"!","time":"3.18149","counter":"595630","score":"-22271"}
{"tag":"!","time":"3.18149","counter":"595634","score":"-22264"}
{"tag":"!","time":"3.18149","counter":"595641","score":"-22240"}
{"tag":"!","time":"3.18149","counter":"595651","score":"-22238"}
{"tag":"!","time":"3.18149","counter":"595655","score":"-22232"}
{"tag":"!","time":"3.18149","counter":"595657","score":"-22210"}
{"tag":"!","time":"3.18149","counter":"595667","score":"-22202"}
{"tag":"!","time":"3.18149","counter":"595692","score":"-22193"}
{"tag":"!","time":"3.4799","counter":"644681","score":"-22176"}
{"tag":"!","time":"3.4799","counter":"644687","score":"-22170"}
{"tag":"!","time":"3.4799","counter":"644692","score":"-22169"}
{"tag":"!","time":"3.56973","counter":"659347","score":"-22164"}
{"tag":"!","time":"3.56973","counter":"659458","score":"-22161"}
{"tag":"!","time":"3.56973","counter":"659536","score":"-22149"}
{"tag":"!","time":"3.56973","counter":"659547","score":"-22132"}
{"tag":"!","time":"3.56973","counter":"659571","score":"-22121"}
{"tag":"!","time":"3.56973","counter":"659584","score":"-22106"}
{"tag":"!","time":"3.56973","counter":"659624","score":"-22093"}
{"tag":"!","time":"3.56973","counter":"659625","score":"-22088"}
{"tag":"!","time":"3.56973","counter":"659652","score":"-22084"}
{"tag":"!","time":"3.56973","counter":"659676","score":"-22082"}
{"tag":"!","time":"3.56973","counter":"659679","score":"-22081"}
{"tag":"!","time":"3.60835","counter":"665115","score":"-22074"}
{"tag":"!","time":"3.60835","counter":"665120","score":"-22062"}
{"tag":"!","time":"3.60835","counter":"665124","score":"-22047"}
{"tag":"!","time":"3.60835","counter":"665139","score":"-22041"}
{"tag":"!","time":"3.60835","counter":"665148","score":"-22021"}
{"tag":"!","time":"3.60835","counter":"665149","score":"-22011"}
{"tag":"!","time":"3.60835","counter":"665165","score":"-21999"}
{"tag":"!","time":"3.61609","counter":"666436","score":"-21997"}
{"tag":"!","time":"3.61609","counter":"666452","score":"-21989"}
{"tag":"!","time":"3.61609","counter":"666502","score":"-21982"}
{"tag":"!","time":"3.62966","counter":"668204","score":"-21976"}
{"tag":"!","time":"3.62966","counter":"668210","score":"-21975"}
{"tag":"!","time":"3.62966","counter":"668232","score":"-21960"}
{"tag":"!","time":"3.62966","counter":"668238","score":"-21955"}
{"tag":"!","time":"3.62966","counter":"668403","score":"-21944"}
{"tag":"!","time":"3.62966","counter":"668404","score":"-21943"}
{"tag":"!","time":"3.65665","counter":"672763","score":"-21942"}
{"tag":"!","time":"3.65665","counter":"672778","score":"-21939"}
{"tag":"!","time":"3.65665","counter":"672779","score":"-21933"}
{"tag":"!","time":"3.65665","counter":"672787","score":"-21916"}
{"tag":"!","time":"3.73888","counter":"685690","score":"-21902"}
{"tag":"!","time":"3.73888","counter":"685692","score":"-21892"}
{"tag":"!","time":"3.73888","counter":"685697","score":"-21880"}
{"tag":"!","time":"3.84798","counter":"703314","score":"-21858"}
{"tag":"!","time":"3.84798","counter":"703315","score":"-21856"}
{"tag":"!","time":"3.85379","counter":"704158","score":"-21845"}
{"tag":"!","time":"3.85379","counter":"704909","score":"-21839"}
{"tag":"!","time":"3.85993","counter":"705299","score":"-21834"}
{"tag":"!","time":"3.93285","counter":"717194","score":"-21823"}
{"tag":"!","time":"3.93285","counter":"717212","score":"-21819"}
{"tag":"!","time":"3.93285","counter":"717213","score":"-21801"}
{"tag":"!","time":"3.93285","counter":"717218","score":"-21799"}
{"tag":"!","time":"3.93285","counter":"717228","score":"-21763"}
{"tag":"!","time":"3.93285","counter":"717240","score":"-21757"}
{"tag":"!","time":"3.93285","counter":"717244","score":"-21756"}
{"tag":"!","time":"3.93285","counter":"717326","score":"-21748"}
{"tag":"!","time":"4.05564","counter":"737127","score":"-21746"}
{"tag":"!","time":"4.05564","counter":"737193","score":"-21743"}
{"tag":"!","time":"4.05564","counter":"737219","score":"-21731"}
{"tag":"!","time":"4.05564","counter":"737221","score":"-21724"}
{"tag":"!","time":"4.11366","counter":"747180","score":"-21720"}
{"tag":"!","time":"4.11366","counter":"747224","score":"-21717"}
{"tag":"!","time":"4.11366","counter":"747234","score":"-21702"}
{"tag":"!","time":"4.11366","counter":"747304","score":"-21700"}
{"tag":"!","time":"4.11366","counter":"747334","score":"-21689"}
{"tag":"!","time":"4.11366","counter":"747509","score":"-21687"}
{"tag":"!","time":"4.31928","counter":"782768","score":"-21686"}
{"tag":"!","time":"4.31928","counter":"782775","score":"-21685"}
{"tag":"!","time":"4.31928","counter":"782778","score":"-21681"}
{"tag":"!","time":"4.3255","counter":"783242","score":"-21678"}
{"tag":"!","time":"4.34281","counter":"786715","score":"-21672"}
{"tag":"!","time":"4.34281","counter":"786752","score":"-21670"}
{"tag":"!","time":"4.34281","counter":"786753","score":"-21666"}
{"tag":"!","time":"4.34281","counter":"786781","score":"-21663"}
{"tag":"!","time":"4.34281","counter":"786957","score":"-21660"}
{"tag":"!","time":"4.34281","counter":"786978","score":"-21659"}
{"tag":"!","time":"4.34999","counter":"787402","score":"-21652"}
{"tag":"!","time":"4.34999","counter":"787410","score":"-21650"}
{"tag":"!","time":"4.36923","counter":"790880","score":"-21646"}
{"tag":"!","time":"4.40043","counter":"795654","score":"-21643"}
{"tag":"!","time":"4.40043","counter":"795660","score":"-21642"}
{"tag":"!","time":"4.40043","counter":"795727","score":"-21635"}
{"tag":"!","time":"4.40679","counter":"796713","score":"-21624"}
{"tag":"!","time":"4.41892","counter":"798348","score":"-21619"}
{"tag":"!","time":"4.49467","counter":"810626","score":"-21613"}
{"tag":"!","time":"4.50129","counter":"811892","score":"-21608"}
{"tag":"!","time":"4.50761","counter":"812186","score":"-21606"}
{"tag":"!","time":"4.50761","counter":"812213","score":"-21595"}
{"tag":"!","time":"4.50761","counter":"812338","score":"-21592"}
{"tag":"!","time":"4.50761","counter":"812455","score":"-21588"}
{"tag":"!","time":"4.54457","counter":"818477","score":"-21586"}
{"tag":"!","time":"4.54457","counter":"818523","score":"-21581"}
{"tag":"!","time":"4.54457","counter":"818683","score":"-21580"}
{"tag":"!","time":"4.54457","counter":"818684","score":"-21574"}
{"tag":"!","time":"4.55075","counter":"819345","score":"-21573"}
{"tag":"!","time":"4.55675","counter":"820159","score":"-21572"}
{"tag":"!","time":"4.55675","counter":"820203","score":"-21570"}
{"tag":"!","time":"4.55675","counter":"820482","score":"-21563"}
{"tag":"!","time":"4.56312","counter":"821216","score":"-21560"}
{"tag":"!","time":"4.56312","counter":"821345","score":"-21557"}
{"tag":"!","time":"4.56312","counter":"821563","score":"-21552"}
{"tag":"!","time":"4.56312","counter":"821890","score":"-21551"}
{"tag":"!","time":"4.56312","counter":"821898","score":"-21549"}
{"tag":"!","time":"4.575","counter":"823049","score":"-21545"}
{"tag":"!","time":"4.575","counter":"823334","score":"-21541"}
{"tag":"!","time":"4.5867","counter":"825299","score":"-21539"}
{"tag":"!","time":"4.67467","counter":"840851","score":"-21538"}
{"tag":"!","time":"4.68661","counter":"842333","score":"-21535"}
{"tag":"!","time":"4.68661","counter":"842675","score":"-21529"}
{"tag":"!","time":"4.70468","counter":"845407","score":"-21523"}
{"tag":"!","time":"4.70468","counter":"845497","score":"-21521"}
{"tag":"!","time":"4.70468","counter":"845518","score":"-21518"}
{"tag":"!","time":"4.70468","counter":"845538","score":"-21513"}
{"tag":"!","time":"4.78403","counter":"858642","score":"-21508"}
{"tag":"!","time":"4.83421","counter":"866685","score":"-21507"}
{"tag":"!","time":"4.84043","counter":"867919","score":"-21505"}
{"tag":"!","time":"4.88786","counter":"875352","score":"-21504"}
{"tag":"!","time":"4.88786","counter":"875631","score":"-21501"}
{"tag":"!","time":"4.88786","counter":"875874","score":"-21499"}
{"tag":"!","time":"4.93171","counter":"882239","score":"-21498"}
{"tag":"!","time":"4.93841","counter":"883080","score":"-21497"}
{"tag":"!","time":"4.93841","counter":"883408","score":"-21496"}
{"tag":"!","time":"4.93841","counter":"883641","score":"-21493"}
{"tag":"!","time":"4.93841","counter":"883871","score":"-21489"}
{"tag":"!","time":"4.98451","counter":"891585","score":"-21485"}
{"tag":"result","counter":"894000","score":"-21485"}
{"type":"sa","c":"0.0265745","l":"0.456763","score":"0.200946"}
