{"type":"greedy_loss","c":"1.07223","l":"0","score":"0.190921"}
{"tag":"param","type":"sa","start_temp":"30","end_temp":"1","limit":"5"}
{"tag":"!","time":"1.96871e-05","counter":"23","score":"-8027"}
{"tag":"!","time":"1.96871e-05","counter":"24","score":"-8014"}
{"tag":"!","time":"1.96871e-05","counter":"26","score":"-7995"}
{"tag":"!","time":"1.96871e-05","counter":"27","score":"-7986"}
{"tag":"!","time":"1.96871e-05","counter":"29","score":"-7978"}
{"tag":"!","time":"1.96871e-05","counter":"63","score":"-7974"}
{"tag":"!","time":"1.96871e-05","counter":"84","score":"-7942"}
{"tag":"!","time":"1.96871e-05","counter":"86","score":"-7933"}
{"tag":"!","time":"1.96871e-05","counter":"89","score":"-7918"}
{"tag":"!","time":"1.96871e-05","counter":"97","score":"-7909"}
{"tag":"!","time":"1.96871e-05","counter":"231","score":"-7891"}
{"tag":"!","time":"1.96871e-05","counter":"273","score":"-7887"}
{"tag":"!","time":"1.96871e-05","counter":"280","score":"-7883"}
{"tag":"!","time":"1.96871e-05","counter":"300","score":"-7846"}
{"tag":"!","time":"1.96871e-05","counter":"302","score":"-7845"}
{"tag":"!","time":"0.00769069","counter":"1577","score":"-7837"}
{"tag":"!","time":"0.00769069","counter":"1580","score":"-7831"}
{"tag":"!","time":"0.00769069","counter":"1581","score":"-7827"}
{"tag":"!","time":"0.00769069","counter":"1594","score":"-7825"}
{"tag":"!","time":"0.00769069","counter":"1595","score":"-7814"}
{"tag":"!","time":"0.0144393","counter":"2107","score":"-7813"}
{"tag":"!","time":"0.0144393","counter":"2108","score":"-7797"}
{"tag":"!","time":"0.0144393","counter":"2692","score":"-7788"}
{"tag":"!","time":"0.0144393","counter":"2693","score":"-7768"}
{"tag":"!","time":"0.0144393","counter":"2716","score":"-7767"}
{"tag":"!","time":"0.0144393","counter":"2852","score":"-7756"}
{"tag":"!","time":"0.0144393","counter":"2955","score":"-7750"}
{"tag":"!","time":"0.0576904","counter":"9074","score":"-7749"}
{"tag":"!","time":"0.0576904","counter":"9078","score":"-7741"}
{"tag":"!","time":"0.0885269","counter":"14283","score":"-7734"}
{"tag":"!","time":"0.0885269","counter":"14287","score":"-7724"}
{"tag":"!","time":"0.119505","counter":"19359","score":"-7722"}
{"tag":"!","time":"0.119505","counter":"19362","score":"-7712"}
{"tag":"!","time":"0.126502","counter":"20092","score":"-7682"}
{"tag":"!","time":"0.126502","counter":"20093","score":"-7679"}
{"tag":"!","time":"0.126502","counter":"20097","score":"-7673"}
{"tag":"!","time":"0.126502","counter":"20098","score":"-7664"}
{"tag":"!","time":"0.126502","counter":"20099","score":"-7658"}
{"tag":"!","time":"0.414378","counter":"65751","score":"-7638"}
{"tag":"!","time":"0.414378","counter":"65754","score":"-7628"}
{"tag":"!","time":"0.414378","counter":"65759","score":"-7614"}
{"tag":"!","time":"0.559719","counter":"88606","score":"-7588"}
{"tag":"!","time":"0.911429","counter":"144382","score":"-7581"}
{"tag":"!","time":"0.939152","counter":"148595","score":"-7563"}
{"tag":"!","time":"0.939152","counter":"148655","score":"-7541"}
{"tag":"!","time":"0.939152","counter":"148658","score":"-7530"}
{"tag":"!","time":"0.939152","counter":"148670","score":"-7529"}
{"tag":"!","time":"1.00221","counter":"158749","score":"-7526"}
{"tag":"!","time":"1.00221","counter":"158795","score":"-7519"}
{"tag":"!","time":"1.00221","counter":"158980","score":"-7505"}
{"tag":"!","time":"1.52344","counter":"239621","score":"-7504"}
{"tag":"!","time":"1.52344","counter":"239628","score":"-7503"}
{"tag":"!","time":"1.52344","counter":"239637","score":"-7481"}
{"tag":"!","time":"1.52344","counter":"239657","score":"-7465"}
{"tag":"!","time":"1.52344","counter":"239658","score":"-7464"}
{"tag":"!","time":"1.52344","counter":"239682","score":"-7463"}
{"tag":"!","time":"1.52344","counter":"239692","score":"-7448"}
{"tag":"!","time":"1.52344","counter":"239700","score":"-7446"}
{"tag":"!","time":"1.75716","counter":"275125","score":"-7430"}
{"tag":"!","time":"1.75716","counter":"275132","score":"-7416"}
{"tag":"!","time":"1.75716","counter":"275133","score":"-7375"}
{"tag":"!","time":"1.75716","counter":"275181","score":"-7372"}
{"tag":"!","time":"2.26494","counter":"350206","score":"-7354"}
{"tag":"!","time":"2.26494","counter":"350220","score":"-7336"}
{"tag":"!","time":"2.26494","counter":"350223","score":"-7308"}
{"tag":"!","time":"2.26494","counter":"350231","score":"-7300"}
{"tag":"!","time":"2.90621","counter":"442239","score":"-7296"}
{"tag":"!","time":"2.90621","counter":"442243","score":"-7292"}
{"tag":"!","time":"2.96404","counter":"450807","score":"-7282"}
{"tag":"!","time":"2.96404","counter":"450811","score":"-7276"}
{"tag":"!","time":"2.96404","counter":"450831","score":"-7263"}
{"tag":"!","time":"2.99984","counter":"455089","score":"-7261"}
{"tag":"!","time":"3.05046","counter":"462989","score":"-7245"}
{"tag":"!","time":"3.15072","counter":"476238","score":"-7243"}
{"tag":"!","time":"3.15072","counter":"476448","score":"-7237"}
{"tag":"!","time":"3.15072","counter":"476452","score":"-7229"}
{"tag":"!","time":"3.15072","counter":"476453","score":"-7227"}
{"tag":"!","time":"3.15072","counter":"476457","score":"-7212"}
{"tag":"!","time":"3.15072","counter":"476463","score":"-7192"}
{"tag":"!","time":"3.15072","counter":"476470","score":"-7181"}
{"tag":"!","time":"3.15072","counter":"476478","score":"-7177"}
{"tag":"!","time":"3.15072","counter":"476517","score":"-7170"}
{"tag":"!","time":"3.24779","counter":"489294","score":"-7159"}
{"tag":"!","time":"3.24779","counter":"489303","score":"-7154"}
{"tag":"!","time":"3.59338","counter":"537906","score":"-7151"}
{"tag":"!","time":"3.60107","counter":"538266","score":"-7131"}
{"tag":"!","time":"3.60107","counter":"538273","score":"-7114"}
{"tag":"!","time":"3.60107","counter":"538286","score":"-7085"}
{"tag":"!","time":"3.68666","counter":"550539","score":"-7083"}
{"tag":"!","time":"3.8078","counter":"567144","score":"-7082"}
{"tag":"!","time":"3.8078","counter":"567147","score":"-7072"}
{"tag":"!","time":"3.8078","counter":"567165","score":"-7054"}
{"tag":"!","time":"3.8078","counter":"567172","score":"-7050"}
{"tag":"!","time":"3.88032","counter":"577010","score":"-7045"}
{"tag":"!","time":"3.88032","counter":"577014","score":"-7033"}
{"tag":"!","time":"4.12323","counter":"611955","score":"-7030"}
{"tag":"!","time":"4.16657","counter":"617571","score":"-7017"}
{"tag":"!","time":"4.16657","counter":"617637","score":"-7009"}
{"tag":"!","time":"4.34943","counter":"643302","score":"-7005"}
{"tag":"!","time":"4.34943","counter":"643357","score":"-7004"}
{"tag":"!","time":"4.34943","counter":"643416","score":"-6996"}
{"tag":"!","time":"4.50491","counter":"666277","score":"-6994"}
{"tag":"!","time":"4.50491","counter":"666399","score":"-6993"}
{"tag":"!","time":"4.57848","counter":"675205","score":"-6992"}
{"tag":"!","time":"4.67963","counter":"688511","score":"-6991"}
{"tag":"!","time":"4.82494","counter":"709278","score":"-6987"}
{"tag":"result","counter":"736000","score":"-6987"}
{"type":"sa","c":"0.0744602","l":"0.416203","score":"0.355352"}
