{"type":"greedy_loss","c":"1.07595","l":"0","score":"0.805944","h":"10","w":"17"}
{"s_comp":"0.112926","s_loss":"0.754073","T":"158","P":"0.749054"}
{"tag":"param","type":"sa","start_temp":"30","end_temp":"1","limit":"1"}
{"tag":"!","time":"3.63371e-05","counter":"0","score":"-754"}
{"tag":"!","time":"3.63371e-05","counter":"6","score":"-743"}
{"tag":"!","time":"3.63371e-05","counter":"7","score":"-737"}
{"tag":"!","time":"3.63371e-05","counter":"8","score":"-558"}
{"tag":"!","time":"3.63371e-05","counter":"376","score":"-551"}
{"tag":"!","time":"3.63371e-05","counter":"494","score":"-541"}
{"tag":"!","time":"0.0117334","counter":"3022","score":"-527"}
{"tag":"result","counter":"292000","score":"-527"}
{"type":"sa","c":"0.398734","l":"0.266835","score":"0.365635"}
{"tag":"param","type":"sa","start_temp":"30","end_temp":"1","limit":"1"}
{"tag":"!","time":"2.1115e-05","counter":"1","score":"-368"}
{"tag":"!","time":"2.1115e-05","counter":"8","score":"-363"}
{"tag":"!","time":"2.1115e-05","counter":"9","score":"-339"}
{"tag":"!","time":"2.1115e-05","counter":"13","score":"-317"}
{"tag":"!","time":"2.1115e-05","counter":"14","score":"-200"}
{"tag":"!","time":"2.1115e-05","counter":"25","score":"-189"}
{"tag":"!","time":"2.1115e-05","counter":"36","score":"-160"}
{"tag":"!","time":"2.1115e-05","counter":"41","score":"-108"}
{"tag":"!","time":"2.1115e-05","counter":"46","score":"-94"}
{"tag":"!","time":"2.1115e-05","counter":"63","score":"-45"}
{"tag":"!","time":"2.1115e-05","counter":"67","score":"-11"}
{"tag":"!","time":"2.1115e-05","counter":"88","score":"-3"}
{"tag":"!","time":"2.1115e-05","counter":"443","score":"0"}
{"tag":"result","counter":"305000","score":"0"}
{"type":"sa","c":"2.0443","l":"0","score":"1.53129"}
{"tag":"param","type":"sa","start_temp":"30","end_temp":"1","limit":"1"}
{"tag":"!","time":"2.22229e-05","counter":"4","score":"-291"}
{"tag":"!","time":"2.22229e-05","counter":"5","score":"-239"}
{"tag":"!","time":"2.22229e-05","counter":"6","score":"-212"}
{"tag":"!","time":"2.22229e-05","counter":"10","score":"-206"}
{"tag":"!","time":"2.22229e-05","counter":"17","score":"-21"}
{"tag":"!","time":"2.22229e-05","counter":"106","score":"-13"}
{"tag":"!","time":"2.22229e-05","counter":"109","score":"0"}
{"tag":"result","counter":"319000","score":"0"}
{"type":"sa","c":"4.9557","l":"0","score":"3.71208"}
{"tag":"param","type":"sa","start_temp":"30","end_temp":"1","limit":"5.98235"}
{"tag":"!","time":"2.31579e-05","counter":"6","score":"-941"}
{"tag":"!","time":"2.31579e-05","counter":"9","score":"-724"}
{"tag":"!","time":"2.31579e-05","counter":"10","score":"-719"}
{"tag":"!","time":"2.31579e-05","counter":"13","score":"-712"}
{"tag":"!","time":"2.31579e-05","counter":"14","score":"-650"}
{"tag":"!","time":"2.31579e-05","counter":"51","score":"-643"}
{"tag":"!","time":"2.31579e-05","counter":"80","score":"-616"}
{"tag":"!","time":"2.31579e-05","counter":"81","score":"-599"}
{"tag":"!","time":"2.31579e-05","counter":"146","score":"-596"}
{"tag":"!","time":"2.31579e-05","counter":"152","score":"-559"}
{"tag":"!","time":"2.31579e-05","counter":"173","score":"-555"}
{"tag":"!","time":"2.31579e-05","counter":"254","score":"-549"}
{"tag":"!","time":"2.31579e-05","counter":"334","score":"-541"}
{"tag":"!","time":"2.31579e-05","counter":"358","score":"-527"}
{"tag":"result","counter":"1880000","score":"-527"}
{"type":"sa","c":"0.398734","l":"0.266835","score":"0.365635"}
