{"type":"greedy_loss","c":"1.09234","l":"0","score":"0.107281","h":"10","w":"291"}
{"type":"greedy_loss","c":"1.06982","l":"0","score":"0.105069","h":"285","w":"10"}
{"type":"greedy_loss","c":"1.06982","l":"0","score":"0.105069","h":"285","w":"10"}
{"type":"greedy_loss","c":"1.06982","l":"0","score":"0.105069","h":"285","w":"10"}
{"type":"greedy_loss","c":"1.06982","l":"0","score":"0.105069","h":"285","w":"10"}
{"type":"greedy_loss","c":"1.06982","l":"0","score":"0.105069","h":"285","w":"10"}
{"type":"greedy_loss","c":"1.06982","l":"0","score":"0.105069","h":"285","w":"10"}
{"type":"greedy_loss","c":"1.06982","l":"0","score":"0.105069","h":"285","w":"10"}
{"type":"greedy_loss","c":"1.06982","l":"0","score":"0.105069","h":"285","w":"10"}
{"type":"greedy_loss","c":"1.06982","l":"0","score":"0.105069","h":"285","w":"10"}
{"type":"greedy_loss","c":"1.06982","l":"0","score":"0.105069","h":"285","w":"10"}
{"type":"greedy_loss","c":"1.06982","l":"0","score":"0.105069","h":"285","w":"10"}
{"type":"greedy_loss","c":"1.08596","l":"0","score":"0.106654","h":"263","w":"11"}
{"type":"greedy_loss","c":"1.07207","l":"0","score":"0.10529","h":"12","w":"238"}
{"type":"greedy_loss","c":"1.03604","l":"0","score":"0.101751","h":"230","w":"12"}
{"type":"greedy_loss","c":"1.06869","l":"0","score":"0.104958","h":"13","w":"219"}
{"type":"greedy_loss","c":"1.06869","l":"0","score":"0.104958","h":"219","w":"13"}
{"type":"greedy_loss","c":"1.05856","l":"0","score":"0.103963","h":"15","w":"188"}
{"type":"greedy_loss","c":"1.08859","l":"0","score":"0.106912","h":"145","w":"20"}
{"type":"greedy_loss","c":"1.08859","l":"0","score":"0.106912","h":"145","w":"20"}
{"type":"greedy_loss","c":"1.08859","l":"0","score":"0.106912","h":"145","w":"20"}
{"type":"greedy_loss","c":"1.08859","l":"0","score":"0.106912","h":"145","w":"20"}
{"type":"greedy_loss","c":"1.08859","l":"0","score":"0.106912","h":"145","w":"20"}
{"type":"greedy_loss","c":"1.08859","l":"0","score":"0.106912","h":"145","w":"20"}
{"type":"greedy_loss","c":"1.08859","l":"0","score":"0.106912","h":"145","w":"20"}
{"type":"greedy_loss","c":"1.07357","l":"0","score":"0.105437","h":"55","w":"52"}
{"type":"greedy_loss","c":"1.07357","l":"0","score":"0.105437","h":"55","w":"52"}
{"type":"greedy_loss","c":"1.07357","l":"0","score":"0.105437","h":"55","w":"52"}
{"type":"greedy_loss","c":"1.07357","l":"0","score":"0.105437","h":"55","w":"52"}
{"type":"greedy_loss","c":"1.07357","l":"0","score":"0.105437","h":"55","w":"52"}
{"type":"greedy_loss","c":"1.07357","l":"0","score":"0.105437","h":"55","w":"52"}
{"type":"greedy_loss","c":"1.08333","l":"0","score":"0.106396","h":"39","w":"74"}
{"s_comp":"0.405805","s_loss":"0.116247","T":"2664","P":"0.0982117"}
{"tag":"param","type":"sa","start_temp":"30","end_temp":"1","limit":"8.96955"}
{"tag":"!","time":"2.10464e-05","counter":"1","score":"-8088"}
{"tag":"!","time":"2.10464e-05","counter":"3","score":"-8032"}
{"tag":"!","time":"2.10464e-05","counter":"4","score":"-7948"}
{"tag":"!","time":"2.10464e-05","counter":"5","score":"-7840"}
{"tag":"!","time":"2.10464e-05","counter":"8","score":"-7730"}
{"tag":"!","time":"2.10464e-05","counter":"9","score":"-7563"}
{"tag":"!","time":"2.10464e-05","counter":"10","score":"-7556"}
{"tag":"!","time":"2.10464e-05","counter":"13","score":"-7500"}
{"tag":"!","time":"2.10464e-05","counter":"14","score":"-7454"}
{"tag":"!","time":"2.10464e-05","counter":"16","score":"-7354"}
{"tag":"!","time":"2.10464e-05","counter":"20","score":"-7305"}
{"tag":"!","time":"2.10464e-05","counter":"21","score":"-7299"}
{"tag":"!","time":"2.10464e-05","counter":"24","score":"-7248"}
{"tag":"!","time":"2.10464e-05","counter":"28","score":"-7181"}
{"tag":"!","time":"2.10464e-05","counter":"32","score":"-7153"}
{"tag":"!","time":"2.10464e-05","counter":"33","score":"-7046"}
{"tag":"!","time":"2.10464e-05","counter":"34","score":"-6952"}
{"tag":"!","time":"2.10464e-05","counter":"39","score":"-6880"}
{"tag":"!","time":"2.10464e-05","counter":"41","score":"-6751"}
{"tag":"!","time":"2.10464e-05","counter":"42","score":"-6529"}
{"tag":"!","time":"2.10464e-05","counter":"43","score":"-6439"}
{"tag":"!","time":"2.10464e-05","counter":"45","score":"-6317"}
{"tag":"!","time":"2.10464e-05","counter":"47","score":"-6274"}
{"tag":"!","time":"2.10464e-05","counter":"49","score":"-6273"}
{"tag":"!","time":"2.10464e-05","counter":"51","score":"-6261"}
{"tag":"!","time":"2.10464e-05","counter":"53","score":"-6260"}
{"tag":"!","time":"2.10464e-05","counter":"57","score":"-6134"}
{"tag":"!","time":"2.10464e-05","counter":"59","score":"-6055"}
{"tag":"!","time":"2.10464e-05","counter":"61","score":"-5932"}
{"tag":"!","time":"2.10464e-05","counter":"67","score":"-5894"}
{"tag":"!","time":"2.10464e-05","counter":"80","score":"-5816"}
{"tag":"!","time":"2.10464e-05","counter":"81","score":"-5815"}
{"tag":"!","time":"2.10464e-05","counter":"83","score":"-5700"}
{"tag":"!","time":"2.10464e-05","counter":"85","score":"-5605"}
{"tag":"!","time":"2.10464e-05","counter":"100","score":"-5560"}
{"tag":"!","time":"2.10464e-05","counter":"105","score":"-5539"}
{"tag":"!","time":"2.10464e-05","counter":"106","score":"-5450"}
{"tag":"!","time":"2.10464e-05","counter":"108","score":"-5340"}
{"tag":"!","time":"2.10464e-05","counter":"115","score":"-5200"}
{"tag":"!","time":"2.10464e-05","counter":"165","score":"-5199"}
{"tag":"!","time":"2.10464e-05","counter":"172","score":"-5031"}
{"tag":"!","time":"2.10464e-05","counter":"174","score":"-4954"}
{"tag":"!","time":"2.10464e-05","counter":"176","score":"-4947"}
{"tag":"!","time":"2.10464e-05","counter":"182","score":"-4922"}
{"tag":"!","time":"2.10464e-05","counter":"183","score":"-4895"}
{"tag":"!","time":"2.10464e-05","counter":"186","score":"-4874"}
{"tag":"!","time":"2.10464e-05","counter":"187","score":"-4850"}
{"tag":"!","time":"2.10464e-05","counter":"207","score":"-4796"}
{"tag":"!","time":"2.10464e-05","counter":"210","score":"-4773"}
{"tag":"!","time":"2.10464e-05","counter":"219","score":"-4747"}
{"tag":"!","time":"2.10464e-05","counter":"263","score":"-4741"}
{"tag":"!","time":"2.10464e-05","counter":"265","score":"-4738"}
{"tag":"!","time":"2.10464e-05","counter":"414","score":"-4722"}
{"tag":"!","time":"2.10464e-05","counter":"416","score":"-4666"}
{"tag":"!","time":"2.10464e-05","counter":"418","score":"-4475"}
{"tag":"!","time":"2.10464e-05","counter":"421","score":"-4421"}
{"tag":"!","time":"2.10464e-05","counter":"428","score":"-4282"}
{"tag":"!","time":"2.10464e-05","counter":"429","score":"-4275"}
{"tag":"!","time":"2.10464e-05","counter":"494","score":"-4249"}
{"tag":"!","time":"2.10464e-05","counter":"500","score":"-4229"}
{"tag":"!","time":"2.10464e-05","counter":"514","score":"-4190"}
{"tag":"!","time":"2.10464e-05","counter":"523","score":"-4187"}
{"tag":"!","time":"2.10464e-05","counter":"610","score":"-4184"}
{"tag":"!","time":"2.10464e-05","counter":"620","score":"-4151"}
{"tag":"!","time":"2.10464e-05","counter":"655","score":"-4133"}
{"tag":"!","time":"2.10464e-05","counter":"722","score":"-4051"}
{"tag":"!","time":"2.10464e-05","counter":"727","score":"-4013"}
{"tag":"!","time":"2.10464e-05","counter":"728","score":"-4009"}
{"tag":"!","time":"2.10464e-05","counter":"817","score":"-3984"}
{"tag":"!","time":"2.10464e-05","counter":"828","score":"-3923"}
{"tag":"!","time":"2.10464e-05","counter":"830","score":"-3852"}
{"tag":"!","time":"2.10464e-05","counter":"832","score":"-3814"}
{"tag":"!","time":"2.10464e-05","counter":"876","score":"-3748"}
{"tag":"!","time":"2.10464e-05","counter":"899","score":"-3745"}
{"tag":"!","time":"2.10464e-05","counter":"902","score":"-3734"}
{"tag":"!","time":"2.10464e-05","counter":"912","score":"-3717"}
{"tag":"!","time":"0.00723773","counter":"1169","score":"-3692"}
{"tag":"!","time":"0.00723773","counter":"1239","score":"-3677"}
{"tag":"!","time":"0.00723773","counter":"1247","score":"-3666"}
{"tag":"!","time":"0.00723773","counter":"1264","score":"-3658"}
{"tag":"!","time":"0.00723773","counter":"1285","score":"-3642"}
{"tag":"!","time":"0.00723773","counter":"1307","score":"-3617"}
{"tag":"!","time":"0.00723773","counter":"1308","score":"-3573"}
{"tag":"!","time":"0.00723773","counter":"1309","score":"-3535"}
{"tag":"!","time":"0.00723773","counter":"1320","score":"-3525"}
{"tag":"!","time":"0.00723773","counter":"1330","score":"-3500"}
{"tag":"!","time":"0.00723773","counter":"1348","score":"-3496"}
{"tag":"!","time":"0.00723773","counter":"1389","score":"-3477"}
{"tag":"!","time":"0.00723773","counter":"1533","score":"-3460"}
{"tag":"!","time":"0.00723773","counter":"1540","score":"-3426"}
{"tag":"!","time":"0.00723773","counter":"1541","score":"-3415"}
{"tag":"!","time":"0.00723773","counter":"1551","score":"-3397"}
{"tag":"!","time":"0.00723773","counter":"1553","score":"-3366"}
{"tag":"!","time":"0.00723773","counter":"1574","score":"-3346"}
{"tag":"!","time":"0.00723773","counter":"1578","score":"-3329"}
{"tag":"!","time":"0.00723773","counter":"1582","score":"-3284"}
{"tag":"!","time":"0.00723773","counter":"1603","score":"-3273"}
{"tag":"!","time":"0.00723773","counter":"1623","score":"-3209"}
{"tag":"!","time":"0.00723773","counter":"1631","score":"-3172"}
{"tag":"!","time":"0.00723773","counter":"1772","score":"-3162"}
{"tag":"!","time":"0.00723773","counter":"1798","score":"-3147"}
{"tag":"!","time":"0.00723773","counter":"1803","score":"-3137"}
{"tag":"!","time":"0.0240112","counter":"4245","score":"-3134"}
{"tag":"!","time":"0.0240112","counter":"4338","score":"-3118"}
{"tag":"!","time":"0.0240112","counter":"4359","score":"-3082"}
{"tag":"!","time":"0.0240112","counter":"4382","score":"-3051"}
{"tag":"!","time":"0.0240112","counter":"4423","score":"-3009"}
{"tag":"!","time":"0.0240112","counter":"4425","score":"-2998"}
{"tag":"!","time":"0.105949","counter":"19103","score":"-2990"}
{"tag":"!","time":"0.105949","counter":"19104","score":"-2925"}
{"tag":"!","time":"0.105949","counter":"19109","score":"-2901"}
{"tag":"!","time":"0.105949","counter":"19119","score":"-2884"}
{"tag":"!","time":"0.105949","counter":"19124","score":"-2840"}
{"tag":"!","time":"0.105949","counter":"19134","score":"-2801"}
{"tag":"!","time":"0.105949","counter":"19195","score":"-2799"}
{"tag":"!","time":"0.105949","counter":"19227","score":"-2762"}
{"tag":"!","time":"0.105949","counter":"19232","score":"-2706"}
{"tag":"!","time":"0.29338","counter":"50319","score":"-2675"}
{"tag":"!","time":"0.355244","counter":"60130","score":"-2673"}
{"tag":"!","time":"0.355244","counter":"60142","score":"-2613"}
{"tag":"!","time":"0.355244","counter":"60160","score":"-2570"}
{"tag":"!","time":"0.355244","counter":"60249","score":"-2567"}
{"tag":"!","time":"0.355244","counter":"60289","score":"-2554"}
{"tag":"!","time":"0.355244","counter":"60290","score":"-2493"}
{"tag":"!","time":"1.03181","counter":"172562","score":"-2486"}
{"tag":"!","time":"1.03181","counter":"172576","score":"-2427"}
{"tag":"!","time":"1.04352","counter":"174025","score":"-2391"}
{"tag":"!","time":"1.04352","counter":"174971","score":"-2387"}
{"tag":"!","time":"1.04352","counter":"174991","score":"-2358"}
{"tag":"!","time":"1.51552","counter":"254518","score":"-2337"}
{"tag":"!","time":"1.51552","counter":"254524","score":"-2327"}
{"tag":"!","time":"1.51552","counter":"254532","score":"-2323"}
{"tag":"!","time":"1.51552","counter":"254555","score":"-2314"}
{"tag":"!","time":"1.62785","counter":"273618","score":"-2294"}
{"tag":"!","time":"1.62785","counter":"273682","score":"-2285"}
{"tag":"!","time":"1.62785","counter":"273853","score":"-2269"}
{"tag":"!","time":"1.62785","counter":"273882","score":"-2268"}
{"tag":"!","time":"1.62785","counter":"273887","score":"-2248"}
{"tag":"!","time":"1.63412","counter":"274718","score":"-2235"}
{"tag":"!","time":"1.66828","counter":"280189","score":"-2218"}
{"tag":"!","time":"1.66828","counter":"280208","score":"-2175"}
{"tag":"!","time":"1.66828","counter":"280216","score":"-2161"}
{"tag":"!","time":"2.31149","counter":"394302","score":"-2137"}
{"tag":"!","time":"2.31149","counter":"394326","score":"-2127"}
{"tag":"!","time":"2.31149","counter":"394450","score":"-2102"}
{"tag":"!","time":"2.9892","counter":"513203","score":"-2087"}
{"tag":"!","time":"2.9892","counter":"513414","score":"-2078"}
{"tag":"!","time":"2.9892","counter":"513428","score":"-2073"}
{"tag":"!","time":"2.9892","counter":"513749","score":"-2072"}
{"tag":"!","time":"2.9892","counter":"513752","score":"-2033"}
{"tag":"!","time":"2.9892","counter":"513770","score":"-2022"}
{"tag":"!","time":"3.0079","counter":"516697","score":"-2012"}
{"tag":"!","time":"3.0079","counter":"516698","score":"-1989"}
{"tag":"!","time":"3.0079","counter":"516707","score":"-1987"}
{"tag":"!","time":"3.0079","counter":"516913","score":"-1982"}
{"tag":"!","time":"3.0079","counter":"516946","score":"-1971"}
{"tag":"!","time":"3.0079","counter":"516950","score":"-1926"}
{"tag":"!","time":"3.01345","counter":"517007","score":"-1901"}
{"tag":"!","time":"3.01345","counter":"517023","score":"-1860"}
{"tag":"!","time":"3.25513","counter":"555886","score":"-1859"}
{"tag":"!","time":"3.25513","counter":"555905","score":"-1816"}
{"tag":"!","time":"3.25513","counter":"555907","score":"-1804"}
{"tag":"!","time":"3.26223","counter":"556061","score":"-1778"}
{"tag":"!","time":"3.26223","counter":"556196","score":"-1762"}
{"tag":"!","time":"3.2878","counter":"560356","score":"-1752"}
{"tag":"!","time":"3.38821","counter":"577727","score":"-1749"}
{"tag":"!","time":"3.39386","counter":"578055","score":"-1748"}
{"tag":"!","time":"3.39386","counter":"578233","score":"-1745"}
{"tag":"!","time":"3.39386","counter":"578505","score":"-1714"}
{"tag":"!","time":"3.39386","counter":"578629","score":"-1702"}
{"tag":"!","time":"3.65388","counter":"624492","score":"-1691"}
{"tag":"!","time":"3.75625","counter":"643976","score":"-1644"}
{"tag":"!","time":"3.75625","counter":"643988","score":"-1616"}
{"tag":"!","time":"3.76278","counter":"644133","score":"-1615"}
{"tag":"!","time":"3.76278","counter":"644310","score":"-1600"}
{"tag":"!","time":"3.76278","counter":"644318","score":"-1594"}
{"tag":"!","time":"3.76278","counter":"644385","score":"-1571"}
{"tag":"!","time":"3.76278","counter":"644412","score":"-1562"}
{"tag":"!","time":"3.76278","counter":"644416","score":"-1556"}
{"tag":"!","time":"3.76278","counter":"644420","score":"-1537"}
{"tag":"!","time":"3.76278","counter":"644431","score":"-1517"}
{"tag":"!","time":"3.76278","counter":"644432","score":"-1510"}
{"tag":"!","time":"4.42538","counter":"761146","score":"-1486"}
{"tag":"!","time":"4.42538","counter":"761162","score":"-1474"}
{"tag":"!","time":"4.42538","counter":"761200","score":"-1460"}
{"tag":"!","time":"4.42538","counter":"761219","score":"-1459"}
{"tag":"!","time":"4.42538","counter":"761376","score":"-1457"}
{"tag":"!","time":"4.42538","counter":"761434","score":"-1452"}
{"tag":"!","time":"4.42538","counter":"761722","score":"-1446"}
{"tag":"!","time":"4.42538","counter":"761866","score":"-1425"}
{"tag":"!","time":"4.42538","counter":"761881","score":"-1424"}
{"tag":"!","time":"4.43224","counter":"762028","score":"-1421"}
{"tag":"!","time":"4.43224","counter":"762047","score":"-1393"}
{"tag":"!","time":"4.43224","counter":"762106","score":"-1380"}
{"tag":"!","time":"4.47413","counter":"770300","score":"-1375"}
{"tag":"!","time":"4.47413","counter":"770339","score":"-1362"}
{"tag":"!","time":"4.47413","counter":"770442","score":"-1344"}
{"tag":"!","time":"4.47413","counter":"770465","score":"-1332"}
{"tag":"!","time":"4.65968","counter":"806295","score":"-1331"}
{"tag":"!","time":"4.65968","counter":"806313","score":"-1320"}
{"tag":"!","time":"4.65968","counter":"806332","score":"-1314"}
{"tag":"!","time":"4.65968","counter":"806336","score":"-1306"}
{"tag":"!","time":"4.65968","counter":"806345","score":"-1281"}
{"tag":"!","time":"4.65968","counter":"806362","score":"-1272"}
{"tag":"!","time":"4.65968","counter":"806625","score":"-1256"}
{"tag":"!","time":"4.65968","counter":"806755","score":"-1251"}
{"tag":"!","time":"4.66633","counter":"807770","score":"-1249"}
{"tag":"!","time":"4.66633","counter":"807817","score":"-1245"}
{"tag":"!","time":"4.93798","counter":"857237","score":"-1234"}
{"tag":"!","time":"4.93798","counter":"857379","score":"-1229"}
{"tag":"!","time":"4.93798","counter":"857392","score":"-1212"}
{"tag":"!","time":"4.95002","counter":"859443","score":"-1209"}
{"tag":"!","time":"4.95002","counter":"859449","score":"-1191"}
{"tag":"!","time":"5.24538","counter":"906164","score":"-1190"}
{"tag":"!","time":"5.24538","counter":"906253","score":"-1188"}
{"tag":"!","time":"5.24538","counter":"906265","score":"-1183"}
{"tag":"!","time":"5.45533","counter":"942251","score":"-1176"}
{"tag":"!","time":"5.46055","counter":"943593","score":"-1169"}
{"tag":"!","time":"5.46621","counter":"944309","score":"-1153"}
{"tag":"!","time":"5.46621","counter":"944320","score":"-1140"}
{"tag":"!","time":"5.47707","counter":"946682","score":"-1129"}
{"tag":"!","time":"5.51349","counter":"953108","score":"-1126"}
{"tag":"!","time":"5.52962","counter":"956533","score":"-1124"}
{"tag":"!","time":"5.52962","counter":"956602","score":"-1122"}
{"tag":"!","time":"5.52962","counter":"956637","score":"-1120"}
{"tag":"!","time":"5.52962","counter":"956653","score":"-1092"}
{"tag":"!","time":"5.52962","counter":"956672","score":"-1086"}
{"tag":"!","time":"5.53537","counter":"957335","score":"-1084"}
{"tag":"!","time":"5.53537","counter":"957343","score":"-1079"}
{"tag":"!","time":"5.53537","counter":"957469","score":"-1072"}
{"tag":"!","time":"5.53537","counter":"957495","score":"-1049"}
{"tag":"!","time":"5.53537","counter":"957512","score":"-1035"}
{"tag":"!","time":"5.54632","counter":"959891","score":"-1022"}
{"tag":"!","time":"5.54632","counter":"959970","score":"-1018"}
{"tag":"!","time":"5.60019","counter":"969318","score":"-1014"}
{"tag":"!","time":"5.60019","counter":"969410","score":"-1012"}
{"tag":"!","time":"5.62394","counter":"973787","score":"-1009"}
{"tag":"!","time":"5.62394","counter":"973849","score":"-1007"}
{"tag":"!","time":"5.62394","counter":"973860","score":"-1006"}
{"tag":"!","time":"5.62394","counter":"973891","score":"-999"}
{"tag":"!","time":"5.62394","counter":"973962","score":"-991"}
{"tag":"!","time":"5.62952","counter":"974531","score":"-973"}
{"tag":"!","time":"5.62952","counter":"974978","score":"-965"}
{"tag":"!","time":"5.63561","counter":"975099","score":"-959"}
{"tag":"!","time":"5.63561","counter":"975112","score":"-941"}
{"tag":"!","time":"5.63561","counter":"975159","score":"-928"}
{"tag":"!","time":"5.72488","counter":"992852","score":"-900"}
{"tag":"!","time":"5.73549","counter":"994696","score":"-899"}
{"tag":"!","time":"5.73549","counter":"994744","score":"-892"}
{"tag":"!","time":"5.73549","counter":"994785","score":"-882"}
{"tag":"!","time":"5.76084","counter":"999930","score":"-880"}
{"tag":"!","time":"5.76586","counter":"1000632","score":"-845"}
{"tag":"!","time":"5.76586","counter":"1000705","score":"-838"}
{"tag":"!","time":"5.76586","counter":"1000713","score":"-825"}
{"tag":"!","time":"5.76586","counter":"1000940","score":"-823"}
{"tag":"!","time":"5.76586","counter":"1000949","score":"-817"}
{"tag":"!","time":"5.82034","counter":"1010981","score":"-815"}
{"tag":"!","time":"5.82731","counter":"1011762","score":"-805"}
{"tag":"!","time":"5.82731","counter":"1011787","score":"-804"}
{"tag":"!","time":"5.83792","counter":"1013262","score":"-789"}
{"tag":"!","time":"5.83792","counter":"1013321","score":"-788"}
{"tag":"!","time":"5.83792","counter":"1013342","score":"-768"}
{"tag":"!","time":"5.83792","counter":"1013532","score":"-758"}
{"tag":"!","time":"6.47129","counter":"1126606","score":"-742"}
{"tag":"!","time":"6.48283","counter":"1128648","score":"-734"}
{"tag":"!","time":"6.48283","counter":"1128964","score":"-704"}
{"tag":"!","time":"6.53919","counter":"1139223","score":"-703"}
{"tag":"!","time":"6.53919","counter":"1139484","score":"-692"}
{"tag":"!","time":"6.53919","counter":"1139573","score":"-689"}
{"tag":"!","time":"7.39613","counter":"1294158","score":"-672"}
{"tag":"!","time":"7.39613","counter":"1294318","score":"-671"}
{"tag":"!","time":"7.39613","counter":"1294402","score":"-662"}
{"tag":"!","time":"7.41017","counter":"1296217","score":"-661"}
{"tag":"!","time":"7.41017","counter":"1296314","score":"-634"}
{"tag":"!","time":"7.41017","counter":"1296514","score":"-629"}
{"tag":"!","time":"7.41017","counter":"1296540","score":"-623"}
{"tag":"!","time":"7.41637","counter":"1297129","score":"-622"}
{"tag":"!","time":"7.4287","counter":"1299632","score":"-619"}
{"tag":"!","time":"7.43358","counter":"1300902","score":"-617"}
{"tag":"!","time":"7.439","counter":"1301537","score":"-607"}
{"tag":"!","time":"7.44944","counter":"1303462","score":"-600"}
{"tag":"!","time":"7.52111","counter":"1317700","score":"-595"}
{"tag":"!","time":"7.5575","counter":"1324444","score":"-593"}
{"tag":"!","time":"7.5575","counter":"1324559","score":"-590"}
{"tag":"!","time":"7.5575","counter":"1324832","score":"-582"}
{"tag":"!","time":"7.59027","counter":"1329463","score":"-570"}
{"tag":"!","time":"7.59027","counter":"1329472","score":"-563"}
{"tag":"!","time":"7.5956","counter":"1330326","score":"-559"}
{"tag":"!","time":"7.5956","counter":"1330590","score":"-557"}
{"tag":"!","time":"7.5956","counter":"1330886","score":"-544"}
{"tag":"!","time":"7.627","counter":"1335463","score":"-519"}
{"tag":"!","time":"7.65001","counter":"1339597","score":"-513"}
{"tag":"!","time":"7.69726","counter":"1347490","score":"-512"}
{"tag":"!","time":"7.96892","counter":"1396979","score":"-511"}
{"tag":"!","time":"7.97906","counter":"1398763","score":"-501"}
{"tag":"!","time":"8.67656","counter":"1525475","score":"-499"}
{"tag":"!","time":"8.69176","counter":"1528724","score":"-496"}
{"tag":"!","time":"8.70234","counter":"1530367","score":"-483"}
{"tag":"!","time":"8.74951","counter":"1539723","score":"-450"}
{"tag":"!","time":"8.79197","counter":"1547510","score":"-449"}
{"tag":"result","counter":"1580000","score":"-449"}
{"type":"sa","c":"1.01464","l":"0.0134835","score":"0.111809"}
