{"type":"greedy_loss","c":"1.06204","l":"0","score":"0.679784","h":"10","w":"416"}
{"type":"greedy_loss","c":"1.03395","l":"0","score":"0.661809","h":"405","w":"10"}
{"type":"greedy_loss","c":"1.03395","l":"0","score":"0.661809","h":"405","w":"10"}
{"type":"greedy_loss","c":"1.03395","l":"0","score":"0.661809","h":"405","w":"10"}
{"type":"greedy_loss","c":"1.03395","l":"0","score":"0.661809","h":"405","w":"10"}
{"type":"greedy_loss","c":"1.03395","l":"0","score":"0.661809","h":"405","w":"10"}
{"type":"greedy_loss","c":"1.03395","l":"0","score":"0.661809","h":"405","w":"10"}
{"type":"greedy_loss","c":"1.03395","l":"0","score":"0.661809","h":"405","w":"10"}
{"type":"greedy_loss","c":"1.03395","l":"0","score":"0.661809","h":"405","w":"10"}
{"type":"greedy_loss","c":"1.03395","l":"0","score":"0.661809","h":"405","w":"10"}
{"type":"greedy_loss","c":"1.03395","l":"0","score":"0.661809","h":"405","w":"10"}
{"type":"greedy_loss","c":"1.03395","l":"0","score":"0.661809","h":"405","w":"10"}
{"type":"greedy_loss","c":"1.03395","l":"0","score":"0.661809","h":"405","w":"10"}
{"type":"greedy_loss","c":"1.03395","l":"0","score":"0.661809","h":"405","w":"10"}
{"type":"greedy_loss","c":"1.03395","l":"0","score":"0.661809","h":"405","w":"10"}
{"type":"greedy_loss","c":"1.03395","l":"0","score":"0.661809","h":"405","w":"10"}
{"type":"greedy_loss","c":"1.03395","l":"0","score":"0.661809","h":"405","w":"10"}
{"type":"greedy_loss","c":"1.03395","l":"0","score":"0.661809","h":"405","w":"10"}
{"type":"greedy_loss","c":"1.03395","l":"0","score":"0.661809","h":"405","w":"10"}
{"type":"greedy_loss","c":"1.03395","l":"0","score":"0.661809","h":"405","w":"10"}
{"type":"greedy_loss","c":"1.03395","l":"0","score":"0.661809","h":"405","w":"10"}
{"type":"greedy_loss","c":"1.03395","l":"0","score":"0.661809","h":"405","w":"10"}
{"type":"greedy_loss","c":"1.03395","l":"0","score":"0.661809","h":"405","w":"10"}
{"type":"greedy_loss","c":"1.03344","l":"0","score":"0.661482","h":"368","w":"11"}
{"type":"greedy_loss","c":"1.02017","l":"0","score":"0.652985","h":"333","w":"12"}
{"type":"greedy_loss","c":"1.04212","l":"0","score":"0.667038","h":"314","w":"13"}
{"type":"greedy_loss","c":"1.04723","l":"0","score":"0.670306","h":"293","w":"14"}
{"type":"greedy_loss","c":"1.05872","l":"0","score":"0.67766","h":"29","w":"143"}
{"s_comp":"0.161966","s_loss":"0.647274","T":"3917","P":"0.640075"}
{"tag":"param","type":"sa","start_temp":"30","end_temp":"1","limit":"1"}
{"tag":"!","time":"3.28968e-05","counter":"0","score":"-24702"}
{"tag":"!","time":"3.28968e-05","counter":"1","score":"-24693"}
{"tag":"!","time":"3.28968e-05","counter":"2","score":"-24687"}
{"tag":"!","time":"3.28968e-05","counter":"4","score":"-24673"}
{"tag":"!","time":"3.28968e-05","counter":"5","score":"-24659"}
{"tag":"!","time":"3.28968e-05","counter":"6","score":"-24644"}
{"tag":"!","time":"3.28968e-05","counter":"8","score":"-24626"}
{"tag":"!","time":"3.28968e-05","counter":"16","score":"-24624"}
{"tag":"!","time":"3.28968e-05","counter":"18","score":"-24617"}
{"tag":"!","time":"3.28968e-05","counter":"19","score":"-24599"}
{"tag":"!","time":"3.28968e-05","counter":"22","score":"-24598"}
{"tag":"!","time":"3.28968e-05","counter":"24","score":"-24579"}
{"tag":"!","time":"3.28968e-05","counter":"25","score":"-24572"}
{"tag":"!","time":"3.28968e-05","counter":"26","score":"-24553"}
{"tag":"!","time":"3.28968e-05","counter":"35","score":"-24529"}
{"tag":"!","time":"3.28968e-05","counter":"38","score":"-24526"}
{"tag":"!","time":"3.28968e-05","counter":"71","score":"-24517"}
{"tag":"!","time":"3.28968e-05","counter":"72","score":"-24497"}
{"tag":"!","time":"3.28968e-05","counter":"99","score":"-24482"}
{"tag":"!","time":"3.28968e-05","counter":"168","score":"-24453"}
{"tag":"!","time":"3.28968e-05","counter":"171","score":"-24419"}
{"tag":"!","time":"0.00561107","counter":"1284","score":"-24412"}
{"tag":"!","time":"0.00561107","counter":"1290","score":"-24410"}
{"tag":"!","time":"0.00561107","counter":"1291","score":"-24394"}
{"tag":"!","time":"0.00561107","counter":"1292","score":"-24387"}
{"tag":"!","time":"0.00561107","counter":"1409","score":"-24379"}
{"tag":"!","time":"0.00561107","counter":"1411","score":"-24363"}
{"tag":"!","time":"0.00561107","counter":"1585","score":"-24353"}
{"tag":"!","time":"0.00561107","counter":"1627","score":"-24349"}
{"tag":"!","time":"0.0143528","counter":"3411","score":"-24348"}
{"tag":"!","time":"0.0143528","counter":"3413","score":"-24347"}
{"tag":"!","time":"0.0143528","counter":"3415","score":"-24330"}
{"tag":"!","time":"0.0143528","counter":"3420","score":"-24313"}
{"tag":"!","time":"0.0143528","counter":"3423","score":"-24311"}
{"tag":"!","time":"0.0308631","counter":"7494","score":"-24294"}
{"tag":"!","time":"0.0308631","counter":"7496","score":"-24287"}
{"tag":"!","time":"0.0308631","counter":"7500","score":"-24268"}
{"tag":"!","time":"0.0308631","counter":"7502","score":"-24264"}
{"tag":"!","time":"0.0308631","counter":"7510","score":"-24229"}
{"tag":"!","time":"0.0308631","counter":"7514","score":"-24218"}
{"tag":"!","time":"0.0308631","counter":"7518","score":"-24199"}
{"tag":"!","time":"0.0308631","counter":"7526","score":"-24194"}
{"tag":"!","time":"0.0308631","counter":"7527","score":"-24187"}
{"tag":"!","time":"0.0308631","counter":"7528","score":"-24183"}
{"tag":"!","time":"0.0308631","counter":"7541","score":"-24181"}
{"tag":"!","time":"0.0308631","counter":"7542","score":"-24179"}
{"tag":"!","time":"0.0308631","counter":"7544","score":"-24173"}
{"tag":"!","time":"0.0308631","counter":"7552","score":"-24150"}
{"tag":"!","time":"0.249364","counter":"61527","score":"-24141"}
{"tag":"!","time":"0.249364","counter":"61528","score":"-24128"}
{"tag":"!","time":"0.249364","counter":"61530","score":"-24123"}
{"tag":"!","time":"0.267021","counter":"65936","score":"-24114"}
{"tag":"!","time":"0.271386","counter":"66861","score":"-24096"}
{"tag":"!","time":"0.348156","counter":"84973","score":"-24071"}
{"tag":"!","time":"0.348156","counter":"84974","score":"-24061"}
{"tag":"!","time":"0.372322","counter":"89274","score":"-24060"}
{"tag":"!","time":"0.372322","counter":"89277","score":"-24050"}
{"tag":"!","time":"0.372322","counter":"89296","score":"-24029"}
{"tag":"!","time":"0.372322","counter":"89298","score":"-24027"}
{"tag":"!","time":"0.372322","counter":"89300","score":"-24023"}
{"tag":"!","time":"0.372322","counter":"89303","score":"-24010"}
{"tag":"!","time":"0.372322","counter":"89335","score":"-23986"}
{"tag":"!","time":"0.372322","counter":"89337","score":"-23971"}
{"tag":"!","time":"0.372322","counter":"89344","score":"-23965"}
{"tag":"!","time":"0.372322","counter":"89347","score":"-23952"}
{"tag":"!","time":"0.372322","counter":"89348","score":"-23949"}
{"tag":"!","time":"0.372322","counter":"89350","score":"-23906"}
{"tag":"!","time":"0.372322","counter":"89353","score":"-23902"}
{"tag":"!","time":"0.372322","counter":"89355","score":"-23898"}
{"tag":"!","time":"0.372322","counter":"89367","score":"-23881"}
{"tag":"!","time":"0.372322","counter":"89394","score":"-23840"}
{"tag":"!","time":"0.372322","counter":"89395","score":"-23839"}
{"tag":"!","time":"0.372322","counter":"89408","score":"-23832"}
{"tag":"!","time":"0.500188","counter":"117627","score":"-23813"}
{"tag":"!","time":"0.500188","counter":"117630","score":"-23803"}
{"tag":"!","time":"0.500188","counter":"117632","score":"-23799"}
{"tag":"!","time":"0.500188","counter":"117640","score":"-23792"}
{"tag":"!","time":"0.500188","counter":"117649","score":"-23782"}
{"tag":"!","time":"0.53402","counter":"124635","score":"-23777"}
{"tag":"!","time":"0.53402","counter":"124732","score":"-23768"}
{"tag":"!","time":"0.53402","counter":"124735","score":"-23762"}
{"tag":"!","time":"0.53402","counter":"124736","score":"-23754"}
{"tag":"!","time":"0.53402","counter":"124752","score":"-23753"}
{"tag":"!","time":"0.53402","counter":"124757","score":"-23752"}
{"tag":"!","time":"0.53402","counter":"124761","score":"-23746"}
{"tag":"!","time":"0.53402","counter":"124764","score":"-23734"}
{"tag":"!","time":"0.53402","counter":"124770","score":"-23727"}
{"tag":"!","time":"0.53402","counter":"124793","score":"-23716"}
{"tag":"!","time":"0.53402","counter":"124797","score":"-23710"}
{"tag":"!","time":"0.53402","counter":"124800","score":"-23709"}
{"tag":"!","time":"0.53402","counter":"124801","score":"-23696"}
{"tag":"!","time":"0.53402","counter":"124805","score":"-23659"}
{"tag":"!","time":"0.53402","counter":"124950","score":"-23645"}
{"tag":"!","time":"0.53402","counter":"124957","score":"-23643"}
{"tag":"!","time":"0.53402","counter":"124964","score":"-23637"}
{"tag":"!","time":"0.53402","counter":"124971","score":"-23622"}
{"tag":"!","time":"0.53402","counter":"124984","score":"-23620"}
{"tag":"!","time":"0.628445","counter":"143249","score":"-23605"}
{"tag":"!","time":"0.628445","counter":"143250","score":"-23593"}
{"tag":"!","time":"0.628445","counter":"143256","score":"-23588"}
{"tag":"!","time":"0.628445","counter":"143258","score":"-23582"}
{"tag":"!","time":"0.628445","counter":"143261","score":"-23577"}
{"tag":"!","time":"0.628445","counter":"143281","score":"-23570"}
{"tag":"!","time":"0.628445","counter":"143289","score":"-23567"}
{"tag":"!","time":"0.628445","counter":"143292","score":"-23564"}
{"tag":"!","time":"0.628445","counter":"143333","score":"-23558"}
{"tag":"!","time":"0.628445","counter":"143334","score":"-23554"}
{"tag":"!","time":"0.628445","counter":"143335","score":"-23551"}
{"tag":"!","time":"0.64323","counter":"146452","score":"-23548"}
{"tag":"!","time":"0.64323","counter":"146457","score":"-23547"}
{"tag":"!","time":"0.64323","counter":"146721","score":"-23545"}
{"tag":"!","time":"0.648585","counter":"147178","score":"-23542"}
{"tag":"!","time":"0.648585","counter":"147184","score":"-23530"}
{"tag":"!","time":"0.648585","counter":"147196","score":"-23511"}
{"tag":"!","time":"0.648585","counter":"147200","score":"-23507"}
{"tag":"!","time":"0.668814","counter":"151108","score":"-23503"}
{"tag":"!","time":"0.668814","counter":"151129","score":"-23502"}
{"tag":"!","time":"0.668814","counter":"151138","score":"-23498"}
{"tag":"!","time":"0.674219","counter":"152590","score":"-23493"}
{"tag":"!","time":"0.693748","counter":"156001","score":"-23463"}
{"tag":"!","time":"0.693748","counter":"156002","score":"-23462"}
{"tag":"!","time":"0.693748","counter":"156003","score":"-23460"}
{"tag":"!","time":"0.693748","counter":"156009","score":"-23456"}
{"tag":"!","time":"0.693748","counter":"156180","score":"-23455"}
{"tag":"!","time":"0.693748","counter":"156187","score":"-23453"}
{"tag":"!","time":"0.699337","counter":"157580","score":"-23452"}
{"tag":"!","time":"0.699337","counter":"157584","score":"-23451"}
{"tag":"!","time":"0.699337","counter":"157639","score":"-23428"}
{"tag":"!","time":"0.699337","counter":"157640","score":"-23419"}
{"tag":"!","time":"0.699337","counter":"157660","score":"-23409"}
{"tag":"!","time":"0.699337","counter":"157661","score":"-23405"}
{"tag":"!","time":"0.709858","counter":"159052","score":"-23374"}
{"tag":"!","time":"0.709858","counter":"159054","score":"-23353"}
{"tag":"!","time":"0.709858","counter":"159071","score":"-23351"}
{"tag":"!","time":"0.709858","counter":"159079","score":"-23349"}
{"tag":"!","time":"0.709858","counter":"159099","score":"-23346"}
{"tag":"!","time":"0.709858","counter":"159101","score":"-23336"}
{"tag":"!","time":"0.709858","counter":"159109","score":"-23321"}
{"tag":"!","time":"0.709858","counter":"159111","score":"-23316"}
{"tag":"!","time":"0.709858","counter":"159121","score":"-23314"}
{"tag":"!","time":"0.709858","counter":"159124","score":"-23296"}
{"tag":"!","time":"0.709858","counter":"159138","score":"-23287"}
{"tag":"!","time":"0.709858","counter":"159146","score":"-23286"}
{"tag":"!","time":"0.709858","counter":"159415","score":"-23262"}
{"tag":"!","time":"0.709858","counter":"159565","score":"-23254"}
{"tag":"!","time":"0.709858","counter":"159569","score":"-23236"}
{"tag":"!","time":"0.709858","counter":"159611","score":"-23234"}
{"tag":"!","time":"0.709858","counter":"159657","score":"-23219"}
{"tag":"!","time":"0.709858","counter":"159659","score":"-23206"}
{"tag":"!","time":"0.709858","counter":"159664","score":"-23200"}
{"tag":"!","time":"0.709858","counter":"159844","score":"-23199"}
{"tag":"!","time":"0.715916","counter":"160300","score":"-23197"}
{"tag":"!","time":"0.715916","counter":"160302","score":"-23196"}
{"tag":"!","time":"0.715916","counter":"160322","score":"-23187"}
{"tag":"!","time":"0.715916","counter":"160329","score":"-23180"}
{"tag":"!","time":"0.715916","counter":"160334","score":"-23155"}
{"tag":"!","time":"0.715916","counter":"160343","score":"-23150"}
{"tag":"!","time":"0.715916","counter":"160348","score":"-23149"}
{"tag":"!","time":"0.715916","counter":"160350","score":"-23143"}
{"tag":"!","time":"0.715916","counter":"160379","score":"-23130"}
{"tag":"!","time":"0.715916","counter":"160700","score":"-23128"}
{"tag":"!","time":"0.715916","counter":"160702","score":"-23120"}
{"tag":"!","time":"0.715916","counter":"160723","score":"-23099"}
{"tag":"!","time":"0.715916","counter":"160725","score":"-23097"}
{"tag":"!","time":"0.715916","counter":"160775","score":"-23089"}
{"tag":"!","time":"0.715916","counter":"160791","score":"-23074"}
{"tag":"!","time":"0.76044","counter":"168359","score":"-23064"}
{"tag":"!","time":"0.771874","counter":"170633","score":"-23053"}
{"tag":"!","time":"0.771874","counter":"170637","score":"-23032"}
{"tag":"!","time":"0.788011","counter":"173134","score":"-23000"}
{"tag":"!","time":"0.788011","counter":"173152","score":"-22990"}
{"tag":"!","time":"0.788011","counter":"173159","score":"-22985"}
{"tag":"!","time":"0.788011","counter":"173479","score":"-22980"}
{"tag":"!","time":"0.788011","counter":"173484","score":"-22954"}
{"tag":"!","time":"0.788011","counter":"173527","score":"-22953"}
{"tag":"!","time":"0.788011","counter":"173528","score":"-22949"}
{"tag":"!","time":"0.788011","counter":"173829","score":"-22935"}
{"tag":"!","time":"0.788011","counter":"173835","score":"-22933"}
{"tag":"!","time":"0.788011","counter":"173838","score":"-22910"}
{"tag":"!","time":"0.788011","counter":"173866","score":"-22904"}
{"tag":"!","time":"0.788011","counter":"173880","score":"-22903"}
{"tag":"!","time":"0.788011","counter":"173882","score":"-22901"}
{"tag":"!","time":"0.793204","counter":"174762","score":"-22898"}
{"tag":"!","time":"0.798255","counter":"175203","score":"-22893"}
{"tag":"!","time":"0.798255","counter":"175206","score":"-22886"}
{"tag":"!","time":"0.798255","counter":"175508","score":"-22872"}
{"tag":"!","time":"0.798255","counter":"175550","score":"-22869"}
{"tag":"!","time":"0.808655","counter":"177060","score":"-22868"}
{"tag":"!","time":"0.808655","counter":"177061","score":"-22863"}
{"tag":"!","time":"0.808655","counter":"177110","score":"-22859"}
{"tag":"!","time":"0.808655","counter":"177116","score":"-22857"}
{"tag":"!","time":"0.808655","counter":"177140","score":"-22853"}
{"tag":"!","time":"0.808655","counter":"177147","score":"-22834"}
{"tag":"!","time":"0.808655","counter":"177173","score":"-22823"}
{"tag":"!","time":"0.808655","counter":"177193","score":"-22818"}
{"tag":"!","time":"0.857779","counter":"186630","score":"-22812"}
{"tag":"!","time":"0.868227","counter":"188963","score":"-22798"}
{"tag":"!","time":"0.868227","counter":"188969","score":"-22797"}
{"tag":"!","time":"0.873218","counter":"189080","score":"-22788"}
{"tag":"!","time":"0.873218","counter":"189181","score":"-22786"}
{"tag":"!","time":"0.878723","counter":"190976","score":"-22770"}
{"tag":"!","time":"0.883549","counter":"191087","score":"-22766"}
{"tag":"!","time":"0.883549","counter":"191715","score":"-22764"}
{"tag":"!","time":"0.883549","counter":"191787","score":"-22759"}
{"tag":"!","time":"0.883549","counter":"191791","score":"-22758"}
{"tag":"!","time":"0.883549","counter":"191805","score":"-22757"}
{"tag":"!","time":"0.883549","counter":"191887","score":"-22755"}
{"tag":"!","time":"0.883549","counter":"191894","score":"-22750"}
{"tag":"!","time":"0.888859","counter":"192008","score":"-22749"}
{"tag":"!","time":"0.888859","counter":"192258","score":"-22748"}
{"tag":"!","time":"0.888859","counter":"192280","score":"-22741"}
{"tag":"!","time":"0.888859","counter":"192297","score":"-22737"}
{"tag":"!","time":"0.888859","counter":"192316","score":"-22733"}
{"tag":"!","time":"0.888859","counter":"192635","score":"-22730"}
{"tag":"!","time":"0.888859","counter":"192946","score":"-22725"}
{"tag":"!","time":"0.894311","counter":"193036","score":"-22722"}
{"tag":"!","time":"0.894311","counter":"193143","score":"-22721"}
{"tag":"!","time":"0.894311","counter":"193145","score":"-22719"}
{"tag":"!","time":"0.894311","counter":"193201","score":"-22712"}
{"tag":"!","time":"0.904566","counter":"195173","score":"-22706"}
{"tag":"!","time":"0.904566","counter":"195338","score":"-22701"}
{"tag":"!","time":"0.904566","counter":"195410","score":"-22700"}
{"tag":"!","time":"0.904566","counter":"195445","score":"-22695"}
{"tag":"!","time":"0.904566","counter":"195495","score":"-22694"}
{"tag":"!","time":"0.915639","counter":"197144","score":"-22692"}
{"tag":"!","time":"0.915639","counter":"197189","score":"-22684"}
{"tag":"!","time":"0.915639","counter":"197207","score":"-22680"}
{"tag":"!","time":"0.915639","counter":"197223","score":"-22677"}
{"tag":"!","time":"0.915639","counter":"197914","score":"-22675"}
{"tag":"!","time":"0.915639","counter":"197938","score":"-22670"}
{"tag":"!","time":"0.921294","counter":"198041","score":"-22662"}
{"tag":"!","time":"0.921294","counter":"198151","score":"-22657"}
{"tag":"!","time":"0.921294","counter":"198180","score":"-22653"}
{"tag":"!","time":"0.921294","counter":"198508","score":"-22652"}
{"tag":"!","time":"0.921294","counter":"198690","score":"-22645"}
{"tag":"!","time":"0.921294","counter":"198789","score":"-22644"}
{"tag":"!","time":"0.926758","counter":"199158","score":"-22626"}
{"tag":"!","time":"0.937111","counter":"201665","score":"-22625"}
{"tag":"!","time":"0.937111","counter":"201848","score":"-22624"}
{"tag":"!","time":"0.957489","counter":"204287","score":"-22623"}
{"tag":"!","time":"0.957489","counter":"204310","score":"-22617"}
{"tag":"!","time":"0.957489","counter":"204340","score":"-22614"}
{"tag":"!","time":"0.957489","counter":"204435","score":"-22612"}
{"tag":"!","time":"0.957489","counter":"204514","score":"-22611"}
{"tag":"!","time":"0.964153","counter":"205072","score":"-22608"}
{"tag":"!","time":"0.964153","counter":"205115","score":"-22605"}
{"tag":"!","time":"0.964153","counter":"205417","score":"-22603"}
{"tag":"!","time":"0.964153","counter":"205960","score":"-22601"}
{"tag":"!","time":"0.970283","counter":"206001","score":"-22596"}
{"tag":"!","time":"0.970283","counter":"206133","score":"-22589"}
{"tag":"!","time":"0.970283","counter":"206139","score":"-22586"}
{"tag":"!","time":"0.970283","counter":"206187","score":"-22582"}
{"tag":"!","time":"0.993548","counter":"210109","score":"-22581"}
{"tag":"!","time":"0.993548","counter":"210176","score":"-22579"}
{"tag":"result","counter":"211000","score":"-22579"}
{"type":"sa","c":"0.0255297","l":"0.461149","score":"0.18232"}
{"tag":"param","type":"sa","start_temp":"30","end_temp":"1","limit":"1"}
{"tag":"!","time":"2.662e-05","counter":"0","score":"-24230"}
{"tag":"!","time":"2.662e-05","counter":"1","score":"-24220"}
{"tag":"!","time":"2.662e-05","counter":"2","score":"-24210"}
{"tag":"!","time":"2.662e-05","counter":"4","score":"-24199"}
{"tag":"!","time":"2.662e-05","counter":"7","score":"-24189"}
{"tag":"!","time":"2.662e-05","counter":"9","score":"-24163"}
{"tag":"!","time":"2.662e-05","counter":"10","score":"-24156"}
{"tag":"!","time":"2.662e-05","counter":"11","score":"-24144"}
{"tag":"!","time":"2.662e-05","counter":"12","score":"-24115"}
{"tag":"!","time":"2.662e-05","counter":"14","score":"-24102"}
{"tag":"!","time":"2.662e-05","counter":"16","score":"-24092"}
{"tag":"!","time":"2.662e-05","counter":"17","score":"-24089"}
{"tag":"!","time":"2.662e-05","counter":"23","score":"-24064"}
{"tag":"!","time":"2.662e-05","counter":"24","score":"-23997"}
{"tag":"!","time":"2.662e-05","counter":"25","score":"-23985"}
{"tag":"!","time":"2.662e-05","counter":"29","score":"-23963"}
{"tag":"!","time":"2.662e-05","counter":"33","score":"-23918"}
{"tag":"!","time":"2.662e-05","counter":"42","score":"-23908"}
{"tag":"!","time":"2.662e-05","counter":"44","score":"-23875"}
{"tag":"!","time":"2.662e-05","counter":"45","score":"-23866"}
{"tag":"!","time":"2.662e-05","counter":"46","score":"-23864"}
{"tag":"!","time":"2.662e-05","counter":"49","score":"-23853"}
{"tag":"!","time":"2.662e-05","counter":"50","score":"-23844"}
{"tag":"!","time":"2.662e-05","counter":"51","score":"-23839"}
{"tag":"!","time":"2.662e-05","counter":"54","score":"-23814"}
{"tag":"!","time":"2.662e-05","counter":"71","score":"-23781"}
{"tag":"!","time":"2.662e-05","counter":"72","score":"-23779"}
{"tag":"!","time":"2.662e-05","counter":"73","score":"-23771"}
{"tag":"!","time":"2.662e-05","counter":"81","score":"-23762"}
{"tag":"!","time":"2.662e-05","counter":"82","score":"-23750"}
{"tag":"!","time":"2.662e-05","counter":"89","score":"-23745"}
{"tag":"!","time":"2.662e-05","counter":"101","score":"-23742"}
{"tag":"!","time":"2.662e-05","counter":"106","score":"-23736"}
{"tag":"!","time":"2.662e-05","counter":"108","score":"-23686"}
{"tag":"!","time":"2.662e-05","counter":"113","score":"-23678"}
{"tag":"!","time":"2.662e-05","counter":"115","score":"-23602"}
{"tag":"!","time":"2.662e-05","counter":"150","score":"-23588"}
{"tag":"!","time":"2.662e-05","counter":"152","score":"-23565"}
{"tag":"!","time":"2.662e-05","counter":"264","score":"-23560"}
{"tag":"!","time":"2.662e-05","counter":"266","score":"-23526"}
{"tag":"!","time":"2.662e-05","counter":"267","score":"-23523"}
{"tag":"!","time":"2.662e-05","counter":"270","score":"-23507"}
{"tag":"!","time":"2.662e-05","counter":"273","score":"-23496"}
{"tag":"!","time":"2.662e-05","counter":"274","score":"-23493"}
{"tag":"!","time":"2.662e-05","counter":"277","score":"-23487"}
{"tag":"!","time":"2.662e-05","counter":"314","score":"-23484"}
{"tag":"!","time":"2.662e-05","counter":"316","score":"-23476"}
{"tag":"!","time":"2.662e-05","counter":"317","score":"-23460"}
{"tag":"!","time":"2.662e-05","counter":"319","score":"-23441"}
{"tag":"!","time":"2.662e-05","counter":"321","score":"-23431"}
{"tag":"!","time":"2.662e-05","counter":"323","score":"-23415"}
{"tag":"!","time":"2.662e-05","counter":"325","score":"-23397"}
{"tag":"!","time":"2.662e-05","counter":"329","score":"-23391"}
{"tag":"!","time":"2.662e-05","counter":"604","score":"-23342"}
{"tag":"!","time":"2.662e-05","counter":"605","score":"-23338"}
{"tag":"!","time":"2.662e-05","counter":"607","score":"-23316"}
{"tag":"!","time":"2.662e-05","counter":"615","score":"-23314"}
{"tag":"!","time":"2.662e-05","counter":"616","score":"-23300"}
{"tag":"!","time":"2.662e-05","counter":"617","score":"-23263"}
{"tag":"!","time":"2.662e-05","counter":"618","score":"-23246"}
{"tag":"!","time":"2.662e-05","counter":"625","score":"-23219"}
{"tag":"!","time":"2.662e-05","counter":"627","score":"-23218"}
{"tag":"!","time":"2.662e-05","counter":"765","score":"-23216"}
{"tag":"!","time":"2.662e-05","counter":"768","score":"-23212"}
{"tag":"!","time":"2.662e-05","counter":"769","score":"-23208"}
{"tag":"!","time":"2.662e-05","counter":"773","score":"-23207"}
{"tag":"!","time":"2.662e-05","counter":"774","score":"-23205"}
{"tag":"!","time":"2.662e-05","counter":"775","score":"-23191"}
{"tag":"!","time":"2.662e-05","counter":"776","score":"-23187"}
{"tag":"!","time":"2.662e-05","counter":"778","score":"-23178"}
{"tag":"!","time":"2.662e-05","counter":"787","score":"-23146"}
{"tag":"!","time":"2.662e-05","counter":"841","score":"-23114"}
{"tag":"!","time":"2.662e-05","counter":"843","score":"-23082"}
{"tag":"!","time":"2.662e-05","counter":"844","score":"-23068"}
{"tag":"!","time":"2.662e-05","counter":"880","score":"-23065"}
{"tag":"!","time":"2.662e-05","counter":"884","score":"-23059"}
{"tag":"!","time":"2.662e-05","counter":"893","score":"-23032"}
{"tag":"!","time":"2.662e-05","counter":"896","score":"-23019"}
{"tag":"!","time":"2.662e-05","counter":"922","score":"-23015"}
{"tag":"!","time":"2.662e-05","counter":"923","score":"-22974"}
{"tag":"!","time":"0.00694953","counter":"1520","score":"-22939"}
{"tag":"!","time":"0.00694953","counter":"1522","score":"-22932"}
{"tag":"!","time":"0.00694953","counter":"1524","score":"-22904"}
{"tag":"!","time":"0.00694953","counter":"1525","score":"-22896"}
{"tag":"!","time":"0.00694953","counter":"1528","score":"-22863"}
{"tag":"!","time":"0.00694953","counter":"1532","score":"-22838"}
{"tag":"!","time":"0.00694953","counter":"1533","score":"-22828"}
{"tag":"!","time":"0.00694953","counter":"1536","score":"-22820"}
{"tag":"!","time":"0.00694953","counter":"1538","score":"-22800"}
{"tag":"!","time":"0.00694953","counter":"1540","score":"-22776"}
{"tag":"!","time":"0.00694953","counter":"1681","score":"-22757"}
{"tag":"!","time":"0.00694953","counter":"1683","score":"-22745"}
{"tag":"!","time":"0.00694953","counter":"1685","score":"-22736"}
{"tag":"!","time":"0.0175351","counter":"3105","score":"-22719"}
{"tag":"!","time":"0.0175351","counter":"3144","score":"-22696"}
{"tag":"!","time":"0.0175351","counter":"3147","score":"-22649"}
{"tag":"!","time":"0.0175351","counter":"3149","score":"-22641"}
{"tag":"!","time":"0.0175351","counter":"3152","score":"-22630"}
{"tag":"!","time":"0.0175351","counter":"3153","score":"-22623"}
{"tag":"!","time":"0.0282706","counter":"5116","score":"-22595"}
{"tag":"!","time":"0.131246","counter":"23445","score":"-22586"}
{"tag":"!","time":"0.136729","counter":"24209","score":"-22577"}
{"tag":"!","time":"0.136729","counter":"24210","score":"-22542"}
{"tag":"!","time":"0.136729","counter":"24212","score":"-22531"}
{"tag":"!","time":"0.136729","counter":"24215","score":"-22529"}
{"tag":"!","time":"0.136729","counter":"24216","score":"-22524"}
{"tag":"!","time":"0.136729","counter":"24617","score":"-22506"}
{"tag":"!","time":"0.136729","counter":"24618","score":"-22502"}
{"tag":"!","time":"0.136729","counter":"24620","score":"-22498"}
{"tag":"!","time":"0.136729","counter":"24629","score":"-22480"}
{"tag":"!","time":"0.167902","counter":"29789","score":"-22479"}
{"tag":"!","time":"0.167902","counter":"29791","score":"-22458"}
{"tag":"!","time":"0.167902","counter":"29794","score":"-22456"}
{"tag":"!","time":"0.167902","counter":"29795","score":"-22431"}
{"tag":"!","time":"0.212554","counter":"36932","score":"-22426"}
{"tag":"!","time":"0.212554","counter":"36947","score":"-22416"}
{"tag":"!","time":"0.212554","counter":"36948","score":"-22404"}
{"tag":"!","time":"0.218513","counter":"37012","score":"-22403"}
{"tag":"!","time":"0.253598","counter":"43948","score":"-22400"}
{"tag":"!","time":"0.259715","counter":"44276","score":"-22385"}
{"tag":"!","time":"0.259715","counter":"44277","score":"-22378"}
{"tag":"!","time":"0.259715","counter":"44283","score":"-22377"}
{"tag":"!","time":"0.259715","counter":"44300","score":"-22373"}
{"tag":"!","time":"0.259715","counter":"44302","score":"-22336"}
{"tag":"!","time":"0.259715","counter":"44795","score":"-22331"}
{"tag":"!","time":"0.259715","counter":"44800","score":"-22321"}
{"tag":"!","time":"0.273953","counter":"45240","score":"-22295"}
{"tag":"!","time":"0.273953","counter":"45245","score":"-22286"}
{"tag":"!","time":"0.273953","counter":"45428","score":"-22276"}
{"tag":"!","time":"0.273953","counter":"45437","score":"-22275"}
{"tag":"!","time":"0.342965","counter":"56356","score":"-22264"}
{"tag":"!","time":"0.342965","counter":"56361","score":"-22245"}
{"tag":"!","time":"0.342965","counter":"56374","score":"-22224"}
{"tag":"!","time":"0.342965","counter":"56407","score":"-22221"}
{"tag":"!","time":"0.342965","counter":"56411","score":"-22215"}
{"tag":"!","time":"0.342965","counter":"56414","score":"-22188"}
{"tag":"!","time":"0.342965","counter":"56421","score":"-22181"}
{"tag":"!","time":"0.342965","counter":"56426","score":"-22171"}
{"tag":"!","time":"0.342965","counter":"56427","score":"-22142"}
{"tag":"!","time":"0.342965","counter":"56435","score":"-22120"}
{"tag":"!","time":"0.342965","counter":"56445","score":"-22112"}
{"tag":"!","time":"0.342965","counter":"56446","score":"-22107"}
{"tag":"!","time":"0.387024","counter":"63474","score":"-22097"}
{"tag":"!","time":"0.387024","counter":"63495","score":"-22095"}
{"tag":"!","time":"0.387024","counter":"63498","score":"-22084"}
{"tag":"!","time":"0.392526","counter":"64040","score":"-22067"}
{"tag":"!","time":"0.392526","counter":"64132","score":"-22061"}
{"tag":"!","time":"0.392526","counter":"64135","score":"-22054"}
{"tag":"!","time":"0.392526","counter":"64146","score":"-22042"}
{"tag":"!","time":"0.392526","counter":"64147","score":"-22032"}
{"tag":"!","time":"0.392526","counter":"64189","score":"-22018"}
{"tag":"!","time":"0.431431","counter":"70950","score":"-21998"}
{"tag":"!","time":"0.431431","counter":"70953","score":"-21991"}
{"tag":"!","time":"0.431431","counter":"70957","score":"-21968"}
{"tag":"!","time":"0.431431","counter":"70958","score":"-21963"}
{"tag":"!","time":"0.454907","counter":"74175","score":"-21926"}
{"tag":"!","time":"0.454907","counter":"74180","score":"-21921"}
{"tag":"!","time":"0.454907","counter":"74189","score":"-21914"}
{"tag":"!","time":"0.454907","counter":"74220","score":"-21885"}
{"tag":"!","time":"0.454907","counter":"74235","score":"-21878"}
{"tag":"!","time":"0.454907","counter":"74239","score":"-21867"}
{"tag":"!","time":"0.454907","counter":"74265","score":"-21829"}
{"tag":"!","time":"0.454907","counter":"74281","score":"-21807"}
{"tag":"!","time":"0.454907","counter":"74282","score":"-21790"}
{"tag":"!","time":"0.454907","counter":"74287","score":"-21765"}
{"tag":"!","time":"0.454907","counter":"74295","score":"-21748"}
{"tag":"!","time":"0.454907","counter":"74303","score":"-21741"}
{"tag":"!","time":"0.454907","counter":"74307","score":"-21712"}
{"tag":"!","time":"0.454907","counter":"74322","score":"-21700"}
{"tag":"!","time":"0.454907","counter":"74327","score":"-21699"}
{"tag":"!","time":"0.454907","counter":"74340","score":"-21692"}
{"tag":"!","time":"0.454907","counter":"74359","score":"-21690"}
{"tag":"!","time":"0.454907","counter":"74376","score":"-21674"}
{"tag":"!","time":"0.454907","counter":"74394","score":"-21670"}
{"tag":"!","time":"0.454907","counter":"74457","score":"-21650"}
{"tag":"!","time":"0.454907","counter":"74463","score":"-21627"}
{"tag":"!","time":"0.454907","counter":"74467","score":"-21606"}
{"tag":"!","time":"0.454907","counter":"74469","score":"-21605"}
{"tag":"!","time":"0.454907","counter":"74475","score":"-21591"}
{"tag":"!","time":"0.454907","counter":"74477","score":"-21578"}
{"tag":"!","time":"0.454907","counter":"74479","score":"-21560"}
{"tag":"!","time":"0.454907","counter":"74573","score":"-21556"}
{"tag":"!","time":"0.454907","counter":"74658","score":"-21541"}
{"tag":"!","time":"0.526109","counter":"85334","score":"-21525"}
{"tag":"!","time":"0.526109","counter":"85341","score":"-21515"}
{"tag":"!","time":"0.526109","counter":"85556","score":"-21506"}
{"tag":"!","time":"0.526109","counter":"85564","score":"-21503"}
{"tag":"!","time":"0.532685","counter":"86093","score":"-21495"}
{"tag":"!","time":"0.532685","counter":"86095","score":"-21483"}
{"tag":"!","time":"0.532685","counter":"86100","score":"-21469"}
{"tag":"!","time":"0.532685","counter":"86175","score":"-21462"}
{"tag":"!","time":"0.545452","counter":"88240","score":"-21414"}
{"tag":"!","time":"0.551757","counter":"89268","score":"-21400"}
{"tag":"!","time":"0.551757","counter":"89270","score":"-21386"}
{"tag":"!","time":"0.551757","counter":"89318","score":"-21349"}
{"tag":"!","time":"0.551757","counter":"89330","score":"-21348"}
{"tag":"!","time":"0.551757","counter":"89334","score":"-21341"}
{"tag":"!","time":"0.551757","counter":"89338","score":"-21340"}
{"tag":"!","time":"0.551757","counter":"89423","score":"-21335"}
{"tag":"!","time":"0.551757","counter":"89427","score":"-21317"}
{"tag":"!","time":"0.551757","counter":"89494","score":"-21265"}
{"tag":"!","time":"0.573732","counter":"92650","score":"-21264"}
{"tag":"!","time":"0.593736","counter":"95249","score":"-21258"}
{"tag":"!","time":"0.593736","counter":"95315","score":"-21254"}
{"tag":"!","time":"0.593736","counter":"95322","score":"-21225"}
{"tag":"!","time":"0.593736","counter":"95345","score":"-21223"}
{"tag":"!","time":"0.593736","counter":"95350","score":"-21219"}
{"tag":"!","time":"0.593736","counter":"95378","score":"-21217"}
{"tag":"!","time":"0.593736","counter":"95408","score":"-21215"}
{"tag":"!","time":"0.593736","counter":"95409","score":"-21210"}
{"tag":"!","time":"0.593736","counter":"95410","score":"-21204"}
{"tag":"!","time":"0.593736","counter":"95669","score":"-21203"}
{"tag":"!","time":"0.593736","counter":"95670","score":"-21183"}
{"tag":"!","time":"0.593736","counter":"95706","score":"-21160"}
{"tag":"!","time":"0.593736","counter":"95709","score":"-21158"}
{"tag":"!","time":"0.593736","counter":"95768","score":"-21157"}
{"tag":"!","time":"0.593736","counter":"95770","score":"-21117"}
{"tag":"!","time":"0.593736","counter":"95772","score":"-21104"}
{"tag":"!","time":"0.593736","counter":"95785","score":"-21102"}
{"tag":"!","time":"0.593736","counter":"95800","score":"-21069"}
{"tag":"!","time":"0.593736","counter":"95801","score":"-21050"}
{"tag":"!","time":"0.593736","counter":"95815","score":"-21043"}
{"tag":"!","time":"0.593736","counter":"95831","score":"-21036"}
{"tag":"!","time":"0.593736","counter":"95842","score":"-21024"}
{"tag":"!","time":"0.593736","counter":"95861","score":"-21004"}
{"tag":"!","time":"0.593736","counter":"95885","score":"-20990"}
{"tag":"!","time":"0.601505","counter":"96645","score":"-20975"}
{"tag":"!","time":"0.601505","counter":"96652","score":"-20968"}
{"tag":"!","time":"0.601505","counter":"96666","score":"-20950"}
{"tag":"!","time":"0.601505","counter":"96996","score":"-20949"}
{"tag":"!","time":"0.607953","counter":"97196","score":"-20948"}
{"tag":"!","time":"0.607953","counter":"97197","score":"-20940"}
{"tag":"!","time":"0.607953","counter":"97198","score":"-20934"}
{"tag":"!","time":"0.607953","counter":"97236","score":"-20917"}
{"tag":"!","time":"0.607953","counter":"97401","score":"-20878"}
{"tag":"!","time":"0.607953","counter":"97409","score":"-20870"}
{"tag":"!","time":"0.607953","counter":"97481","score":"-20861"}
{"tag":"!","time":"0.607953","counter":"97628","score":"-20834"}
{"tag":"!","time":"0.607953","counter":"97630","score":"-20799"}
{"tag":"!","time":"0.607953","counter":"97644","score":"-20794"}
{"tag":"!","time":"0.607953","counter":"97652","score":"-20791"}
{"tag":"!","time":"0.607953","counter":"97655","score":"-20789"}
{"tag":"!","time":"0.607953","counter":"97658","score":"-20787"}
{"tag":"!","time":"0.607953","counter":"97723","score":"-20773"}
{"tag":"!","time":"0.607953","counter":"97750","score":"-20765"}
{"tag":"!","time":"0.607953","counter":"97820","score":"-20762"}
{"tag":"!","time":"0.646864","counter":"103355","score":"-20741"}
{"tag":"!","time":"0.646864","counter":"103363","score":"-20740"}
{"tag":"!","time":"0.646864","counter":"103381","score":"-20739"}
{"tag":"!","time":"0.646864","counter":"103410","score":"-20731"}
{"tag":"!","time":"0.646864","counter":"103632","score":"-20696"}
{"tag":"!","time":"0.646864","counter":"103675","score":"-20689"}
{"tag":"!","time":"0.646864","counter":"103687","score":"-20678"}
{"tag":"!","time":"0.646864","counter":"103697","score":"-20669"}
{"tag":"!","time":"0.653709","counter":"104162","score":"-20660"}
{"tag":"!","time":"0.653709","counter":"104171","score":"-20653"}
{"tag":"!","time":"0.653709","counter":"104176","score":"-20625"}
{"tag":"!","time":"0.653709","counter":"104237","score":"-20623"}
{"tag":"!","time":"0.653709","counter":"104294","score":"-20621"}
{"tag":"!","time":"0.653709","counter":"104950","score":"-20618"}
{"tag":"!","time":"0.653709","counter":"104976","score":"-20593"}
{"tag":"!","time":"0.653709","counter":"104983","score":"-20551"}
{"tag":"!","time":"0.653709","counter":"104996","score":"-20540"}
{"tag":"!","time":"0.660664","counter":"105018","score":"-20530"}
{"tag":"!","time":"0.660664","counter":"105023","score":"-20527"}
{"tag":"!","time":"0.660664","counter":"105721","score":"-20526"}
{"tag":"!","time":"0.660664","counter":"105726","score":"-20500"}
{"tag":"!","time":"0.660664","counter":"105738","score":"-20496"}
{"tag":"!","time":"0.660664","counter":"105764","score":"-20475"}
{"tag":"!","time":"0.667817","counter":"106754","score":"-20469"}
{"tag":"!","time":"0.667817","counter":"106760","score":"-20468"}
{"tag":"!","time":"0.667817","counter":"106770","score":"-20449"}
{"tag":"!","time":"0.667817","counter":"106795","score":"-20446"}
{"tag":"!","time":"0.667817","counter":"106815","score":"-20445"}
{"tag":"!","time":"0.667817","counter":"106817","score":"-20441"}
{"tag":"!","time":"0.667817","counter":"106829","score":"-20440"}
{"tag":"!","time":"0.667817","counter":"106834","score":"-20429"}
{"tag":"!","time":"0.667817","counter":"106863","score":"-20417"}
{"tag":"!","time":"0.6748","counter":"107661","score":"-20402"}
{"tag":"!","time":"0.695542","counter":"110099","score":"-20384"}
{"tag":"!","time":"0.695542","counter":"110111","score":"-20383"}
{"tag":"!","time":"0.695542","counter":"110114","score":"-20377"}
{"tag":"!","time":"0.695542","counter":"110123","score":"-20376"}
{"tag":"!","time":"0.695542","counter":"110316","score":"-20370"}
{"tag":"!","time":"0.695542","counter":"110398","score":"-20345"}
{"tag":"!","time":"0.695542","counter":"110529","score":"-20336"}
{"tag":"!","time":"0.695542","counter":"110632","score":"-20326"}
{"tag":"!","time":"0.709125","counter":"112965","score":"-20299"}
{"tag":"!","time":"0.709125","counter":"112978","score":"-20294"}
{"tag":"!","time":"0.709125","counter":"112987","score":"-20284"}
{"tag":"!","time":"0.735592","counter":"116016","score":"-20283"}
{"tag":"!","time":"0.735592","counter":"116033","score":"-20280"}
{"tag":"!","time":"0.735592","counter":"116601","score":"-20259"}
{"tag":"!","time":"0.735592","counter":"116607","score":"-20250"}
{"tag":"!","time":"0.735592","counter":"116618","score":"-20235"}
{"tag":"!","time":"0.735592","counter":"116672","score":"-20234"}
{"tag":"!","time":"0.735592","counter":"116722","score":"-20233"}
{"tag":"!","time":"0.735592","counter":"116726","score":"-20224"}
{"tag":"!","time":"0.735592","counter":"116736","score":"-20214"}
{"tag":"!","time":"0.735592","counter":"116778","score":"-20202"}
{"tag":"!","time":"0.735592","counter":"116782","score":"-20197"}
{"tag":"!","time":"0.735592","counter":"116792","score":"-20195"}
{"tag":"!","time":"0.742553","counter":"117689","score":"-20190"}
{"tag":"!","time":"0.742553","counter":"117704","score":"-20189"}
{"tag":"!","time":"0.755753","counter":"119377","score":"-20188"}
{"tag":"!","time":"0.755753","counter":"119992","score":"-20184"}
{"tag":"!","time":"0.755753","counter":"119998","score":"-20183"}
{"tag":"!","time":"0.762611","counter":"120012","score":"-20174"}
{"tag":"!","time":"0.762611","counter":"120054","score":"-20171"}
{"tag":"!","time":"0.762611","counter":"120059","score":"-20165"}
{"tag":"!","time":"0.762611","counter":"120074","score":"-20158"}
{"tag":"!","time":"0.762611","counter":"120084","score":"-20151"}
{"tag":"!","time":"0.762611","counter":"120088","score":"-20138"}
{"tag":"!","time":"0.762611","counter":"120091","score":"-20137"}
{"tag":"!","time":"0.762611","counter":"120278","score":"-20126"}
{"tag":"!","time":"0.762611","counter":"120338","score":"-20123"}
{"tag":"!","time":"0.762611","counter":"120451","score":"-20115"}
{"tag":"!","time":"0.762611","counter":"120468","score":"-20113"}
{"tag":"!","time":"0.762611","counter":"120515","score":"-20099"}
{"tag":"!","time":"0.797805","counter":"125948","score":"-20098"}
{"tag":"!","time":"0.797805","counter":"125949","score":"-20090"}
{"tag":"!","time":"0.797805","counter":"125990","score":"-20083"}
{"tag":"!","time":"0.805551","counter":"126028","score":"-20070"}
{"tag":"!","time":"0.805551","counter":"126056","score":"-20068"}
{"tag":"!","time":"0.805551","counter":"126093","score":"-20055"}
{"tag":"!","time":"0.805551","counter":"126134","score":"-20041"}
{"tag":"!","time":"0.805551","counter":"126184","score":"-20026"}
{"tag":"!","time":"0.805551","counter":"126316","score":"-19983"}
{"tag":"!","time":"0.805551","counter":"126327","score":"-19972"}
{"tag":"!","time":"0.805551","counter":"126368","score":"-19971"}
{"tag":"!","time":"0.805551","counter":"126622","score":"-19968"}
{"tag":"!","time":"0.805551","counter":"126624","score":"-19957"}
{"tag":"!","time":"0.805551","counter":"126661","score":"-19916"}
{"tag":"!","time":"0.805551","counter":"126921","score":"-19908"}
{"tag":"!","time":"0.805551","counter":"126931","score":"-19905"}
{"tag":"!","time":"0.805551","counter":"126950","score":"-19885"}
{"tag":"!","time":"0.805551","counter":"126967","score":"-19873"}
{"tag":"!","time":"0.814151","counter":"127056","score":"-19869"}
{"tag":"!","time":"0.814151","counter":"127102","score":"-19845"}
{"tag":"!","time":"0.814151","counter":"127120","score":"-19841"}
{"tag":"!","time":"0.814151","counter":"127596","score":"-19840"}
{"tag":"!","time":"0.814151","counter":"127747","score":"-19838"}
{"tag":"!","time":"0.821818","counter":"128268","score":"-19836"}
{"tag":"!","time":"0.821818","counter":"128545","score":"-19821"}
{"tag":"!","time":"0.821818","counter":"128629","score":"-19810"}
{"tag":"!","time":"0.821818","counter":"128658","score":"-19801"}
{"tag":"!","time":"0.821818","counter":"128771","score":"-19791"}
{"tag":"!","time":"0.821818","counter":"128780","score":"-19775"}
{"tag":"!","time":"0.829256","counter":"129036","score":"-19772"}
{"tag":"!","time":"0.835827","counter":"130261","score":"-19758"}
{"tag":"!","time":"0.835827","counter":"130272","score":"-19751"}
{"tag":"!","time":"0.835827","counter":"130350","score":"-19750"}
{"tag":"!","time":"0.835827","counter":"130375","score":"-19738"}
{"tag":"!","time":"0.835827","counter":"130397","score":"-19737"}
{"tag":"!","time":"0.835827","counter":"130425","score":"-19712"}
{"tag":"!","time":"0.835827","counter":"130428","score":"-19708"}
{"tag":"!","time":"0.835827","counter":"130862","score":"-19706"}
{"tag":"!","time":"0.835827","counter":"130918","score":"-19696"}
{"tag":"!","time":"0.842654","counter":"131457","score":"-19694"}
{"tag":"!","time":"0.842654","counter":"131488","score":"-19688"}
{"tag":"!","time":"0.842654","counter":"131507","score":"-19684"}
{"tag":"!","time":"0.842654","counter":"131547","score":"-19662"}
{"tag":"!","time":"0.842654","counter":"131563","score":"-19659"}
{"tag":"!","time":"0.842654","counter":"131640","score":"-19640"}
{"tag":"!","time":"0.842654","counter":"131693","score":"-19633"}
{"tag":"!","time":"0.842654","counter":"131778","score":"-19621"}
{"tag":"!","time":"0.842654","counter":"131866","score":"-19617"}
{"tag":"!","time":"0.842654","counter":"131958","score":"-19612"}
{"tag":"!","time":"0.842654","counter":"131965","score":"-19596"}
{"tag":"!","time":"0.842654","counter":"131977","score":"-19578"}
{"tag":"!","time":"0.84962","counter":"132033","score":"-19575"}
{"tag":"!","time":"0.84962","counter":"132038","score":"-19564"}
{"tag":"!","time":"0.84962","counter":"132058","score":"-19537"}
{"tag":"!","time":"0.84962","counter":"132067","score":"-19526"}
{"tag":"!","time":"0.84962","counter":"132749","score":"-19524"}
{"tag":"!","time":"0.84962","counter":"132801","score":"-19502"}
{"tag":"!","time":"0.84962","counter":"132933","score":"-19493"}
{"tag":"!","time":"0.857149","counter":"133034","score":"-19487"}
{"tag":"!","time":"0.857149","counter":"133095","score":"-19481"}
{"tag":"!","time":"0.857149","counter":"133647","score":"-19477"}
{"tag":"!","time":"0.857149","counter":"133668","score":"-19476"}
{"tag":"!","time":"0.857149","counter":"133789","score":"-19475"}
{"tag":"!","time":"0.883215","counter":"137034","score":"-19465"}
{"tag":"!","time":"0.883215","counter":"137166","score":"-19463"}
{"tag":"!","time":"0.883215","counter":"137667","score":"-19450"}
{"tag":"!","time":"0.883215","counter":"137744","score":"-19437"}
{"tag":"!","time":"0.883215","counter":"137829","score":"-19432"}
{"tag":"!","time":"0.889774","counter":"138005","score":"-19421"}
{"tag":"!","time":"0.889774","counter":"138052","score":"-19417"}
{"tag":"!","time":"0.889774","counter":"138072","score":"-19412"}
{"tag":"!","time":"0.889774","counter":"138335","score":"-19411"}
{"tag":"!","time":"0.889774","counter":"138528","score":"-19406"}
{"tag":"!","time":"0.889774","counter":"138564","score":"-19404"}
{"tag":"!","time":"0.889774","counter":"138630","score":"-19400"}
{"tag":"!","time":"0.889774","counter":"138750","score":"-19388"}
{"tag":"!","time":"0.889774","counter":"138792","score":"-19377"}
{"tag":"!","time":"0.889774","counter":"138843","score":"-19366"}
{"tag":"!","time":"0.889774","counter":"138939","score":"-19359"}
{"tag":"!","time":"0.903252","counter":"140043","score":"-19357"}
{"tag":"!","time":"0.903252","counter":"140334","score":"-19352"}
{"tag":"!","time":"0.903252","counter":"140604","score":"-19349"}
{"tag":"!","time":"0.91614","counter":"142207","score":"-19338"}
{"tag":"!","time":"0.91614","counter":"142213","score":"-19337"}
{"tag":"!","time":"0.91614","counter":"142233","score":"-19334"}
{"tag":"!","time":"0.91614","counter":"142957","score":"-19327"}
{"tag":"!","time":"0.923069","counter":"143107","score":"-19326"}
{"tag":"!","time":"0.923069","counter":"143115","score":"-19320"}
{"tag":"!","time":"0.923069","counter":"143162","score":"-19317"}
{"tag":"!","time":"0.923069","counter":"143193","score":"-19315"}
{"tag":"!","time":"0.923069","counter":"143226","score":"-19314"}
{"tag":"!","time":"0.923069","counter":"143293","score":"-19313"}
{"tag":"!","time":"0.923069","counter":"143408","score":"-19309"}
{"tag":"!","time":"0.923069","counter":"143752","score":"-19305"}
{"tag":"!","time":"0.923069","counter":"143759","score":"-19276"}
{"tag":"!","time":"0.930195","counter":"144059","score":"-19264"}
{"tag":"!","time":"0.930195","counter":"144509","score":"-19254"}
{"tag":"!","time":"0.937555","counter":"145725","score":"-19243"}
{"tag":"!","time":"0.937555","counter":"145836","score":"-19239"}
{"tag":"!","time":"0.937555","counter":"145987","score":"-19232"}
{"tag":"!","time":"0.948316","counter":"146232","score":"-19218"}
{"tag":"!","time":"0.948316","counter":"146273","score":"-19210"}
{"tag":"!","time":"0.948316","counter":"146312","score":"-19191"}
{"tag":"!","time":"0.948316","counter":"146335","score":"-19187"}
{"tag":"!","time":"0.948316","counter":"146397","score":"-19186"}
{"tag":"!","time":"0.948316","counter":"146550","score":"-19181"}
{"tag":"!","time":"0.948316","counter":"146674","score":"-19179"}
{"tag":"!","time":"0.948316","counter":"146835","score":"-19174"}
{"tag":"!","time":"0.956255","counter":"147985","score":"-19173"}
{"tag":"!","time":"0.963985","counter":"148407","score":"-19154"}
{"tag":"!","time":"0.963985","counter":"148649","score":"-19143"}
{"tag":"!","time":"0.971432","counter":"149463","score":"-19142"}
{"tag":"!","time":"0.971432","counter":"149585","score":"-19137"}
{"tag":"!","time":"0.971432","counter":"149591","score":"-19131"}
{"tag":"!","time":"0.9885","counter":"151637","score":"-19125"}
{"tag":"!","time":"0.9885","counter":"151964","score":"-19119"}
{"tag":"!","time":"0.997559","counter":"152297","score":"-19110"}
{"tag":"!","time":"0.997559","counter":"152455","score":"-19106"}
{"tag":"!","time":"0.997559","counter":"152953","score":"-19098"}
{"tag":"result","counter":"153000","score":"-19098"}
{"type":"sa","c":"0.102119","l":"0.390054","score":"0.205754"}
{"tag":"param","type":"sa","start_temp":"30","end_temp":"1","limit":"1"}
{"tag":"!","time":"2.41986e-05","counter":"13","score":"-24773"}
{"tag":"!","time":"2.41986e-05","counter":"14","score":"-24711"}
{"tag":"!","time":"2.41986e-05","counter":"15","score":"-24697"}
{"tag":"!","time":"2.41986e-05","counter":"16","score":"-24623"}
{"tag":"!","time":"2.41986e-05","counter":"20","score":"-24570"}
{"tag":"!","time":"2.41986e-05","counter":"22","score":"-24502"}
{"tag":"!","time":"2.41986e-05","counter":"24","score":"-24496"}
{"tag":"!","time":"2.41986e-05","counter":"28","score":"-24483"}
{"tag":"!","time":"2.41986e-05","counter":"29","score":"-24461"}
{"tag":"!","time":"2.41986e-05","counter":"31","score":"-24435"}
{"tag":"!","time":"2.41986e-05","counter":"54","score":"-24420"}
{"tag":"!","time":"2.41986e-05","counter":"55","score":"-24332"}
{"tag":"!","time":"2.41986e-05","counter":"56","score":"-24313"}
{"tag":"!","time":"2.41986e-05","counter":"57","score":"-24251"}
{"tag":"!","time":"2.41986e-05","counter":"60","score":"-24232"}
{"tag":"!","time":"2.41986e-05","counter":"61","score":"-24229"}
{"tag":"!","time":"2.41986e-05","counter":"62","score":"-24223"}
{"tag":"!","time":"2.41986e-05","counter":"65","score":"-24188"}
{"tag":"!","time":"2.41986e-05","counter":"66","score":"-24167"}
{"tag":"!","time":"2.41986e-05","counter":"73","score":"-24140"}
{"tag":"!","time":"2.41986e-05","counter":"74","score":"-24110"}
{"tag":"!","time":"2.41986e-05","counter":"76","score":"-24095"}
{"tag":"!","time":"2.41986e-05","counter":"79","score":"-24092"}
{"tag":"!","time":"2.41986e-05","counter":"81","score":"-24064"}
{"tag":"!","time":"2.41986e-05","counter":"88","score":"-23970"}
{"tag":"!","time":"2.41986e-05","counter":"89","score":"-23956"}
{"tag":"!","time":"2.41986e-05","counter":"94","score":"-23944"}
{"tag":"!","time":"2.41986e-05","counter":"96","score":"-23937"}
{"tag":"!","time":"2.41986e-05","counter":"97","score":"-23812"}
{"tag":"!","time":"2.41986e-05","counter":"99","score":"-23765"}
{"tag":"!","time":"2.41986e-05","counter":"100","score":"-23744"}
{"tag":"!","time":"2.41986e-05","counter":"110","score":"-23742"}
{"tag":"!","time":"2.41986e-05","counter":"113","score":"-23741"}
{"tag":"!","time":"2.41986e-05","counter":"114","score":"-23708"}
{"tag":"!","time":"2.41986e-05","counter":"116","score":"-23685"}
{"tag":"!","time":"2.41986e-05","counter":"118","score":"-23676"}
{"tag":"!","time":"2.41986e-05","counter":"120","score":"-23669"}
{"tag":"!","time":"2.41986e-05","counter":"121","score":"-23645"}
{"tag":"!","time":"2.41986e-05","counter":"122","score":"-23535"}
{"tag":"!","time":"2.41986e-05","counter":"126","score":"-23532"}
{"tag":"!","time":"2.41986e-05","counter":"128","score":"-23472"}
{"tag":"!","time":"2.41986e-05","counter":"131","score":"-23468"}
{"tag":"!","time":"2.41986e-05","counter":"132","score":"-23444"}
{"tag":"!","time":"2.41986e-05","counter":"135","score":"-23424"}
{"tag":"!","time":"2.41986e-05","counter":"153","score":"-23387"}
{"tag":"!","time":"2.41986e-05","counter":"158","score":"-23386"}
{"tag":"!","time":"2.41986e-05","counter":"160","score":"-23346"}
{"tag":"!","time":"2.41986e-05","counter":"162","score":"-23315"}
{"tag":"!","time":"2.41986e-05","counter":"163","score":"-23254"}
{"tag":"!","time":"2.41986e-05","counter":"167","score":"-23209"}
{"tag":"!","time":"2.41986e-05","counter":"168","score":"-23175"}
{"tag":"!","time":"2.41986e-05","counter":"172","score":"-23147"}
{"tag":"!","time":"2.41986e-05","counter":"175","score":"-23134"}
{"tag":"!","time":"2.41986e-05","counter":"176","score":"-23129"}
{"tag":"!","time":"2.41986e-05","counter":"189","score":"-23128"}
{"tag":"!","time":"2.41986e-05","counter":"196","score":"-23102"}
{"tag":"!","time":"2.41986e-05","counter":"197","score":"-23027"}
{"tag":"!","time":"2.41986e-05","counter":"198","score":"-23005"}
{"tag":"!","time":"2.41986e-05","counter":"200","score":"-22987"}
{"tag":"!","time":"2.41986e-05","counter":"201","score":"-22965"}
{"tag":"!","time":"2.41986e-05","counter":"205","score":"-22945"}
{"tag":"!","time":"2.41986e-05","counter":"207","score":"-22924"}
{"tag":"!","time":"2.41986e-05","counter":"210","score":"-22921"}
{"tag":"!","time":"2.41986e-05","counter":"211","score":"-22915"}
{"tag":"!","time":"2.41986e-05","counter":"229","score":"-22881"}
{"tag":"!","time":"2.41986e-05","counter":"232","score":"-22874"}
{"tag":"!","time":"2.41986e-05","counter":"248","score":"-22850"}
{"tag":"!","time":"2.41986e-05","counter":"249","score":"-22721"}
{"tag":"!","time":"2.41986e-05","counter":"250","score":"-22671"}
{"tag":"!","time":"2.41986e-05","counter":"251","score":"-22649"}
{"tag":"!","time":"2.41986e-05","counter":"253","score":"-22642"}
{"tag":"!","time":"2.41986e-05","counter":"259","score":"-22624"}
{"tag":"!","time":"2.41986e-05","counter":"260","score":"-22585"}
{"tag":"!","time":"2.41986e-05","counter":"267","score":"-22498"}
{"tag":"!","time":"2.41986e-05","counter":"275","score":"-22474"}
{"tag":"!","time":"2.41986e-05","counter":"307","score":"-22470"}
{"tag":"!","time":"2.41986e-05","counter":"309","score":"-22460"}
{"tag":"!","time":"2.41986e-05","counter":"310","score":"-22428"}
{"tag":"!","time":"2.41986e-05","counter":"311","score":"-22391"}
{"tag":"!","time":"2.41986e-05","counter":"322","score":"-22318"}
{"tag":"!","time":"2.41986e-05","counter":"336","score":"-22246"}
{"tag":"!","time":"2.41986e-05","counter":"338","score":"-22231"}
{"tag":"!","time":"2.41986e-05","counter":"340","score":"-22228"}
{"tag":"!","time":"2.41986e-05","counter":"342","score":"-22211"}
{"tag":"!","time":"2.41986e-05","counter":"346","score":"-22199"}
{"tag":"!","time":"2.41986e-05","counter":"427","score":"-22189"}
{"tag":"!","time":"2.41986e-05","counter":"429","score":"-22175"}
{"tag":"!","time":"2.41986e-05","counter":"431","score":"-22172"}
{"tag":"!","time":"2.41986e-05","counter":"433","score":"-22164"}
{"tag":"!","time":"2.41986e-05","counter":"434","score":"-22147"}
{"tag":"!","time":"2.41986e-05","counter":"492","score":"-22092"}
{"tag":"!","time":"2.41986e-05","counter":"497","score":"-22076"}
{"tag":"!","time":"2.41986e-05","counter":"652","score":"-22036"}
{"tag":"!","time":"2.41986e-05","counter":"658","score":"-22021"}
{"tag":"!","time":"2.41986e-05","counter":"679","score":"-22019"}
{"tag":"!","time":"2.41986e-05","counter":"702","score":"-22014"}
{"tag":"!","time":"2.41986e-05","counter":"737","score":"-22000"}
{"tag":"!","time":"2.41986e-05","counter":"817","score":"-21990"}
{"tag":"!","time":"2.41986e-05","counter":"822","score":"-21987"}
{"tag":"!","time":"2.41986e-05","counter":"829","score":"-21972"}
{"tag":"!","time":"2.41986e-05","counter":"832","score":"-21971"}
{"tag":"!","time":"2.41986e-05","counter":"888","score":"-21966"}
{"tag":"!","time":"2.41986e-05","counter":"890","score":"-21931"}
{"tag":"!","time":"2.41986e-05","counter":"891","score":"-21919"}
{"tag":"!","time":"2.41986e-05","counter":"934","score":"-21916"}
{"tag":"!","time":"0.00761805","counter":"1003","score":"-21909"}
{"tag":"!","time":"0.00761805","counter":"1010","score":"-21903"}
{"tag":"!","time":"0.00761805","counter":"1012","score":"-21866"}
{"tag":"!","time":"0.00761805","counter":"1013","score":"-21861"}
{"tag":"!","time":"0.00761805","counter":"1636","score":"-21841"}
{"tag":"!","time":"0.00761805","counter":"1637","score":"-21827"}
{"tag":"!","time":"0.00761805","counter":"1638","score":"-21819"}
{"tag":"!","time":"0.00761805","counter":"1670","score":"-21779"}
{"tag":"!","time":"0.00761805","counter":"1671","score":"-21763"}
{"tag":"!","time":"0.00761805","counter":"1675","score":"-21692"}
{"tag":"!","time":"0.0148591","counter":"2219","score":"-21688"}
{"tag":"!","time":"0.0148591","counter":"2220","score":"-21633"}
{"tag":"!","time":"0.0148591","counter":"2224","score":"-21629"}
{"tag":"!","time":"0.0148591","counter":"2240","score":"-21625"}
{"tag":"!","time":"0.0148591","counter":"2245","score":"-21604"}
{"tag":"!","time":"0.0148591","counter":"2247","score":"-21585"}
{"tag":"!","time":"0.0148591","counter":"2256","score":"-21548"}
{"tag":"!","time":"0.0148591","counter":"2257","score":"-21531"}
{"tag":"!","time":"0.0148591","counter":"2258","score":"-21515"}
{"tag":"!","time":"0.0148591","counter":"2264","score":"-21484"}
{"tag":"!","time":"0.0148591","counter":"2265","score":"-21474"}
{"tag":"!","time":"0.0148591","counter":"2853","score":"-21471"}
{"tag":"!","time":"0.0148591","counter":"2857","score":"-21418"}
{"tag":"!","time":"0.0148591","counter":"2863","score":"-21408"}
{"tag":"!","time":"0.0148591","counter":"2865","score":"-21395"}
{"tag":"!","time":"0.0148591","counter":"2899","score":"-21393"}
{"tag":"!","time":"0.0148591","counter":"2901","score":"-21358"}
{"tag":"!","time":"0.0148591","counter":"2904","score":"-21334"}
{"tag":"!","time":"0.0213749","counter":"3470","score":"-21321"}
{"tag":"!","time":"0.0213749","counter":"3472","score":"-21291"}
{"tag":"!","time":"0.0444032","counter":"7192","score":"-21288"}
{"tag":"!","time":"0.0444032","counter":"7196","score":"-21271"}
{"tag":"!","time":"0.0444032","counter":"7202","score":"-21254"}
{"tag":"!","time":"0.0444032","counter":"7207","score":"-21206"}
{"tag":"!","time":"0.0444032","counter":"7210","score":"-21187"}
{"tag":"!","time":"0.0444032","counter":"7228","score":"-21147"}
{"tag":"!","time":"0.0444032","counter":"7247","score":"-21110"}
{"tag":"!","time":"0.109105","counter":"19977","score":"-21076"}
{"tag":"!","time":"0.109105","counter":"19978","score":"-21044"}
{"tag":"!","time":"0.109105","counter":"19984","score":"-21027"}
{"tag":"!","time":"0.109105","counter":"19986","score":"-21025"}
{"tag":"!","time":"0.114454","counter":"20009","score":"-21020"}
{"tag":"!","time":"0.114454","counter":"20011","score":"-21018"}
{"tag":"!","time":"0.114454","counter":"20035","score":"-20990"}
{"tag":"!","time":"0.114454","counter":"20041","score":"-20975"}
{"tag":"!","time":"0.114454","counter":"20044","score":"-20973"}
{"tag":"!","time":"0.114454","counter":"20065","score":"-20972"}
{"tag":"!","time":"0.155138","counter":"27918","score":"-20969"}
{"tag":"!","time":"0.155138","counter":"27920","score":"-20963"}
{"tag":"!","time":"0.155138","counter":"27995","score":"-20942"}
{"tag":"!","time":"0.155138","counter":"27997","score":"-20929"}
{"tag":"!","time":"0.155138","counter":"27998","score":"-20927"}
{"tag":"!","time":"0.167147","counter":"29340","score":"-20882"}
{"tag":"!","time":"0.167147","counter":"29341","score":"-20877"}
{"tag":"!","time":"0.167147","counter":"29343","score":"-20852"}
{"tag":"!","time":"0.167147","counter":"29721","score":"-20851"}
{"tag":"!","time":"0.167147","counter":"29729","score":"-20835"}
{"tag":"!","time":"0.167147","counter":"29732","score":"-20827"}
{"tag":"!","time":"0.167147","counter":"29784","score":"-20824"}
{"tag":"!","time":"0.167147","counter":"29790","score":"-20766"}
{"tag":"!","time":"0.167147","counter":"29791","score":"-20739"}
{"tag":"!","time":"0.167147","counter":"29806","score":"-20720"}
{"tag":"!","time":"0.167147","counter":"29809","score":"-20703"}
{"tag":"!","time":"0.167147","counter":"29838","score":"-20699"}
{"tag":"!","time":"0.167147","counter":"29839","score":"-20683"}
{"tag":"!","time":"0.167147","counter":"29841","score":"-20677"}
{"tag":"!","time":"0.181046","counter":"31531","score":"-20648"}
{"tag":"!","time":"0.181046","counter":"31539","score":"-20643"}
{"tag":"!","time":"0.181046","counter":"31541","score":"-20621"}
{"tag":"!","time":"0.181046","counter":"31549","score":"-20588"}
{"tag":"!","time":"0.181046","counter":"31570","score":"-20583"}
{"tag":"!","time":"0.181046","counter":"31571","score":"-20571"}
{"tag":"!","time":"0.181046","counter":"31576","score":"-20563"}
{"tag":"!","time":"0.181046","counter":"31580","score":"-20521"}
{"tag":"!","time":"0.181046","counter":"31581","score":"-20483"}
{"tag":"!","time":"0.181046","counter":"31589","score":"-20464"}
{"tag":"!","time":"0.181046","counter":"31592","score":"-20444"}
{"tag":"!","time":"0.181046","counter":"31597","score":"-20425"}
{"tag":"!","time":"0.213296","counter":"36979","score":"-20422"}
{"tag":"!","time":"0.213296","counter":"36981","score":"-20395"}
{"tag":"!","time":"0.219306","counter":"37756","score":"-20392"}
{"tag":"!","time":"0.219306","counter":"37757","score":"-20339"}
{"tag":"!","time":"0.219306","counter":"37758","score":"-20329"}
{"tag":"!","time":"0.219306","counter":"37759","score":"-20301"}
{"tag":"!","time":"0.219306","counter":"37766","score":"-20292"}
{"tag":"!","time":"0.219306","counter":"37776","score":"-20269"}
{"tag":"!","time":"0.252063","counter":"42796","score":"-20242"}
{"tag":"!","time":"0.252063","counter":"42805","score":"-20220"}
{"tag":"!","time":"0.252063","counter":"42878","score":"-20219"}
{"tag":"!","time":"0.258253","counter":"43051","score":"-20184"}
{"tag":"!","time":"0.258253","counter":"43054","score":"-20137"}
{"tag":"!","time":"0.258253","counter":"43056","score":"-20133"}
{"tag":"!","time":"0.258253","counter":"43058","score":"-20105"}
{"tag":"!","time":"0.258253","counter":"43091","score":"-20072"}
{"tag":"!","time":"0.258253","counter":"43106","score":"-20070"}
{"tag":"!","time":"0.289018","counter":"48953","score":"-20067"}
{"tag":"!","time":"0.295525","counter":"49215","score":"-20060"}
{"tag":"!","time":"0.295525","counter":"49223","score":"-20020"}
{"tag":"!","time":"0.295525","counter":"49239","score":"-19997"}
{"tag":"!","time":"0.295525","counter":"49251","score":"-19974"}
{"tag":"!","time":"0.295525","counter":"49420","score":"-19970"}
{"tag":"!","time":"0.295525","counter":"49425","score":"-19966"}
{"tag":"!","time":"0.295525","counter":"49432","score":"-19949"}
{"tag":"!","time":"0.295525","counter":"49433","score":"-19919"}
{"tag":"!","time":"0.295525","counter":"49448","score":"-19828"}
{"tag":"!","time":"0.366989","counter":"60900","score":"-19813"}
{"tag":"!","time":"0.366989","counter":"60903","score":"-19799"}
{"tag":"!","time":"0.366989","counter":"60904","score":"-19797"}
{"tag":"!","time":"0.373589","counter":"61068","score":"-19793"}
{"tag":"!","time":"0.373589","counter":"61358","score":"-19777"}
{"tag":"!","time":"0.373589","counter":"61361","score":"-19774"}
{"tag":"!","time":"0.373589","counter":"61364","score":"-19734"}
{"tag":"!","time":"0.373589","counter":"61373","score":"-19686"}
{"tag":"!","time":"0.373589","counter":"61376","score":"-19678"}
{"tag":"!","time":"0.373589","counter":"61385","score":"-19655"}
{"tag":"!","time":"0.373589","counter":"61387","score":"-19638"}
{"tag":"!","time":"0.381014","counter":"62184","score":"-19632"}
{"tag":"!","time":"0.381014","counter":"62194","score":"-19624"}
{"tag":"!","time":"0.381014","counter":"62197","score":"-19621"}
{"tag":"!","time":"0.381014","counter":"62201","score":"-19599"}
{"tag":"!","time":"0.381014","counter":"62203","score":"-19540"}
{"tag":"!","time":"0.381014","counter":"62204","score":"-19522"}
{"tag":"!","time":"0.381014","counter":"62205","score":"-19498"}
{"tag":"!","time":"0.381014","counter":"62216","score":"-19488"}
{"tag":"!","time":"0.381014","counter":"62217","score":"-19475"}
{"tag":"!","time":"0.381014","counter":"62255","score":"-19473"}
{"tag":"!","time":"0.381014","counter":"62265","score":"-19462"}
{"tag":"!","time":"0.381014","counter":"62911","score":"-19429"}
{"tag":"!","time":"0.485473","counter":"77385","score":"-19415"}
{"tag":"!","time":"0.485473","counter":"77526","score":"-19411"}
{"tag":"!","time":"0.485473","counter":"77531","score":"-19398"}
{"tag":"!","time":"0.485473","counter":"77562","score":"-19391"}
{"tag":"!","time":"0.485473","counter":"77569","score":"-19379"}
{"tag":"!","time":"0.485473","counter":"77616","score":"-19367"}
{"tag":"!","time":"0.485473","counter":"77619","score":"-19360"}
{"tag":"!","time":"0.485473","counter":"77631","score":"-19355"}
{"tag":"!","time":"0.485473","counter":"77657","score":"-19332"}
{"tag":"!","time":"0.485473","counter":"77662","score":"-19326"}
{"tag":"!","time":"0.485473","counter":"77698","score":"-19309"}
{"tag":"!","time":"0.493904","counter":"78921","score":"-19305"}
{"tag":"!","time":"0.493904","counter":"78928","score":"-19265"}
{"tag":"!","time":"0.500764","counter":"79042","score":"-19218"}
{"tag":"!","time":"0.500764","counter":"79044","score":"-19212"}
{"tag":"!","time":"0.500764","counter":"79061","score":"-19196"}
{"tag":"!","time":"0.500764","counter":"79118","score":"-19194"}
{"tag":"!","time":"0.500764","counter":"79131","score":"-19192"}
{"tag":"!","time":"0.500764","counter":"79132","score":"-19178"}
{"tag":"!","time":"0.500764","counter":"79134","score":"-19169"}
{"tag":"!","time":"0.500764","counter":"79211","score":"-19136"}
{"tag":"!","time":"0.500764","counter":"79218","score":"-19097"}
{"tag":"!","time":"0.500764","counter":"79223","score":"-19078"}
{"tag":"!","time":"0.500764","counter":"79271","score":"-19073"}
{"tag":"!","time":"0.500764","counter":"79422","score":"-19031"}
{"tag":"!","time":"0.500764","counter":"79423","score":"-19010"}
{"tag":"!","time":"0.500764","counter":"79459","score":"-19004"}
{"tag":"!","time":"0.500764","counter":"79484","score":"-18976"}
{"tag":"!","time":"0.500764","counter":"79703","score":"-18974"}
{"tag":"!","time":"0.500764","counter":"79719","score":"-18958"}
{"tag":"!","time":"0.500764","counter":"79720","score":"-18950"}
{"tag":"!","time":"0.500764","counter":"79723","score":"-18941"}
{"tag":"!","time":"0.500764","counter":"79737","score":"-18940"}
{"tag":"!","time":"0.500764","counter":"79745","score":"-18933"}
{"tag":"!","time":"0.500764","counter":"79756","score":"-18925"}
{"tag":"!","time":"0.500764","counter":"79762","score":"-18913"}
{"tag":"!","time":"0.500764","counter":"79797","score":"-18910"}
{"tag":"!","time":"0.517077","counter":"81761","score":"-18891"}
{"tag":"!","time":"0.517077","counter":"81812","score":"-18888"}
{"tag":"!","time":"0.517077","counter":"81867","score":"-18883"}
{"tag":"!","time":"0.517077","counter":"81871","score":"-18852"}
{"tag":"!","time":"0.517077","counter":"81897","score":"-18851"}
{"tag":"!","time":"0.517077","counter":"81900","score":"-18847"}
{"tag":"!","time":"0.517077","counter":"81903","score":"-18834"}
{"tag":"!","time":"0.517077","counter":"81912","score":"-18826"}
{"tag":"!","time":"0.517077","counter":"81913","score":"-18820"}
{"tag":"!","time":"0.517077","counter":"81919","score":"-18815"}
{"tag":"!","time":"0.517077","counter":"81921","score":"-18801"}
{"tag":"!","time":"0.525081","counter":"82990","score":"-18799"}
{"tag":"!","time":"0.525081","counter":"82991","score":"-18792"}
{"tag":"!","time":"0.531488","counter":"83020","score":"-18722"}
{"tag":"!","time":"0.551382","counter":"86191","score":"-18718"}
{"tag":"!","time":"0.551382","counter":"86193","score":"-18708"}
{"tag":"!","time":"0.551382","counter":"86377","score":"-18697"}
{"tag":"!","time":"0.551382","counter":"86384","score":"-18664"}
{"tag":"!","time":"0.551382","counter":"86407","score":"-18655"}
{"tag":"!","time":"0.551382","counter":"86570","score":"-18648"}
{"tag":"!","time":"0.551382","counter":"86573","score":"-18638"}
{"tag":"!","time":"0.551382","counter":"86580","score":"-18632"}
{"tag":"!","time":"0.551382","counter":"86585","score":"-18613"}
{"tag":"!","time":"0.551382","counter":"86590","score":"-18587"}
{"tag":"!","time":"0.551382","counter":"86889","score":"-18527"}
{"tag":"!","time":"0.551382","counter":"86900","score":"-18522"}
{"tag":"!","time":"0.551382","counter":"86902","score":"-18516"}
{"tag":"!","time":"0.585667","counter":"91257","score":"-18505"}
{"tag":"!","time":"0.585667","counter":"91686","score":"-18458"}
{"tag":"!","time":"0.585667","counter":"91687","score":"-18452"}
{"tag":"!","time":"0.585667","counter":"91713","score":"-18446"}
{"tag":"!","time":"0.585667","counter":"91715","score":"-18430"}
{"tag":"!","time":"0.585667","counter":"91736","score":"-18409"}
{"tag":"!","time":"0.593873","counter":"92044","score":"-18403"}
{"tag":"!","time":"0.593873","counter":"92086","score":"-18400"}
{"tag":"!","time":"0.593873","counter":"92322","score":"-18371"}
{"tag":"!","time":"0.593873","counter":"92333","score":"-18340"}
{"tag":"!","time":"0.593873","counter":"92345","score":"-18333"}
{"tag":"!","time":"0.593873","counter":"92350","score":"-18300"}
{"tag":"!","time":"0.593873","counter":"92353","score":"-18278"}
{"tag":"!","time":"0.647239","counter":"99012","score":"-18276"}
{"tag":"!","time":"0.647239","counter":"99083","score":"-18244"}
{"tag":"!","time":"0.647239","counter":"99090","score":"-18241"}
{"tag":"!","time":"0.647239","counter":"99156","score":"-18236"}
{"tag":"!","time":"0.647239","counter":"99184","score":"-18220"}
{"tag":"!","time":"0.647239","counter":"99186","score":"-18204"}
{"tag":"!","time":"0.647239","counter":"99211","score":"-18185"}
{"tag":"!","time":"0.647239","counter":"99276","score":"-18182"}
{"tag":"!","time":"0.647239","counter":"99927","score":"-18162"}
{"tag":"!","time":"0.655983","counter":"100007","score":"-18161"}
{"tag":"!","time":"0.655983","counter":"100107","score":"-18147"}
{"tag":"!","time":"0.655983","counter":"100113","score":"-18134"}
{"tag":"!","time":"0.655983","counter":"100336","score":"-18129"}
{"tag":"!","time":"0.655983","counter":"100353","score":"-18126"}
{"tag":"!","time":"0.655983","counter":"100374","score":"-18114"}
{"tag":"!","time":"0.655983","counter":"100480","score":"-18092"}
{"tag":"!","time":"0.655983","counter":"100493","score":"-18084"}
{"tag":"!","time":"0.655983","counter":"100506","score":"-18074"}
{"tag":"!","time":"0.655983","counter":"100510","score":"-18064"}
{"tag":"!","time":"0.664699","counter":"101817","score":"-18061"}
{"tag":"!","time":"0.664699","counter":"101907","score":"-18050"}
{"tag":"!","time":"0.664699","counter":"101911","score":"-18014"}
{"tag":"!","time":"0.664699","counter":"101942","score":"-17984"}
{"tag":"!","time":"0.664699","counter":"101991","score":"-17982"}
{"tag":"!","time":"0.664699","counter":"101999","score":"-17951"}
{"tag":"!","time":"0.671981","counter":"102011","score":"-17942"}
{"tag":"!","time":"0.671981","counter":"102027","score":"-17929"}
{"tag":"!","time":"0.671981","counter":"102030","score":"-17907"}
{"tag":"!","time":"0.671981","counter":"102041","score":"-17898"}
{"tag":"!","time":"0.671981","counter":"102046","score":"-17886"}
{"tag":"!","time":"0.671981","counter":"102107","score":"-17876"}
{"tag":"!","time":"0.671981","counter":"102125","score":"-17874"}
{"tag":"!","time":"0.671981","counter":"102145","score":"-17860"}
{"tag":"!","time":"0.671981","counter":"102256","score":"-17855"}
{"tag":"!","time":"0.671981","counter":"102332","score":"-17835"}
{"tag":"!","time":"0.671981","counter":"102439","score":"-17830"}
{"tag":"!","time":"0.671981","counter":"102539","score":"-17822"}
{"tag":"!","time":"0.671981","counter":"102556","score":"-17800"}
{"tag":"!","time":"0.671981","counter":"102566","score":"-17783"}
{"tag":"!","time":"0.671981","counter":"102571","score":"-17770"}
{"tag":"!","time":"0.671981","counter":"102616","score":"-17762"}
{"tag":"!","time":"0.688903","counter":"104954","score":"-17751"}
{"tag":"!","time":"0.688903","counter":"104977","score":"-17746"}
{"tag":"!","time":"0.697057","counter":"105001","score":"-17743"}
{"tag":"!","time":"0.697057","counter":"105022","score":"-17740"}
{"tag":"!","time":"0.697057","counter":"105289","score":"-17727"}
{"tag":"!","time":"0.697057","counter":"105296","score":"-17726"}
{"tag":"!","time":"0.697057","counter":"105315","score":"-17724"}
{"tag":"!","time":"0.697057","counter":"105322","score":"-17717"}
{"tag":"!","time":"0.697057","counter":"105475","score":"-17691"}
{"tag":"!","time":"0.697057","counter":"105495","score":"-17672"}
{"tag":"!","time":"0.697057","counter":"105508","score":"-17657"}
{"tag":"!","time":"0.697057","counter":"105513","score":"-17649"}
{"tag":"!","time":"0.697057","counter":"105610","score":"-17647"}
{"tag":"!","time":"0.697057","counter":"105615","score":"-17635"}
{"tag":"!","time":"0.697057","counter":"105616","score":"-17626"}
{"tag":"!","time":"0.697057","counter":"105621","score":"-17611"}
{"tag":"!","time":"0.697057","counter":"105635","score":"-17598"}
{"tag":"!","time":"0.697057","counter":"105643","score":"-17582"}
{"tag":"!","time":"0.707182","counter":"106852","score":"-17577"}
{"tag":"!","time":"0.714754","counter":"107050","score":"-17572"}
{"tag":"!","time":"0.714754","counter":"107054","score":"-17555"}
{"tag":"!","time":"0.714754","counter":"107065","score":"-17554"}
{"tag":"!","time":"0.714754","counter":"107189","score":"-17544"}
{"tag":"!","time":"0.714754","counter":"107196","score":"-17533"}
{"tag":"!","time":"0.714754","counter":"107451","score":"-17511"}
{"tag":"!","time":"0.722862","counter":"108498","score":"-17495"}
{"tag":"!","time":"0.738961","counter":"110778","score":"-17494"}
{"tag":"!","time":"0.738961","counter":"110786","score":"-17492"}
{"tag":"!","time":"0.738961","counter":"110950","score":"-17466"}
{"tag":"!","time":"0.738961","counter":"110952","score":"-17446"}
{"tag":"!","time":"0.746866","counter":"111765","score":"-17441"}
{"tag":"!","time":"0.746866","counter":"111792","score":"-17438"}
{"tag":"!","time":"0.76272","counter":"113596","score":"-17407"}
{"tag":"!","time":"0.76272","counter":"113629","score":"-17381"}
{"tag":"!","time":"0.76272","counter":"113651","score":"-17365"}
{"tag":"!","time":"0.76272","counter":"113652","score":"-17355"}
{"tag":"!","time":"0.76272","counter":"113661","score":"-17350"}
{"tag":"!","time":"0.76272","counter":"113668","score":"-17349"}
{"tag":"!","time":"0.76272","counter":"113679","score":"-17347"}
{"tag":"!","time":"0.76272","counter":"113702","score":"-17326"}
{"tag":"!","time":"0.770493","counter":"114399","score":"-17322"}
{"tag":"!","time":"0.770493","counter":"114408","score":"-17287"}
{"tag":"!","time":"0.770493","counter":"114788","score":"-17279"}
{"tag":"!","time":"0.770493","counter":"114958","score":"-17277"}
{"tag":"!","time":"0.770493","counter":"114962","score":"-17270"}
{"tag":"!","time":"0.777918","counter":"115031","score":"-17267"}
{"tag":"!","time":"0.777918","counter":"115049","score":"-17263"}
{"tag":"!","time":"0.791295","counter":"117681","score":"-17259"}
{"tag":"!","time":"0.791295","counter":"117779","score":"-17209"}
{"tag":"!","time":"0.810625","counter":"119097","score":"-17208"}
{"tag":"!","time":"0.810625","counter":"119244","score":"-17196"}
{"tag":"!","time":"0.819397","counter":"120592","score":"-17186"}
{"tag":"!","time":"0.819397","counter":"120603","score":"-17174"}
{"tag":"!","time":"0.819397","counter":"120624","score":"-17155"}
{"tag":"!","time":"0.819397","counter":"120760","score":"-17099"}
{"tag":"!","time":"0.819397","counter":"120764","score":"-17069"}
{"tag":"!","time":"0.819397","counter":"120833","score":"-17066"}
{"tag":"!","time":"0.819397","counter":"120956","score":"-17061"}
{"tag":"!","time":"0.828551","counter":"121057","score":"-17047"}
{"tag":"!","time":"0.828551","counter":"121812","score":"-17030"}
{"tag":"!","time":"0.835874","counter":"122502","score":"-17019"}
{"tag":"!","time":"0.835874","counter":"122580","score":"-17009"}
{"tag":"!","time":"0.835874","counter":"122731","score":"-16998"}
{"tag":"!","time":"0.835874","counter":"122744","score":"-16994"}
{"tag":"!","time":"0.844299","counter":"123194","score":"-16981"}
{"tag":"!","time":"0.844299","counter":"123523","score":"-16976"}
{"tag":"!","time":"0.844299","counter":"123667","score":"-16966"}
{"tag":"!","time":"0.844299","counter":"123691","score":"-16959"}
{"tag":"!","time":"0.858395","counter":"125704","score":"-16958"}
{"tag":"!","time":"0.858395","counter":"125749","score":"-16955"}
{"tag":"!","time":"0.864973","counter":"126079","score":"-16946"}
{"tag":"!","time":"0.864973","counter":"126178","score":"-16943"}
{"tag":"!","time":"0.864973","counter":"126284","score":"-16936"}
{"tag":"!","time":"0.864973","counter":"126568","score":"-16929"}
{"tag":"!","time":"0.864973","counter":"126991","score":"-16924"}
{"tag":"!","time":"0.880345","counter":"128084","score":"-16920"}
{"tag":"!","time":"0.880345","counter":"128478","score":"-16894"}
{"tag":"!","time":"0.880345","counter":"128514","score":"-16891"}
{"tag":"!","time":"0.880345","counter":"128544","score":"-16884"}
{"tag":"!","time":"0.880345","counter":"128546","score":"-16881"}
{"tag":"!","time":"0.880345","counter":"128658","score":"-16877"}
{"tag":"!","time":"0.880345","counter":"128721","score":"-16872"}
{"tag":"!","time":"0.880345","counter":"128822","score":"-16871"}
{"tag":"!","time":"0.88755","counter":"129261","score":"-16865"}
{"tag":"!","time":"0.88755","counter":"129452","score":"-16863"}
{"tag":"!","time":"0.88755","counter":"129639","score":"-16856"}
{"tag":"!","time":"0.895185","counter":"130030","score":"-16850"}
{"tag":"!","time":"0.895185","counter":"130040","score":"-16842"}
{"tag":"!","time":"0.895185","counter":"130113","score":"-16838"}
{"tag":"!","time":"0.895185","counter":"130168","score":"-16831"}
{"tag":"!","time":"0.895185","counter":"130186","score":"-16825"}
{"tag":"!","time":"0.895185","counter":"130567","score":"-16823"}
{"tag":"!","time":"0.895185","counter":"130620","score":"-16818"}
{"tag":"!","time":"0.895185","counter":"130630","score":"-16815"}
{"tag":"!","time":"0.895185","counter":"130977","score":"-16804"}
{"tag":"!","time":"0.895185","counter":"130997","score":"-16797"}
{"tag":"!","time":"0.910482","counter":"132216","score":"-16796"}
{"tag":"!","time":"0.910482","counter":"132232","score":"-16785"}
{"tag":"!","time":"0.910482","counter":"132321","score":"-16771"}
{"tag":"!","time":"0.910482","counter":"132373","score":"-16770"}
{"tag":"!","time":"0.910482","counter":"132422","score":"-16752"}
{"tag":"!","time":"0.910482","counter":"132472","score":"-16722"}
{"tag":"!","time":"0.910482","counter":"132568","score":"-16719"}
{"tag":"!","time":"0.910482","counter":"132571","score":"-16717"}
{"tag":"!","time":"0.910482","counter":"132577","score":"-16713"}
{"tag":"!","time":"0.910482","counter":"132663","score":"-16708"}
{"tag":"!","time":"0.919568","counter":"133587","score":"-16702"}
{"tag":"!","time":"0.919568","counter":"133615","score":"-16691"}
{"tag":"!","time":"0.919568","counter":"133617","score":"-16688"}
{"tag":"!","time":"0.919568","counter":"133932","score":"-16684"}
{"tag":"!","time":"0.926559","counter":"134294","score":"-16683"}
{"tag":"!","time":"0.926559","counter":"134303","score":"-16652"}
{"tag":"!","time":"0.926559","counter":"134359","score":"-16647"}
{"tag":"!","time":"0.947703","counter":"137601","score":"-16642"}
{"tag":"!","time":"0.947703","counter":"137635","score":"-16631"}
{"tag":"!","time":"0.947703","counter":"137658","score":"-16626"}
{"tag":"!","time":"0.947703","counter":"137706","score":"-16623"}
{"tag":"!","time":"0.947703","counter":"137927","score":"-16608"}
{"tag":"!","time":"0.954973","counter":"138458","score":"-16566"}
{"tag":"!","time":"0.962922","counter":"139412","score":"-16510"}
{"tag":"!","time":"0.962922","counter":"139494","score":"-16506"}
{"tag":"!","time":"0.962922","counter":"139591","score":"-16503"}
{"tag":"!","time":"0.962922","counter":"139973","score":"-16497"}
{"tag":"!","time":"0.970295","counter":"140032","score":"-16490"}
{"tag":"!","time":"0.970295","counter":"140578","score":"-16487"}
{"tag":"!","time":"0.983426","counter":"142456","score":"-16485"}
{"tag":"!","time":"0.989886","counter":"143450","score":"-16469"}
{"tag":"!","time":"0.989886","counter":"143544","score":"-16461"}
{"tag":"!","time":"0.989886","counter":"143980","score":"-16460"}
{"tag":"result","counter":"145000","score":"-16460"}
{"type":"sa","c":"0.229768","l":"0.336176","score":"0.268067"}
{"tag":"param","type":"sa","start_temp":"30","end_temp":"1","limit":"5.94306"}
{"tag":"!","time":"2.75886e-05","counter":"1","score":"-26589"}
{"tag":"!","time":"2.75886e-05","counter":"2","score":"-26564"}
{"tag":"!","time":"2.75886e-05","counter":"3","score":"-26545"}
{"tag":"!","time":"2.75886e-05","counter":"13","score":"-26536"}
{"tag":"!","time":"2.75886e-05","counter":"14","score":"-26523"}
{"tag":"!","time":"2.75886e-05","counter":"19","score":"-26516"}
{"tag":"!","time":"2.75886e-05","counter":"20","score":"-26499"}
{"tag":"!","time":"2.75886e-05","counter":"21","score":"-26482"}
{"tag":"!","time":"2.75886e-05","counter":"22","score":"-26460"}
{"tag":"!","time":"2.75886e-05","counter":"26","score":"-26449"}
{"tag":"!","time":"2.75886e-05","counter":"30","score":"-26422"}
{"tag":"!","time":"2.75886e-05","counter":"31","score":"-26403"}
{"tag":"!","time":"2.75886e-05","counter":"32","score":"-26365"}
{"tag":"!","time":"2.75886e-05","counter":"44","score":"-26356"}
{"tag":"!","time":"2.75886e-05","counter":"52","score":"-26321"}
{"tag":"!","time":"2.75886e-05","counter":"65","score":"-26308"}
{"tag":"!","time":"2.75886e-05","counter":"86","score":"-26298"}
{"tag":"!","time":"2.75886e-05","counter":"89","score":"-26263"}
{"tag":"!","time":"2.75886e-05","counter":"91","score":"-26254"}
{"tag":"!","time":"2.75886e-05","counter":"92","score":"-26210"}
{"tag":"!","time":"2.75886e-05","counter":"114","score":"-26130"}
{"tag":"!","time":"2.75886e-05","counter":"118","score":"-26118"}
{"tag":"!","time":"2.75886e-05","counter":"121","score":"-26115"}
{"tag":"!","time":"2.75886e-05","counter":"122","score":"-26114"}
{"tag":"!","time":"2.75886e-05","counter":"123","score":"-26094"}
{"tag":"!","time":"2.75886e-05","counter":"124","score":"-26080"}
{"tag":"!","time":"2.75886e-05","counter":"125","score":"-26078"}
{"tag":"!","time":"2.75886e-05","counter":"130","score":"-26067"}
{"tag":"!","time":"2.75886e-05","counter":"135","score":"-26036"}
{"tag":"!","time":"2.75886e-05","counter":"176","score":"-26016"}
{"tag":"!","time":"2.75886e-05","counter":"179","score":"-26013"}
{"tag":"!","time":"2.75886e-05","counter":"198","score":"-26012"}
{"tag":"!","time":"2.75886e-05","counter":"199","score":"-25982"}
{"tag":"!","time":"2.75886e-05","counter":"200","score":"-25977"}
{"tag":"!","time":"2.75886e-05","counter":"210","score":"-25956"}
{"tag":"!","time":"2.75886e-05","counter":"221","score":"-25955"}
{"tag":"!","time":"2.75886e-05","counter":"229","score":"-25917"}
{"tag":"!","time":"2.75886e-05","counter":"231","score":"-25902"}
{"tag":"!","time":"2.75886e-05","counter":"232","score":"-25804"}
{"tag":"!","time":"2.75886e-05","counter":"233","score":"-25790"}
{"tag":"!","time":"2.75886e-05","counter":"238","score":"-25761"}
{"tag":"!","time":"2.75886e-05","counter":"240","score":"-25717"}
{"tag":"!","time":"2.75886e-05","counter":"244","score":"-25675"}
{"tag":"!","time":"2.75886e-05","counter":"248","score":"-25663"}
{"tag":"!","time":"2.75886e-05","counter":"250","score":"-25644"}
{"tag":"!","time":"2.75886e-05","counter":"267","score":"-25619"}
{"tag":"!","time":"2.75886e-05","counter":"268","score":"-25617"}
{"tag":"!","time":"2.75886e-05","counter":"271","score":"-25599"}
{"tag":"!","time":"2.75886e-05","counter":"272","score":"-25585"}
{"tag":"!","time":"2.75886e-05","counter":"382","score":"-25541"}
{"tag":"!","time":"2.75886e-05","counter":"413","score":"-25535"}
{"tag":"!","time":"2.75886e-05","counter":"414","score":"-25492"}
{"tag":"!","time":"2.75886e-05","counter":"415","score":"-25490"}
{"tag":"!","time":"2.75886e-05","counter":"416","score":"-25455"}
{"tag":"!","time":"2.75886e-05","counter":"419","score":"-25448"}
{"tag":"!","time":"2.75886e-05","counter":"424","score":"-25398"}
{"tag":"!","time":"2.75886e-05","counter":"428","score":"-25395"}
{"tag":"!","time":"2.75886e-05","counter":"485","score":"-25315"}
{"tag":"!","time":"2.75886e-05","counter":"490","score":"-25312"}
{"tag":"!","time":"2.75886e-05","counter":"492","score":"-25300"}
{"tag":"!","time":"2.75886e-05","counter":"497","score":"-25295"}
{"tag":"!","time":"2.75886e-05","counter":"505","score":"-25291"}
{"tag":"!","time":"2.75886e-05","counter":"507","score":"-25246"}
{"tag":"!","time":"2.75886e-05","counter":"508","score":"-25217"}
{"tag":"!","time":"2.75886e-05","counter":"509","score":"-25167"}
{"tag":"!","time":"2.75886e-05","counter":"510","score":"-25159"}
{"tag":"!","time":"2.75886e-05","counter":"513","score":"-25131"}
{"tag":"!","time":"2.75886e-05","counter":"515","score":"-25110"}
{"tag":"!","time":"2.75886e-05","counter":"532","score":"-25016"}
{"tag":"!","time":"2.75886e-05","counter":"536","score":"-25010"}
{"tag":"!","time":"2.75886e-05","counter":"539","score":"-25008"}
{"tag":"!","time":"2.75886e-05","counter":"540","score":"-24969"}
{"tag":"!","time":"2.75886e-05","counter":"543","score":"-24948"}
{"tag":"!","time":"2.75886e-05","counter":"569","score":"-24946"}
{"tag":"!","time":"2.75886e-05","counter":"571","score":"-24936"}
{"tag":"!","time":"2.75886e-05","counter":"575","score":"-24933"}
{"tag":"!","time":"2.75886e-05","counter":"581","score":"-24932"}
{"tag":"!","time":"2.75886e-05","counter":"604","score":"-24919"}
{"tag":"!","time":"2.75886e-05","counter":"609","score":"-24908"}
{"tag":"!","time":"2.75886e-05","counter":"612","score":"-24897"}
{"tag":"!","time":"2.75886e-05","counter":"613","score":"-24892"}
{"tag":"!","time":"2.75886e-05","counter":"615","score":"-24835"}
{"tag":"!","time":"2.75886e-05","counter":"618","score":"-24816"}
{"tag":"!","time":"2.75886e-05","counter":"623","score":"-24798"}
{"tag":"!","time":"2.75886e-05","counter":"624","score":"-24774"}
{"tag":"!","time":"2.75886e-05","counter":"626","score":"-24754"}
{"tag":"!","time":"2.75886e-05","counter":"776","score":"-24752"}
{"tag":"!","time":"2.75886e-05","counter":"778","score":"-24747"}
{"tag":"!","time":"2.75886e-05","counter":"783","score":"-24724"}
{"tag":"!","time":"2.75886e-05","counter":"814","score":"-24722"}
{"tag":"!","time":"2.75886e-05","counter":"827","score":"-24704"}
{"tag":"!","time":"2.75886e-05","counter":"828","score":"-24649"}
{"tag":"!","time":"2.75886e-05","counter":"836","score":"-24634"}
{"tag":"!","time":"2.75886e-05","counter":"849","score":"-24633"}
{"tag":"!","time":"2.75886e-05","counter":"871","score":"-24608"}
{"tag":"!","time":"2.75886e-05","counter":"872","score":"-24587"}
{"tag":"!","time":"2.75886e-05","counter":"876","score":"-24578"}
{"tag":"!","time":"2.75886e-05","counter":"892","score":"-24576"}
{"tag":"!","time":"2.75886e-05","counter":"905","score":"-24566"}
{"tag":"!","time":"2.75886e-05","counter":"907","score":"-24558"}
{"tag":"!","time":"2.75886e-05","counter":"909","score":"-24517"}
{"tag":"!","time":"0.0299785","counter":"5151","score":"-24507"}
{"tag":"!","time":"0.0299785","counter":"5155","score":"-24505"}
{"tag":"!","time":"0.0299785","counter":"5158","score":"-24497"}
{"tag":"!","time":"0.0299785","counter":"5220","score":"-24496"}
{"tag":"!","time":"0.0299785","counter":"5222","score":"-24477"}
{"tag":"!","time":"0.142724","counter":"30742","score":"-24471"}
{"tag":"!","time":"0.142724","counter":"30749","score":"-24443"}
{"tag":"!","time":"0.163145","counter":"34773","score":"-24401"}
{"tag":"!","time":"0.238485","counter":"50749","score":"-24370"}
{"tag":"!","time":"0.238485","counter":"50751","score":"-24364"}
{"tag":"!","time":"0.238485","counter":"50752","score":"-24353"}
{"tag":"!","time":"0.238485","counter":"50815","score":"-24327"}
{"tag":"!","time":"0.238485","counter":"50821","score":"-24313"}
{"tag":"!","time":"0.238485","counter":"50854","score":"-24290"}
{"tag":"!","time":"0.238485","counter":"50855","score":"-24271"}
{"tag":"!","time":"0.238485","counter":"50869","score":"-24270"}
{"tag":"!","time":"0.238485","counter":"50871","score":"-24255"}
{"tag":"!","time":"0.703327","counter":"153375","score":"-24244"}
{"tag":"!","time":"0.703327","counter":"153377","score":"-24221"}
{"tag":"!","time":"0.703327","counter":"153402","score":"-24217"}
{"tag":"!","time":"0.703327","counter":"153443","score":"-24216"}
{"tag":"!","time":"0.703327","counter":"153449","score":"-24203"}
{"tag":"!","time":"0.703327","counter":"153453","score":"-24179"}
{"tag":"!","time":"0.703327","counter":"153454","score":"-24158"}
{"tag":"!","time":"0.703327","counter":"153473","score":"-24155"}
{"tag":"!","time":"0.853381","counter":"186285","score":"-24133"}
{"tag":"!","time":"1.00511","counter":"219504","score":"-24125"}
{"tag":"!","time":"1.04816","counter":"229378","score":"-24115"}
{"tag":"!","time":"1.2671","counter":"278201","score":"-24097"}
{"tag":"!","time":"1.2671","counter":"278202","score":"-24094"}
{"tag":"!","time":"1.2671","counter":"278209","score":"-24091"}
{"tag":"!","time":"1.2671","counter":"278349","score":"-24064"}
{"tag":"!","time":"1.2671","counter":"278378","score":"-24022"}
{"tag":"!","time":"1.2671","counter":"278384","score":"-24018"}
{"tag":"!","time":"1.2671","counter":"278385","score":"-23950"}
{"tag":"!","time":"1.2671","counter":"278395","score":"-23931"}
{"tag":"!","time":"1.2671","counter":"278402","score":"-23926"}
{"tag":"!","time":"1.70521","counter":"373737","score":"-23914"}
{"tag":"!","time":"1.95972","counter":"430276","score":"-23891"}
{"tag":"!","time":"2.00274","counter":"440147","score":"-23880"}
{"tag":"!","time":"2.00274","counter":"440160","score":"-23878"}
{"tag":"!","time":"2.00274","counter":"440161","score":"-23860"}
{"tag":"!","time":"2.00274","counter":"440173","score":"-23848"}
{"tag":"!","time":"2.17257","counter":"475528","score":"-23845"}
{"tag":"!","time":"2.17257","counter":"475534","score":"-23834"}
{"tag":"!","time":"2.17257","counter":"475536","score":"-23819"}
{"tag":"!","time":"2.17257","counter":"475538","score":"-23795"}
{"tag":"!","time":"2.393","counter":"523230","score":"-23770"}
{"tag":"!","time":"2.393","counter":"523231","score":"-23761"}
{"tag":"!","time":"2.393","counter":"523232","score":"-23739"}
{"tag":"!","time":"2.393","counter":"523233","score":"-23724"}
{"tag":"!","time":"2.393","counter":"523243","score":"-23691"}
{"tag":"!","time":"2.393","counter":"523244","score":"-23682"}
{"tag":"!","time":"2.393","counter":"523246","score":"-23662"}
{"tag":"!","time":"2.393","counter":"523250","score":"-23650"}
{"tag":"!","time":"2.74885","counter":"598058","score":"-23647"}
{"tag":"!","time":"2.79398","counter":"607093","score":"-23642"}
{"tag":"!","time":"2.79398","counter":"607102","score":"-23634"}
{"tag":"!","time":"2.79398","counter":"607153","score":"-23632"}
{"tag":"!","time":"2.79398","counter":"607219","score":"-23630"}
{"tag":"!","time":"2.79398","counter":"607221","score":"-23614"}
{"tag":"!","time":"2.79398","counter":"607235","score":"-23601"}
{"tag":"!","time":"2.81477","counter":"611775","score":"-23585"}
{"tag":"!","time":"2.8794","counter":"625231","score":"-23565"}
{"tag":"!","time":"2.8794","counter":"625232","score":"-23559"}
{"tag":"!","time":"2.8794","counter":"625238","score":"-23537"}
{"tag":"!","time":"2.8794","counter":"625245","score":"-23518"}
{"tag":"!","time":"2.8794","counter":"625249","score":"-23509"}
{"tag":"!","time":"2.8794","counter":"625263","score":"-23505"}
{"tag":"!","time":"2.8794","counter":"625270","score":"-23471"}
{"tag":"!","time":"3.01441","counter":"652541","score":"-23439"}
{"tag":"!","time":"3.07835","counter":"666476","score":"-23428"}
{"tag":"!","time":"3.07835","counter":"666481","score":"-23421"}
{"tag":"!","time":"3.07835","counter":"666486","score":"-23405"}
{"tag":"!","time":"3.38103","counter":"728270","score":"-23390"}
{"tag":"!","time":"3.38103","counter":"728272","score":"-23378"}
{"tag":"!","time":"3.38103","counter":"728281","score":"-23377"}
{"tag":"!","time":"3.38103","counter":"728288","score":"-23375"}
{"tag":"!","time":"3.38103","counter":"728339","score":"-23372"}
{"tag":"!","time":"3.46649","counter":"744751","score":"-23365"}
{"tag":"!","time":"3.46649","counter":"744752","score":"-23353"}
{"tag":"!","time":"3.46649","counter":"744860","score":"-23348"}
{"tag":"!","time":"3.46649","counter":"744861","score":"-23330"}
{"tag":"!","time":"3.46649","counter":"744864","score":"-23318"}
{"tag":"!","time":"3.49393","counter":"749947","score":"-23317"}
{"tag":"!","time":"3.49393","counter":"749952","score":"-23302"}
{"tag":"!","time":"3.49393","counter":"749955","score":"-23299"}
{"tag":"!","time":"3.49393","counter":"749975","score":"-23298"}
{"tag":"!","time":"3.49963","counter":"750010","score":"-23292"}
{"tag":"!","time":"3.49963","counter":"750040","score":"-23288"}
{"tag":"!","time":"3.49963","counter":"750041","score":"-23285"}
{"tag":"!","time":"3.49963","counter":"750049","score":"-23277"}
{"tag":"!","time":"3.49963","counter":"750060","score":"-23267"}
{"tag":"!","time":"3.49963","counter":"750070","score":"-23260"}
{"tag":"!","time":"3.49963","counter":"750106","score":"-23241"}
{"tag":"!","time":"3.49963","counter":"750107","score":"-23238"}
{"tag":"!","time":"3.58066","counter":"766968","score":"-23222"}
{"tag":"!","time":"3.58616","counter":"767017","score":"-23208"}
{"tag":"!","time":"3.82996","counter":"816532","score":"-23200"}
{"tag":"!","time":"3.83566","counter":"817319","score":"-23196"}
{"tag":"!","time":"3.83566","counter":"817321","score":"-23192"}
{"tag":"!","time":"3.83566","counter":"817329","score":"-23190"}
{"tag":"!","time":"3.83566","counter":"817341","score":"-23188"}
{"tag":"!","time":"3.83566","counter":"817357","score":"-23186"}
{"tag":"!","time":"3.93101","counter":"835827","score":"-23185"}
{"tag":"!","time":"3.95714","counter":"840449","score":"-23176"}
{"tag":"!","time":"3.95714","counter":"840457","score":"-23153"}
{"tag":"!","time":"3.95714","counter":"840471","score":"-23152"}
{"tag":"!","time":"3.95714","counter":"840517","score":"-23149"}
{"tag":"!","time":"4.14985","counter":"878362","score":"-23135"}
{"tag":"!","time":"4.14985","counter":"878978","score":"-23128"}
{"tag":"!","time":"4.15518","counter":"879013","score":"-23127"}
{"tag":"!","time":"4.15518","counter":"879021","score":"-23125"}
{"tag":"!","time":"4.15518","counter":"879034","score":"-23122"}
{"tag":"!","time":"4.19946","counter":"888541","score":"-23101"}
{"tag":"!","time":"4.20922","counter":"890688","score":"-23087"}
{"tag":"!","time":"4.21406","counter":"891148","score":"-23083"}
{"tag":"!","time":"4.21406","counter":"891287","score":"-23068"}
{"tag":"!","time":"4.21406","counter":"891297","score":"-23062"}
{"tag":"!","time":"4.24549","counter":"897118","score":"-23061"}
{"tag":"!","time":"4.24549","counter":"897121","score":"-23047"}
{"tag":"!","time":"4.24549","counter":"897131","score":"-23020"}
{"tag":"!","time":"4.24549","counter":"897313","score":"-23018"}
{"tag":"!","time":"4.24549","counter":"897720","score":"-23009"}
{"tag":"!","time":"4.26985","counter":"902804","score":"-23004"}
{"tag":"!","time":"4.4188","counter":"930991","score":"-22998"}
{"tag":"!","time":"4.42394","counter":"931013","score":"-22988"}
{"tag":"!","time":"4.42394","counter":"931080","score":"-22977"}
{"tag":"!","time":"4.42394","counter":"931084","score":"-22964"}
{"tag":"!","time":"4.42394","counter":"931087","score":"-22952"}
{"tag":"!","time":"4.42394","counter":"931186","score":"-22944"}
{"tag":"!","time":"4.42394","counter":"931306","score":"-22930"}
{"tag":"!","time":"4.42394","counter":"931332","score":"-22928"}
{"tag":"!","time":"4.42394","counter":"931337","score":"-22905"}
{"tag":"!","time":"4.42394","counter":"931347","score":"-22896"}
{"tag":"!","time":"4.42394","counter":"931360","score":"-22889"}
{"tag":"!","time":"4.75836","counter":"995853","score":"-22883"}
{"tag":"!","time":"4.75836","counter":"995867","score":"-22880"}
{"tag":"!","time":"4.76382","counter":"996598","score":"-22861"}
{"tag":"!","time":"4.76382","counter":"996623","score":"-22852"}
{"tag":"!","time":"4.76382","counter":"996643","score":"-22848"}
{"tag":"!","time":"4.76382","counter":"996688","score":"-22842"}
{"tag":"!","time":"4.76382","counter":"996708","score":"-22839"}
{"tag":"!","time":"4.76382","counter":"996791","score":"-22837"}
{"tag":"!","time":"4.76382","counter":"996797","score":"-22830"}
{"tag":"!","time":"4.76382","counter":"996830","score":"-22820"}
{"tag":"!","time":"4.76382","counter":"996842","score":"-22819"}
{"tag":"!","time":"4.77156","counter":"997027","score":"-22810"}
{"tag":"!","time":"4.77156","counter":"997547","score":"-22804"}
{"tag":"!","time":"4.77156","counter":"997607","score":"-22802"}
{"tag":"!","time":"4.77156","counter":"997614","score":"-22786"}
{"tag":"!","time":"4.77156","counter":"997680","score":"-22783"}
{"tag":"!","time":"4.77156","counter":"997837","score":"-22779"}
{"tag":"!","time":"5.1053","counter":"1047559","score":"-22771"}
{"tag":"!","time":"5.1053","counter":"1047727","score":"-22768"}
{"tag":"!","time":"5.1053","counter":"1047739","score":"-22765"}
{"tag":"!","time":"5.1053","counter":"1047744","score":"-22763"}
{"tag":"!","time":"5.11227","counter":"1048003","score":"-22761"}
{"tag":"!","time":"5.15881","counter":"1056706","score":"-22759"}
{"tag":"!","time":"5.15881","counter":"1056717","score":"-22752"}
{"tag":"!","time":"5.15881","counter":"1056719","score":"-22748"}
{"tag":"!","time":"5.15881","counter":"1056737","score":"-22744"}
{"tag":"!","time":"5.15881","counter":"1056743","score":"-22731"}
{"tag":"!","time":"5.16521","counter":"1057338","score":"-22725"}
{"tag":"!","time":"5.16521","counter":"1057390","score":"-22717"}
{"tag":"!","time":"5.16521","counter":"1057396","score":"-22711"}
{"tag":"!","time":"5.21911","counter":"1067295","score":"-22709"}
{"tag":"!","time":"5.28465","counter":"1078372","score":"-22699"}
{"tag":"!","time":"5.28465","counter":"1078374","score":"-22698"}
{"tag":"!","time":"5.28465","counter":"1078499","score":"-22694"}
{"tag":"!","time":"5.44475","counter":"1105473","score":"-22692"}
{"tag":"!","time":"5.50515","counter":"1115243","score":"-22690"}
{"tag":"!","time":"5.50515","counter":"1115430","score":"-22689"}
{"tag":"!","time":"5.50515","counter":"1115595","score":"-22685"}
{"tag":"!","time":"5.51712","counter":"1117779","score":"-22683"}
{"tag":"!","time":"5.51712","counter":"1117801","score":"-22681"}
{"tag":"!","time":"5.52327","counter":"1118079","score":"-22679"}
{"tag":"!","time":"5.53456","counter":"1120643","score":"-22678"}
{"tag":"!","time":"5.54636","counter":"1122613","score":"-22675"}
{"tag":"!","time":"5.54636","counter":"1122640","score":"-22672"}
{"tag":"!","time":"5.55299","counter":"1123972","score":"-22671"}
{"tag":"!","time":"5.55859","counter":"1124318","score":"-22668"}
{"tag":"!","time":"5.56482","counter":"1125016","score":"-22667"}
{"tag":"!","time":"5.56482","counter":"1125046","score":"-22666"}
{"tag":"!","time":"5.56482","counter":"1125111","score":"-22664"}
{"tag":"!","time":"5.76319","counter":"1160432","score":"-22663"}
{"tag":"!","time":"5.78495","counter":"1164604","score":"-22661"}
{"tag":"result","counter":"1191000","score":"-22661"}
{"type":"sa","c":"0.0255297","l":"0.462824","score":"0.182923"}
