{"type":"greedy_loss","c":"1.2","l":"0","score":"0.372994","h":"12","w":"14"}
{"type":"greedy_loss","c":"1.15714","l":"0","score":"0.359672","h":"18","w":"9"}
{"type":"greedy_loss","c":"1.15714","l":"0","score":"0.359672","h":"18","w":"9"}
{"type":"greedy_loss","c":"1.15714","l":"0","score":"0.359672","h":"18","w":"9"}
{"type":"greedy_loss","c":"1.15714","l":"0","score":"0.359672","h":"18","w":"9"}
{"type":"greedy_loss","c":"1.09286","l":"0","score":"0.339691","h":"9","w":"17"}
{"type":"greedy_loss","c":"1.15714","l":"0","score":"0.359672","h":"18","w":"9"}
{"type":"greedy_loss","c":"1.09286","l":"0","score":"0.339691","h":"9","w":"17"}
{"type":"greedy_loss","c":"1.15714","l":"0","score":"0.359672","h":"18","w":"9"}
{"type":"greedy_loss","c":"1.09286","l":"0","score":"0.339691","h":"9","w":"17"}
{"type":"greedy_loss","c":"1.15714","l":"0","score":"0.359672","h":"18","w":"9"}
{"type":"greedy_loss","c":"1.09286","l":"0","score":"0.339691","h":"9","w":"17"}
{"type":"greedy_loss","c":"1.15714","l":"0","score":"0.359672","h":"18","w":"9"}
{"type":"greedy_loss","c":"1.09286","l":"0","score":"0.339691","h":"9","w":"17"}
{"type":"greedy_loss","c":"1.15714","l":"0","score":"0.359672","h":"18","w":"9"}
{"type":"greedy_loss","c":"1.09286","l":"0","score":"0.339691","h":"9","w":"17"}
{"type":"greedy_loss","c":"1.15714","l":"0","score":"0.359672","h":"18","w":"9"}
{"type":"greedy_loss","c":"1.15714","l":"0","score":"0.359672","h":"9","w":"18"}
{"s_comp":"0.310127","s_loss":"0.324611","T":"140","P":"0.310828"}
{"tag":"param","type":"sa","start_temp":"30","end_temp":"1","limit":"1"}
{"tag":"!","time":"0.000113097","counter":"15","score":"-497"}
{"tag":"!","time":"0.000113097","counter":"34","score":"-488"}
{"tag":"!","time":"0.000113097","counter":"38","score":"-484"}
{"tag":"!","time":"0.000113097","counter":"55","score":"-479"}
{"tag":"!","time":"0.000113097","counter":"136","score":"-475"}
{"tag":"!","time":"0.000113097","counter":"189","score":"-458"}
{"tag":"!","time":"0.000113097","counter":"219","score":"-452"}
{"tag":"!","time":"0.000113097","counter":"343","score":"-447"}
{"tag":"!","time":"0.000113097","counter":"344","score":"-440"}
{"tag":"!","time":"0.000113097","counter":"722","score":"-423"}
{"tag":"!","time":"0.000113097","counter":"734","score":"-422"}
{"tag":"!","time":"0.00717437","counter":"2081","score":"-416"}
{"tag":"!","time":"0.00717437","counter":"2086","score":"-413"}
{"tag":"!","time":"0.00717437","counter":"2380","score":"-398"}
{"tag":"!","time":"0.210679","counter":"69268","score":"-393"}
{"tag":"result","counter":"337000","score":"-393"}
{"type":"sa","c":"0.45","l":"0.224571","score":"0.294641"}
{"tag":"param","type":"sa","start_temp":"30","end_temp":"1","limit":"1"}
{"tag":"!","time":"2.13107e-05","counter":"0","score":"-153"}
{"tag":"!","time":"2.13107e-05","counter":"2","score":"-123"}
{"tag":"!","time":"2.13107e-05","counter":"4","score":"-122"}
{"tag":"!","time":"2.13107e-05","counter":"8","score":"-108"}
{"tag":"!","time":"2.13107e-05","counter":"40","score":"-68"}
{"tag":"!","time":"2.13107e-05","counter":"45","score":"-42"}
{"tag":"!","time":"2.13107e-05","counter":"51","score":"-31"}
{"tag":"!","time":"2.13107e-05","counter":"70","score":"-16"}
{"tag":"!","time":"2.13107e-05","counter":"348","score":"-4"}
{"tag":"!","time":"2.13107e-05","counter":"700","score":"0"}
{"tag":"result","counter":"402000","score":"0"}
{"type":"sa","c":"2.30714","l":"0","score":"0.717124"}
{"tag":"param","type":"sa","start_temp":"30","end_temp":"1","limit":"1"}
{"tag":"!","time":"2.31293e-05","counter":"3","score":"-155"}
{"tag":"!","time":"2.31293e-05","counter":"4","score":"-56"}
{"tag":"!","time":"2.31293e-05","counter":"6","score":"-17"}
{"tag":"!","time":"2.31293e-05","counter":"16","score":"0"}
{"tag":"result","counter":"438000","score":"0"}
{"type":"sa","c":"5.59286","l":"0","score":"1.73842"}
{"tag":"param","type":"sa","start_temp":"30","end_temp":"1","limit":"5.98205"}
{"tag":"!","time":"0.000206887","counter":"1","score":"-522"}
{"tag":"!","time":"0.000206887","counter":"2","score":"-488"}
{"tag":"!","time":"0.000206887","counter":"8","score":"-482"}
{"tag":"!","time":"0.000206887","counter":"9","score":"-445"}
{"tag":"!","time":"0.000206887","counter":"19","score":"-419"}
{"tag":"!","time":"0.000206887","counter":"24","score":"-403"}
{"tag":"!","time":"0.000206887","counter":"31","score":"-393"}
{"tag":"result","counter":"2115000","score":"-393"}
{"type":"sa","c":"0.45","l":"0.224571","score":"0.294641"}
