{"type":"greedy_loss","c":"1.09225","l":"0","score":"0.484605","h":"10","w":"251"}
{"type":"greedy_loss","c":"1.0792","l":"0","score":"0.478813","h":"248","w":"10"}
{"type":"greedy_loss","c":"1.0792","l":"0","score":"0.478813","h":"248","w":"10"}
{"type":"greedy_loss","c":"1.0792","l":"0","score":"0.478813","h":"248","w":"10"}
{"type":"greedy_loss","c":"1.0792","l":"0","score":"0.478813","h":"248","w":"10"}
{"type":"greedy_loss","c":"1.0792","l":"0","score":"0.478813","h":"248","w":"10"}
{"type":"greedy_loss","c":"1.0792","l":"0","score":"0.478813","h":"248","w":"10"}
{"type":"greedy_loss","c":"1.0792","l":"0","score":"0.478813","h":"248","w":"10"}
{"type":"greedy_loss","c":"1.0792","l":"0","score":"0.478813","h":"248","w":"10"}
{"type":"greedy_loss","c":"1.0792","l":"0","score":"0.478813","h":"248","w":"10"}
{"type":"greedy_loss","c":"1.0792","l":"0","score":"0.478813","h":"248","w":"10"}
{"type":"greedy_loss","c":"1.0792","l":"0","score":"0.478813","h":"248","w":"10"}
{"type":"greedy_loss","c":"1.0792","l":"0","score":"0.478813","h":"248","w":"10"}
{"type":"greedy_loss","c":"1.0792","l":"0","score":"0.478813","h":"248","w":"10"}
{"type":"greedy_loss","c":"1.0792","l":"0","score":"0.478813","h":"248","w":"10"}
{"type":"greedy_loss","c":"1.0792","l":"0","score":"0.478813","h":"248","w":"10"}
{"type":"greedy_loss","c":"1.0792","l":"0","score":"0.478813","h":"248","w":"10"}
{"type":"greedy_loss","c":"1.0792","l":"0","score":"0.478813","h":"248","w":"10"}
{"type":"greedy_loss","c":"1.0792","l":"0","score":"0.478813","h":"248","w":"10"}
{"type":"greedy_loss","c":"1.0792","l":"0","score":"0.478813","h":"248","w":"10"}
{"type":"greedy_loss","c":"1.0792","l":"0","score":"0.478813","h":"248","w":"10"}
{"type":"greedy_loss","c":"1.0792","l":"0","score":"0.478813","h":"248","w":"10"}
{"type":"greedy_loss","c":"1.0792","l":"0","score":"0.478813","h":"248","w":"10"}
{"type":"greedy_loss","c":"1.04961","l":"0","score":"0.465684","h":"201","w":"12"}
{"type":"greedy_loss","c":"1.09138","l":"0","score":"0.484219","h":"132","w":"19"}
{"type":"greedy_loss","c":"1.08616","l":"0","score":"0.481902","h":"13","w":"192"}
{"type":"greedy_loss","c":"1.06353","l":"0","score":"0.471863","h":"188","w":"13"}
{"type":"greedy_loss","c":"1.09138","l":"0","score":"0.484219","h":"132","w":"19"}
{"type":"greedy_loss","c":"1.05744","l":"0","score":"0.46916","h":"162","w":"15"}
{"type":"greedy_loss","c":"1.09138","l":"0","score":"0.484219","h":"132","w":"19"}
{"type":"greedy_loss","c":"1.09138","l":"0","score":"0.484219","h":"132","w":"19"}
{"type":"greedy_loss","c":"1.09138","l":"0","score":"0.484219","h":"132","w":"19"}
{"type":"greedy_loss","c":"1.09138","l":"0","score":"0.484219","h":"132","w":"19"}
{"type":"greedy_loss","c":"1.09138","l":"0","score":"0.484219","h":"132","w":"19"}
{"type":"greedy_loss","c":"1.09138","l":"0","score":"0.484219","h":"132","w":"19"}
{"type":"greedy_loss","c":"1.09138","l":"0","score":"0.484219","h":"132","w":"19"}
{"type":"greedy_loss","c":"1.09138","l":"0","score":"0.484219","h":"114","w":"22"}
{"type":"greedy_loss","c":"1.0879","l":"0","score":"0.482675","h":"100","w":"25"}
{"type":"greedy_loss","c":"1.09138","l":"0","score":"0.484219","h":"132","w":"19"}
{"type":"greedy_loss","c":"1.09138","l":"0","score":"0.484219","h":"114","w":"22"}
{"type":"greedy_loss","c":"1.09138","l":"0","score":"0.484219","h":"132","w":"19"}
{"type":"greedy_loss","c":"1.09138","l":"0","score":"0.484219","h":"114","w":"22"}
{"type":"greedy_loss","c":"1.09138","l":"0","score":"0.484219","h":"114","w":"22"}
{"type":"greedy_loss","c":"1.09138","l":"0","score":"0.484219","h":"114","w":"22"}
{"type":"greedy_loss","c":"1.09138","l":"0","score":"0.484219","h":"114","w":"22"}
{"type":"greedy_loss","c":"1.09138","l":"0","score":"0.484219","h":"114","w":"22"}
{"type":"greedy_loss","c":"1.07224","l":"0","score":"0.475724","h":"56","w":"44"}
{"type":"greedy_loss","c":"1.09138","l":"0","score":"0.484219","h":"114","w":"22"}
{"type":"greedy_loss","c":"1.09138","l":"0","score":"0.484219","h":"114","w":"22"}
{"type":"greedy_loss","c":"1.08616","l":"0","score":"0.481902","h":"48","w":"52"}
{"type":"greedy_loss","c":"1.08616","l":"0","score":"0.481902","h":"48","w":"52"}
{"type":"greedy_loss","c":"1.06614","l":"0","score":"0.473021","h":"35","w":"70"}
{"s_comp":"0.250346","s_loss":"0.454801","T":"2298","P":"0.443674"}
{"tag":"param","type":"sa","start_temp":"30","end_temp":"1","limit":"1"}
{"tag":"!","time":"1.95421e-05","counter":"1","score":"-14099"}
{"tag":"!","time":"1.95421e-05","counter":"2","score":"-14096"}
{"tag":"!","time":"1.95421e-05","counter":"36","score":"-14079"}
{"tag":"!","time":"1.95421e-05","counter":"37","score":"-14055"}
{"tag":"!","time":"1.95421e-05","counter":"174","score":"-14017"}
{"tag":"!","time":"1.95421e-05","counter":"178","score":"-14014"}
{"tag":"!","time":"1.95421e-05","counter":"180","score":"-14000"}
{"tag":"!","time":"1.95421e-05","counter":"185","score":"-13996"}
{"tag":"!","time":"1.95421e-05","counter":"310","score":"-13968"}
{"tag":"!","time":"1.95421e-05","counter":"336","score":"-13967"}
{"tag":"!","time":"1.95421e-05","counter":"661","score":"-13953"}
{"tag":"!","time":"1.95421e-05","counter":"738","score":"-13946"}
{"tag":"!","time":"1.95421e-05","counter":"769","score":"-13944"}
{"tag":"!","time":"1.95421e-05","counter":"770","score":"-13939"}
{"tag":"!","time":"1.95421e-05","counter":"793","score":"-13937"}
{"tag":"!","time":"1.95421e-05","counter":"798","score":"-13936"}
{"tag":"!","time":"1.95421e-05","counter":"802","score":"-13924"}
{"tag":"!","time":"1.95421e-05","counter":"827","score":"-13913"}
{"tag":"!","time":"1.95421e-05","counter":"829","score":"-13909"}
{"tag":"!","time":"1.95421e-05","counter":"836","score":"-13905"}
{"tag":"!","time":"0.00464575","counter":"1156","score":"-13897"}
{"tag":"!","time":"0.00464575","counter":"1161","score":"-13886"}
{"tag":"!","time":"0.00464575","counter":"1293","score":"-13885"}
{"tag":"!","time":"0.00464575","counter":"1294","score":"-13867"}
{"tag":"!","time":"0.00464575","counter":"1562","score":"-13864"}
{"tag":"!","time":"0.00464575","counter":"1848","score":"-13831"}
{"tag":"!","time":"0.00464575","counter":"1866","score":"-13805"}
{"tag":"!","time":"0.00464575","counter":"1870","score":"-13788"}
{"tag":"!","time":"0.00464575","counter":"1871","score":"-13777"}
{"tag":"!","time":"0.00464575","counter":"1875","score":"-13768"}
{"tag":"!","time":"0.00464575","counter":"1876","score":"-13748"}
{"tag":"!","time":"0.00464575","counter":"1898","score":"-13747"}
{"tag":"!","time":"0.00464575","counter":"1899","score":"-13745"}
{"tag":"!","time":"0.00464575","counter":"1903","score":"-13744"}
{"tag":"!","time":"0.00464575","counter":"1912","score":"-13731"}
{"tag":"!","time":"0.0131171","counter":"3099","score":"-13709"}
{"tag":"!","time":"0.0131171","counter":"3115","score":"-13708"}
{"tag":"!","time":"0.0131171","counter":"3120","score":"-13705"}
{"tag":"!","time":"0.0347103","counter":"8719","score":"-13701"}
{"tag":"!","time":"0.0347103","counter":"8721","score":"-13660"}
{"tag":"!","time":"0.0833166","counter":"19472","score":"-13625"}
{"tag":"!","time":"0.0833166","counter":"19473","score":"-13623"}
{"tag":"!","time":"0.0833166","counter":"19495","score":"-13620"}
{"tag":"!","time":"0.0833166","counter":"19503","score":"-13593"}
{"tag":"!","time":"0.0833166","counter":"19504","score":"-13591"}
{"tag":"!","time":"0.0833166","counter":"19505","score":"-13582"}
{"tag":"!","time":"0.0833166","counter":"19506","score":"-13581"}
{"tag":"!","time":"0.0833166","counter":"19508","score":"-13552"}
{"tag":"!","time":"0.0833166","counter":"19509","score":"-13544"}
{"tag":"!","time":"0.0833166","counter":"19522","score":"-13536"}
{"tag":"!","time":"0.0833166","counter":"19526","score":"-13524"}
{"tag":"!","time":"0.0833166","counter":"19534","score":"-13523"}
{"tag":"!","time":"0.309974","counter":"72614","score":"-13509"}
{"tag":"!","time":"0.309974","counter":"72616","score":"-13499"}
{"tag":"!","time":"0.327757","counter":"76744","score":"-13498"}
{"tag":"!","time":"0.327757","counter":"76745","score":"-13492"}
{"tag":"!","time":"0.327757","counter":"76752","score":"-13448"}
{"tag":"!","time":"0.327757","counter":"76759","score":"-13444"}
{"tag":"!","time":"0.384829","counter":"89849","score":"-13437"}
{"tag":"!","time":"0.384829","counter":"89851","score":"-13420"}
{"tag":"!","time":"0.398159","counter":"92075","score":"-13416"}
{"tag":"!","time":"0.398159","counter":"92217","score":"-13414"}
{"tag":"!","time":"0.398159","counter":"92220","score":"-13407"}
{"tag":"!","time":"0.398159","counter":"92221","score":"-13393"}
{"tag":"!","time":"0.398159","counter":"92231","score":"-13365"}
{"tag":"!","time":"0.398159","counter":"92234","score":"-13352"}
{"tag":"!","time":"0.517051","counter":"115548","score":"-13344"}
{"tag":"!","time":"0.528035","counter":"117184","score":"-13329"}
{"tag":"!","time":"0.528035","counter":"117253","score":"-13304"}
{"tag":"!","time":"0.528035","counter":"117397","score":"-13303"}
{"tag":"!","time":"0.528035","counter":"117402","score":"-13302"}
{"tag":"!","time":"0.544317","counter":"120062","score":"-13298"}
{"tag":"!","time":"0.544317","counter":"120065","score":"-13293"}
{"tag":"!","time":"0.544317","counter":"120067","score":"-13284"}
{"tag":"!","time":"0.544317","counter":"120085","score":"-13280"}
{"tag":"!","time":"0.544317","counter":"120090","score":"-13263"}
{"tag":"!","time":"0.544317","counter":"120091","score":"-13253"}
{"tag":"!","time":"0.554722","counter":"122606","score":"-13234"}
{"tag":"!","time":"0.554722","counter":"122610","score":"-13230"}
{"tag":"!","time":"0.554722","counter":"122611","score":"-13211"}
{"tag":"!","time":"0.554722","counter":"122863","score":"-13197"}
{"tag":"!","time":"0.575141","counter":"126847","score":"-13195"}
{"tag":"!","time":"0.575141","counter":"126848","score":"-13192"}
{"tag":"!","time":"0.575141","counter":"126934","score":"-13190"}
{"tag":"!","time":"0.575141","counter":"126936","score":"-13183"}
{"tag":"!","time":"0.575141","counter":"126940","score":"-13171"}
{"tag":"!","time":"0.585708","counter":"128617","score":"-13170"}
{"tag":"!","time":"0.585708","counter":"128638","score":"-13160"}
{"tag":"!","time":"0.585708","counter":"128773","score":"-13151"}
{"tag":"!","time":"0.585708","counter":"128774","score":"-13145"}
{"tag":"!","time":"0.585708","counter":"128787","score":"-13142"}
{"tag":"!","time":"0.637352","counter":"137861","score":"-13136"}
{"tag":"!","time":"0.637352","counter":"137864","score":"-13131"}
{"tag":"!","time":"0.637352","counter":"137866","score":"-13129"}
{"tag":"!","time":"0.637352","counter":"137880","score":"-13117"}
{"tag":"!","time":"0.637352","counter":"137924","score":"-13100"}
{"tag":"!","time":"0.637352","counter":"137925","score":"-13092"}
{"tag":"!","time":"0.637352","counter":"137950","score":"-13083"}
{"tag":"!","time":"0.637352","counter":"137952","score":"-13079"}
{"tag":"!","time":"0.721189","counter":"151318","score":"-13069"}
{"tag":"!","time":"0.721189","counter":"151331","score":"-13068"}
{"tag":"!","time":"0.721189","counter":"151339","score":"-13066"}
{"tag":"!","time":"0.721189","counter":"151352","score":"-13054"}
{"tag":"!","time":"0.727059","counter":"152657","score":"-13036"}
{"tag":"!","time":"0.727059","counter":"152896","score":"-13027"}
{"tag":"!","time":"0.727059","counter":"152898","score":"-13021"}
{"tag":"!","time":"0.727059","counter":"152921","score":"-13017"}
{"tag":"!","time":"0.727059","counter":"152922","score":"-13002"}
{"tag":"!","time":"0.739495","counter":"154611","score":"-13001"}
{"tag":"!","time":"0.746168","counter":"155202","score":"-12996"}
{"tag":"!","time":"0.746168","counter":"155352","score":"-12978"}
{"tag":"!","time":"0.746168","counter":"155354","score":"-12959"}
{"tag":"!","time":"0.746168","counter":"155731","score":"-12955"}
{"tag":"!","time":"0.746168","counter":"155735","score":"-12953"}
{"tag":"!","time":"0.746168","counter":"155743","score":"-12939"}
{"tag":"!","time":"0.746168","counter":"155749","score":"-12925"}
{"tag":"!","time":"0.746168","counter":"155801","score":"-12923"}
{"tag":"!","time":"0.746168","counter":"155807","score":"-12916"}
{"tag":"!","time":"0.746168","counter":"155813","score":"-12914"}
{"tag":"!","time":"0.763306","counter":"158048","score":"-12902"}
{"tag":"!","time":"0.763306","counter":"158069","score":"-12883"}
{"tag":"!","time":"0.763306","counter":"158075","score":"-12869"}
{"tag":"!","time":"0.763306","counter":"158098","score":"-12864"}
{"tag":"!","time":"0.763306","counter":"158108","score":"-12852"}
{"tag":"!","time":"0.763306","counter":"158113","score":"-12849"}
{"tag":"!","time":"0.763306","counter":"158124","score":"-12844"}
{"tag":"!","time":"0.763306","counter":"158205","score":"-12810"}
{"tag":"!","time":"0.763306","counter":"158215","score":"-12799"}
{"tag":"!","time":"0.821982","counter":"168350","score":"-12791"}
{"tag":"!","time":"0.833405","counter":"170732","score":"-12789"}
{"tag":"!","time":"0.833405","counter":"170737","score":"-12787"}
{"tag":"!","time":"0.833405","counter":"170745","score":"-12766"}
{"tag":"!","time":"0.833405","counter":"170773","score":"-12763"}
{"tag":"!","time":"0.833405","counter":"170796","score":"-12755"}
{"tag":"!","time":"0.833405","counter":"170838","score":"-12750"}
{"tag":"!","time":"0.833405","counter":"170952","score":"-12749"}
{"tag":"!","time":"0.833405","counter":"170959","score":"-12747"}
{"tag":"!","time":"0.833405","counter":"170996","score":"-12744"}
{"tag":"!","time":"0.863297","counter":"175568","score":"-12740"}
{"tag":"!","time":"0.863297","counter":"175666","score":"-12736"}
{"tag":"!","time":"0.863297","counter":"175919","score":"-12732"}
{"tag":"!","time":"0.863297","counter":"175945","score":"-12730"}
{"tag":"!","time":"0.863297","counter":"175962","score":"-12726"}
{"tag":"!","time":"0.863297","counter":"175983","score":"-12709"}
{"tag":"!","time":"0.869188","counter":"176046","score":"-12701"}
{"tag":"!","time":"0.874908","counter":"177077","score":"-12695"}
{"tag":"!","time":"0.874908","counter":"177126","score":"-12693"}
{"tag":"!","time":"0.898083","counter":"181526","score":"-12691"}
{"tag":"!","time":"0.898083","counter":"181668","score":"-12689"}
{"tag":"!","time":"0.898083","counter":"181798","score":"-12685"}
{"tag":"!","time":"0.903538","counter":"182009","score":"-12671"}
{"tag":"!","time":"0.903538","counter":"182081","score":"-12669"}
{"tag":"!","time":"0.903538","counter":"182253","score":"-12668"}
{"tag":"!","time":"0.903538","counter":"182306","score":"-12664"}
{"tag":"!","time":"0.903538","counter":"182476","score":"-12662"}
{"tag":"!","time":"0.914119","counter":"184228","score":"-12660"}
{"tag":"!","time":"0.914119","counter":"184941","score":"-12648"}
{"tag":"!","time":"0.919207","counter":"185475","score":"-12645"}
{"tag":"!","time":"0.919207","counter":"185592","score":"-12632"}
{"tag":"!","time":"0.919207","counter":"185674","score":"-12631"}
{"tag":"!","time":"0.919207","counter":"185969","score":"-12630"}
{"tag":"!","time":"0.924809","counter":"186038","score":"-12629"}
{"tag":"!","time":"0.924809","counter":"186346","score":"-12627"}
{"tag":"!","time":"0.924809","counter":"186443","score":"-12626"}
{"tag":"!","time":"0.931094","counter":"187708","score":"-12621"}
{"tag":"!","time":"0.942705","counter":"189418","score":"-12616"}
{"tag":"!","time":"0.94825","counter":"190360","score":"-12611"}
{"tag":"!","time":"0.9597","counter":"192575","score":"-12606"}
{"tag":"result","counter":"200000","score":"-12606"}
{"type":"sa","c":"0.0435161","l":"0.438851","score":"0.263451"}
{"tag":"param","type":"sa","start_temp":"30","end_temp":"1","limit":"1"}
{"tag":"!","time":"2.83714e-05","counter":"0","score":"-13179"}
{"tag":"!","time":"2.83714e-05","counter":"1","score":"-13162"}
{"tag":"!","time":"2.83714e-05","counter":"2","score":"-13132"}
{"tag":"!","time":"2.83714e-05","counter":"6","score":"-13096"}
{"tag":"!","time":"2.83714e-05","counter":"7","score":"-13054"}
{"tag":"!","time":"2.83714e-05","counter":"16","score":"-13052"}
{"tag":"!","time":"2.83714e-05","counter":"31","score":"-12982"}
{"tag":"!","time":"2.83714e-05","counter":"33","score":"-12973"}
{"tag":"!","time":"2.83714e-05","counter":"34","score":"-12955"}
{"tag":"!","time":"2.83714e-05","counter":"37","score":"-12953"}
{"tag":"!","time":"2.83714e-05","counter":"39","score":"-12925"}
{"tag":"!","time":"2.83714e-05","counter":"55","score":"-12913"}
{"tag":"!","time":"2.83714e-05","counter":"58","score":"-12875"}
{"tag":"!","time":"2.83714e-05","counter":"63","score":"-12844"}
{"tag":"!","time":"2.83714e-05","counter":"64","score":"-12834"}
{"tag":"!","time":"2.83714e-05","counter":"111","score":"-12821"}
{"tag":"!","time":"2.83714e-05","counter":"114","score":"-12819"}
{"tag":"!","time":"2.83714e-05","counter":"277","score":"-12815"}
{"tag":"!","time":"2.83714e-05","counter":"281","score":"-12806"}
{"tag":"!","time":"2.83714e-05","counter":"286","score":"-12790"}
{"tag":"!","time":"2.83714e-05","counter":"289","score":"-12749"}
{"tag":"!","time":"2.83714e-05","counter":"290","score":"-12748"}
{"tag":"!","time":"2.83714e-05","counter":"292","score":"-12716"}
{"tag":"!","time":"2.83714e-05","counter":"303","score":"-12710"}
{"tag":"!","time":"2.83714e-05","counter":"305","score":"-12709"}
{"tag":"!","time":"2.83714e-05","counter":"306","score":"-12691"}
{"tag":"!","time":"2.83714e-05","counter":"312","score":"-12687"}
{"tag":"!","time":"2.83714e-05","counter":"313","score":"-12672"}
{"tag":"!","time":"2.83714e-05","counter":"343","score":"-12657"}
{"tag":"!","time":"2.83714e-05","counter":"345","score":"-12620"}
{"tag":"!","time":"2.83714e-05","counter":"349","score":"-12617"}
{"tag":"!","time":"2.83714e-05","counter":"351","score":"-12613"}
{"tag":"!","time":"2.83714e-05","counter":"353","score":"-12562"}
{"tag":"!","time":"2.83714e-05","counter":"360","score":"-12548"}
{"tag":"!","time":"2.83714e-05","counter":"370","score":"-12490"}
{"tag":"!","time":"2.83714e-05","counter":"371","score":"-12474"}
{"tag":"!","time":"2.83714e-05","counter":"372","score":"-12459"}
{"tag":"!","time":"2.83714e-05","counter":"384","score":"-12422"}
{"tag":"!","time":"2.83714e-05","counter":"388","score":"-12415"}
{"tag":"!","time":"2.83714e-05","counter":"390","score":"-12379"}
{"tag":"!","time":"2.83714e-05","counter":"400","score":"-12370"}
{"tag":"!","time":"2.83714e-05","counter":"404","score":"-12345"}
{"tag":"!","time":"2.83714e-05","counter":"406","score":"-12332"}
{"tag":"!","time":"2.83714e-05","counter":"452","score":"-12330"}
{"tag":"!","time":"2.83714e-05","counter":"482","score":"-12319"}
{"tag":"!","time":"2.83714e-05","counter":"486","score":"-12288"}
{"tag":"!","time":"2.83714e-05","counter":"493","score":"-12276"}
{"tag":"!","time":"2.83714e-05","counter":"626","score":"-12273"}
{"tag":"!","time":"2.83714e-05","counter":"630","score":"-12256"}
{"tag":"!","time":"0.0190696","counter":"3040","score":"-12251"}
{"tag":"!","time":"0.0190696","counter":"3045","score":"-12234"}
{"tag":"!","time":"0.0190696","counter":"3047","score":"-12229"}
{"tag":"!","time":"0.0190696","counter":"3057","score":"-12220"}
{"tag":"!","time":"0.0548912","counter":"9339","score":"-12195"}
{"tag":"!","time":"0.0548912","counter":"9341","score":"-12188"}
{"tag":"!","time":"0.0548912","counter":"9389","score":"-12169"}
{"tag":"!","time":"0.0548912","counter":"9419","score":"-12158"}
{"tag":"!","time":"0.0613966","counter":"10247","score":"-12155"}
{"tag":"!","time":"0.0613966","counter":"10248","score":"-12111"}
{"tag":"!","time":"0.0613966","counter":"10250","score":"-12092"}
{"tag":"!","time":"0.0613966","counter":"10253","score":"-12075"}
{"tag":"!","time":"0.138386","counter":"23620","score":"-12073"}
{"tag":"!","time":"0.138386","counter":"23635","score":"-12055"}
{"tag":"!","time":"0.138386","counter":"23636","score":"-12049"}
{"tag":"!","time":"0.138386","counter":"23641","score":"-12021"}
{"tag":"!","time":"0.160803","counter":"27251","score":"-12004"}
{"tag":"!","time":"0.160803","counter":"27254","score":"-11989"}
{"tag":"!","time":"0.160803","counter":"27256","score":"-11957"}
{"tag":"!","time":"0.160803","counter":"27267","score":"-11953"}
{"tag":"!","time":"0.186528","counter":"32028","score":"-11952"}
{"tag":"!","time":"0.259112","counter":"46379","score":"-11930"}
{"tag":"!","time":"0.259112","counter":"46392","score":"-11899"}
{"tag":"!","time":"0.285691","counter":"51662","score":"-11894"}
{"tag":"!","time":"0.285691","counter":"51666","score":"-11876"}
{"tag":"!","time":"0.33666","counter":"60212","score":"-11852"}
{"tag":"!","time":"0.33666","counter":"60213","score":"-11838"}
{"tag":"!","time":"0.33666","counter":"60215","score":"-11833"}
{"tag":"!","time":"0.359411","counter":"64364","score":"-11806"}
{"tag":"!","time":"0.359411","counter":"64368","score":"-11772"}
{"tag":"!","time":"0.359411","counter":"64382","score":"-11753"}
{"tag":"!","time":"0.359411","counter":"64394","score":"-11746"}
{"tag":"!","time":"0.359411","counter":"64398","score":"-11730"}
{"tag":"!","time":"0.359411","counter":"64428","score":"-11711"}
{"tag":"!","time":"0.359411","counter":"64429","score":"-11702"}
{"tag":"!","time":"0.365165","counter":"65147","score":"-11700"}
{"tag":"!","time":"0.472059","counter":"83289","score":"-11677"}
{"tag":"!","time":"0.472059","counter":"83295","score":"-11672"}
{"tag":"!","time":"0.484238","counter":"85635","score":"-11638"}
{"tag":"!","time":"0.484238","counter":"85641","score":"-11630"}
{"tag":"!","time":"0.496637","counter":"87733","score":"-11621"}
{"tag":"!","time":"0.502459","counter":"88196","score":"-11609"}
{"tag":"!","time":"0.502459","counter":"88543","score":"-11602"}
{"tag":"!","time":"0.502459","counter":"88549","score":"-11594"}
{"tag":"!","time":"0.502459","counter":"88551","score":"-11555"}
{"tag":"!","time":"0.502459","counter":"88563","score":"-11552"}
{"tag":"!","time":"0.502459","counter":"88568","score":"-11502"}
{"tag":"!","time":"0.502459","counter":"88571","score":"-11500"}
{"tag":"!","time":"0.544539","counter":"94396","score":"-11496"}
{"tag":"!","time":"0.544539","counter":"94402","score":"-11477"}
{"tag":"!","time":"0.544539","counter":"94795","score":"-11475"}
{"tag":"!","time":"0.544539","counter":"94901","score":"-11470"}
{"tag":"!","time":"0.570956","counter":"98548","score":"-11462"}
{"tag":"!","time":"0.570956","counter":"98735","score":"-11447"}
{"tag":"!","time":"0.583943","counter":"100198","score":"-11383"}
{"tag":"!","time":"0.583943","counter":"100201","score":"-11365"}
{"tag":"!","time":"0.583943","counter":"100571","score":"-11356"}
{"tag":"!","time":"0.583943","counter":"100582","score":"-11325"}
{"tag":"!","time":"0.590963","counter":"101262","score":"-11310"}
{"tag":"!","time":"0.590963","counter":"101265","score":"-11279"}
{"tag":"!","time":"0.597577","counter":"102075","score":"-11276"}
{"tag":"!","time":"0.597577","counter":"102076","score":"-11223"}
{"tag":"!","time":"0.597577","counter":"102087","score":"-11222"}
{"tag":"!","time":"0.597577","counter":"102097","score":"-11207"}
{"tag":"!","time":"0.597577","counter":"102128","score":"-11202"}
{"tag":"!","time":"0.597577","counter":"102137","score":"-11201"}
{"tag":"!","time":"0.597577","counter":"102562","score":"-11190"}
{"tag":"!","time":"0.597577","counter":"102567","score":"-11166"}
{"tag":"!","time":"0.597577","counter":"102572","score":"-11146"}
{"tag":"!","time":"0.597577","counter":"102604","score":"-11136"}
{"tag":"!","time":"0.597577","counter":"102628","score":"-11135"}
{"tag":"!","time":"0.597577","counter":"102634","score":"-11128"}
{"tag":"!","time":"0.597577","counter":"102635","score":"-11093"}
{"tag":"!","time":"0.597577","counter":"102641","score":"-11089"}
{"tag":"!","time":"0.597577","counter":"102666","score":"-11082"}
{"tag":"!","time":"0.597577","counter":"102671","score":"-11076"}
{"tag":"!","time":"0.597577","counter":"102681","score":"-11073"}
{"tag":"!","time":"0.597577","counter":"102845","score":"-11062"}
{"tag":"!","time":"0.647051","counter":"109523","score":"-11057"}
{"tag":"!","time":"0.647051","counter":"109556","score":"-11055"}
{"tag":"!","time":"0.647051","counter":"109653","score":"-11053"}
{"tag":"!","time":"0.647051","counter":"109656","score":"-11046"}
{"tag":"!","time":"0.647051","counter":"109665","score":"-11044"}
{"tag":"!","time":"0.647051","counter":"109673","score":"-11039"}
{"tag":"!","time":"0.647051","counter":"109677","score":"-11033"}
{"tag":"!","time":"0.647051","counter":"109716","score":"-11014"}
{"tag":"!","time":"0.647051","counter":"109722","score":"-11000"}
{"tag":"!","time":"0.647051","counter":"109733","score":"-10977"}
{"tag":"!","time":"0.654162","counter":"110512","score":"-10951"}
{"tag":"!","time":"0.654162","counter":"110543","score":"-10918"}
{"tag":"!","time":"0.668271","counter":"112421","score":"-10912"}
{"tag":"!","time":"0.668271","counter":"112443","score":"-10911"}
{"tag":"!","time":"0.668271","counter":"112483","score":"-10910"}
{"tag":"!","time":"0.668271","counter":"112498","score":"-10908"}
{"tag":"!","time":"0.668271","counter":"112692","score":"-10898"}
{"tag":"!","time":"0.668271","counter":"112703","score":"-10894"}
{"tag":"!","time":"0.668271","counter":"112704","score":"-10889"}
{"tag":"!","time":"0.674929","counter":"113184","score":"-10884"}
{"tag":"!","time":"0.681371","counter":"114321","score":"-10872"}
{"tag":"!","time":"0.681371","counter":"114357","score":"-10862"}
{"tag":"!","time":"0.681371","counter":"114358","score":"-10853"}
{"tag":"!","time":"0.681371","counter":"114363","score":"-10845"}
{"tag":"!","time":"0.681371","counter":"114389","score":"-10842"}
{"tag":"!","time":"0.681371","counter":"114441","score":"-10836"}
{"tag":"!","time":"0.681371","counter":"114506","score":"-10830"}
{"tag":"!","time":"0.681371","counter":"114529","score":"-10821"}
{"tag":"!","time":"0.681371","counter":"114550","score":"-10818"}
{"tag":"!","time":"0.681371","counter":"114554","score":"-10769"}
{"tag":"!","time":"0.681371","counter":"114580","score":"-10766"}
{"tag":"!","time":"0.700486","counter":"117361","score":"-10756"}
{"tag":"!","time":"0.700486","counter":"117387","score":"-10748"}
{"tag":"!","time":"0.700486","counter":"117393","score":"-10735"}
{"tag":"!","time":"0.700486","counter":"117401","score":"-10732"}
{"tag":"!","time":"0.700486","counter":"117603","score":"-10728"}
{"tag":"!","time":"0.700486","counter":"117610","score":"-10722"}
{"tag":"!","time":"0.700486","counter":"117640","score":"-10713"}
{"tag":"!","time":"0.700486","counter":"117641","score":"-10705"}
{"tag":"!","time":"0.700486","counter":"117665","score":"-10667"}
{"tag":"!","time":"0.700486","counter":"117669","score":"-10661"}
{"tag":"!","time":"0.70688","counter":"118139","score":"-10639"}
{"tag":"!","time":"0.70688","counter":"118151","score":"-10629"}
{"tag":"!","time":"0.70688","counter":"118178","score":"-10606"}
{"tag":"!","time":"0.719132","counter":"120793","score":"-10605"}
{"tag":"!","time":"0.719132","counter":"120830","score":"-10598"}
{"tag":"!","time":"0.719132","counter":"120871","score":"-10593"}
{"tag":"!","time":"0.719132","counter":"120931","score":"-10587"}
{"tag":"!","time":"0.719132","counter":"120937","score":"-10585"}
{"tag":"!","time":"0.743609","counter":"124581","score":"-10580"}
{"tag":"!","time":"0.743609","counter":"124878","score":"-10561"}
{"tag":"!","time":"0.743609","counter":"124944","score":"-10553"}
{"tag":"!","time":"0.762202","counter":"127345","score":"-10551"}
{"tag":"!","time":"0.762202","counter":"127507","score":"-10549"}
{"tag":"!","time":"0.762202","counter":"127513","score":"-10537"}
{"tag":"!","time":"0.762202","counter":"127572","score":"-10515"}
{"tag":"!","time":"0.762202","counter":"127579","score":"-10506"}
{"tag":"!","time":"0.762202","counter":"127628","score":"-10503"}
{"tag":"!","time":"0.762202","counter":"127673","score":"-10494"}
{"tag":"!","time":"0.762202","counter":"127734","score":"-10491"}
{"tag":"!","time":"0.762202","counter":"127818","score":"-10458"}
{"tag":"!","time":"0.762202","counter":"127890","score":"-10456"}
{"tag":"!","time":"0.762202","counter":"127947","score":"-10450"}
{"tag":"!","time":"0.792707","counter":"132043","score":"-10434"}
{"tag":"!","time":"0.792707","counter":"132053","score":"-10422"}
{"tag":"!","time":"0.792707","counter":"132235","score":"-10421"}
{"tag":"!","time":"0.792707","counter":"132245","score":"-10398"}
{"tag":"!","time":"0.792707","counter":"132320","score":"-10397"}
{"tag":"!","time":"0.792707","counter":"132332","score":"-10390"}
{"tag":"!","time":"0.792707","counter":"132487","score":"-10384"}
{"tag":"!","time":"0.799237","counter":"133125","score":"-10383"}
{"tag":"!","time":"0.799237","counter":"133127","score":"-10380"}
{"tag":"!","time":"0.799237","counter":"133453","score":"-10374"}
{"tag":"!","time":"0.799237","counter":"133454","score":"-10373"}
{"tag":"!","time":"0.799237","counter":"133463","score":"-10349"}
{"tag":"!","time":"0.799237","counter":"133962","score":"-10347"}
{"tag":"!","time":"0.805421","counter":"134006","score":"-10336"}
{"tag":"!","time":"0.811716","counter":"135791","score":"-10332"}
{"tag":"!","time":"0.82374","counter":"137011","score":"-10318"}
{"tag":"!","time":"0.82374","counter":"137029","score":"-10315"}
{"tag":"!","time":"0.82374","counter":"137670","score":"-10295"}
{"tag":"!","time":"0.82374","counter":"137736","score":"-10280"}
{"tag":"!","time":"0.82374","counter":"137829","score":"-10273"}
{"tag":"!","time":"0.82374","counter":"137838","score":"-10259"}
{"tag":"!","time":"0.82374","counter":"137921","score":"-10252"}
{"tag":"!","time":"0.82374","counter":"137953","score":"-10250"}
{"tag":"!","time":"0.830339","counter":"138083","score":"-10246"}
{"tag":"!","time":"0.830339","counter":"138201","score":"-10238"}
{"tag":"!","time":"0.830339","counter":"138228","score":"-10235"}
{"tag":"!","time":"0.830339","counter":"138350","score":"-10231"}
{"tag":"!","time":"0.836474","counter":"139965","score":"-10229"}
{"tag":"!","time":"0.836474","counter":"139967","score":"-10218"}
{"tag":"!","time":"0.842595","counter":"140579","score":"-10214"}
{"tag":"!","time":"0.842595","counter":"140595","score":"-10196"}
{"tag":"!","time":"0.842595","counter":"140723","score":"-10193"}
{"tag":"!","time":"0.842595","counter":"140850","score":"-10184"}
{"tag":"!","time":"0.842595","counter":"140869","score":"-10179"}
{"tag":"!","time":"0.849075","counter":"141606","score":"-10168"}
{"tag":"!","time":"0.849075","counter":"141678","score":"-10164"}
{"tag":"!","time":"0.849075","counter":"141712","score":"-10153"}
{"tag":"!","time":"0.855612","counter":"142875","score":"-10150"}
{"tag":"!","time":"0.855612","counter":"142902","score":"-10145"}
{"tag":"!","time":"0.861462","counter":"143112","score":"-10139"}
{"tag":"!","time":"0.861462","counter":"143321","score":"-10129"}
{"tag":"!","time":"0.861462","counter":"143371","score":"-10125"}
{"tag":"!","time":"0.861462","counter":"143637","score":"-10115"}
{"tag":"!","time":"0.893691","counter":"148570","score":"-10110"}
{"tag":"!","time":"0.893691","counter":"148958","score":"-10109"}
{"tag":"!","time":"0.899951","counter":"149603","score":"-10105"}
{"tag":"!","time":"0.899951","counter":"149610","score":"-10097"}
{"tag":"!","time":"0.899951","counter":"149631","score":"-10080"}
{"tag":"!","time":"0.906222","counter":"150239","score":"-10074"}
{"tag":"!","time":"0.906222","counter":"150846","score":"-10072"}
{"tag":"!","time":"0.906222","counter":"150896","score":"-10057"}
{"tag":"!","time":"0.912621","counter":"151126","score":"-10056"}
{"tag":"!","time":"0.912621","counter":"151372","score":"-10050"}
{"tag":"!","time":"0.912621","counter":"151387","score":"-10034"}
{"tag":"!","time":"0.918831","counter":"152820","score":"-10030"}
{"tag":"!","time":"0.918831","counter":"152888","score":"-10026"}
{"tag":"!","time":"0.925047","counter":"153489","score":"-10022"}
{"tag":"!","time":"0.925047","counter":"153631","score":"-10021"}
{"tag":"!","time":"0.932519","counter":"154017","score":"-10011"}
{"tag":"!","time":"0.932519","counter":"154494","score":"-10010"}
{"tag":"!","time":"0.940811","counter":"155940","score":"-10005"}
{"tag":"!","time":"0.947636","counter":"156300","score":"-10000"}
{"tag":"!","time":"0.954388","counter":"157222","score":"-9989"}
{"tag":"!","time":"0.961644","counter":"158915","score":"-9986"}
{"tag":"!","time":"0.999406","counter":"164922","score":"-9980"}
{"tag":"result","counter":"165000","score":"-9980"}
{"type":"sa","c":"0.174064","l":"0.347433","score":"0.270514"}
{"tag":"param","type":"sa","start_temp":"30","end_temp":"1","limit":"1"}
{"tag":"!","time":"2.21693e-05","counter":"0","score":"-12657"}
{"tag":"!","time":"2.21693e-05","counter":"3","score":"-12596"}
{"tag":"!","time":"2.21693e-05","counter":"5","score":"-12586"}
{"tag":"!","time":"2.21693e-05","counter":"8","score":"-12578"}
{"tag":"!","time":"2.21693e-05","counter":"9","score":"-12536"}
{"tag":"!","time":"2.21693e-05","counter":"10","score":"-12530"}
{"tag":"!","time":"2.21693e-05","counter":"12","score":"-12519"}
{"tag":"!","time":"2.21693e-05","counter":"16","score":"-12500"}
{"tag":"!","time":"2.21693e-05","counter":"17","score":"-12485"}
{"tag":"!","time":"2.21693e-05","counter":"18","score":"-12479"}
{"tag":"!","time":"2.21693e-05","counter":"30","score":"-12466"}
{"tag":"!","time":"2.21693e-05","counter":"56","score":"-12433"}
{"tag":"!","time":"2.21693e-05","counter":"59","score":"-12419"}
{"tag":"!","time":"2.21693e-05","counter":"68","score":"-12408"}
{"tag":"!","time":"2.21693e-05","counter":"73","score":"-12366"}
{"tag":"!","time":"2.21693e-05","counter":"74","score":"-12345"}
{"tag":"!","time":"2.21693e-05","counter":"76","score":"-12342"}
{"tag":"!","time":"2.21693e-05","counter":"78","score":"-12338"}
{"tag":"!","time":"2.21693e-05","counter":"99","score":"-12322"}
{"tag":"!","time":"2.21693e-05","counter":"117","score":"-12320"}
{"tag":"!","time":"2.21693e-05","counter":"120","score":"-12314"}
{"tag":"!","time":"2.21693e-05","counter":"123","score":"-12306"}
{"tag":"!","time":"2.21693e-05","counter":"125","score":"-12290"}
{"tag":"!","time":"2.21693e-05","counter":"126","score":"-12279"}
{"tag":"!","time":"2.21693e-05","counter":"147","score":"-12277"}
{"tag":"!","time":"2.21693e-05","counter":"149","score":"-12256"}
{"tag":"!","time":"2.21693e-05","counter":"150","score":"-12244"}
{"tag":"!","time":"2.21693e-05","counter":"153","score":"-12204"}
{"tag":"!","time":"2.21693e-05","counter":"174","score":"-12191"}
{"tag":"!","time":"2.21693e-05","counter":"175","score":"-12183"}
{"tag":"!","time":"2.21693e-05","counter":"179","score":"-12172"}
{"tag":"!","time":"2.21693e-05","counter":"189","score":"-12168"}
{"tag":"!","time":"2.21693e-05","counter":"191","score":"-12150"}
{"tag":"!","time":"2.21693e-05","counter":"193","score":"-12120"}
{"tag":"!","time":"2.21693e-05","counter":"194","score":"-12113"}
{"tag":"!","time":"2.21693e-05","counter":"209","score":"-12081"}
{"tag":"!","time":"2.21693e-05","counter":"212","score":"-12079"}
{"tag":"!","time":"2.21693e-05","counter":"216","score":"-12051"}
{"tag":"!","time":"2.21693e-05","counter":"220","score":"-12036"}
{"tag":"!","time":"2.21693e-05","counter":"227","score":"-12018"}
{"tag":"!","time":"2.21693e-05","counter":"231","score":"-11967"}
{"tag":"!","time":"2.21693e-05","counter":"235","score":"-11939"}
{"tag":"!","time":"2.21693e-05","counter":"237","score":"-11935"}
{"tag":"!","time":"2.21693e-05","counter":"259","score":"-11928"}
{"tag":"!","time":"2.21693e-05","counter":"263","score":"-11926"}
{"tag":"!","time":"2.21693e-05","counter":"264","score":"-11874"}
{"tag":"!","time":"2.21693e-05","counter":"268","score":"-11866"}
{"tag":"!","time":"2.21693e-05","counter":"269","score":"-11838"}
{"tag":"!","time":"2.21693e-05","counter":"283","score":"-11820"}
{"tag":"!","time":"2.21693e-05","counter":"288","score":"-11767"}
{"tag":"!","time":"2.21693e-05","counter":"291","score":"-11738"}
{"tag":"!","time":"2.21693e-05","counter":"293","score":"-11709"}
{"tag":"!","time":"2.21693e-05","counter":"300","score":"-11688"}
{"tag":"!","time":"2.21693e-05","counter":"301","score":"-11680"}
{"tag":"!","time":"2.21693e-05","counter":"314","score":"-11662"}
{"tag":"!","time":"2.21693e-05","counter":"318","score":"-11658"}
{"tag":"!","time":"2.21693e-05","counter":"329","score":"-11636"}
{"tag":"!","time":"2.21693e-05","counter":"333","score":"-11621"}
{"tag":"!","time":"2.21693e-05","counter":"372","score":"-11614"}
{"tag":"!","time":"2.21693e-05","counter":"373","score":"-11609"}
{"tag":"!","time":"2.21693e-05","counter":"419","score":"-11557"}
{"tag":"!","time":"2.21693e-05","counter":"424","score":"-11520"}
{"tag":"!","time":"2.21693e-05","counter":"425","score":"-11502"}
{"tag":"!","time":"2.21693e-05","counter":"574","score":"-11498"}
{"tag":"!","time":"2.21693e-05","counter":"578","score":"-11494"}
{"tag":"!","time":"2.21693e-05","counter":"579","score":"-11487"}
{"tag":"!","time":"2.21693e-05","counter":"662","score":"-11486"}
{"tag":"!","time":"2.21693e-05","counter":"684","score":"-11435"}
{"tag":"!","time":"2.21693e-05","counter":"686","score":"-11434"}
{"tag":"!","time":"2.21693e-05","counter":"689","score":"-11426"}
{"tag":"!","time":"2.21693e-05","counter":"690","score":"-11423"}
{"tag":"!","time":"2.21693e-05","counter":"706","score":"-11385"}
{"tag":"!","time":"0.00665302","counter":"1123","score":"-11384"}
{"tag":"!","time":"0.00665302","counter":"1131","score":"-11372"}
{"tag":"!","time":"0.00665302","counter":"1132","score":"-11344"}
{"tag":"!","time":"0.00665302","counter":"1216","score":"-11335"}
{"tag":"!","time":"0.00665302","counter":"1237","score":"-11308"}
{"tag":"!","time":"0.00665302","counter":"1250","score":"-11298"}
{"tag":"!","time":"0.00665302","counter":"1251","score":"-11297"}
{"tag":"!","time":"0.00665302","counter":"1348","score":"-11271"}
{"tag":"!","time":"0.00665302","counter":"1372","score":"-11234"}
{"tag":"!","time":"0.00665302","counter":"1694","score":"-11191"}
{"tag":"!","time":"0.00665302","counter":"1698","score":"-11145"}
{"tag":"!","time":"0.00665302","counter":"1719","score":"-11111"}
{"tag":"!","time":"0.00665302","counter":"1723","score":"-11095"}
{"tag":"!","time":"0.00665302","counter":"1752","score":"-11090"}
{"tag":"!","time":"0.00665302","counter":"1761","score":"-11085"}
{"tag":"!","time":"0.00665302","counter":"1766","score":"-11056"}
{"tag":"!","time":"0.00665302","counter":"1768","score":"-11027"}
{"tag":"!","time":"0.0347329","counter":"6056","score":"-11023"}
{"tag":"!","time":"0.0347329","counter":"6065","score":"-10992"}
{"tag":"!","time":"0.0625867","counter":"11141","score":"-10959"}
{"tag":"!","time":"0.0625867","counter":"11147","score":"-10924"}
{"tag":"!","time":"0.0625867","counter":"11372","score":"-10875"}
{"tag":"!","time":"0.0730798","counter":"13741","score":"-10678"}
{"tag":"!","time":"0.0730798","counter":"13742","score":"-10650"}
{"tag":"!","time":"0.0730798","counter":"13744","score":"-10615"}
{"tag":"!","time":"0.0730798","counter":"13746","score":"-10612"}
{"tag":"!","time":"0.0730798","counter":"13749","score":"-10591"}
{"tag":"!","time":"0.0730798","counter":"13751","score":"-10584"}
{"tag":"!","time":"0.0785497","counter":"14532","score":"-10579"}
{"tag":"!","time":"0.0785497","counter":"14533","score":"-10552"}
{"tag":"!","time":"0.0785497","counter":"14540","score":"-10521"}
{"tag":"!","time":"0.0785497","counter":"14548","score":"-10519"}
{"tag":"!","time":"0.0785497","counter":"14562","score":"-10508"}
{"tag":"!","time":"0.0785497","counter":"14564","score":"-10506"}
{"tag":"!","time":"0.0785497","counter":"14566","score":"-10494"}
{"tag":"!","time":"0.0785497","counter":"14572","score":"-10427"}
{"tag":"!","time":"0.0785497","counter":"14573","score":"-10411"}
{"tag":"!","time":"0.0785497","counter":"14578","score":"-10401"}
{"tag":"!","time":"0.0785497","counter":"14596","score":"-10380"}
{"tag":"!","time":"0.0963177","counter":"17125","score":"-10361"}
{"tag":"!","time":"0.0963177","counter":"17126","score":"-10329"}
{"tag":"!","time":"0.0963177","counter":"17127","score":"-10296"}
{"tag":"!","time":"0.0963177","counter":"17131","score":"-10269"}
{"tag":"!","time":"0.0963177","counter":"17132","score":"-10174"}
{"tag":"!","time":"0.102789","counter":"18115","score":"-10137"}
{"tag":"!","time":"0.102789","counter":"18131","score":"-10102"}
{"tag":"!","time":"0.102789","counter":"18138","score":"-10086"}
{"tag":"!","time":"0.102789","counter":"18236","score":"-10031"}
{"tag":"!","time":"0.270286","counter":"45604","score":"-10017"}
{"tag":"!","time":"0.270286","counter":"45622","score":"-9985"}
{"tag":"!","time":"0.308576","counter":"51035","score":"-9939"}
{"tag":"!","time":"0.308576","counter":"51198","score":"-9932"}
{"tag":"!","time":"0.308576","counter":"51199","score":"-9927"}
{"tag":"!","time":"0.317135","counter":"52442","score":"-9902"}
{"tag":"!","time":"0.317135","counter":"52476","score":"-9897"}
{"tag":"!","time":"0.317135","counter":"52477","score":"-9871"}
{"tag":"!","time":"0.317135","counter":"52650","score":"-9856"}
{"tag":"!","time":"0.32388","counter":"53807","score":"-9834"}
{"tag":"!","time":"0.32388","counter":"53875","score":"-9833"}
{"tag":"!","time":"0.330298","counter":"54226","score":"-9823"}
{"tag":"!","time":"0.330298","counter":"54239","score":"-9814"}
{"tag":"!","time":"0.330298","counter":"54241","score":"-9762"}
{"tag":"!","time":"0.330298","counter":"54242","score":"-9743"}
{"tag":"!","time":"0.330298","counter":"54268","score":"-9712"}
{"tag":"!","time":"0.330298","counter":"54275","score":"-9710"}
{"tag":"!","time":"0.330298","counter":"54292","score":"-9708"}
{"tag":"!","time":"0.330298","counter":"54293","score":"-9704"}
{"tag":"!","time":"0.351342","counter":"57073","score":"-9660"}
{"tag":"!","time":"0.351342","counter":"57081","score":"-9652"}
{"tag":"!","time":"0.35743","counter":"58913","score":"-9606"}
{"tag":"!","time":"0.364495","counter":"59332","score":"-9602"}
{"tag":"!","time":"0.364495","counter":"59341","score":"-9575"}
{"tag":"!","time":"0.364495","counter":"59355","score":"-9530"}
{"tag":"!","time":"0.364495","counter":"59376","score":"-9467"}
{"tag":"!","time":"0.364495","counter":"59378","score":"-9453"}
{"tag":"!","time":"0.364495","counter":"59408","score":"-9438"}
{"tag":"!","time":"0.364495","counter":"59410","score":"-9431"}
{"tag":"!","time":"0.364495","counter":"59411","score":"-9419"}
{"tag":"!","time":"0.364495","counter":"59429","score":"-9388"}
{"tag":"!","time":"0.364495","counter":"59438","score":"-9383"}
{"tag":"!","time":"0.364495","counter":"59457","score":"-9348"}
{"tag":"!","time":"0.364495","counter":"59473","score":"-9334"}
{"tag":"!","time":"0.364495","counter":"59491","score":"-9332"}
{"tag":"!","time":"0.364495","counter":"59901","score":"-9310"}
{"tag":"!","time":"0.364495","counter":"59918","score":"-9292"}
{"tag":"!","time":"0.378724","counter":"61081","score":"-9286"}
{"tag":"!","time":"0.378724","counter":"61092","score":"-9278"}
{"tag":"!","time":"0.378724","counter":"61110","score":"-9275"}
{"tag":"!","time":"0.378724","counter":"61287","score":"-9265"}
{"tag":"!","time":"0.378724","counter":"61304","score":"-9237"}
{"tag":"!","time":"0.378724","counter":"61462","score":"-9192"}
{"tag":"!","time":"0.378724","counter":"61467","score":"-9188"}
{"tag":"!","time":"0.378724","counter":"61481","score":"-9177"}
{"tag":"!","time":"0.554356","counter":"89886","score":"-9175"}
{"tag":"!","time":"0.554356","counter":"89897","score":"-9159"}
{"tag":"!","time":"0.554356","counter":"89918","score":"-9138"}
{"tag":"!","time":"0.554356","counter":"89921","score":"-9133"}
{"tag":"!","time":"0.554356","counter":"89949","score":"-9112"}
{"tag":"!","time":"0.554356","counter":"89978","score":"-9105"}
{"tag":"!","time":"0.56142","counter":"90018","score":"-9092"}
{"tag":"!","time":"0.568226","counter":"91176","score":"-9091"}
{"tag":"!","time":"0.568226","counter":"91182","score":"-9076"}
{"tag":"!","time":"0.568226","counter":"91426","score":"-9075"}
{"tag":"!","time":"0.568226","counter":"91429","score":"-9038"}
{"tag":"!","time":"0.568226","counter":"91431","score":"-9028"}
{"tag":"!","time":"0.568226","counter":"91445","score":"-9023"}
{"tag":"!","time":"0.568226","counter":"91451","score":"-9020"}
{"tag":"!","time":"0.568226","counter":"91622","score":"-9011"}
{"tag":"!","time":"0.568226","counter":"91634","score":"-9007"}
{"tag":"!","time":"0.568226","counter":"91666","score":"-9001"}
{"tag":"!","time":"0.576461","counter":"92833","score":"-8996"}
{"tag":"!","time":"0.576461","counter":"92848","score":"-8990"}
{"tag":"!","time":"0.576461","counter":"92852","score":"-8989"}
{"tag":"!","time":"0.576461","counter":"92853","score":"-8985"}
{"tag":"!","time":"0.576461","counter":"92857","score":"-8980"}
{"tag":"!","time":"0.576461","counter":"92879","score":"-8973"}
{"tag":"!","time":"0.590933","counter":"94307","score":"-8944"}
{"tag":"!","time":"0.590933","counter":"94377","score":"-8924"}
{"tag":"!","time":"0.598486","counter":"95209","score":"-8915"}
{"tag":"!","time":"0.598486","counter":"95248","score":"-8914"}
{"tag":"!","time":"0.61094","counter":"97831","score":"-8901"}
{"tag":"!","time":"0.61094","counter":"97832","score":"-8886"}
{"tag":"!","time":"0.61094","counter":"97880","score":"-8885"}
{"tag":"!","time":"0.61094","counter":"97994","score":"-8879"}
{"tag":"!","time":"0.617105","counter":"98006","score":"-8864"}
{"tag":"!","time":"0.617105","counter":"98055","score":"-8845"}
{"tag":"!","time":"0.617105","counter":"98069","score":"-8843"}
{"tag":"!","time":"0.617105","counter":"98091","score":"-8841"}
{"tag":"!","time":"0.623612","counter":"99480","score":"-8833"}
{"tag":"!","time":"0.629305","counter":"100041","score":"-8807"}
{"tag":"!","time":"0.629305","counter":"100046","score":"-8804"}
{"tag":"!","time":"0.629305","counter":"100068","score":"-8792"}
{"tag":"!","time":"0.629305","counter":"100153","score":"-8782"}
{"tag":"!","time":"0.635631","counter":"101243","score":"-8771"}
{"tag":"!","time":"0.654011","counter":"104598","score":"-8768"}
{"tag":"!","time":"0.660382","counter":"105661","score":"-8767"}
{"tag":"!","time":"0.660382","counter":"105681","score":"-8745"}
{"tag":"!","time":"0.672615","counter":"107316","score":"-8738"}
{"tag":"!","time":"0.672615","counter":"107327","score":"-8706"}
{"tag":"!","time":"0.672615","counter":"107505","score":"-8704"}
{"tag":"!","time":"0.672615","counter":"107511","score":"-8692"}
{"tag":"!","time":"0.672615","counter":"107518","score":"-8686"}
{"tag":"!","time":"0.672615","counter":"107521","score":"-8659"}
{"tag":"!","time":"0.672615","counter":"107541","score":"-8635"}
{"tag":"!","time":"0.672615","counter":"107571","score":"-8591"}
{"tag":"!","time":"0.672615","counter":"107682","score":"-8587"}
{"tag":"!","time":"0.672615","counter":"107759","score":"-8581"}
{"tag":"!","time":"0.672615","counter":"107789","score":"-8580"}
{"tag":"!","time":"0.672615","counter":"107800","score":"-8568"}
{"tag":"!","time":"0.672615","counter":"107808","score":"-8557"}
{"tag":"!","time":"0.681125","counter":"108083","score":"-8526"}
{"tag":"!","time":"0.715242","counter":"113614","score":"-8524"}
{"tag":"!","time":"0.715242","counter":"113991","score":"-8512"}
{"tag":"!","time":"0.715242","counter":"113994","score":"-8491"}
{"tag":"!","time":"0.722889","counter":"114061","score":"-8488"}
{"tag":"!","time":"0.722889","counter":"114084","score":"-8481"}
{"tag":"!","time":"0.722889","counter":"114452","score":"-8463"}
{"tag":"!","time":"0.722889","counter":"114462","score":"-8458"}
{"tag":"!","time":"0.722889","counter":"114494","score":"-8436"}
{"tag":"!","time":"0.722889","counter":"114822","score":"-8432"}
{"tag":"!","time":"0.722889","counter":"114974","score":"-8420"}
{"tag":"!","time":"0.722889","counter":"114985","score":"-8418"}
{"tag":"!","time":"0.731512","counter":"115026","score":"-8400"}
{"tag":"!","time":"0.731512","counter":"115130","score":"-8399"}
{"tag":"!","time":"0.731512","counter":"115170","score":"-8383"}
{"tag":"!","time":"0.731512","counter":"115172","score":"-8382"}
{"tag":"!","time":"0.731512","counter":"115187","score":"-8362"}
{"tag":"!","time":"0.731512","counter":"115238","score":"-8342"}
{"tag":"!","time":"0.731512","counter":"115339","score":"-8336"}
{"tag":"!","time":"0.731512","counter":"115383","score":"-8333"}
{"tag":"!","time":"0.740231","counter":"116123","score":"-8304"}
{"tag":"!","time":"0.740231","counter":"116175","score":"-8298"}
{"tag":"!","time":"0.740231","counter":"116387","score":"-8290"}
{"tag":"!","time":"0.740231","counter":"116405","score":"-8286"}
{"tag":"!","time":"0.740231","counter":"116541","score":"-8268"}
{"tag":"!","time":"0.740231","counter":"116568","score":"-8258"}
{"tag":"!","time":"0.740231","counter":"116622","score":"-8250"}
{"tag":"!","time":"0.740231","counter":"116764","score":"-8247"}
{"tag":"!","time":"0.740231","counter":"116799","score":"-8238"}
{"tag":"!","time":"0.748695","counter":"117069","score":"-8193"}
{"tag":"!","time":"0.763142","counter":"119148","score":"-8190"}
{"tag":"!","time":"0.763142","counter":"119551","score":"-8185"}
{"tag":"!","time":"0.763142","counter":"119782","score":"-8165"}
{"tag":"!","time":"0.763142","counter":"119874","score":"-8163"}
{"tag":"!","time":"0.763142","counter":"119875","score":"-8156"}
{"tag":"!","time":"0.763142","counter":"119877","score":"-8150"}
{"tag":"!","time":"0.770279","counter":"120006","score":"-8144"}
{"tag":"!","time":"0.770279","counter":"120122","score":"-8141"}
{"tag":"!","time":"0.777872","counter":"121072","score":"-8134"}
{"tag":"!","time":"0.777872","counter":"121794","score":"-8125"}
{"tag":"!","time":"0.777872","counter":"121803","score":"-8124"}
{"tag":"!","time":"0.777872","counter":"121938","score":"-8117"}
{"tag":"!","time":"0.784709","counter":"122004","score":"-8109"}
{"tag":"!","time":"0.784709","counter":"122427","score":"-8097"}
{"tag":"!","time":"0.784709","counter":"122492","score":"-8094"}
{"tag":"!","time":"0.784709","counter":"122516","score":"-8091"}
{"tag":"!","time":"0.784709","counter":"122561","score":"-8071"}
{"tag":"!","time":"0.784709","counter":"122649","score":"-8065"}
{"tag":"!","time":"0.784709","counter":"122688","score":"-8050"}
{"tag":"!","time":"0.784709","counter":"122722","score":"-8043"}
{"tag":"!","time":"0.784709","counter":"122836","score":"-8034"}
{"tag":"!","time":"0.791731","counter":"123046","score":"-8026"}
{"tag":"!","time":"0.791731","counter":"123082","score":"-7992"}
{"tag":"!","time":"0.817862","counter":"127792","score":"-7985"}
{"tag":"!","time":"0.817862","counter":"127808","score":"-7964"}
{"tag":"!","time":"0.817862","counter":"127837","score":"-7959"}
{"tag":"!","time":"0.871706","counter":"135526","score":"-7946"}
{"tag":"!","time":"0.871706","counter":"135543","score":"-7928"}
{"tag":"!","time":"0.871706","counter":"135562","score":"-7915"}
{"tag":"!","time":"0.871706","counter":"135761","score":"-7909"}
{"tag":"!","time":"0.884647","counter":"137642","score":"-7908"}
{"tag":"!","time":"0.890858","counter":"138066","score":"-7884"}
{"tag":"!","time":"0.890858","counter":"138386","score":"-7871"}
{"tag":"!","time":"0.890858","counter":"138699","score":"-7866"}
{"tag":"!","time":"0.890858","counter":"138912","score":"-7865"}
{"tag":"!","time":"0.897344","counter":"139135","score":"-7859"}
{"tag":"!","time":"0.897344","counter":"139719","score":"-7858"}
{"tag":"!","time":"0.935554","counter":"145269","score":"-7856"}
{"tag":"!","time":"0.935554","counter":"145913","score":"-7834"}
{"tag":"!","time":"0.956667","counter":"148977","score":"-7832"}
{"tag":"!","time":"0.976074","counter":"150552","score":"-7827"}
{"tag":"!","time":"0.976074","counter":"150888","score":"-7824"}
{"tag":"!","time":"0.983236","counter":"151322","score":"-7816"}
{"tag":"!","time":"0.983236","counter":"151386","score":"-7815"}
{"tag":"!","time":"0.983236","counter":"151523","score":"-7814"}
{"tag":"!","time":"0.983236","counter":"151808","score":"-7812"}
{"tag":"!","time":"0.998466","counter":"153319","score":"-7801"}
{"tag":"!","time":"0.998466","counter":"153900","score":"-7800"}
{"tag":"!","time":"0.998466","counter":"153982","score":"-7790"}
{"tag":"result","counter":"154000","score":"-7790"}
{"type":"sa","c":"0.391645","l":"0.271192","score":"0.324634"}
{"tag":"param","type":"sa","start_temp":"30","end_temp":"1","limit":"5.95404"}
{"tag":"!","time":"0.000210358","counter":"0","score":"-15623"}
{"tag":"!","time":"0.000210358","counter":"1","score":"-15605"}
{"tag":"!","time":"0.000210358","counter":"2","score":"-15600"}
{"tag":"!","time":"0.000210358","counter":"3","score":"-15554"}
{"tag":"!","time":"0.000210358","counter":"5","score":"-15550"}
{"tag":"!","time":"0.000210358","counter":"9","score":"-15538"}
{"tag":"!","time":"0.000210358","counter":"10","score":"-15527"}
{"tag":"!","time":"0.000210358","counter":"12","score":"-15509"}
{"tag":"!","time":"0.000210358","counter":"18","score":"-15495"}
{"tag":"!","time":"0.000210358","counter":"26","score":"-15489"}
{"tag":"!","time":"0.000210358","counter":"27","score":"-15485"}
{"tag":"!","time":"0.000210358","counter":"28","score":"-15483"}
{"tag":"!","time":"0.000210358","counter":"32","score":"-15432"}
{"tag":"!","time":"0.000210358","counter":"33","score":"-15423"}
{"tag":"!","time":"0.000210358","counter":"37","score":"-15396"}
{"tag":"!","time":"0.000210358","counter":"38","score":"-15382"}
{"tag":"!","time":"0.000210358","counter":"39","score":"-15361"}
{"tag":"!","time":"0.000210358","counter":"59","score":"-15298"}
{"tag":"!","time":"0.000210358","counter":"66","score":"-15282"}
{"tag":"!","time":"0.000210358","counter":"68","score":"-15224"}
{"tag":"!","time":"0.000210358","counter":"72","score":"-15223"}
{"tag":"!","time":"0.000210358","counter":"75","score":"-15201"}
{"tag":"!","time":"0.000210358","counter":"100","score":"-15172"}
{"tag":"!","time":"0.000210358","counter":"102","score":"-15101"}
{"tag":"!","time":"0.000210358","counter":"105","score":"-15086"}
{"tag":"!","time":"0.000210358","counter":"106","score":"-15048"}
{"tag":"!","time":"0.000210358","counter":"110","score":"-15043"}
{"tag":"!","time":"0.000210358","counter":"111","score":"-15034"}
{"tag":"!","time":"0.000210358","counter":"130","score":"-14917"}
{"tag":"!","time":"0.000210358","counter":"131","score":"-14909"}
{"tag":"!","time":"0.000210358","counter":"135","score":"-14889"}
{"tag":"!","time":"0.000210358","counter":"137","score":"-14887"}
{"tag":"!","time":"0.000210358","counter":"138","score":"-14886"}
{"tag":"!","time":"0.000210358","counter":"155","score":"-14848"}
{"tag":"!","time":"0.000210358","counter":"156","score":"-14843"}
{"tag":"!","time":"0.000210358","counter":"163","score":"-14837"}
{"tag":"!","time":"0.000210358","counter":"165","score":"-14814"}
{"tag":"!","time":"0.000210358","counter":"175","score":"-14789"}
{"tag":"!","time":"0.000210358","counter":"176","score":"-14772"}
{"tag":"!","time":"0.000210358","counter":"182","score":"-14757"}
{"tag":"!","time":"0.000210358","counter":"183","score":"-14753"}
{"tag":"!","time":"0.000210358","counter":"184","score":"-14750"}
{"tag":"!","time":"0.000210358","counter":"196","score":"-14733"}
{"tag":"!","time":"0.000210358","counter":"198","score":"-14728"}
{"tag":"!","time":"0.000210358","counter":"199","score":"-14664"}
{"tag":"!","time":"0.000210358","counter":"200","score":"-14658"}
{"tag":"!","time":"0.000210358","counter":"201","score":"-14657"}
{"tag":"!","time":"0.000210358","counter":"227","score":"-14656"}
{"tag":"!","time":"0.000210358","counter":"230","score":"-14648"}
{"tag":"!","time":"0.000210358","counter":"234","score":"-14645"}
{"tag":"!","time":"0.000210358","counter":"238","score":"-14601"}
{"tag":"!","time":"0.000210358","counter":"241","score":"-14587"}
{"tag":"!","time":"0.000210358","counter":"245","score":"-14564"}
{"tag":"!","time":"0.000210358","counter":"246","score":"-14554"}
{"tag":"!","time":"0.000210358","counter":"247","score":"-14518"}
{"tag":"!","time":"0.000210358","counter":"249","score":"-14506"}
{"tag":"!","time":"0.000210358","counter":"251","score":"-14504"}
{"tag":"!","time":"0.000210358","counter":"252","score":"-14465"}
{"tag":"!","time":"0.000210358","counter":"264","score":"-14403"}
{"tag":"!","time":"0.000210358","counter":"307","score":"-14388"}
{"tag":"!","time":"0.000210358","counter":"322","score":"-14353"}
{"tag":"!","time":"0.000210358","counter":"324","score":"-14328"}
{"tag":"!","time":"0.000210358","counter":"325","score":"-14322"}
{"tag":"!","time":"0.000210358","counter":"870","score":"-14318"}
{"tag":"!","time":"0.000210358","counter":"873","score":"-14300"}
{"tag":"!","time":"0.000210358","counter":"880","score":"-14291"}
{"tag":"!","time":"0.000210358","counter":"895","score":"-14262"}
{"tag":"!","time":"0.000210358","counter":"916","score":"-14259"}
{"tag":"!","time":"0.000210358","counter":"918","score":"-14237"}
{"tag":"!","time":"0.000210358","counter":"924","score":"-14217"}
{"tag":"!","time":"0.000210358","counter":"925","score":"-14209"}
{"tag":"!","time":"0.000210358","counter":"929","score":"-14179"}
{"tag":"!","time":"0.000210358","counter":"933","score":"-14131"}
{"tag":"!","time":"0.000210358","counter":"934","score":"-14123"}
{"tag":"!","time":"0.000210358","counter":"937","score":"-14114"}
{"tag":"!","time":"0.000210358","counter":"941","score":"-14104"}
{"tag":"!","time":"0.000210358","counter":"942","score":"-14098"}
{"tag":"!","time":"0.000210358","counter":"945","score":"-14088"}
{"tag":"!","time":"0.000210358","counter":"959","score":"-14084"}
{"tag":"!","time":"0.0154466","counter":"1599","score":"-14081"}
{"tag":"!","time":"0.0154466","counter":"1603","score":"-14055"}
{"tag":"!","time":"0.0154466","counter":"1607","score":"-14049"}
{"tag":"!","time":"0.020327","counter":"2266","score":"-14041"}
{"tag":"!","time":"0.020327","counter":"2270","score":"-14033"}
{"tag":"!","time":"0.020327","counter":"2274","score":"-14025"}
{"tag":"!","time":"0.020327","counter":"2350","score":"-14017"}
{"tag":"!","time":"0.061032","counter":"11125","score":"-13995"}
{"tag":"!","time":"0.061032","counter":"11127","score":"-13969"}
{"tag":"!","time":"0.078981","counter":"15535","score":"-13961"}
{"tag":"!","time":"0.101391","counter":"20771","score":"-13944"}
{"tag":"!","time":"0.101391","counter":"20777","score":"-13931"}
{"tag":"!","time":"0.101391","counter":"20778","score":"-13919"}
{"tag":"!","time":"0.101391","counter":"20779","score":"-13898"}
{"tag":"!","time":"0.101391","counter":"20834","score":"-13881"}
{"tag":"!","time":"0.101391","counter":"20837","score":"-13865"}
{"tag":"!","time":"0.101391","counter":"20842","score":"-13807"}
{"tag":"!","time":"0.246845","counter":"55829","score":"-13776"}
{"tag":"!","time":"0.246845","counter":"55832","score":"-13772"}
{"tag":"!","time":"0.246845","counter":"55839","score":"-13738"}
{"tag":"!","time":"0.418706","counter":"97950","score":"-13708"}
{"tag":"!","time":"0.418706","counter":"97953","score":"-13685"}
{"tag":"!","time":"0.524034","counter":"120337","score":"-13674"}
{"tag":"!","time":"0.524034","counter":"120339","score":"-13647"}
{"tag":"!","time":"0.57705","counter":"131697","score":"-13641"}
{"tag":"!","time":"0.57705","counter":"131698","score":"-13612"}
{"tag":"!","time":"1.13352","counter":"259542","score":"-13560"}
{"tag":"!","time":"1.25888","counter":"289991","score":"-13534"}
{"tag":"!","time":"1.26306","counter":"290116","score":"-13529"}
{"tag":"!","time":"1.31555","counter":"302714","score":"-13527"}
{"tag":"!","time":"1.31555","counter":"302716","score":"-13520"}
{"tag":"!","time":"1.55407","counter":"357192","score":"-13509"}
{"tag":"!","time":"1.60014","counter":"367848","score":"-13493"}
{"tag":"!","time":"1.62189","counter":"372778","score":"-13490"}
{"tag":"!","time":"1.62189","counter":"372793","score":"-13488"}
{"tag":"!","time":"1.62189","counter":"372860","score":"-13480"}
{"tag":"!","time":"1.62189","counter":"372862","score":"-13470"}
{"tag":"!","time":"1.62189","counter":"372866","score":"-13455"}
{"tag":"!","time":"1.62189","counter":"372869","score":"-13443"}
{"tag":"!","time":"1.74253","counter":"399049","score":"-13431"}
{"tag":"!","time":"1.74253","counter":"399050","score":"-13421"}
{"tag":"!","time":"1.86157","counter":"424918","score":"-13416"}
{"tag":"!","time":"1.86157","counter":"424942","score":"-13412"}
{"tag":"!","time":"2.05674","counter":"466210","score":"-13409"}
{"tag":"!","time":"2.11859","counter":"481053","score":"-13396"}
{"tag":"!","time":"2.11859","counter":"481059","score":"-13389"}
{"tag":"!","time":"2.11859","counter":"481068","score":"-13383"}
{"tag":"!","time":"2.17183","counter":"493398","score":"-13375"}
{"tag":"!","time":"2.17183","counter":"493405","score":"-13338"}
{"tag":"!","time":"2.17183","counter":"493410","score":"-13320"}
{"tag":"!","time":"2.43013","counter":"549449","score":"-13318"}
{"tag":"!","time":"2.43013","counter":"549522","score":"-13303"}
{"tag":"!","time":"2.46916","counter":"557212","score":"-13283"}
{"tag":"!","time":"2.46916","counter":"557221","score":"-13253"}
{"tag":"!","time":"2.46916","counter":"557228","score":"-13245"}
{"tag":"!","time":"2.46916","counter":"557234","score":"-13235"}
{"tag":"!","time":"2.89393","counter":"645377","score":"-13203"}
{"tag":"!","time":"2.89393","counter":"645388","score":"-13175"}
{"tag":"!","time":"2.89393","counter":"645390","score":"-13156"}
{"tag":"!","time":"2.89393","counter":"645394","score":"-13154"}
{"tag":"!","time":"2.89393","counter":"645396","score":"-13135"}
{"tag":"!","time":"2.89393","counter":"645399","score":"-13131"}
{"tag":"!","time":"2.89393","counter":"645414","score":"-13111"}
{"tag":"!","time":"3.23047","counter":"716933","score":"-13105"}
{"tag":"!","time":"3.23047","counter":"716943","score":"-13098"}
{"tag":"!","time":"3.23047","counter":"716957","score":"-13095"}
{"tag":"!","time":"3.23047","counter":"716979","score":"-13092"}
{"tag":"!","time":"3.31702","counter":"735915","score":"-13088"}
{"tag":"!","time":"3.58993","counter":"792286","score":"-13067"}
{"tag":"!","time":"3.58993","counter":"792597","score":"-13052"}
{"tag":"!","time":"3.58993","counter":"792600","score":"-13033"}
{"tag":"!","time":"3.59992","counter":"794965","score":"-13030"}
{"tag":"!","time":"3.60424","counter":"795062","score":"-13017"}
{"tag":"!","time":"3.60424","counter":"795071","score":"-12992"}
{"tag":"!","time":"3.60424","counter":"795074","score":"-12990"}
{"tag":"!","time":"3.60424","counter":"795079","score":"-12986"}
{"tag":"!","time":"3.60424","counter":"795089","score":"-12981"}
{"tag":"!","time":"3.60424","counter":"795099","score":"-12979"}
{"tag":"!","time":"4.00531","counter":"874557","score":"-12978"}
{"tag":"!","time":"4.00531","counter":"874561","score":"-12968"}
{"tag":"!","time":"4.00531","counter":"874589","score":"-12965"}
{"tag":"!","time":"4.00531","counter":"874592","score":"-12964"}
{"tag":"!","time":"4.00531","counter":"874610","score":"-12958"}
{"tag":"!","time":"4.00531","counter":"874631","score":"-12946"}
{"tag":"!","time":"4.00531","counter":"874637","score":"-12944"}
{"tag":"!","time":"4.12134","counter":"899101","score":"-12942"}
{"tag":"!","time":"4.12134","counter":"899108","score":"-12910"}
{"tag":"!","time":"4.12134","counter":"899170","score":"-12887"}
{"tag":"!","time":"4.12134","counter":"899171","score":"-12881"}
{"tag":"!","time":"4.12573","counter":"900020","score":"-12868"}
{"tag":"!","time":"4.12573","counter":"900065","score":"-12857"}
{"tag":"!","time":"4.28172","counter":"932859","score":"-12852"}
{"tag":"!","time":"4.44616","counter":"966559","score":"-12839"}
{"tag":"!","time":"4.44616","counter":"966711","score":"-12830"}
{"tag":"!","time":"4.514","counter":"980180","score":"-12821"}
{"tag":"!","time":"4.514","counter":"980190","score":"-12809"}
{"tag":"!","time":"4.61951","counter":"1002271","score":"-12804"}
{"tag":"!","time":"4.61951","counter":"1002660","score":"-12802"}
{"tag":"!","time":"4.61951","counter":"1002993","score":"-12801"}
{"tag":"!","time":"4.64937","counter":"1008967","score":"-12800"}
{"tag":"!","time":"4.65399","counter":"1009017","score":"-12798"}
{"tag":"!","time":"4.65399","counter":"1009171","score":"-12793"}
{"tag":"!","time":"4.66369","counter":"1011030","score":"-12783"}
{"tag":"!","time":"4.66369","counter":"1011089","score":"-12780"}
{"tag":"!","time":"4.66369","counter":"1011099","score":"-12768"}
{"tag":"!","time":"4.66369","counter":"1011157","score":"-12752"}
{"tag":"!","time":"4.66369","counter":"1011161","score":"-12732"}
{"tag":"!","time":"4.66369","counter":"1011187","score":"-12731"}
{"tag":"!","time":"5.15865","counter":"1107129","score":"-12728"}
{"tag":"!","time":"5.15865","counter":"1107201","score":"-12726"}
{"tag":"!","time":"5.15865","counter":"1107208","score":"-12725"}
{"tag":"!","time":"5.15865","counter":"1107391","score":"-12721"}
{"tag":"!","time":"5.15865","counter":"1107513","score":"-12718"}
{"tag":"!","time":"5.33138","counter":"1141205","score":"-12717"}
{"tag":"!","time":"5.33138","counter":"1141339","score":"-12713"}
{"tag":"!","time":"5.33138","counter":"1141468","score":"-12705"}
{"tag":"!","time":"5.33138","counter":"1141504","score":"-12700"}
{"tag":"!","time":"5.44012","counter":"1162757","score":"-12699"}
{"tag":"!","time":"5.48063","counter":"1170264","score":"-12693"}
{"tag":"!","time":"5.59845","counter":"1193936","score":"-12692"}
{"tag":"!","time":"5.60383","counter":"1194155","score":"-12691"}
{"tag":"!","time":"5.63433","counter":"1200595","score":"-12690"}
{"tag":"!","time":"5.6701","counter":"1207909","score":"-12688"}
{"tag":"!","time":"5.6701","counter":"1207926","score":"-12687"}
{"tag":"result","counter":"1262000","score":"-12687"}
{"type":"sa","c":"0.0435161","l":"0.441671","score":"0.26502"}
