{"type":"greedy_loss","c":"1.12873","l":"0","score":"0.0747427","h":"10","w":"121"}
{"type":"greedy_loss","c":"1.08209","l":"0","score":"0.0716542","h":"116","w":"10"}
{"type":"greedy_loss","c":"1.08209","l":"0","score":"0.0716542","h":"116","w":"10"}
{"type":"greedy_loss","c":"1.08209","l":"0","score":"0.0716542","h":"116","w":"10"}
{"type":"greedy_loss","c":"1.08209","l":"0","score":"0.0716542","h":"116","w":"10"}
{"type":"greedy_loss","c":"1.08209","l":"0","score":"0.0716542","h":"116","w":"10"}
{"type":"greedy_loss","c":"1.08209","l":"0","score":"0.0716542","h":"116","w":"10"}
{"type":"greedy_loss","c":"1.08209","l":"0","score":"0.0716542","h":"116","w":"10"}
{"type":"greedy_loss","c":"1.08209","l":"0","score":"0.0716542","h":"116","w":"10"}
{"type":"greedy_loss","c":"1.08209","l":"0","score":"0.0716542","h":"116","w":"10"}
{"type":"greedy_loss","c":"1.08209","l":"0","score":"0.0716542","h":"116","w":"10"}
{"type":"greedy_loss","c":"1.08209","l":"0","score":"0.0716542","h":"116","w":"10"}
{"type":"greedy_loss","c":"1.08209","l":"0","score":"0.0716542","h":"116","w":"10"}
{"type":"greedy_loss","c":"1.08209","l":"0","score":"0.0716542","h":"116","w":"10"}
{"type":"greedy_loss","c":"1.08209","l":"0","score":"0.0716542","h":"116","w":"10"}
{"type":"greedy_loss","c":"1.08209","l":"0","score":"0.0716542","h":"116","w":"10"}
{"type":"greedy_loss","c":"1.08209","l":"0","score":"0.0716542","h":"116","w":"10"}
{"type":"greedy_loss","c":"1.08209","l":"0","score":"0.0716542","h":"116","w":"10"}
{"type":"greedy_loss","c":"1.08209","l":"0","score":"0.0716542","h":"116","w":"10"}
{"type":"greedy_loss","c":"1.08209","l":"0","score":"0.0716542","h":"116","w":"10"}
{"type":"greedy_loss","c":"1.08209","l":"0","score":"0.0716542","h":"116","w":"10"}
{"type":"greedy_loss","c":"1.08209","l":"0","score":"0.0716542","h":"116","w":"10"}
{"type":"greedy_loss","c":"1.08209","l":"0","score":"0.0716542","h":"116","w":"10"}
{"type":"greedy_loss","c":"1.09142","l":"0","score":"0.0722719","h":"45","w":"26"}
{"type":"greedy_loss","c":"1.10821","l":"0","score":"0.0733838","h":"11","w":"108"}
{"type":"greedy_loss","c":"1.09795","l":"0","score":"0.0727043","h":"11","w":"107"}
{"type":"greedy_loss","c":"1.06343","l":"0","score":"0.0704188","h":"95","w":"12"}
{"type":"greedy_loss","c":"1.09142","l":"0","score":"0.0722719","h":"45","w":"26"}
{"type":"greedy_loss","c":"1.10821","l":"0","score":"0.0733838","h":"11","w":"108"}
{"type":"greedy_loss","c":"1.06343","l":"0","score":"0.0704188","h":"95","w":"12"}
{"type":"greedy_loss","c":"1.09142","l":"0","score":"0.0722719","h":"45","w":"26"}
{"type":"greedy_loss","c":"1.10821","l":"0","score":"0.0733838","h":"11","w":"108"}
{"type":"greedy_loss","c":"1.1194","l":"0","score":"0.074125","h":"30","w":"40"}
{"type":"greedy_loss","c":"1.09422","l":"0","score":"0.0724572","h":"51","w":"23"}
{"type":"greedy_loss","c":"1.09142","l":"0","score":"0.0722719","h":"45","w":"26"}
{"type":"greedy_loss","c":"1.10821","l":"0","score":"0.0733838","h":"11","w":"108"}
{"type":"greedy_loss","c":"1.1194","l":"0","score":"0.074125","h":"30","w":"40"}
{"type":"greedy_loss","c":"1.09422","l":"0","score":"0.0724572","h":"51","w":"23"}
{"type":"greedy_loss","c":"1.09142","l":"0","score":"0.0722719","h":"45","w":"26"}
{"type":"greedy_loss","c":"1.10821","l":"0","score":"0.0733838","h":"11","w":"108"}
{"type":"greedy_loss","c":"1.1194","l":"0","score":"0.074125","h":"30","w":"40"}
{"type":"greedy_loss","c":"1.09422","l":"0","score":"0.0724572","h":"51","w":"23"}
{"type":"greedy_loss","c":"1.09142","l":"0","score":"0.0722719","h":"45","w":"26"}
{"type":"greedy_loss","c":"1.10821","l":"0","score":"0.0733838","h":"11","w":"108"}
{"type":"greedy_loss","c":"1.09701","l":"0","score":"0.0726425","h":"21","w":"56"}
{"type":"greedy_loss","c":"1.09422","l":"0","score":"0.0724572","h":"51","w":"23"}
{"type":"greedy_loss","c":"1.09142","l":"0","score":"0.0722719","h":"45","w":"26"}
{"type":"greedy_loss","c":"1.10821","l":"0","score":"0.0733838","h":"11","w":"108"}
{"type":"greedy_loss","c":"1.09701","l":"0","score":"0.0726425","h":"21","w":"56"}
{"type":"greedy_loss","c":"1.09422","l":"0","score":"0.0724572","h":"51","w":"23"}
{"type":"greedy_loss","c":"1.09142","l":"0","score":"0.0722719","h":"45","w":"26"}
{"type":"greedy_loss","c":"1.10821","l":"0","score":"0.0733838","h":"11","w":"108"}
{"type":"greedy_loss","c":"1.09701","l":"0","score":"0.0726425","h":"21","w":"56"}
{"type":"greedy_loss","c":"1.09422","l":"0","score":"0.0724572","h":"51","w":"23"}
{"type":"greedy_loss","c":"1.09142","l":"0","score":"0.0722719","h":"45","w":"26"}
{"type":"greedy_loss","c":"1.10821","l":"0","score":"0.0733838","h":"11","w":"108"}
{"type":"greedy_loss","c":"1.09422","l":"0","score":"0.0724572","h":"51","w":"23"}
{"type":"greedy_loss","c":"1.10821","l":"0","score":"0.0733838","h":"11","w":"108"}
{"type":"greedy_loss","c":"1.1194","l":"0","score":"0.074125","h":"50","w":"24"}
{"type":"greedy_loss","c":"1.07743","l":"0","score":"0.0713453","h":"33","w":"35"}
{"type":"greedy_loss","c":"1.1278","l":"0","score":"0.074681","h":"39","w":"31"}
{"type":"greedy_loss","c":"1.07743","l":"0","score":"0.0713453","h":"33","w":"35"}
{"type":"greedy_loss","c":"1.1278","l":"0","score":"0.074681","h":"39","w":"31"}
{"type":"greedy_loss","c":"1.07743","l":"0","score":"0.0713453","h":"33","w":"35"}
{"type":"greedy_loss","c":"1.1194","l":"0","score":"0.074125","h":"48","w":"25"}
{"type":"greedy_loss","c":"1.07743","l":"0","score":"0.0713453","h":"33","w":"35"}
{"type":"greedy_loss","c":"1.1194","l":"0","score":"0.074125","h":"48","w":"25"}
{"type":"greedy_loss","c":"1.07743","l":"0","score":"0.0713453","h":"33","w":"35"}
{"type":"greedy_loss","c":"1.1194","l":"0","score":"0.074125","h":"48","w":"25"}
{"type":"greedy_loss","c":"1.07743","l":"0","score":"0.0713453","h":"33","w":"35"}
{"type":"greedy_loss","c":"1.1194","l":"0","score":"0.074125","h":"48","w":"25"}
{"type":"greedy_loss","c":"1.07743","l":"0","score":"0.0713453","h":"33","w":"35"}
{"type":"greedy_loss","c":"1.1194","l":"0","score":"0.074125","h":"48","w":"25"}
{"type":"greedy_loss","c":"1.07743","l":"0","score":"0.0713453","h":"33","w":"35"}
{"type":"greedy_loss","c":"1.1194","l":"0","score":"0.074125","h":"48","w":"25"}
{"type":"greedy_loss","c":"1.11007","l":"0","score":"0.0735073","h":"34","w":"35"}
{"type":"greedy_loss","c":"1.1194","l":"0","score":"0.074125","h":"48","w":"25"}
{"type":"greedy_loss","c":"1.1194","l":"0","score":"0.074125","h":"20","w":"60"}
{"type":"greedy_loss","c":"1.1194","l":"0","score":"0.074125","h":"48","w":"25"}
{"type":"greedy_loss","c":"1.1194","l":"0","score":"0.074125","h":"20","w":"60"}
{"type":"greedy_loss","c":"1.1194","l":"0","score":"0.074125","h":"48","w":"25"}
{"type":"greedy_loss","c":"1.1194","l":"0","score":"0.074125","h":"20","w":"60"}
{"type":"greedy_loss","c":"1.1194","l":"0","score":"0.074125","h":"20","w":"60"}
{"type":"greedy_loss","c":"1.1194","l":"0","score":"0.074125","h":"20","w":"60"}
{"type":"greedy_loss","c":"1.1194","l":"0","score":"0.074125","h":"20","w":"60"}
{"type":"greedy_loss","c":"1.1194","l":"0","score":"0.074125","h":"20","w":"60"}
{"type":"greedy_loss","c":"1.1194","l":"0","score":"0.074125","h":"25","w":"48"}
{"s_comp":"0.420202","s_loss":"0.084894","T":"1072","P":"0.0662184"}
{"tag":"param","type":"sa","start_temp":"30","end_temp":"1","limit":"8.98071"}
{"tag":"!","time":"1.9435e-05","counter":"4","score":"-3658"}
{"tag":"!","time":"1.9435e-05","counter":"7","score":"-3489"}
{"tag":"!","time":"1.9435e-05","counter":"8","score":"-3356"}
{"tag":"!","time":"1.9435e-05","counter":"9","score":"-3266"}
{"tag":"!","time":"1.9435e-05","counter":"11","score":"-3208"}
{"tag":"!","time":"1.9435e-05","counter":"18","score":"-3150"}
{"tag":"!","time":"1.9435e-05","counter":"26","score":"-3073"}
{"tag":"!","time":"1.9435e-05","counter":"28","score":"-2915"}
{"tag":"!","time":"1.9435e-05","counter":"29","score":"-2833"}
{"tag":"!","time":"1.9435e-05","counter":"30","score":"-2786"}
{"tag":"!","time":"1.9435e-05","counter":"33","score":"-2774"}
{"tag":"!","time":"1.9435e-05","counter":"54","score":"-2745"}
{"tag":"!","time":"1.9435e-05","counter":"56","score":"-2728"}
{"tag":"!","time":"1.9435e-05","counter":"58","score":"-2678"}
{"tag":"!","time":"1.9435e-05","counter":"74","score":"-2636"}
{"tag":"!","time":"1.9435e-05","counter":"76","score":"-2573"}
{"tag":"!","time":"1.9435e-05","counter":"81","score":"-2287"}
{"tag":"!","time":"1.9435e-05","counter":"101","score":"-2251"}
{"tag":"!","time":"1.9435e-05","counter":"117","score":"-2202"}
{"tag":"!","time":"1.9435e-05","counter":"121","score":"-2178"}
{"tag":"!","time":"1.9435e-05","counter":"132","score":"-2175"}
{"tag":"!","time":"1.9435e-05","counter":"136","score":"-2170"}
{"tag":"!","time":"1.9435e-05","counter":"162","score":"-2163"}
{"tag":"!","time":"1.9435e-05","counter":"179","score":"-2150"}
{"tag":"!","time":"1.9435e-05","counter":"182","score":"-2145"}
{"tag":"!","time":"1.9435e-05","counter":"186","score":"-2137"}
{"tag":"!","time":"1.9435e-05","counter":"187","score":"-2004"}
{"tag":"!","time":"1.9435e-05","counter":"192","score":"-1993"}
{"tag":"!","time":"1.9435e-05","counter":"213","score":"-1950"}
{"tag":"!","time":"1.9435e-05","counter":"215","score":"-1938"}
{"tag":"!","time":"1.9435e-05","counter":"227","score":"-1928"}
{"tag":"!","time":"1.9435e-05","counter":"231","score":"-1779"}
{"tag":"!","time":"1.9435e-05","counter":"247","score":"-1735"}
{"tag":"!","time":"1.9435e-05","counter":"262","score":"-1710"}
{"tag":"!","time":"1.9435e-05","counter":"264","score":"-1677"}
{"tag":"!","time":"1.9435e-05","counter":"334","score":"-1668"}
{"tag":"!","time":"1.9435e-05","counter":"344","score":"-1621"}
{"tag":"!","time":"1.9435e-05","counter":"719","score":"-1530"}
{"tag":"!","time":"1.9435e-05","counter":"721","score":"-1491"}
{"tag":"!","time":"1.9435e-05","counter":"885","score":"-1472"}
{"tag":"!","time":"1.9435e-05","counter":"890","score":"-1428"}
{"tag":"!","time":"1.9435e-05","counter":"893","score":"-1398"}
{"tag":"!","time":"1.9435e-05","counter":"918","score":"-1392"}
{"tag":"!","time":"1.9435e-05","counter":"930","score":"-1379"}
{"tag":"!","time":"1.9435e-05","counter":"931","score":"-1341"}
{"tag":"!","time":"1.9435e-05","counter":"941","score":"-1292"}
{"tag":"!","time":"1.9435e-05","counter":"944","score":"-1262"}
{"tag":"!","time":"1.9435e-05","counter":"961","score":"-1244"}
{"tag":"!","time":"1.9435e-05","counter":"998","score":"-1243"}
{"tag":"!","time":"1.9435e-05","counter":"999","score":"-1234"}
{"tag":"!","time":"0.00643676","counter":"1445","score":"-1213"}
{"tag":"!","time":"0.00643676","counter":"1451","score":"-1186"}
{"tag":"!","time":"0.00643676","counter":"1473","score":"-1179"}
{"tag":"!","time":"0.00643676","counter":"1516","score":"-1163"}
{"tag":"!","time":"0.00643676","counter":"1521","score":"-1160"}
{"tag":"!","time":"0.00643676","counter":"1529","score":"-1134"}
{"tag":"!","time":"0.00643676","counter":"1534","score":"-1127"}
{"tag":"!","time":"0.00643676","counter":"1582","score":"-1120"}
{"tag":"!","time":"0.00643676","counter":"1593","score":"-1066"}
{"tag":"!","time":"0.00643676","counter":"1596","score":"-1059"}
{"tag":"!","time":"0.00643676","counter":"1600","score":"-1042"}
{"tag":"!","time":"0.0111818","counter":"2448","score":"-1025"}
{"tag":"!","time":"0.0256644","counter":"5462","score":"-1003"}
{"tag":"!","time":"0.0256644","counter":"5465","score":"-936"}
{"tag":"!","time":"0.0256644","counter":"5535","score":"-921"}
{"tag":"!","time":"0.0256644","counter":"5555","score":"-860"}
{"tag":"!","time":"0.0256644","counter":"5569","score":"-855"}
{"tag":"!","time":"0.0256644","counter":"5578","score":"-842"}
{"tag":"!","time":"0.0256644","counter":"5579","score":"-797"}
{"tag":"!","time":"0.0256644","counter":"5585","score":"-786"}
{"tag":"!","time":"0.92647","counter":"191204","score":"-782"}
{"tag":"!","time":"0.92647","counter":"191206","score":"-755"}
{"tag":"!","time":"1.79932","counter":"363048","score":"-739"}
{"tag":"!","time":"1.79932","counter":"363873","score":"-718"}
{"tag":"!","time":"2.97726","counter":"603110","score":"-706"}
{"tag":"!","time":"2.99227","counter":"606031","score":"-694"}
{"tag":"!","time":"2.99227","counter":"606061","score":"-691"}
{"tag":"!","time":"2.99227","counter":"606374","score":"-676"}
{"tag":"!","time":"2.99227","counter":"606379","score":"-674"}
{"tag":"!","time":"2.99227","counter":"606414","score":"-673"}
{"tag":"!","time":"2.99227","counter":"606442","score":"-662"}
{"tag":"!","time":"2.99227","counter":"606482","score":"-637"}
{"tag":"!","time":"2.99227","counter":"606489","score":"-619"}
{"tag":"!","time":"3.52155","counter":"708802","score":"-605"}
{"tag":"!","time":"3.52742","counter":"709201","score":"-601"}
{"tag":"!","time":"3.52742","counter":"709243","score":"-590"}
{"tag":"!","time":"3.52742","counter":"709257","score":"-574"}
{"tag":"!","time":"3.76392","counter":"750203","score":"-565"}
{"tag":"!","time":"3.76392","counter":"750298","score":"-554"}
{"tag":"!","time":"3.76392","counter":"750333","score":"-528"}
{"tag":"!","time":"4.01292","counter":"795309","score":"-507"}
{"tag":"!","time":"4.38811","counter":"863461","score":"-506"}
{"tag":"!","time":"4.38811","counter":"863472","score":"-505"}
{"tag":"!","time":"4.38811","counter":"863480","score":"-503"}
{"tag":"!","time":"4.47532","counter":"879408","score":"-499"}
{"tag":"!","time":"4.47532","counter":"879472","score":"-480"}
{"tag":"!","time":"4.88703","counter":"956885","score":"-469"}
{"tag":"!","time":"4.89184","counter":"957737","score":"-458"}
{"tag":"!","time":"4.89656","counter":"958177","score":"-452"}
{"tag":"!","time":"4.89656","counter":"958420","score":"-451"}
{"tag":"!","time":"4.89656","counter":"958642","score":"-446"}
{"tag":"!","time":"5.09885","counter":"992286","score":"-430"}
{"tag":"!","time":"5.47357","counter":"1060658","score":"-428"}
{"tag":"!","time":"5.49788","counter":"1064347","score":"-423"}
{"tag":"!","time":"5.49788","counter":"1064396","score":"-412"}
{"tag":"!","time":"5.49788","counter":"1064821","score":"-391"}
{"tag":"!","time":"5.49788","counter":"1064837","score":"-366"}
{"tag":"!","time":"5.49788","counter":"1064873","score":"-361"}
{"tag":"!","time":"5.49788","counter":"1064882","score":"-347"}
{"tag":"!","time":"5.78875","counter":"1116800","score":"-325"}
{"tag":"!","time":"5.81014","counter":"1120144","score":"-309"}
{"tag":"!","time":"5.81014","counter":"1120256","score":"-305"}
{"tag":"!","time":"5.81596","counter":"1121203","score":"-303"}
{"tag":"!","time":"5.81596","counter":"1121390","score":"-299"}
{"tag":"!","time":"5.92764","counter":"1140089","score":"-298"}
{"tag":"!","time":"5.92764","counter":"1140309","score":"-295"}
{"tag":"!","time":"5.9506","counter":"1144108","score":"-294"}
{"tag":"!","time":"5.96278","counter":"1146792","score":"-285"}
{"tag":"!","time":"6.1816","counter":"1183759","score":"-281"}
{"tag":"!","time":"6.1873","counter":"1184432","score":"-260"}
{"tag":"!","time":"6.1873","counter":"1184450","score":"-223"}
{"tag":"!","time":"6.19276","counter":"1185152","score":"-219"}
{"tag":"!","time":"6.19276","counter":"1185326","score":"-210"}
{"tag":"!","time":"6.20829","counter":"1188716","score":"-202"}
{"tag":"!","time":"7.0247","counter":"1325093","score":"-201"}
{"tag":"!","time":"7.20293","counter":"1354098","score":"-191"}
{"tag":"!","time":"7.20293","counter":"1354162","score":"-188"}
{"tag":"!","time":"7.20293","counter":"1354226","score":"-187"}
{"tag":"!","time":"7.2769","counter":"1368344","score":"-178"}
{"tag":"!","time":"7.28724","counter":"1370094","score":"-177"}
{"tag":"!","time":"7.28724","counter":"1370301","score":"-158"}
{"tag":"!","time":"8.21442","counter":"1536097","score":"-157"}
{"tag":"!","time":"8.21962","counter":"1537149","score":"-152"}
{"tag":"!","time":"8.23495","counter":"1540571","score":"-142"}
{"tag":"!","time":"8.26114","counter":"1545558","score":"-140"}
{"tag":"!","time":"8.60576","counter":"1609264","score":"-138"}
{"tag":"!","time":"8.61146","counter":"1610276","score":"-137"}
{"tag":"!","time":"8.67993","counter":"1623786","score":"-108"}
{"tag":"!","time":"8.68464","counter":"1624703","score":"-102"}
{"tag":"result","counter":"1681000","score":"-102"}
{"type":"sa","c":"1.01493","l":"0.00761194","score":"0.0743146"}
