{"type":"greedy_loss","c":"1.05612","l":"0","score":"0.238019","h":"10","w":"207"}
{"type":"greedy_loss","c":"1.04796","l":"0","score":"0.236179","h":"158","w":"13"}
{"type":"greedy_loss","c":"1.05","l":"0","score":"0.236639","h":"147","w":"14"}
{"s_comp":"0.348583","s_loss":"0.240863","T":"1960","P":"0.225371"}
{"tag":"param","type":"sa","start_temp":"30","end_temp":"1","limit":"8.97542"}
{"tag":"!","time":"2.40414e-05","counter":"1","score":"-5657"}
{"tag":"!","time":"2.40414e-05","counter":"3","score":"-5651"}
{"tag":"!","time":"2.40414e-05","counter":"4","score":"-5632"}
{"tag":"!","time":"2.40414e-05","counter":"6","score":"-5578"}
{"tag":"!","time":"2.40414e-05","counter":"7","score":"-5467"}
{"tag":"!","time":"2.40414e-05","counter":"8","score":"-5306"}
{"tag":"!","time":"2.40414e-05","counter":"9","score":"-5297"}
{"tag":"!","time":"2.40414e-05","counter":"10","score":"-5282"}
{"tag":"!","time":"2.40414e-05","counter":"12","score":"-5140"}
{"tag":"!","time":"2.40414e-05","counter":"14","score":"-5096"}
{"tag":"!","time":"2.40414e-05","counter":"16","score":"-5085"}
{"tag":"!","time":"2.40414e-05","counter":"18","score":"-5006"}
{"tag":"!","time":"2.40414e-05","counter":"19","score":"-4980"}
{"tag":"!","time":"2.40414e-05","counter":"20","score":"-4973"}
{"tag":"!","time":"2.40414e-05","counter":"23","score":"-4938"}
{"tag":"!","time":"2.40414e-05","counter":"24","score":"-4937"}
{"tag":"!","time":"2.40414e-05","counter":"28","score":"-4850"}
{"tag":"!","time":"2.40414e-05","counter":"64","score":"-4808"}
{"tag":"!","time":"2.40414e-05","counter":"67","score":"-4786"}
{"tag":"!","time":"2.40414e-05","counter":"73","score":"-4762"}
{"tag":"!","time":"2.40414e-05","counter":"74","score":"-4737"}
{"tag":"!","time":"2.40414e-05","counter":"77","score":"-4578"}
{"tag":"!","time":"2.40414e-05","counter":"82","score":"-4523"}
{"tag":"!","time":"2.40414e-05","counter":"83","score":"-4463"}
{"tag":"!","time":"2.40414e-05","counter":"95","score":"-4324"}
{"tag":"!","time":"2.40414e-05","counter":"100","score":"-4243"}
{"tag":"!","time":"2.40414e-05","counter":"101","score":"-4240"}
{"tag":"!","time":"2.40414e-05","counter":"103","score":"-4224"}
{"tag":"!","time":"2.40414e-05","counter":"108","score":"-4147"}
{"tag":"!","time":"2.40414e-05","counter":"113","score":"-4139"}
{"tag":"!","time":"2.40414e-05","counter":"116","score":"-4123"}
{"tag":"!","time":"2.40414e-05","counter":"120","score":"-4111"}
{"tag":"!","time":"2.40414e-05","counter":"122","score":"-4081"}
{"tag":"!","time":"2.40414e-05","counter":"171","score":"-4012"}
{"tag":"!","time":"2.40414e-05","counter":"172","score":"-3935"}
{"tag":"!","time":"2.40414e-05","counter":"174","score":"-3890"}
{"tag":"!","time":"2.40414e-05","counter":"176","score":"-3887"}
{"tag":"!","time":"2.40414e-05","counter":"198","score":"-3880"}
{"tag":"!","time":"2.40414e-05","counter":"199","score":"-3870"}
{"tag":"!","time":"2.40414e-05","counter":"200","score":"-3864"}
{"tag":"!","time":"2.40414e-05","counter":"205","score":"-3770"}
{"tag":"!","time":"2.40414e-05","counter":"211","score":"-3725"}
{"tag":"!","time":"2.40414e-05","counter":"212","score":"-3707"}
{"tag":"!","time":"2.40414e-05","counter":"214","score":"-3693"}
{"tag":"!","time":"2.40414e-05","counter":"220","score":"-3671"}
{"tag":"!","time":"2.40414e-05","counter":"243","score":"-3656"}
{"tag":"!","time":"2.40414e-05","counter":"371","score":"-3514"}
{"tag":"!","time":"2.40414e-05","counter":"391","score":"-3512"}
{"tag":"!","time":"2.40414e-05","counter":"443","score":"-3471"}
{"tag":"!","time":"2.40414e-05","counter":"444","score":"-3465"}
{"tag":"!","time":"2.40414e-05","counter":"445","score":"-3461"}
{"tag":"!","time":"2.40414e-05","counter":"526","score":"-3454"}
{"tag":"!","time":"2.40414e-05","counter":"629","score":"-3446"}
{"tag":"!","time":"2.40414e-05","counter":"670","score":"-3431"}
{"tag":"!","time":"2.40414e-05","counter":"674","score":"-3386"}
{"tag":"!","time":"2.40414e-05","counter":"679","score":"-3368"}
{"tag":"!","time":"2.40414e-05","counter":"689","score":"-3278"}
{"tag":"!","time":"2.40414e-05","counter":"690","score":"-3266"}
{"tag":"!","time":"2.40414e-05","counter":"691","score":"-3233"}
{"tag":"!","time":"2.40414e-05","counter":"692","score":"-3212"}
{"tag":"!","time":"2.40414e-05","counter":"695","score":"-3186"}
{"tag":"!","time":"2.40414e-05","counter":"743","score":"-3174"}
{"tag":"!","time":"2.40414e-05","counter":"754","score":"-3166"}
{"tag":"!","time":"2.40414e-05","counter":"755","score":"-3127"}
{"tag":"!","time":"2.40414e-05","counter":"763","score":"-3080"}
{"tag":"!","time":"2.40414e-05","counter":"792","score":"-3076"}
{"tag":"!","time":"2.40414e-05","counter":"882","score":"-3047"}
{"tag":"!","time":"2.40414e-05","counter":"894","score":"-3038"}
{"tag":"!","time":"2.40414e-05","counter":"941","score":"-3018"}
{"tag":"!","time":"2.40414e-05","counter":"943","score":"-2985"}
{"tag":"!","time":"0.00787806","counter":"1269","score":"-2981"}
{"tag":"!","time":"0.00787806","counter":"1281","score":"-2965"}
{"tag":"!","time":"0.00787806","counter":"1283","score":"-2948"}
{"tag":"!","time":"0.00787806","counter":"1336","score":"-2915"}
{"tag":"!","time":"0.00787806","counter":"1346","score":"-2902"}
{"tag":"!","time":"0.00787806","counter":"1404","score":"-2892"}
{"tag":"!","time":"0.00787806","counter":"1425","score":"-2888"}
{"tag":"!","time":"0.00787806","counter":"1427","score":"-2861"}
{"tag":"!","time":"0.00787806","counter":"1428","score":"-2849"}
{"tag":"!","time":"0.00787806","counter":"1440","score":"-2828"}
{"tag":"!","time":"0.00787806","counter":"1461","score":"-2810"}
{"tag":"!","time":"0.00787806","counter":"1465","score":"-2791"}
{"tag":"!","time":"0.00787806","counter":"1469","score":"-2702"}
{"tag":"!","time":"0.00787806","counter":"1493","score":"-2698"}
{"tag":"!","time":"0.00787806","counter":"1515","score":"-2686"}
{"tag":"!","time":"0.00787806","counter":"1663","score":"-2679"}
{"tag":"!","time":"0.0139899","counter":"2133","score":"-2592"}
{"tag":"!","time":"0.0139899","counter":"2138","score":"-2562"}
{"tag":"!","time":"0.0139899","counter":"2159","score":"-2552"}
{"tag":"!","time":"0.0139899","counter":"2161","score":"-2542"}
{"tag":"!","time":"0.0139899","counter":"2501","score":"-2528"}
{"tag":"!","time":"0.0139899","counter":"2502","score":"-2483"}
{"tag":"!","time":"0.0139899","counter":"2512","score":"-2458"}
{"tag":"!","time":"0.0139899","counter":"2514","score":"-2447"}
{"tag":"!","time":"0.0139899","counter":"2905","score":"-2446"}
{"tag":"!","time":"0.0139899","counter":"2907","score":"-2410"}
{"tag":"!","time":"0.02026","counter":"3014","score":"-2377"}
{"tag":"!","time":"0.02026","counter":"3028","score":"-2348"}
{"tag":"!","time":"0.026189","counter":"4040","score":"-2342"}
{"tag":"!","time":"0.026189","counter":"4044","score":"-2340"}
{"tag":"!","time":"0.026189","counter":"4152","score":"-2323"}
{"tag":"!","time":"0.026189","counter":"4154","score":"-2282"}
{"tag":"!","time":"0.026189","counter":"4155","score":"-2257"}
{"tag":"!","time":"0.026189","counter":"4173","score":"-2250"}
{"tag":"!","time":"0.026189","counter":"4177","score":"-2248"}
{"tag":"!","time":"0.0333201","counter":"5731","score":"-2247"}
{"tag":"!","time":"0.0934601","counter":"16514","score":"-2237"}
{"tag":"!","time":"0.0934601","counter":"16530","score":"-2218"}
{"tag":"!","time":"0.0934601","counter":"16553","score":"-2201"}
{"tag":"!","time":"0.141995","counter":"25520","score":"-2191"}
{"tag":"!","time":"0.147421","counter":"26165","score":"-2190"}
{"tag":"!","time":"0.147421","counter":"26167","score":"-2159"}
{"tag":"!","time":"0.147421","counter":"26169","score":"-2156"}
{"tag":"!","time":"0.147421","counter":"26221","score":"-2136"}
{"tag":"!","time":"0.147421","counter":"26239","score":"-2128"}
{"tag":"!","time":"0.147421","counter":"26650","score":"-2102"}
{"tag":"!","time":"0.173998","counter":"31244","score":"-2089"}
{"tag":"!","time":"0.173998","counter":"31249","score":"-2076"}
{"tag":"!","time":"0.36103","counter":"67156","score":"-2004"}
{"tag":"!","time":"0.36103","counter":"67192","score":"-1993"}
{"tag":"!","time":"0.36103","counter":"67194","score":"-1965"}
{"tag":"!","time":"0.36103","counter":"67201","score":"-1954"}
{"tag":"!","time":"0.48239","counter":"90574","score":"-1925"}
{"tag":"!","time":"0.48239","counter":"90590","score":"-1894"}
{"tag":"!","time":"1.06781","counter":"205209","score":"-1885"}
{"tag":"!","time":"1.12849","counter":"217826","score":"-1881"}
{"tag":"!","time":"1.12849","counter":"217838","score":"-1877"}
{"tag":"!","time":"1.12849","counter":"217844","score":"-1875"}
{"tag":"!","time":"1.30799","counter":"255566","score":"-1841"}
{"tag":"!","time":"1.40519","counter":"275783","score":"-1822"}
{"tag":"!","time":"1.40519","counter":"275796","score":"-1809"}
{"tag":"!","time":"1.40519","counter":"275810","score":"-1791"}
{"tag":"!","time":"1.40519","counter":"275818","score":"-1759"}
{"tag":"!","time":"1.40519","counter":"275826","score":"-1673"}
{"tag":"!","time":"1.57591","counter":"310503","score":"-1663"}
{"tag":"!","time":"1.57591","counter":"310506","score":"-1626"}
{"tag":"!","time":"1.57591","counter":"310521","score":"-1615"}
{"tag":"!","time":"2.46976","counter":"495008","score":"-1608"}
{"tag":"!","time":"2.46976","counter":"495009","score":"-1585"}
{"tag":"!","time":"2.46976","counter":"495026","score":"-1577"}
{"tag":"!","time":"2.46976","counter":"495036","score":"-1566"}
{"tag":"!","time":"2.80382","counter":"562008","score":"-1561"}
{"tag":"!","time":"2.80382","counter":"562109","score":"-1551"}
{"tag":"!","time":"2.80382","counter":"562173","score":"-1532"}
{"tag":"!","time":"2.80382","counter":"562499","score":"-1519"}
{"tag":"!","time":"2.80382","counter":"562522","score":"-1499"}
{"tag":"!","time":"2.80382","counter":"562527","score":"-1460"}
{"tag":"!","time":"3.35933","counter":"675148","score":"-1452"}
{"tag":"!","time":"3.36432","counter":"676494","score":"-1449"}
{"tag":"!","time":"3.36432","counter":"676617","score":"-1446"}
{"tag":"!","time":"3.36432","counter":"676649","score":"-1435"}
{"tag":"!","time":"3.36432","counter":"676671","score":"-1404"}
{"tag":"!","time":"3.36432","counter":"676730","score":"-1395"}
{"tag":"!","time":"3.38222","counter":"679213","score":"-1394"}
{"tag":"!","time":"3.38222","counter":"679233","score":"-1389"}
{"tag":"!","time":"3.38222","counter":"679234","score":"-1381"}
{"tag":"!","time":"3.38222","counter":"679905","score":"-1378"}
{"tag":"!","time":"3.38222","counter":"679940","score":"-1374"}
{"tag":"!","time":"3.38222","counter":"679947","score":"-1366"}
{"tag":"!","time":"3.38884","counter":"680284","score":"-1356"}
{"tag":"!","time":"3.38884","counter":"680690","score":"-1347"}
{"tag":"!","time":"3.46879","counter":"696665","score":"-1299"}
{"tag":"!","time":"3.46879","counter":"696707","score":"-1293"}
{"tag":"!","time":"3.46879","counter":"696821","score":"-1266"}
{"tag":"!","time":"3.47395","counter":"697312","score":"-1248"}
{"tag":"!","time":"3.57076","counter":"717747","score":"-1247"}
{"tag":"!","time":"4.17361","counter":"840937","score":"-1245"}
{"tag":"!","time":"4.18281","counter":"842325","score":"-1240"}
{"tag":"!","time":"4.18281","counter":"842326","score":"-1204"}
{"tag":"!","time":"4.18281","counter":"842329","score":"-1203"}
{"tag":"!","time":"4.18281","counter":"842378","score":"-1170"}
{"tag":"!","time":"4.18281","counter":"842598","score":"-1157"}
{"tag":"!","time":"4.18281","counter":"842602","score":"-1149"}
{"tag":"!","time":"4.18281","counter":"842896","score":"-1148"}
{"tag":"!","time":"4.18281","counter":"842897","score":"-1119"}
{"tag":"!","time":"4.18281","counter":"842903","score":"-1113"}
{"tag":"!","time":"4.18281","counter":"842966","score":"-1096"}
{"tag":"!","time":"4.25276","counter":"857743","score":"-1084"}
{"tag":"!","time":"4.25276","counter":"857749","score":"-1070"}
{"tag":"!","time":"4.25276","counter":"857796","score":"-1044"}
{"tag":"!","time":"4.25276","counter":"857806","score":"-1038"}
{"tag":"!","time":"4.25276","counter":"857831","score":"-1011"}
{"tag":"!","time":"4.63586","counter":"936319","score":"-996"}
{"tag":"!","time":"4.63586","counter":"936484","score":"-986"}
{"tag":"!","time":"4.63586","counter":"936519","score":"-963"}
{"tag":"!","time":"4.63586","counter":"936579","score":"-956"}
{"tag":"!","time":"5.1795","counter":"1042862","score":"-954"}
{"tag":"!","time":"5.18436","counter":"1043184","score":"-949"}
{"tag":"!","time":"5.18436","counter":"1043300","score":"-948"}
{"tag":"!","time":"5.29005","counter":"1063970","score":"-934"}
{"tag":"!","time":"5.31931","counter":"1069466","score":"-926"}
{"tag":"!","time":"5.70027","counter":"1147236","score":"-919"}
{"tag":"!","time":"5.70027","counter":"1147249","score":"-917"}
{"tag":"!","time":"5.70027","counter":"1147264","score":"-912"}
{"tag":"!","time":"5.70773","counter":"1148742","score":"-884"}
{"tag":"!","time":"5.70773","counter":"1148843","score":"-878"}
{"tag":"!","time":"5.70773","counter":"1148869","score":"-865"}
{"tag":"!","time":"5.72701","counter":"1152666","score":"-860"}
{"tag":"!","time":"5.72701","counter":"1152671","score":"-857"}
{"tag":"!","time":"5.72701","counter":"1152685","score":"-848"}
{"tag":"!","time":"5.72701","counter":"1152749","score":"-845"}
{"tag":"!","time":"5.72701","counter":"1152950","score":"-836"}
{"tag":"!","time":"5.74085","counter":"1155316","score":"-773"}
{"tag":"!","time":"5.74085","counter":"1155353","score":"-770"}
{"tag":"!","time":"5.74085","counter":"1155942","score":"-769"}
{"tag":"!","time":"5.74583","counter":"1156024","score":"-728"}
{"tag":"!","time":"5.74583","counter":"1156070","score":"-701"}
{"tag":"!","time":"5.74583","counter":"1156238","score":"-695"}
{"tag":"!","time":"5.75022","counter":"1157350","score":"-686"}
{"tag":"!","time":"5.75022","counter":"1157379","score":"-670"}
{"tag":"!","time":"5.75022","counter":"1157429","score":"-663"}
{"tag":"!","time":"6.04417","counter":"1218559","score":"-623"}
{"tag":"!","time":"6.06105","counter":"1221427","score":"-620"}
{"tag":"!","time":"6.06105","counter":"1221649","score":"-617"}
{"tag":"!","time":"6.06105","counter":"1221736","score":"-569"}
{"tag":"!","time":"6.06105","counter":"1221741","score":"-565"}
{"tag":"!","time":"6.06817","counter":"1222383","score":"-564"}
{"tag":"!","time":"6.06817","counter":"1222761","score":"-560"}
{"tag":"!","time":"6.06817","counter":"1222887","score":"-547"}
{"tag":"!","time":"6.06817","counter":"1222983","score":"-546"}
{"tag":"!","time":"6.07462","counter":"1223476","score":"-545"}
{"tag":"!","time":"6.09591","counter":"1227563","score":"-541"}
{"tag":"!","time":"6.34796","counter":"1275615","score":"-538"}
{"tag":"!","time":"6.37948","counter":"1281279","score":"-534"}
{"tag":"!","time":"6.37948","counter":"1281464","score":"-527"}
{"tag":"!","time":"6.37948","counter":"1281525","score":"-518"}
{"tag":"!","time":"6.40243","counter":"1285015","score":"-509"}
{"tag":"!","time":"6.41249","counter":"1287860","score":"-501"}
{"tag":"!","time":"6.41249","counter":"1287990","score":"-494"}
{"tag":"!","time":"6.42736","counter":"1290322","score":"-486"}
{"tag":"!","time":"6.46713","counter":"1298964","score":"-463"}
{"tag":"!","time":"6.46713","counter":"1298985","score":"-461"}
{"tag":"!","time":"6.4731","counter":"1299129","score":"-443"}
{"tag":"!","time":"6.51527","counter":"1307049","score":"-433"}
{"tag":"!","time":"6.58319","counter":"1321879","score":"-430"}
{"tag":"!","time":"6.58809","counter":"1322389","score":"-427"}
{"tag":"!","time":"6.58809","counter":"1322598","score":"-425"}
{"tag":"!","time":"6.59296","counter":"1323563","score":"-411"}
{"tag":"!","time":"6.59296","counter":"1323644","score":"-403"}
{"tag":"!","time":"6.59821","counter":"1324108","score":"-398"}
{"tag":"!","time":"6.78191","counter":"1362183","score":"-394"}
{"tag":"!","time":"6.78191","counter":"1362413","score":"-377"}
{"tag":"!","time":"7.7477","counter":"1557121","score":"-355"}
{"tag":"!","time":"7.7477","counter":"1557202","score":"-337"}
{"tag":"!","time":"7.79044","counter":"1566721","score":"-334"}
{"tag":"!","time":"7.79461","counter":"1567998","score":"-330"}
{"tag":"!","time":"7.82328","counter":"1573974","score":"-329"}
{"tag":"!","time":"7.8287","counter":"1574847","score":"-327"}
{"tag":"!","time":"7.83323","counter":"1575761","score":"-323"}
{"tag":"!","time":"7.84254","counter":"1577074","score":"-320"}
{"tag":"!","time":"7.88271","counter":"1586237","score":"-303"}
{"tag":"!","time":"7.88271","counter":"1586343","score":"-299"}
{"tag":"!","time":"7.94045","counter":"1597325","score":"-297"}
{"tag":"!","time":"8.02223","counter":"1614363","score":"-296"}
{"tag":"!","time":"8.02223","counter":"1614746","score":"-290"}
{"tag":"!","time":"8.02223","counter":"1614839","score":"-288"}
{"tag":"!","time":"8.02703","counter":"1615589","score":"-284"}
{"tag":"!","time":"8.06642","counter":"1623883","score":"-283"}
{"tag":"!","time":"8.24088","counter":"1659749","score":"-278"}
{"tag":"!","time":"8.68292","counter":"1750849","score":"-276"}
{"tag":"!","time":"8.69791","counter":"1753869","score":"-259"}
{"tag":"!","time":"8.71252","counter":"1756791","score":"-244"}
{"tag":"!","time":"8.73649","counter":"1761284","score":"-232"}
{"tag":"!","time":"8.75676","counter":"1765823","score":"-227"}
{"tag":"!","time":"8.85557","counter":"1785411","score":"-221"}
{"tag":"!","time":"8.94471","counter":"1803314","score":"-220"}
{"tag":"result","counter":"1810000","score":"-220"}
{"type":"sa","c":"1.0102","l":"0.00897959","score":"0.234626"}
