44
CFGJIMWAGYLPSPCDBJKAAAAACPBNGDASPWBTDYFDCQAOB
KCRVBCYRDUXHIQMZZGVMRFOCPNOONFULXLKSTZXFAJAYX
OCILTSUHQHHAXSCAHJLUZTBLTVYFNAAUBCQHSSQASRCVO
KKUGHAXGROTGDWRYJCZXARYKYGGPABRKCAEYWUXEFJVGP
RGVCVUKQBFYYFYKBCHPXGGTBRJSLGATAYHLHERNGVTPZJ
NOGHXBYRDCYOQIISZXYBBNJAMODIQUDAUHKQAPFTFDFJZ
MOVVBKJGAAZUTTXTFXEJXFAAAAAAAAGOBBSRWIFTOIRQR
AAAMJRRHNNREPEAEEQGWPBXVOOSZEHHWSUBXMZCCVWMWW
YNGFCJHBMJCGEYYFEBJDFXOJKOPUAYGQXCKETQJOQELQE
ZQPXVCOFMLJIFBHALENXQNUGBLGPFVRBYSPGNNQDYBNGC
MJRDCBKKMUOGAPFXZATGNCMAOCMSKPXEDYLKQZEBHRQYV
TUMVGZIXQAMAULEGJAALIWQAPOYOKPPOWDHGZZOOTHUUX
PDOKFIGVRAQKLBKKCXLROKGIHIGXYTEFUEOMBHVFMRKLY
FOWAMYIASEKMAJZGQNTMABIMGHBNACYSZVRYZDALNXUDM
AXROZYCGMPSDWCKFSOOPJJDTLVGBILNYJIQYXQFNEPXKS
NCHBFSGDFUAILOUSOJJVXXRPQORAQHQCALILJTNMNLRWO
QRAGKNBBVGJFQISJCHHJPTLVAOUJZPTLTPRPCNTOCSMTZ
DIGISEOQQPHRDUAAXOUGTBRLWRVVNNPGLXVADCMUOBJFN
XXKCMAKJBIPAWIAARRIWMHQTWTTVLLKCJQMUVLEJXWKDG
GCNVMZPXICTSHXAAPNBTIFRATCHRXOBAANPOOBJNSVHAY
SSEYDNEPDZQSUEZCUBCLEEURXJZNOAAAAAZBHSWAAAKQN
MQKXQJASDKPOWFKVQTXGWRGZMTVOPMRWZAVGMABZNGLYV
CNJZFKANLDYVFBTCCFLATZARDNQGVCBAUAPDVXAXMAQBR
DOZKCJGCEDBRJGQHPCBSOHDDRBTBNJJGWACMORJNXISTO
PKGJXQLWYDIHRRORRZWPPSEJZMANIWVCYLZPWLWOTXQXK
QHSDYUCQARKFDZWBERPBBIEKXVAFFJTLPFWSTQSOMZYVI
PWJBYVJASHEJKZCGUZYERNFGSBAGNOEIMINXVBGBEIAHF
GBDXUIAXBUJNAIRWTGPHXGOELZACWWGCEBGZSKLPLSZUH
XIHKKUNLXWTMCRAERDGNJIRNYCWMIUZEKKNNLEUWPUBEX
EQUVVAFATRGGZQIWIAAMLAFPFPCGNFXBNGXWXBFTLSYDB
UPTQFSWEWAWJWXGRTREYIDXUTENESWFZDILWFIVBMSCNP
BLLOYISHTDFZTGAAAWJWQMDYOEPZWBMSCFESXSPNWJTPH
HWTLOCZBIKITWNAOJSSMYVIIWOOCAFWTPAVLKOLYIFYHB
FOTPQCQJVLHUYXAVDAAONIWOGHTVUKKAAANQSAYDXNMAA
ACNIDDIDERHATIALKUNFNDYJJUOHYRGALEYPECBQNNJVV
IDPXKIZTTKWEGVAAXGIXJHVVEIPSKTWAWIYYVWQVNDQSK
OYFKAFMVHSFULWAKNEVMVAVBJRZLLMCAAXPGYFZDTLVLO
EFGIAHRGRACQGYUOFGZBWMTOPKEMWMEAUDZCBEVGYZBGO
HHHPLWHHIFNSORNFPSWPUDYSXGIQCSHARNPDEFFFEDGQA
IGEHXUAAMOLWUVJJDPLLTZVAWLWPIQBAHMFIFMKYKANGZ
OEFVAQGDSIDISRCFLRBXJYZJCMOXJKUAZDJXPZPOHANGY
GLDAUOWCLDEKMYUYITAGDSEMNPKECEHALXZGEMCHUFMYT
ORVBAONHQVQVMUEPTGEHMVZTDQXNTXQASHKNSZMGRBGAI
OYTZJYXKFFAHOCTWGAURCYYYVOHHVXSAZVMRMLCSSJUTV
8 9
11 26
27 31
20 9
8 30
0 43
0 10
13 39
24 9
18 21
27 34
31 0
34 32
1 22
34 41
30 19
24 27
7 23
3 32
14 10
8 0
37 0
26 8
27 27
7 2
0 8
6 30
6 38
0 24
17 42
20 34
14 14
0 32
5 19
30 17
21 26
25 0
37 24
21 37
11 10
26 43
14 30
27 23
20 23
32 15
2 42
37 10
34 15
34 24
13 0
12 16
2 0
1 19
31 5
0 0
10 21
13 42
21 0
20 18
