{"type":"greedy_loss","c":"1.10278","l":"0","score":"0.919354","h":"10","w":"309"}
{"type":"greedy_loss","c":"1.07423","l":"0","score":"0.895552","h":"301","w":"10"}
{"type":"greedy_loss","c":"1.07423","l":"0","score":"0.895552","h":"301","w":"10"}
{"type":"greedy_loss","c":"1.07423","l":"0","score":"0.895552","h":"301","w":"10"}
{"type":"greedy_loss","c":"1.07423","l":"0","score":"0.895552","h":"301","w":"10"}
{"type":"greedy_loss","c":"1.07423","l":"0","score":"0.895552","h":"301","w":"10"}
{"type":"greedy_loss","c":"1.07423","l":"0","score":"0.895552","h":"301","w":"10"}
{"type":"greedy_loss","c":"1.07423","l":"0","score":"0.895552","h":"301","w":"10"}
{"type":"greedy_loss","c":"1.07423","l":"0","score":"0.895552","h":"301","w":"10"}
{"type":"greedy_loss","c":"1.07423","l":"0","score":"0.895552","h":"301","w":"10"}
{"type":"greedy_loss","c":"1.07423","l":"0","score":"0.895552","h":"301","w":"10"}
{"type":"greedy_loss","c":"1.07423","l":"0","score":"0.895552","h":"301","w":"10"}
{"type":"greedy_loss","c":"1.07423","l":"0","score":"0.895552","h":"301","w":"10"}
{"type":"greedy_loss","c":"1.07423","l":"0","score":"0.895552","h":"301","w":"10"}
{"type":"greedy_loss","c":"1.07423","l":"0","score":"0.895552","h":"301","w":"10"}
{"type":"greedy_loss","c":"1.07423","l":"0","score":"0.895552","h":"301","w":"10"}
{"type":"greedy_loss","c":"1.07423","l":"0","score":"0.895552","h":"301","w":"10"}
{"type":"greedy_loss","c":"1.07423","l":"0","score":"0.895552","h":"301","w":"10"}
{"type":"greedy_loss","c":"1.07423","l":"0","score":"0.895552","h":"301","w":"10"}
{"type":"greedy_loss","c":"1.07423","l":"0","score":"0.895552","h":"301","w":"10"}
{"type":"greedy_loss","c":"1.07423","l":"0","score":"0.895552","h":"301","w":"10"}
{"type":"greedy_loss","c":"1.07423","l":"0","score":"0.895552","h":"301","w":"10"}
{"type":"greedy_loss","c":"1.07423","l":"0","score":"0.895552","h":"301","w":"10"}
{"type":"greedy_loss","c":"1.07959","l":"0","score":"0.900015","h":"275","w":"11"}
{"type":"greedy_loss","c":"1.07066","l":"0","score":"0.892577","h":"12","w":"250"}
{"type":"greedy_loss","c":"1.07066","l":"0","score":"0.892577","h":"250","w":"12"}
{"type":"greedy_loss","c":"1.03462","l":"0","score":"0.862527","h":"223","w":"13"}
{"type":"greedy_loss","c":"1.06924","l":"0","score":"0.891387","h":"14","w":"214"}
{"type":"greedy_loss","c":"1.04425","l":"0","score":"0.87056","h":"209","w":"14"}
{"type":"greedy_loss","c":"1.0985","l":"0","score":"0.915784","h":"19","w":"162"}
{"type":"greedy_loss","c":"1.07602","l":"0","score":"0.89704","h":"201","w":"15"}
{"type":"greedy_loss","c":"1.0985","l":"0","score":"0.915784","h":"19","w":"162"}
{"type":"greedy_loss","c":"1.09993","l":"0","score":"0.916974","h":"23","w":"134"}
{"type":"greedy_loss","c":"1.08779","l":"0","score":"0.906858","h":"24","w":"127"}
{"type":"greedy_loss","c":"1.07923","l":"0","score":"0.899717","h":"216","w":"14"}
{"type":"greedy_loss","c":"1.08779","l":"0","score":"0.906858","h":"24","w":"127"}
{"type":"greedy_loss","c":"1.07923","l":"0","score":"0.899717","h":"216","w":"14"}
{"type":"greedy_loss","c":"1.07923","l":"0","score":"0.899717","h":"216","w":"14"}
{"type":"greedy_loss","c":"1.096","l":"0","score":"0.913701","h":"83","w":"37"}
{"type":"greedy_loss","c":"1.07923","l":"0","score":"0.899717","h":"216","w":"14"}
{"type":"greedy_loss","c":"1.096","l":"0","score":"0.913701","h":"83","w":"37"}
{"type":"greedy_loss","c":"1.07923","l":"0","score":"0.899717","h":"216","w":"14"}
{"type":"greedy_loss","c":"1.096","l":"0","score":"0.913701","h":"83","w":"37"}
{"type":"greedy_loss","c":"1.07923","l":"0","score":"0.899717","h":"216","w":"14"}
{"type":"greedy_loss","c":"1.096","l":"0","score":"0.913701","h":"83","w":"37"}
{"type":"greedy_loss","c":"1.07923","l":"0","score":"0.899717","h":"216","w":"14"}
{"type":"greedy_loss","c":"1.07923","l":"0","score":"0.899717","h":"216","w":"14"}
{"type":"greedy_loss","c":"1.07923","l":"0","score":"0.899717","h":"216","w":"14"}
{"type":"greedy_loss","c":"1.07923","l":"0","score":"0.899717","h":"216","w":"14"}
{"type":"greedy_loss","c":"1.07923","l":"0","score":"0.899717","h":"216","w":"14"}
{"type":"greedy_loss","c":"1.07923","l":"0","score":"0.899717","h":"216","w":"14"}
{"s_comp":"0.07485","s_loss":"0.836993","T":"2802","P":"0.833667"}
{"tag":"param","type":"sa","start_temp":"30","end_temp":"1","limit":"1"}
{"tag":"!","time":"2.08993e-05","counter":"1","score":"-17576"}
{"tag":"!","time":"2.08993e-05","counter":"6","score":"-17564"}
{"tag":"!","time":"2.08993e-05","counter":"52","score":"-17559"}
{"tag":"!","time":"2.08993e-05","counter":"54","score":"-17555"}
{"tag":"!","time":"2.08993e-05","counter":"59","score":"-17531"}
{"tag":"!","time":"2.08993e-05","counter":"60","score":"-17505"}
{"tag":"!","time":"2.08993e-05","counter":"67","score":"-17497"}
{"tag":"!","time":"2.08993e-05","counter":"80","score":"-17479"}
{"tag":"!","time":"2.08993e-05","counter":"87","score":"-17473"}
{"tag":"!","time":"2.08993e-05","counter":"88","score":"-17470"}
{"tag":"!","time":"2.08993e-05","counter":"89","score":"-17460"}
{"tag":"!","time":"2.08993e-05","counter":"126","score":"-17446"}
{"tag":"!","time":"2.08993e-05","counter":"127","score":"-17443"}
{"tag":"!","time":"2.08993e-05","counter":"206","score":"-17431"}
{"tag":"!","time":"2.08993e-05","counter":"207","score":"-17415"}
{"tag":"!","time":"2.08993e-05","counter":"209","score":"-17357"}
{"tag":"!","time":"2.08993e-05","counter":"210","score":"-17352"}
{"tag":"!","time":"2.08993e-05","counter":"211","score":"-17344"}
{"tag":"!","time":"2.08993e-05","counter":"215","score":"-17342"}
{"tag":"!","time":"2.08993e-05","counter":"217","score":"-17326"}
{"tag":"!","time":"2.08993e-05","counter":"218","score":"-17299"}
{"tag":"!","time":"2.08993e-05","counter":"239","score":"-17293"}
{"tag":"!","time":"2.08993e-05","counter":"305","score":"-17280"}
{"tag":"!","time":"2.08993e-05","counter":"307","score":"-17268"}
{"tag":"!","time":"2.08993e-05","counter":"533","score":"-17244"}
{"tag":"!","time":"0.00456546","counter":"1496","score":"-17243"}
{"tag":"!","time":"0.00456546","counter":"1500","score":"-17242"}
{"tag":"!","time":"0.00456546","counter":"1580","score":"-17236"}
{"tag":"!","time":"0.00456546","counter":"1581","score":"-17207"}
{"tag":"!","time":"0.0131483","counter":"3036","score":"-17201"}
{"tag":"!","time":"0.0131483","counter":"3038","score":"-17180"}
{"tag":"!","time":"0.0131483","counter":"3730","score":"-17173"}
{"tag":"!","time":"0.0131483","counter":"3731","score":"-17170"}
{"tag":"!","time":"0.0131483","counter":"3750","score":"-17156"}
{"tag":"!","time":"0.0131483","counter":"3751","score":"-17139"}
{"tag":"!","time":"0.0131483","counter":"3753","score":"-17128"}
{"tag":"!","time":"0.017869","counter":"4172","score":"-17094"}
{"tag":"!","time":"0.017869","counter":"4175","score":"-17092"}
{"tag":"!","time":"0.017869","counter":"4176","score":"-17067"}
{"tag":"!","time":"0.017869","counter":"4250","score":"-17054"}
{"tag":"!","time":"0.0445534","counter":"10356","score":"-17023"}
{"tag":"!","time":"0.0445534","counter":"10358","score":"-17000"}
{"tag":"!","time":"0.0445534","counter":"10416","score":"-16999"}
{"tag":"!","time":"0.0487291","counter":"11741","score":"-16989"}
{"tag":"!","time":"0.157718","counter":"35818","score":"-16984"}
{"tag":"!","time":"0.157718","counter":"35838","score":"-16972"}
{"tag":"!","time":"0.16224","counter":"36975","score":"-16895"}
{"tag":"!","time":"0.166693","counter":"37024","score":"-16887"}
{"tag":"!","time":"0.166693","counter":"37050","score":"-16882"}
{"tag":"!","time":"0.301544","counter":"66231","score":"-16842"}
{"tag":"!","time":"0.301544","counter":"66290","score":"-16841"}
{"tag":"!","time":"0.370696","counter":"80589","score":"-16839"}
{"tag":"!","time":"0.370696","counter":"80608","score":"-16836"}
{"tag":"!","time":"0.370696","counter":"80609","score":"-16833"}
{"tag":"!","time":"0.370696","counter":"80625","score":"-16809"}
{"tag":"!","time":"0.370696","counter":"80671","score":"-16798"}
{"tag":"!","time":"0.370696","counter":"80693","score":"-16791"}
{"tag":"!","time":"0.406786","counter":"87030","score":"-16772"}
{"tag":"!","time":"0.432581","counter":"92540","score":"-16762"}
{"tag":"!","time":"0.437586","counter":"93153","score":"-16730"}
{"tag":"!","time":"0.437586","counter":"93155","score":"-16723"}
{"tag":"!","time":"0.437586","counter":"93157","score":"-16710"}
{"tag":"!","time":"0.437586","counter":"93159","score":"-16701"}
{"tag":"!","time":"0.437586","counter":"93167","score":"-16696"}
{"tag":"!","time":"0.448281","counter":"95429","score":"-16687"}
{"tag":"!","time":"0.448281","counter":"95430","score":"-16683"}
{"tag":"!","time":"0.448281","counter":"95432","score":"-16674"}
{"tag":"!","time":"0.448281","counter":"95433","score":"-16664"}
{"tag":"!","time":"0.538211","counter":"112978","score":"-16658"}
{"tag":"!","time":"0.538211","counter":"112987","score":"-16639"}
{"tag":"!","time":"0.543199","counter":"113008","score":"-16632"}
{"tag":"!","time":"0.543199","counter":"113183","score":"-16615"}
{"tag":"!","time":"0.543199","counter":"113362","score":"-16614"}
{"tag":"!","time":"0.543199","counter":"113380","score":"-16593"}
{"tag":"!","time":"0.543199","counter":"113384","score":"-16584"}
{"tag":"!","time":"0.543199","counter":"113385","score":"-16552"}
{"tag":"!","time":"0.543199","counter":"113496","score":"-16536"}
{"tag":"!","time":"0.56413","counter":"117445","score":"-16518"}
{"tag":"!","time":"0.56413","counter":"117508","score":"-16499"}
{"tag":"!","time":"0.56413","counter":"117585","score":"-16498"}
{"tag":"!","time":"0.56413","counter":"117587","score":"-16479"}
{"tag":"!","time":"0.585355","counter":"121374","score":"-16473"}
{"tag":"!","time":"0.585355","counter":"121379","score":"-16471"}
{"tag":"!","time":"0.585355","counter":"121382","score":"-16452"}
{"tag":"!","time":"0.665859","counter":"135602","score":"-16451"}
{"tag":"!","time":"0.665859","counter":"135611","score":"-16443"}
{"tag":"!","time":"0.665859","counter":"135615","score":"-16433"}
{"tag":"!","time":"0.665859","counter":"135619","score":"-16418"}
{"tag":"!","time":"0.665859","counter":"135623","score":"-16377"}
{"tag":"!","time":"0.665859","counter":"135625","score":"-16360"}
{"tag":"!","time":"0.665859","counter":"135739","score":"-16352"}
{"tag":"!","time":"0.665859","counter":"135839","score":"-16330"}
{"tag":"!","time":"0.665859","counter":"135849","score":"-16322"}
{"tag":"!","time":"0.699595","counter":"141403","score":"-16320"}
{"tag":"!","time":"0.699595","counter":"141436","score":"-16319"}
{"tag":"!","time":"0.699595","counter":"141478","score":"-16301"}
{"tag":"!","time":"0.699595","counter":"141492","score":"-16299"}
{"tag":"!","time":"0.699595","counter":"141493","score":"-16286"}
{"tag":"!","time":"0.699595","counter":"141498","score":"-16276"}
{"tag":"!","time":"0.699595","counter":"141588","score":"-16271"}
{"tag":"!","time":"0.699595","counter":"141591","score":"-16228"}
{"tag":"!","time":"0.699595","counter":"141627","score":"-16222"}
{"tag":"!","time":"0.699595","counter":"141655","score":"-16214"}
{"tag":"!","time":"0.699595","counter":"141667","score":"-16199"}
{"tag":"!","time":"0.699595","counter":"141671","score":"-16181"}
{"tag":"!","time":"0.699595","counter":"141865","score":"-16142"}
{"tag":"!","time":"0.699595","counter":"141916","score":"-16132"}
{"tag":"!","time":"0.739933","counter":"148107","score":"-16120"}
{"tag":"!","time":"0.739933","counter":"148156","score":"-16106"}
{"tag":"!","time":"0.745565","counter":"149982","score":"-16092"}
{"tag":"!","time":"0.745565","counter":"149986","score":"-16090"}
{"tag":"!","time":"0.745565","counter":"149997","score":"-16078"}
{"tag":"!","time":"0.750886","counter":"150009","score":"-16075"}
{"tag":"!","time":"0.813371","counter":"161492","score":"-16073"}
{"tag":"!","time":"0.813371","counter":"161508","score":"-16069"}
{"tag":"!","time":"0.813371","counter":"161548","score":"-16056"}
{"tag":"!","time":"0.813371","counter":"161573","score":"-16054"}
{"tag":"!","time":"0.813371","counter":"161586","score":"-16049"}
{"tag":"!","time":"0.813371","counter":"161613","score":"-16043"}
{"tag":"!","time":"0.813371","counter":"161622","score":"-16042"}
{"tag":"!","time":"0.813371","counter":"161628","score":"-16041"}
{"tag":"!","time":"0.813371","counter":"161629","score":"-16038"}
{"tag":"!","time":"0.813371","counter":"161652","score":"-16032"}
{"tag":"!","time":"0.813371","counter":"161654","score":"-16028"}
{"tag":"!","time":"0.826233","counter":"163258","score":"-16023"}
{"tag":"!","time":"0.826233","counter":"163291","score":"-16018"}
{"tag":"!","time":"0.826233","counter":"163311","score":"-15994"}
{"tag":"!","time":"0.826233","counter":"163323","score":"-15988"}
{"tag":"!","time":"0.826233","counter":"163349","score":"-15979"}
{"tag":"!","time":"0.826233","counter":"163352","score":"-15975"}
{"tag":"!","time":"0.826233","counter":"163373","score":"-15974"}
{"tag":"!","time":"0.826233","counter":"163384","score":"-15973"}
{"tag":"!","time":"0.826233","counter":"163406","score":"-15971"}
{"tag":"!","time":"0.826233","counter":"163417","score":"-15958"}
{"tag":"!","time":"0.826233","counter":"163946","score":"-15951"}
{"tag":"!","time":"0.832658","counter":"164057","score":"-15946"}
{"tag":"!","time":"0.832658","counter":"164376","score":"-15935"}
{"tag":"!","time":"0.832658","counter":"164400","score":"-15933"}
{"tag":"!","time":"0.83848","counter":"165534","score":"-15932"}
{"tag":"!","time":"0.83848","counter":"165541","score":"-15928"}
{"tag":"!","time":"0.844402","counter":"166580","score":"-15925"}
{"tag":"!","time":"0.844402","counter":"166669","score":"-15923"}
{"tag":"!","time":"0.844402","counter":"166699","score":"-15918"}
{"tag":"!","time":"0.862252","counter":"169133","score":"-15913"}
{"tag":"!","time":"0.862252","counter":"169150","score":"-15908"}
{"tag":"!","time":"0.868255","counter":"170411","score":"-15902"}
{"tag":"!","time":"0.868255","counter":"170495","score":"-15898"}
{"tag":"!","time":"0.868255","counter":"170522","score":"-15892"}
{"tag":"!","time":"0.868255","counter":"170527","score":"-15886"}
{"tag":"!","time":"0.868255","counter":"170732","score":"-15883"}
{"tag":"!","time":"0.868255","counter":"170794","score":"-15880"}
{"tag":"!","time":"0.874036","counter":"171722","score":"-15878"}
{"tag":"!","time":"0.874036","counter":"171771","score":"-15871"}
{"tag":"!","time":"0.890713","counter":"174289","score":"-15868"}
{"tag":"!","time":"0.890713","counter":"174308","score":"-15867"}
{"tag":"!","time":"0.890713","counter":"174353","score":"-15864"}
{"tag":"!","time":"0.890713","counter":"174425","score":"-15859"}
{"tag":"!","time":"0.890713","counter":"174451","score":"-15855"}
{"tag":"!","time":"0.890713","counter":"174600","score":"-15852"}
{"tag":"!","time":"0.897128","counter":"175070","score":"-15845"}
{"tag":"!","time":"0.903251","counter":"176731","score":"-15837"}
{"tag":"!","time":"0.908831","counter":"177595","score":"-15832"}
{"tag":"!","time":"0.930533","counter":"181466","score":"-15830"}
{"tag":"!","time":"0.938861","counter":"182503","score":"-15827"}
{"tag":"!","time":"0.938861","counter":"182879","score":"-15826"}
{"tag":"!","time":"0.944847","counter":"183201","score":"-15817"}
{"tag":"!","time":"0.950922","counter":"184470","score":"-15815"}
{"tag":"!","time":"0.950922","counter":"184510","score":"-15812"}
{"tag":"!","time":"0.950922","counter":"184641","score":"-15808"}
{"tag":"result","counter":"192000","score":"-15808"}
{"type":"sa","c":"0.0356888","l":"0.451335","score":"0.104825"}
{"tag":"param","type":"sa","start_temp":"30","end_temp":"1","limit":"1"}
{"tag":"!","time":"2.65421e-05","counter":"0","score":"-17029"}
{"tag":"!","time":"2.65421e-05","counter":"2","score":"-16961"}
{"tag":"!","time":"2.65421e-05","counter":"3","score":"-16926"}
{"tag":"!","time":"2.65421e-05","counter":"5","score":"-16899"}
{"tag":"!","time":"2.65421e-05","counter":"6","score":"-16892"}
{"tag":"!","time":"2.65421e-05","counter":"10","score":"-16881"}
{"tag":"!","time":"2.65421e-05","counter":"16","score":"-16876"}
{"tag":"!","time":"2.65421e-05","counter":"19","score":"-16868"}
{"tag":"!","time":"2.65421e-05","counter":"23","score":"-16855"}
{"tag":"!","time":"2.65421e-05","counter":"25","score":"-16844"}
{"tag":"!","time":"2.65421e-05","counter":"27","score":"-16817"}
{"tag":"!","time":"2.65421e-05","counter":"28","score":"-16792"}
{"tag":"!","time":"2.65421e-05","counter":"29","score":"-16776"}
{"tag":"!","time":"2.65421e-05","counter":"31","score":"-16761"}
{"tag":"!","time":"2.65421e-05","counter":"34","score":"-16736"}
{"tag":"!","time":"2.65421e-05","counter":"35","score":"-16701"}
{"tag":"!","time":"2.65421e-05","counter":"36","score":"-16658"}
{"tag":"!","time":"2.65421e-05","counter":"48","score":"-16657"}
{"tag":"!","time":"2.65421e-05","counter":"53","score":"-16646"}
{"tag":"!","time":"2.65421e-05","counter":"58","score":"-16631"}
{"tag":"!","time":"2.65421e-05","counter":"62","score":"-16615"}
{"tag":"!","time":"2.65421e-05","counter":"82","score":"-16600"}
{"tag":"!","time":"2.65421e-05","counter":"85","score":"-16593"}
{"tag":"!","time":"2.65421e-05","counter":"86","score":"-16561"}
{"tag":"!","time":"2.65421e-05","counter":"87","score":"-16548"}
{"tag":"!","time":"2.65421e-05","counter":"90","score":"-16541"}
{"tag":"!","time":"2.65421e-05","counter":"91","score":"-16538"}
{"tag":"!","time":"2.65421e-05","counter":"92","score":"-16526"}
{"tag":"!","time":"2.65421e-05","counter":"105","score":"-16525"}
{"tag":"!","time":"2.65421e-05","counter":"106","score":"-16514"}
{"tag":"!","time":"2.65421e-05","counter":"126","score":"-16503"}
{"tag":"!","time":"2.65421e-05","counter":"136","score":"-16496"}
{"tag":"!","time":"2.65421e-05","counter":"137","score":"-16485"}
{"tag":"!","time":"2.65421e-05","counter":"153","score":"-16467"}
{"tag":"!","time":"2.65421e-05","counter":"155","score":"-16460"}
{"tag":"!","time":"2.65421e-05","counter":"156","score":"-16434"}
{"tag":"!","time":"2.65421e-05","counter":"158","score":"-16420"}
{"tag":"!","time":"2.65421e-05","counter":"160","score":"-16382"}
{"tag":"!","time":"2.65421e-05","counter":"161","score":"-16375"}
{"tag":"!","time":"2.65421e-05","counter":"281","score":"-16326"}
{"tag":"!","time":"2.65421e-05","counter":"282","score":"-16312"}
{"tag":"!","time":"2.65421e-05","counter":"283","score":"-16300"}
{"tag":"!","time":"2.65421e-05","counter":"284","score":"-16280"}
{"tag":"!","time":"2.65421e-05","counter":"287","score":"-16255"}
{"tag":"!","time":"2.65421e-05","counter":"293","score":"-16249"}
{"tag":"!","time":"2.65421e-05","counter":"294","score":"-16237"}
{"tag":"!","time":"2.65421e-05","counter":"302","score":"-16236"}
{"tag":"!","time":"2.65421e-05","counter":"304","score":"-16233"}
{"tag":"!","time":"2.65421e-05","counter":"320","score":"-16193"}
{"tag":"!","time":"2.65421e-05","counter":"321","score":"-16187"}
{"tag":"!","time":"2.65421e-05","counter":"329","score":"-16131"}
{"tag":"!","time":"2.65421e-05","counter":"338","score":"-16117"}
{"tag":"!","time":"2.65421e-05","counter":"339","score":"-16062"}
{"tag":"!","time":"2.65421e-05","counter":"340","score":"-16059"}
{"tag":"!","time":"2.65421e-05","counter":"344","score":"-16056"}
{"tag":"!","time":"2.65421e-05","counter":"366","score":"-16033"}
{"tag":"!","time":"2.65421e-05","counter":"369","score":"-16013"}
{"tag":"!","time":"2.65421e-05","counter":"370","score":"-15980"}
{"tag":"!","time":"2.65421e-05","counter":"479","score":"-15972"}
{"tag":"!","time":"2.65421e-05","counter":"480","score":"-15916"}
{"tag":"!","time":"2.65421e-05","counter":"485","score":"-15909"}
{"tag":"!","time":"2.65421e-05","counter":"496","score":"-15888"}
{"tag":"!","time":"2.65421e-05","counter":"497","score":"-15854"}
{"tag":"!","time":"2.65421e-05","counter":"631","score":"-15850"}
{"tag":"!","time":"2.65421e-05","counter":"632","score":"-15830"}
{"tag":"!","time":"2.65421e-05","counter":"633","score":"-15819"}
{"tag":"!","time":"2.65421e-05","counter":"709","score":"-15806"}
{"tag":"!","time":"2.65421e-05","counter":"712","score":"-15796"}
{"tag":"!","time":"2.65421e-05","counter":"715","score":"-15785"}
{"tag":"!","time":"0.0151559","counter":"2749","score":"-15782"}
{"tag":"!","time":"0.0151559","counter":"2753","score":"-15777"}
{"tag":"!","time":"0.0151559","counter":"2755","score":"-15747"}
{"tag":"!","time":"0.0151559","counter":"2757","score":"-15741"}
{"tag":"!","time":"0.0151559","counter":"2762","score":"-15722"}
{"tag":"!","time":"0.0151559","counter":"2766","score":"-15709"}
{"tag":"!","time":"0.0151559","counter":"2767","score":"-15691"}
{"tag":"!","time":"0.0151559","counter":"2768","score":"-15685"}
{"tag":"!","time":"0.0151559","counter":"2769","score":"-15661"}
{"tag":"!","time":"0.0151559","counter":"2775","score":"-15644"}
{"tag":"!","time":"0.0151559","counter":"2777","score":"-15633"}
{"tag":"!","time":"0.0151559","counter":"2778","score":"-15608"}
{"tag":"!","time":"0.0151559","counter":"2841","score":"-15537"}
{"tag":"!","time":"0.0402373","counter":"6135","score":"-15533"}
{"tag":"!","time":"0.0402373","counter":"6137","score":"-15532"}
{"tag":"!","time":"0.0402373","counter":"6139","score":"-15515"}
{"tag":"!","time":"0.0402373","counter":"6145","score":"-15489"}
{"tag":"!","time":"0.0402373","counter":"6155","score":"-15486"}
{"tag":"!","time":"0.0402373","counter":"6156","score":"-15473"}
{"tag":"!","time":"0.0402373","counter":"6160","score":"-15462"}
{"tag":"!","time":"0.0402373","counter":"6179","score":"-15433"}
{"tag":"!","time":"0.0402373","counter":"6180","score":"-15419"}
{"tag":"!","time":"0.0402373","counter":"6187","score":"-15385"}
{"tag":"!","time":"0.0402373","counter":"6192","score":"-15376"}
{"tag":"!","time":"0.109744","counter":"17664","score":"-15368"}
{"tag":"!","time":"0.109744","counter":"17707","score":"-15364"}
{"tag":"!","time":"0.109744","counter":"17819","score":"-15330"}
{"tag":"!","time":"0.185994","counter":"30598","score":"-15327"}
{"tag":"!","time":"0.185994","counter":"30600","score":"-15302"}
{"tag":"!","time":"0.217501","counter":"35558","score":"-15294"}
{"tag":"!","time":"0.224534","counter":"36006","score":"-15258"}
{"tag":"!","time":"0.224534","counter":"36249","score":"-15248"}
{"tag":"!","time":"0.244999","counter":"39239","score":"-15237"}
{"tag":"!","time":"0.244999","counter":"39240","score":"-15226"}
{"tag":"!","time":"0.244999","counter":"39358","score":"-15222"}
{"tag":"!","time":"0.244999","counter":"39360","score":"-15209"}
{"tag":"!","time":"0.244999","counter":"39361","score":"-15201"}
{"tag":"!","time":"0.244999","counter":"39362","score":"-15200"}
{"tag":"!","time":"0.244999","counter":"39395","score":"-15192"}
{"tag":"!","time":"0.244999","counter":"39406","score":"-15152"}
{"tag":"!","time":"0.25115","counter":"40809","score":"-15143"}
{"tag":"!","time":"0.25115","counter":"40810","score":"-15133"}
{"tag":"!","time":"0.25115","counter":"40813","score":"-15114"}
{"tag":"!","time":"0.25115","counter":"40826","score":"-15109"}
{"tag":"!","time":"0.25115","counter":"40827","score":"-15101"}
{"tag":"!","time":"0.25115","counter":"40834","score":"-15050"}
{"tag":"!","time":"0.25115","counter":"40837","score":"-15032"}
{"tag":"!","time":"0.25115","counter":"40861","score":"-15029"}
{"tag":"!","time":"0.25115","counter":"40898","score":"-15015"}
{"tag":"!","time":"0.25115","counter":"40914","score":"-15012"}
{"tag":"!","time":"0.25115","counter":"40915","score":"-15009"}
{"tag":"!","time":"0.25115","counter":"40985","score":"-15001"}
{"tag":"!","time":"0.25115","counter":"40987","score":"-15000"}
{"tag":"!","time":"0.257803","counter":"41005","score":"-14994"}
{"tag":"!","time":"0.257803","counter":"41016","score":"-14987"}
{"tag":"!","time":"0.257803","counter":"41017","score":"-14923"}
{"tag":"!","time":"0.257803","counter":"41024","score":"-14921"}
{"tag":"!","time":"0.257803","counter":"41029","score":"-14920"}
{"tag":"!","time":"0.257803","counter":"41040","score":"-14905"}
{"tag":"!","time":"0.257803","counter":"41042","score":"-14899"}
{"tag":"!","time":"0.257803","counter":"41060","score":"-14897"}
{"tag":"!","time":"0.257803","counter":"41061","score":"-14849"}
{"tag":"!","time":"0.257803","counter":"41069","score":"-14831"}
{"tag":"!","time":"0.456847","counter":"73080","score":"-14830"}
{"tag":"!","time":"0.456847","counter":"73086","score":"-14821"}
{"tag":"!","time":"0.456847","counter":"73180","score":"-14804"}
{"tag":"!","time":"0.578561","counter":"92182","score":"-14800"}
{"tag":"!","time":"0.578561","counter":"92188","score":"-14776"}
{"tag":"!","time":"0.578561","counter":"92193","score":"-14774"}
{"tag":"!","time":"0.578561","counter":"92203","score":"-14766"}
{"tag":"!","time":"0.578561","counter":"92213","score":"-14761"}
{"tag":"!","time":"0.578561","counter":"92216","score":"-14731"}
{"tag":"!","time":"0.578561","counter":"92278","score":"-14717"}
{"tag":"!","time":"0.578561","counter":"92328","score":"-14702"}
{"tag":"!","time":"0.578561","counter":"92362","score":"-14696"}
{"tag":"!","time":"0.578561","counter":"92366","score":"-14693"}
{"tag":"!","time":"0.578561","counter":"92367","score":"-14689"}
{"tag":"!","time":"0.578561","counter":"92515","score":"-14687"}
{"tag":"!","time":"0.578561","counter":"92607","score":"-14663"}
{"tag":"!","time":"0.578561","counter":"92624","score":"-14650"}
{"tag":"!","time":"0.585707","counter":"93250","score":"-14634"}
{"tag":"!","time":"0.585707","counter":"93264","score":"-14629"}
{"tag":"!","time":"0.585707","counter":"93275","score":"-14608"}
{"tag":"!","time":"0.585707","counter":"93316","score":"-14597"}
{"tag":"!","time":"0.585707","counter":"93324","score":"-14573"}
{"tag":"!","time":"0.585707","counter":"93331","score":"-14551"}
{"tag":"!","time":"0.585707","counter":"93591","score":"-14525"}
{"tag":"!","time":"0.585707","counter":"93595","score":"-14505"}
{"tag":"!","time":"0.585707","counter":"93719","score":"-14500"}
{"tag":"!","time":"0.585707","counter":"93739","score":"-14494"}
{"tag":"!","time":"0.585707","counter":"93742","score":"-14467"}
{"tag":"!","time":"0.585707","counter":"93745","score":"-14457"}
{"tag":"!","time":"0.585707","counter":"93777","score":"-14437"}
{"tag":"!","time":"0.585707","counter":"93778","score":"-14435"}
{"tag":"!","time":"0.585707","counter":"93814","score":"-14413"}
{"tag":"!","time":"0.585707","counter":"93940","score":"-14398"}
{"tag":"!","time":"0.585707","counter":"93960","score":"-14390"}
{"tag":"!","time":"0.585707","counter":"93963","score":"-14379"}
{"tag":"!","time":"0.585707","counter":"93970","score":"-14367"}
{"tag":"!","time":"0.60108","counter":"95667","score":"-14333"}
{"tag":"!","time":"0.60108","counter":"95678","score":"-14317"}
{"tag":"!","time":"0.614119","counter":"97667","score":"-14299"}
{"tag":"!","time":"0.614119","counter":"97686","score":"-14286"}
{"tag":"!","time":"0.614119","counter":"97690","score":"-14261"}
{"tag":"!","time":"0.621193","counter":"98198","score":"-14257"}
{"tag":"!","time":"0.621193","counter":"98361","score":"-14256"}
{"tag":"!","time":"0.621193","counter":"98385","score":"-14239"}
{"tag":"!","time":"0.621193","counter":"98862","score":"-14233"}
{"tag":"!","time":"0.621193","counter":"98865","score":"-14220"}
{"tag":"!","time":"0.643247","counter":"101950","score":"-14219"}
{"tag":"!","time":"0.643247","counter":"101994","score":"-14218"}
{"tag":"!","time":"0.643247","counter":"101996","score":"-14204"}
{"tag":"!","time":"0.649582","counter":"102006","score":"-14196"}
{"tag":"!","time":"0.649582","counter":"102103","score":"-14195"}
{"tag":"!","time":"0.649582","counter":"102134","score":"-14193"}
{"tag":"!","time":"0.649582","counter":"102708","score":"-14190"}
{"tag":"!","time":"0.649582","counter":"102709","score":"-14171"}
{"tag":"!","time":"0.649582","counter":"102771","score":"-14162"}
{"tag":"!","time":"0.656813","counter":"103176","score":"-14155"}
{"tag":"!","time":"0.656813","counter":"103320","score":"-14142"}
{"tag":"!","time":"0.656813","counter":"103339","score":"-14115"}
{"tag":"!","time":"0.656813","counter":"103352","score":"-14114"}
{"tag":"!","time":"0.656813","counter":"103356","score":"-14086"}
{"tag":"!","time":"0.656813","counter":"103372","score":"-14064"}
{"tag":"!","time":"0.656813","counter":"103373","score":"-14024"}
{"tag":"!","time":"0.692059","counter":"108549","score":"-14022"}
{"tag":"!","time":"0.692059","counter":"108561","score":"-14012"}
{"tag":"!","time":"0.692059","counter":"108585","score":"-14011"}
{"tag":"!","time":"0.692059","counter":"108612","score":"-14007"}
{"tag":"!","time":"0.692059","counter":"108790","score":"-13997"}
{"tag":"!","time":"0.692059","counter":"108801","score":"-13995"}
{"tag":"!","time":"0.692059","counter":"108812","score":"-13994"}
{"tag":"!","time":"0.706361","counter":"110712","score":"-13984"}
{"tag":"!","time":"0.706361","counter":"110719","score":"-13971"}
{"tag":"!","time":"0.706361","counter":"110739","score":"-13959"}
{"tag":"!","time":"0.706361","counter":"110744","score":"-13952"}
{"tag":"!","time":"0.706361","counter":"110746","score":"-13951"}
{"tag":"!","time":"0.706361","counter":"110831","score":"-13950"}
{"tag":"!","time":"0.706361","counter":"110844","score":"-13948"}
{"tag":"!","time":"0.706361","counter":"110854","score":"-13938"}
{"tag":"!","time":"0.706361","counter":"110857","score":"-13931"}
{"tag":"!","time":"0.706361","counter":"110862","score":"-13925"}
{"tag":"!","time":"0.706361","counter":"110912","score":"-13918"}
{"tag":"!","time":"0.706361","counter":"110932","score":"-13899"}
{"tag":"!","time":"0.713064","counter":"111898","score":"-13896"}
{"tag":"!","time":"0.713064","counter":"111904","score":"-13894"}
{"tag":"!","time":"0.713064","counter":"111946","score":"-13893"}
{"tag":"!","time":"0.713064","counter":"111957","score":"-13870"}
{"tag":"!","time":"0.713064","counter":"111975","score":"-13864"}
{"tag":"!","time":"0.713064","counter":"111976","score":"-13858"}
{"tag":"!","time":"0.719957","counter":"112258","score":"-13846"}
{"tag":"!","time":"0.719957","counter":"112316","score":"-13842"}
{"tag":"!","time":"0.719957","counter":"112339","score":"-13837"}
{"tag":"!","time":"0.719957","counter":"112477","score":"-13833"}
{"tag":"!","time":"0.719957","counter":"112498","score":"-13825"}
{"tag":"!","time":"0.719957","counter":"112515","score":"-13824"}
{"tag":"!","time":"0.719957","counter":"112565","score":"-13810"}
{"tag":"!","time":"0.719957","counter":"112591","score":"-13808"}
{"tag":"!","time":"0.719957","counter":"112599","score":"-13799"}
{"tag":"!","time":"0.719957","counter":"112653","score":"-13788"}
{"tag":"!","time":"0.719957","counter":"112654","score":"-13776"}
{"tag":"!","time":"0.719957","counter":"112970","score":"-13775"}
{"tag":"!","time":"0.727504","counter":"113012","score":"-13771"}
{"tag":"!","time":"0.727504","counter":"113044","score":"-13758"}
{"tag":"!","time":"0.727504","counter":"113778","score":"-13754"}
{"tag":"!","time":"0.727504","counter":"113780","score":"-13747"}
{"tag":"!","time":"0.727504","counter":"113816","score":"-13740"}
{"tag":"!","time":"0.737074","counter":"114168","score":"-13734"}
{"tag":"!","time":"0.737074","counter":"114175","score":"-13733"}
{"tag":"!","time":"0.737074","counter":"114705","score":"-13724"}
{"tag":"!","time":"0.737074","counter":"114710","score":"-13722"}
{"tag":"!","time":"0.737074","counter":"114828","score":"-13720"}
{"tag":"!","time":"0.744773","counter":"115313","score":"-13708"}
{"tag":"!","time":"0.744773","counter":"115327","score":"-13686"}
{"tag":"!","time":"0.752053","counter":"116531","score":"-13682"}
{"tag":"!","time":"0.752053","counter":"116536","score":"-13675"}
{"tag":"!","time":"0.752053","counter":"116538","score":"-13673"}
{"tag":"!","time":"0.752053","counter":"116568","score":"-13670"}
{"tag":"!","time":"0.752053","counter":"116612","score":"-13667"}
{"tag":"!","time":"0.752053","counter":"116626","score":"-13662"}
{"tag":"!","time":"0.752053","counter":"116947","score":"-13659"}
{"tag":"!","time":"0.752053","counter":"116948","score":"-13650"}
{"tag":"!","time":"0.759888","counter":"117048","score":"-13642"}
{"tag":"!","time":"0.759888","counter":"117335","score":"-13635"}
{"tag":"!","time":"0.781549","counter":"120705","score":"-13616"}
{"tag":"!","time":"0.781549","counter":"120720","score":"-13615"}
{"tag":"!","time":"0.781549","counter":"120756","score":"-13613"}
{"tag":"!","time":"0.781549","counter":"120760","score":"-13612"}
{"tag":"!","time":"0.781549","counter":"120772","score":"-13583"}
{"tag":"!","time":"0.781549","counter":"120787","score":"-13581"}
{"tag":"!","time":"0.781549","counter":"120802","score":"-13572"}
{"tag":"!","time":"0.781549","counter":"120822","score":"-13558"}
{"tag":"!","time":"0.828574","counter":"127521","score":"-13544"}
{"tag":"!","time":"0.828574","counter":"127540","score":"-13539"}
{"tag":"!","time":"0.828574","counter":"127578","score":"-13527"}
{"tag":"!","time":"0.828574","counter":"127638","score":"-13516"}
{"tag":"!","time":"0.828574","counter":"127720","score":"-13514"}
{"tag":"!","time":"0.828574","counter":"127893","score":"-13507"}
{"tag":"!","time":"0.835539","counter":"128223","score":"-13494"}
{"tag":"!","time":"0.835539","counter":"128527","score":"-13486"}
{"tag":"!","time":"0.835539","counter":"128684","score":"-13452"}
{"tag":"!","time":"0.835539","counter":"128746","score":"-13450"}
{"tag":"!","time":"0.835539","counter":"128927","score":"-13433"}
{"tag":"!","time":"0.842356","counter":"129037","score":"-13430"}
{"tag":"!","time":"0.842356","counter":"129068","score":"-13427"}
{"tag":"!","time":"0.842356","counter":"129100","score":"-13418"}
{"tag":"!","time":"0.842356","counter":"129516","score":"-13414"}
{"tag":"!","time":"0.842356","counter":"129522","score":"-13407"}
{"tag":"!","time":"0.842356","counter":"129680","score":"-13406"}
{"tag":"!","time":"0.842356","counter":"129867","score":"-13401"}
{"tag":"!","time":"0.851308","counter":"130698","score":"-13397"}
{"tag":"!","time":"0.891812","counter":"136948","score":"-13382"}
{"tag":"!","time":"0.898454","counter":"137030","score":"-13377"}
{"tag":"!","time":"0.898454","counter":"137892","score":"-13344"}
{"tag":"!","time":"0.905437","counter":"138211","score":"-13318"}
{"tag":"!","time":"0.905437","counter":"138435","score":"-13310"}
{"tag":"!","time":"0.905437","counter":"138623","score":"-13305"}
{"tag":"!","time":"0.905437","counter":"138836","score":"-13302"}
{"tag":"!","time":"0.912683","counter":"139376","score":"-13296"}
{"tag":"!","time":"0.912683","counter":"139526","score":"-13295"}
{"tag":"!","time":"0.919518","counter":"140428","score":"-13279"}
{"tag":"!","time":"0.919518","counter":"140441","score":"-13274"}
{"tag":"!","time":"0.919518","counter":"140903","score":"-13268"}
{"tag":"!","time":"0.926627","counter":"141013","score":"-13262"}
{"tag":"!","time":"0.926627","counter":"141071","score":"-13251"}
{"tag":"!","time":"0.926627","counter":"141090","score":"-13249"}
{"tag":"!","time":"0.926627","counter":"141214","score":"-13233"}
{"tag":"!","time":"0.926627","counter":"141514","score":"-13208"}
{"tag":"!","time":"0.926627","counter":"141542","score":"-13197"}
{"tag":"!","time":"0.933629","counter":"142811","score":"-13195"}
{"tag":"!","time":"0.933629","counter":"142829","score":"-13190"}
{"tag":"!","time":"0.933629","counter":"142875","score":"-13178"}
{"tag":"!","time":"0.940943","counter":"143189","score":"-13175"}
{"tag":"!","time":"0.940943","counter":"143191","score":"-13173"}
{"tag":"!","time":"0.947889","counter":"144469","score":"-13171"}
{"tag":"!","time":"0.955143","counter":"145321","score":"-13166"}
{"tag":"!","time":"0.955143","counter":"145550","score":"-13164"}
{"tag":"!","time":"0.962321","counter":"146160","score":"-13162"}
{"tag":"!","time":"0.962321","counter":"146349","score":"-13157"}
{"tag":"!","time":"0.969042","counter":"147270","score":"-13150"}
{"tag":"!","time":"0.969042","counter":"147318","score":"-13147"}
{"tag":"!","time":"0.969042","counter":"147597","score":"-13138"}
{"tag":"!","time":"0.975792","counter":"148745","score":"-13137"}
{"tag":"!","time":"0.982426","counter":"149579","score":"-13134"}
{"tag":"!","time":"0.982426","counter":"149639","score":"-13133"}
{"tag":"!","time":"0.989152","counter":"150578","score":"-13128"}
{"tag":"!","time":"0.989152","counter":"150617","score":"-13120"}
{"tag":"result","counter":"152000","score":"-13120"}
{"type":"sa","c":"0.142755","l":"0.37459","score":"0.181317"}
{"tag":"param","type":"sa","start_temp":"30","end_temp":"1","limit":"1"}
{"tag":"!","time":"2.44121e-05","counter":"0","score":"-16476"}
{"tag":"!","time":"2.44121e-05","counter":"3","score":"-16363"}
{"tag":"!","time":"2.44121e-05","counter":"5","score":"-16321"}
{"tag":"!","time":"2.44121e-05","counter":"6","score":"-16291"}
{"tag":"!","time":"2.44121e-05","counter":"7","score":"-16279"}
{"tag":"!","time":"2.44121e-05","counter":"8","score":"-16259"}
{"tag":"!","time":"2.44121e-05","counter":"10","score":"-16243"}
{"tag":"!","time":"2.44121e-05","counter":"11","score":"-16222"}
{"tag":"!","time":"2.44121e-05","counter":"12","score":"-16118"}
{"tag":"!","time":"2.44121e-05","counter":"15","score":"-16068"}
{"tag":"!","time":"2.44121e-05","counter":"16","score":"-16022"}
{"tag":"!","time":"2.44121e-05","counter":"18","score":"-15928"}
{"tag":"!","time":"2.44121e-05","counter":"19","score":"-15922"}
{"tag":"!","time":"2.44121e-05","counter":"24","score":"-15872"}
{"tag":"!","time":"2.44121e-05","counter":"27","score":"-15827"}
{"tag":"!","time":"2.44121e-05","counter":"28","score":"-15817"}
{"tag":"!","time":"2.44121e-05","counter":"29","score":"-15786"}
{"tag":"!","time":"2.44121e-05","counter":"34","score":"-15764"}
{"tag":"!","time":"2.44121e-05","counter":"35","score":"-15749"}
{"tag":"!","time":"2.44121e-05","counter":"37","score":"-15720"}
{"tag":"!","time":"2.44121e-05","counter":"39","score":"-15684"}
{"tag":"!","time":"2.44121e-05","counter":"45","score":"-15680"}
{"tag":"!","time":"2.44121e-05","counter":"53","score":"-15675"}
{"tag":"!","time":"2.44121e-05","counter":"55","score":"-15629"}
{"tag":"!","time":"2.44121e-05","counter":"56","score":"-15596"}
{"tag":"!","time":"2.44121e-05","counter":"60","score":"-15576"}
{"tag":"!","time":"2.44121e-05","counter":"61","score":"-15570"}
{"tag":"!","time":"2.44121e-05","counter":"65","score":"-15471"}
{"tag":"!","time":"2.44121e-05","counter":"67","score":"-15470"}
{"tag":"!","time":"2.44121e-05","counter":"81","score":"-15445"}
{"tag":"!","time":"2.44121e-05","counter":"83","score":"-15417"}
{"tag":"!","time":"2.44121e-05","counter":"84","score":"-15352"}
{"tag":"!","time":"2.44121e-05","counter":"97","score":"-15339"}
{"tag":"!","time":"2.44121e-05","counter":"99","score":"-15321"}
{"tag":"!","time":"2.44121e-05","counter":"123","score":"-15287"}
{"tag":"!","time":"2.44121e-05","counter":"124","score":"-15271"}
{"tag":"!","time":"2.44121e-05","counter":"126","score":"-15257"}
{"tag":"!","time":"2.44121e-05","counter":"128","score":"-15215"}
{"tag":"!","time":"2.44121e-05","counter":"159","score":"-15203"}
{"tag":"!","time":"2.44121e-05","counter":"187","score":"-15180"}
{"tag":"!","time":"2.44121e-05","counter":"309","score":"-15160"}
{"tag":"!","time":"2.44121e-05","counter":"325","score":"-15156"}
{"tag":"!","time":"2.44121e-05","counter":"326","score":"-15111"}
{"tag":"!","time":"2.44121e-05","counter":"330","score":"-15103"}
{"tag":"!","time":"2.44121e-05","counter":"333","score":"-15071"}
{"tag":"!","time":"2.44121e-05","counter":"334","score":"-15006"}
{"tag":"!","time":"2.44121e-05","counter":"337","score":"-15001"}
{"tag":"!","time":"2.44121e-05","counter":"339","score":"-14975"}
{"tag":"!","time":"2.44121e-05","counter":"342","score":"-14966"}
{"tag":"!","time":"2.44121e-05","counter":"345","score":"-14863"}
{"tag":"!","time":"2.44121e-05","counter":"351","score":"-14862"}
{"tag":"!","time":"2.44121e-05","counter":"354","score":"-14831"}
{"tag":"!","time":"2.44121e-05","counter":"358","score":"-14788"}
{"tag":"!","time":"2.44121e-05","counter":"359","score":"-14776"}
{"tag":"!","time":"2.44121e-05","counter":"360","score":"-14752"}
{"tag":"!","time":"2.44121e-05","counter":"362","score":"-14750"}
{"tag":"!","time":"0.0068994","counter":"1538","score":"-14742"}
{"tag":"!","time":"0.0068994","counter":"1540","score":"-14734"}
{"tag":"!","time":"0.0068994","counter":"1547","score":"-14730"}
{"tag":"!","time":"0.0068994","counter":"1551","score":"-14684"}
{"tag":"!","time":"0.0068994","counter":"1579","score":"-14649"}
{"tag":"!","time":"0.0068994","counter":"1652","score":"-14638"}
{"tag":"!","time":"0.0068994","counter":"1678","score":"-14634"}
{"tag":"!","time":"0.0068994","counter":"1684","score":"-14623"}
{"tag":"!","time":"0.0133658","counter":"2143","score":"-14567"}
{"tag":"!","time":"0.0133658","counter":"2144","score":"-14553"}
{"tag":"!","time":"0.0133658","counter":"2167","score":"-14440"}
{"tag":"!","time":"0.0133658","counter":"2174","score":"-14428"}
{"tag":"!","time":"0.0133658","counter":"2257","score":"-14427"}
{"tag":"!","time":"0.0133658","counter":"2260","score":"-14424"}
{"tag":"!","time":"0.0133658","counter":"2402","score":"-14414"}
{"tag":"!","time":"0.0133658","counter":"2563","score":"-14403"}
{"tag":"!","time":"0.0133658","counter":"2564","score":"-14382"}
{"tag":"!","time":"0.0133658","counter":"2639","score":"-14372"}
{"tag":"!","time":"0.0133658","counter":"2640","score":"-14314"}
{"tag":"!","time":"0.0133658","counter":"2733","score":"-14309"}
{"tag":"!","time":"0.0133658","counter":"2735","score":"-14306"}
{"tag":"!","time":"0.0330434","counter":"5210","score":"-14268"}
{"tag":"!","time":"0.0330434","counter":"5958","score":"-14259"}
{"tag":"!","time":"0.0330434","counter":"5964","score":"-14245"}
{"tag":"!","time":"0.0330434","counter":"5967","score":"-14228"}
{"tag":"!","time":"0.0330434","counter":"5970","score":"-14210"}
{"tag":"!","time":"0.0396349","counter":"6371","score":"-14196"}
{"tag":"!","time":"0.0396349","counter":"6396","score":"-14184"}
{"tag":"!","time":"0.0396349","counter":"6426","score":"-14181"}
{"tag":"!","time":"0.0396349","counter":"6427","score":"-14175"}
{"tag":"!","time":"0.0396349","counter":"6431","score":"-14119"}
{"tag":"!","time":"0.0396349","counter":"6442","score":"-14118"}
{"tag":"!","time":"0.0396349","counter":"6443","score":"-14108"}
{"tag":"!","time":"0.0396349","counter":"6446","score":"-14091"}
{"tag":"!","time":"0.0396349","counter":"6811","score":"-14010"}
{"tag":"!","time":"0.0396349","counter":"6816","score":"-13990"}
{"tag":"!","time":"0.0531377","counter":"8125","score":"-13935"}
{"tag":"!","time":"0.0531377","counter":"8126","score":"-13901"}
{"tag":"!","time":"0.0531377","counter":"8363","score":"-13897"}
{"tag":"!","time":"0.0531377","counter":"8375","score":"-13891"}
{"tag":"!","time":"0.169543","counter":"27130","score":"-13868"}
{"tag":"!","time":"0.169543","counter":"27133","score":"-13864"}
{"tag":"!","time":"0.169543","counter":"27137","score":"-13844"}
{"tag":"!","time":"0.169543","counter":"27141","score":"-13830"}
{"tag":"!","time":"0.169543","counter":"27185","score":"-13825"}
{"tag":"!","time":"0.169543","counter":"27191","score":"-13824"}
{"tag":"!","time":"0.169543","counter":"27198","score":"-13821"}
{"tag":"!","time":"0.169543","counter":"27205","score":"-13815"}
{"tag":"!","time":"0.169543","counter":"27206","score":"-13782"}
{"tag":"!","time":"0.169543","counter":"27224","score":"-13780"}
{"tag":"!","time":"0.169543","counter":"27225","score":"-13761"}
{"tag":"!","time":"0.169543","counter":"27227","score":"-13755"}
{"tag":"!","time":"0.195235","counter":"31220","score":"-13732"}
{"tag":"!","time":"0.195235","counter":"31226","score":"-13683"}
{"tag":"!","time":"0.195235","counter":"31227","score":"-13652"}
{"tag":"!","time":"0.195235","counter":"31286","score":"-13649"}
{"tag":"!","time":"0.195235","counter":"31291","score":"-13636"}
{"tag":"!","time":"0.195235","counter":"31643","score":"-13625"}
{"tag":"!","time":"0.195235","counter":"31645","score":"-13582"}
{"tag":"!","time":"0.195235","counter":"31646","score":"-13572"}
{"tag":"!","time":"0.201682","counter":"32249","score":"-13507"}
{"tag":"!","time":"0.201682","counter":"32251","score":"-13505"}
{"tag":"!","time":"0.201682","counter":"32253","score":"-13503"}
{"tag":"!","time":"0.201682","counter":"32258","score":"-13484"}
{"tag":"!","time":"0.201682","counter":"32261","score":"-13427"}
{"tag":"!","time":"0.214394","counter":"34571","score":"-13423"}
{"tag":"!","time":"0.214394","counter":"34576","score":"-13416"}
{"tag":"!","time":"0.214394","counter":"34582","score":"-13390"}
{"tag":"!","time":"0.318674","counter":"50144","score":"-13367"}
{"tag":"!","time":"0.318674","counter":"50161","score":"-13361"}
{"tag":"!","time":"0.318674","counter":"50201","score":"-13339"}
{"tag":"!","time":"0.318674","counter":"50207","score":"-13258"}
{"tag":"!","time":"0.318674","counter":"50223","score":"-13254"}
{"tag":"!","time":"0.318674","counter":"50246","score":"-13219"}
{"tag":"!","time":"0.318674","counter":"50255","score":"-13162"}
{"tag":"!","time":"0.318674","counter":"50291","score":"-13160"}
{"tag":"!","time":"0.318674","counter":"50299","score":"-13159"}
{"tag":"!","time":"0.345575","counter":"54414","score":"-13156"}
{"tag":"!","time":"0.345575","counter":"54417","score":"-13153"}
{"tag":"!","time":"0.345575","counter":"54420","score":"-13146"}
{"tag":"!","time":"0.345575","counter":"54422","score":"-13139"}
{"tag":"!","time":"0.360984","counter":"56013","score":"-13109"}
{"tag":"!","time":"0.374588","counter":"58523","score":"-13080"}
{"tag":"!","time":"0.374588","counter":"58526","score":"-13060"}
{"tag":"!","time":"0.374588","counter":"58529","score":"-13058"}
{"tag":"!","time":"0.374588","counter":"58540","score":"-13050"}
{"tag":"!","time":"0.374588","counter":"58545","score":"-13042"}
{"tag":"!","time":"0.381439","counter":"59002","score":"-13015"}
{"tag":"!","time":"0.381439","counter":"59003","score":"-12991"}
{"tag":"!","time":"0.381439","counter":"59004","score":"-12990"}
{"tag":"!","time":"0.381439","counter":"59011","score":"-12987"}
{"tag":"!","time":"0.381439","counter":"59016","score":"-12973"}
{"tag":"!","time":"0.381439","counter":"59017","score":"-12958"}
{"tag":"!","time":"0.381439","counter":"59033","score":"-12955"}
{"tag":"!","time":"0.381439","counter":"59039","score":"-12948"}
{"tag":"!","time":"0.381439","counter":"59042","score":"-12941"}
{"tag":"!","time":"0.381439","counter":"59104","score":"-12928"}
{"tag":"!","time":"0.381439","counter":"59107","score":"-12922"}
{"tag":"!","time":"0.411183","counter":"63625","score":"-12915"}
{"tag":"!","time":"0.411183","counter":"63635","score":"-12900"}
{"tag":"!","time":"0.411183","counter":"63662","score":"-12868"}
{"tag":"!","time":"0.411183","counter":"63703","score":"-12856"}
{"tag":"!","time":"0.444701","counter":"68180","score":"-12815"}
{"tag":"!","time":"0.444701","counter":"68182","score":"-12811"}
{"tag":"!","time":"0.444701","counter":"68873","score":"-12802"}
{"tag":"!","time":"0.444701","counter":"68886","score":"-12787"}
{"tag":"!","time":"0.451649","counter":"69038","score":"-12724"}
{"tag":"!","time":"0.451649","counter":"69078","score":"-12719"}
{"tag":"!","time":"0.451649","counter":"69089","score":"-12714"}
{"tag":"!","time":"0.451649","counter":"69091","score":"-12670"}
{"tag":"!","time":"0.451649","counter":"69251","score":"-12642"}
{"tag":"!","time":"0.451649","counter":"69294","score":"-12636"}
{"tag":"!","time":"0.451649","counter":"69295","score":"-12630"}
{"tag":"!","time":"0.451649","counter":"69334","score":"-12614"}
{"tag":"!","time":"0.4652","counter":"71730","score":"-12606"}
{"tag":"!","time":"0.4652","counter":"71742","score":"-12592"}
{"tag":"!","time":"0.4652","counter":"71769","score":"-12590"}
{"tag":"!","time":"0.4652","counter":"71773","score":"-12578"}
{"tag":"!","time":"0.4652","counter":"71776","score":"-12572"}
{"tag":"!","time":"0.4652","counter":"71780","score":"-12571"}
{"tag":"!","time":"0.4652","counter":"71801","score":"-12570"}
{"tag":"!","time":"0.4652","counter":"71807","score":"-12566"}
{"tag":"!","time":"0.4652","counter":"71814","score":"-12538"}
{"tag":"!","time":"0.472974","counter":"72283","score":"-12529"}
{"tag":"!","time":"0.472974","counter":"72288","score":"-12525"}
{"tag":"!","time":"0.510549","counter":"77263","score":"-12518"}
{"tag":"!","time":"0.510549","counter":"77265","score":"-12506"}
{"tag":"!","time":"0.510549","counter":"77267","score":"-12452"}
{"tag":"!","time":"0.510549","counter":"77294","score":"-12443"}
{"tag":"!","time":"0.510549","counter":"77343","score":"-12434"}
{"tag":"!","time":"0.510549","counter":"77357","score":"-12433"}
{"tag":"!","time":"0.510549","counter":"77469","score":"-12412"}
{"tag":"!","time":"0.510549","counter":"77471","score":"-12400"}
{"tag":"!","time":"0.517906","counter":"78622","score":"-12385"}
{"tag":"!","time":"0.517906","counter":"78653","score":"-12336"}
{"tag":"!","time":"0.517906","counter":"78655","score":"-12326"}
{"tag":"!","time":"0.517906","counter":"78657","score":"-12305"}
{"tag":"!","time":"0.517906","counter":"78792","score":"-12295"}
{"tag":"!","time":"0.517906","counter":"78795","score":"-12283"}
{"tag":"!","time":"0.525734","counter":"79131","score":"-12264"}
{"tag":"!","time":"0.525734","counter":"79134","score":"-12244"}
{"tag":"!","time":"0.568063","counter":"85000","score":"-12232"}
{"tag":"!","time":"0.603171","counter":"90601","score":"-12231"}
{"tag":"!","time":"0.603171","counter":"90740","score":"-12217"}
{"tag":"!","time":"0.617109","counter":"92523","score":"-12214"}
{"tag":"!","time":"0.617109","counter":"92541","score":"-12211"}
{"tag":"!","time":"0.617109","counter":"92642","score":"-12186"}
{"tag":"!","time":"0.617109","counter":"92643","score":"-12166"}
{"tag":"!","time":"0.617109","counter":"92656","score":"-12152"}
{"tag":"!","time":"0.617109","counter":"92674","score":"-12146"}
{"tag":"!","time":"0.617109","counter":"92840","score":"-12144"}
{"tag":"!","time":"0.617109","counter":"92857","score":"-12141"}
{"tag":"!","time":"0.617109","counter":"92930","score":"-12137"}
{"tag":"!","time":"0.617109","counter":"92933","score":"-12136"}
{"tag":"!","time":"0.617109","counter":"92949","score":"-12134"}
{"tag":"!","time":"0.624633","counter":"93000","score":"-12124"}
{"tag":"!","time":"0.624633","counter":"93083","score":"-12123"}
{"tag":"!","time":"0.624633","counter":"93171","score":"-12115"}
{"tag":"!","time":"0.624633","counter":"93173","score":"-12092"}
{"tag":"!","time":"0.624633","counter":"93285","score":"-12089"}
{"tag":"!","time":"0.624633","counter":"93288","score":"-12075"}
{"tag":"!","time":"0.624633","counter":"93296","score":"-12048"}
{"tag":"!","time":"0.624633","counter":"93299","score":"-12032"}
{"tag":"!","time":"0.624633","counter":"93317","score":"-12016"}
{"tag":"!","time":"0.624633","counter":"93321","score":"-11984"}
{"tag":"!","time":"0.631989","counter":"94373","score":"-11973"}
{"tag":"!","time":"0.631989","counter":"94396","score":"-11969"}
{"tag":"!","time":"0.631989","counter":"94479","score":"-11960"}
{"tag":"!","time":"0.639419","counter":"95609","score":"-11953"}
{"tag":"!","time":"0.639419","counter":"95610","score":"-11948"}
{"tag":"!","time":"0.639419","counter":"95663","score":"-11925"}
{"tag":"!","time":"0.639419","counter":"95666","score":"-11913"}
{"tag":"!","time":"0.65352","counter":"97649","score":"-11905"}
{"tag":"!","time":"0.65352","counter":"97650","score":"-11902"}
{"tag":"!","time":"0.65352","counter":"97678","score":"-11880"}
{"tag":"!","time":"0.65352","counter":"97701","score":"-11872"}
{"tag":"!","time":"0.65352","counter":"97702","score":"-11849"}
{"tag":"!","time":"0.65352","counter":"97931","score":"-11847"}
{"tag":"!","time":"0.65352","counter":"97934","score":"-11836"}
{"tag":"!","time":"0.65352","counter":"97992","score":"-11827"}
{"tag":"!","time":"0.66044","counter":"98010","score":"-11822"}
{"tag":"!","time":"0.66044","counter":"98476","score":"-11811"}
{"tag":"!","time":"0.66044","counter":"98498","score":"-11809"}
{"tag":"!","time":"0.704689","counter":"104067","score":"-11790"}
{"tag":"!","time":"0.704689","counter":"104835","score":"-11786"}
{"tag":"!","time":"0.704689","counter":"104868","score":"-11781"}
{"tag":"!","time":"0.704689","counter":"104913","score":"-11763"}
{"tag":"!","time":"0.704689","counter":"104989","score":"-11758"}
{"tag":"!","time":"0.712477","counter":"105102","score":"-11757"}
{"tag":"!","time":"0.712477","counter":"105161","score":"-11739"}
{"tag":"!","time":"0.719831","counter":"106899","score":"-11727"}
{"tag":"!","time":"0.719831","counter":"106905","score":"-11718"}
{"tag":"!","time":"0.719831","counter":"106918","score":"-11689"}
{"tag":"!","time":"0.726736","counter":"107309","score":"-11685"}
{"tag":"!","time":"0.726736","counter":"107390","score":"-11681"}
{"tag":"!","time":"0.726736","counter":"107392","score":"-11677"}
{"tag":"!","time":"0.726736","counter":"107418","score":"-11664"}
{"tag":"!","time":"0.73401","counter":"108264","score":"-11654"}
{"tag":"!","time":"0.73401","counter":"108919","score":"-11641"}
{"tag":"!","time":"0.741021","counter":"109132","score":"-11634"}
{"tag":"!","time":"0.741021","counter":"109158","score":"-11629"}
{"tag":"!","time":"0.741021","counter":"109195","score":"-11623"}
{"tag":"!","time":"0.741021","counter":"109222","score":"-11608"}
{"tag":"!","time":"0.741021","counter":"109238","score":"-11600"}
{"tag":"!","time":"0.741021","counter":"109442","score":"-11599"}
{"tag":"!","time":"0.741021","counter":"109701","score":"-11581"}
{"tag":"!","time":"0.741021","counter":"109704","score":"-11563"}
{"tag":"!","time":"0.741021","counter":"109852","score":"-11557"}
{"tag":"!","time":"0.741021","counter":"109865","score":"-11556"}
{"tag":"!","time":"0.748566","counter":"110408","score":"-11554"}
{"tag":"!","time":"0.748566","counter":"110413","score":"-11541"}
{"tag":"!","time":"0.748566","counter":"110433","score":"-11522"}
{"tag":"!","time":"0.748566","counter":"110488","score":"-11519"}
{"tag":"!","time":"0.748566","counter":"110490","score":"-11515"}
{"tag":"!","time":"0.748566","counter":"110533","score":"-11506"}
{"tag":"!","time":"0.748566","counter":"110620","score":"-11505"}
{"tag":"!","time":"0.748566","counter":"110643","score":"-11503"}
{"tag":"!","time":"0.756125","counter":"111086","score":"-11502"}
{"tag":"!","time":"0.756125","counter":"111607","score":"-11497"}
{"tag":"!","time":"0.756125","counter":"111621","score":"-11495"}
{"tag":"!","time":"0.756125","counter":"111787","score":"-11480"}
{"tag":"!","time":"0.763117","counter":"112850","score":"-11469"}
{"tag":"!","time":"0.763117","counter":"112879","score":"-11463"}
{"tag":"!","time":"0.763117","counter":"112918","score":"-11460"}
{"tag":"!","time":"0.770577","counter":"113034","score":"-11458"}
{"tag":"!","time":"0.770577","counter":"113037","score":"-11456"}
{"tag":"!","time":"0.770577","counter":"113064","score":"-11450"}
{"tag":"!","time":"0.770577","counter":"113090","score":"-11440"}
{"tag":"!","time":"0.770577","counter":"113102","score":"-11432"}
{"tag":"!","time":"0.770577","counter":"113139","score":"-11424"}
{"tag":"!","time":"0.770577","counter":"113251","score":"-11423"}
{"tag":"!","time":"0.777454","counter":"114251","score":"-11422"}
{"tag":"!","time":"0.777454","counter":"114655","score":"-11380"}
{"tag":"!","time":"0.777454","counter":"114718","score":"-11378"}
{"tag":"!","time":"0.777454","counter":"114764","score":"-11362"}
{"tag":"!","time":"0.777454","counter":"114804","score":"-11342"}
{"tag":"!","time":"0.777454","counter":"114902","score":"-11341"}
{"tag":"!","time":"0.784782","counter":"115141","score":"-11339"}
{"tag":"!","time":"0.784782","counter":"115322","score":"-11338"}
{"tag":"!","time":"0.784782","counter":"115807","score":"-11335"}
{"tag":"!","time":"0.784782","counter":"115958","score":"-11331"}
{"tag":"!","time":"0.799107","counter":"117172","score":"-11329"}
{"tag":"!","time":"0.799107","counter":"117239","score":"-11325"}
{"tag":"!","time":"0.799107","counter":"117248","score":"-11324"}
{"tag":"!","time":"0.799107","counter":"117255","score":"-11301"}
{"tag":"!","time":"0.820274","counter":"120443","score":"-11275"}
{"tag":"!","time":"0.820274","counter":"120555","score":"-11265"}
{"tag":"!","time":"0.820274","counter":"120592","score":"-11238"}
{"tag":"!","time":"0.820274","counter":"120600","score":"-11226"}
{"tag":"!","time":"0.820274","counter":"120622","score":"-11207"}
{"tag":"!","time":"0.827466","counter":"121367","score":"-11186"}
{"tag":"!","time":"0.827466","counter":"121388","score":"-11180"}
{"tag":"!","time":"0.827466","counter":"121424","score":"-11178"}
{"tag":"!","time":"0.827466","counter":"121426","score":"-11163"}
{"tag":"!","time":"0.827466","counter":"121844","score":"-11142"}
{"tag":"!","time":"0.835179","counter":"122820","score":"-11140"}
{"tag":"!","time":"0.842394","counter":"123315","score":"-11135"}
{"tag":"!","time":"0.842394","counter":"123465","score":"-11113"}
{"tag":"!","time":"0.842394","counter":"123697","score":"-11109"}
{"tag":"!","time":"0.842394","counter":"123850","score":"-11106"}
{"tag":"!","time":"0.842394","counter":"123903","score":"-11101"}
{"tag":"!","time":"0.850381","counter":"124050","score":"-11089"}
{"tag":"!","time":"0.850381","counter":"124093","score":"-11083"}
{"tag":"!","time":"0.850381","counter":"124130","score":"-11079"}
{"tag":"!","time":"0.850381","counter":"124330","score":"-11074"}
{"tag":"!","time":"0.850381","counter":"124368","score":"-11057"}
{"tag":"!","time":"0.878587","counter":"128514","score":"-11049"}
{"tag":"!","time":"0.878587","counter":"128524","score":"-11044"}
{"tag":"!","time":"0.878587","counter":"128574","score":"-11036"}
{"tag":"!","time":"0.878587","counter":"128603","score":"-11017"}
{"tag":"!","time":"0.878587","counter":"128796","score":"-11016"}
{"tag":"!","time":"0.886097","counter":"129063","score":"-11003"}
{"tag":"!","time":"0.886097","counter":"129214","score":"-10999"}
{"tag":"!","time":"0.886097","counter":"129232","score":"-10980"}
{"tag":"!","time":"0.886097","counter":"129311","score":"-10973"}
{"tag":"!","time":"0.886097","counter":"129839","score":"-10971"}
{"tag":"!","time":"0.893965","counter":"130145","score":"-10956"}
{"tag":"!","time":"0.893965","counter":"130243","score":"-10948"}
{"tag":"!","time":"0.893965","counter":"130435","score":"-10940"}
{"tag":"!","time":"0.903108","counter":"131285","score":"-10937"}
{"tag":"!","time":"0.903108","counter":"131422","score":"-10935"}
{"tag":"!","time":"0.903108","counter":"131629","score":"-10933"}
{"tag":"!","time":"0.911015","counter":"132152","score":"-10928"}
{"tag":"!","time":"0.911015","counter":"132576","score":"-10918"}
{"tag":"!","time":"0.918222","counter":"133561","score":"-10917"}
{"tag":"!","time":"0.92577","counter":"134899","score":"-10888"}
{"tag":"!","time":"0.940014","counter":"136509","score":"-10887"}
{"tag":"!","time":"0.946991","counter":"137574","score":"-10885"}
{"tag":"!","time":"0.953836","counter":"138388","score":"-10876"}
{"tag":"!","time":"0.962093","counter":"139202","score":"-10844"}
{"tag":"!","time":"0.98394","counter":"142085","score":"-10820"}
{"tag":"!","time":"0.98394","counter":"142700","score":"-10811"}
{"tag":"!","time":"0.990994","counter":"143684","score":"-10809"}
{"tag":"!","time":"0.990994","counter":"143729","score":"-10803"}
{"tag":"!","time":"0.990994","counter":"143757","score":"-10799"}
{"tag":"!","time":"0.999419","counter":"144026","score":"-10794"}
{"tag":"result","counter":"145000","score":"-10794"}
{"type":"sa","c":"0.321199","l":"0.30818","score":"0.319034"}
{"tag":"param","type":"sa","start_temp":"30","end_temp":"1","limit":"5.94858"}
{"tag":"!","time":"2.48857e-05","counter":"9","score":"-19170"}
{"tag":"!","time":"2.48857e-05","counter":"15","score":"-19087"}
{"tag":"!","time":"2.48857e-05","counter":"16","score":"-19061"}
{"tag":"!","time":"2.48857e-05","counter":"17","score":"-19040"}
{"tag":"!","time":"2.48857e-05","counter":"21","score":"-19037"}
{"tag":"!","time":"2.48857e-05","counter":"22","score":"-19013"}
{"tag":"!","time":"2.48857e-05","counter":"23","score":"-18987"}
{"tag":"!","time":"2.48857e-05","counter":"25","score":"-18979"}
{"tag":"!","time":"2.48857e-05","counter":"34","score":"-18971"}
{"tag":"!","time":"2.48857e-05","counter":"42","score":"-18969"}
{"tag":"!","time":"2.48857e-05","counter":"44","score":"-18943"}
{"tag":"!","time":"2.48857e-05","counter":"45","score":"-18938"}
{"tag":"!","time":"2.48857e-05","counter":"47","score":"-18906"}
{"tag":"!","time":"2.48857e-05","counter":"51","score":"-18883"}
{"tag":"!","time":"2.48857e-05","counter":"52","score":"-18872"}
{"tag":"!","time":"2.48857e-05","counter":"54","score":"-18824"}
{"tag":"!","time":"2.48857e-05","counter":"66","score":"-18815"}
{"tag":"!","time":"2.48857e-05","counter":"67","score":"-18813"}
{"tag":"!","time":"2.48857e-05","counter":"68","score":"-18795"}
{"tag":"!","time":"2.48857e-05","counter":"70","score":"-18778"}
{"tag":"!","time":"2.48857e-05","counter":"71","score":"-18767"}
{"tag":"!","time":"2.48857e-05","counter":"72","score":"-18739"}
{"tag":"!","time":"2.48857e-05","counter":"74","score":"-18716"}
{"tag":"!","time":"2.48857e-05","counter":"80","score":"-18696"}
{"tag":"!","time":"2.48857e-05","counter":"85","score":"-18694"}
{"tag":"!","time":"2.48857e-05","counter":"94","score":"-18653"}
{"tag":"!","time":"2.48857e-05","counter":"96","score":"-18643"}
{"tag":"!","time":"2.48857e-05","counter":"98","score":"-18600"}
{"tag":"!","time":"2.48857e-05","counter":"123","score":"-18547"}
{"tag":"!","time":"2.48857e-05","counter":"124","score":"-18524"}
{"tag":"!","time":"2.48857e-05","counter":"125","score":"-18521"}
{"tag":"!","time":"2.48857e-05","counter":"133","score":"-18516"}
{"tag":"!","time":"2.48857e-05","counter":"134","score":"-18514"}
{"tag":"!","time":"2.48857e-05","counter":"172","score":"-18486"}
{"tag":"!","time":"2.48857e-05","counter":"173","score":"-18459"}
{"tag":"!","time":"2.48857e-05","counter":"188","score":"-18416"}
{"tag":"!","time":"2.48857e-05","counter":"189","score":"-18378"}
{"tag":"!","time":"2.48857e-05","counter":"191","score":"-18356"}
{"tag":"!","time":"2.48857e-05","counter":"199","score":"-18352"}
{"tag":"!","time":"2.48857e-05","counter":"200","score":"-18346"}
{"tag":"!","time":"2.48857e-05","counter":"202","score":"-18321"}
{"tag":"!","time":"2.48857e-05","counter":"279","score":"-18309"}
{"tag":"!","time":"2.48857e-05","counter":"280","score":"-18218"}
{"tag":"!","time":"2.48857e-05","counter":"310","score":"-18195"}
{"tag":"!","time":"2.48857e-05","counter":"334","score":"-18190"}
{"tag":"!","time":"2.48857e-05","counter":"337","score":"-18166"}
{"tag":"!","time":"2.48857e-05","counter":"341","score":"-18155"}
{"tag":"!","time":"2.48857e-05","counter":"342","score":"-18144"}
{"tag":"!","time":"2.48857e-05","counter":"344","score":"-18109"}
{"tag":"!","time":"2.48857e-05","counter":"348","score":"-18026"}
{"tag":"!","time":"2.48857e-05","counter":"350","score":"-18010"}
{"tag":"!","time":"2.48857e-05","counter":"351","score":"-18001"}
{"tag":"!","time":"2.48857e-05","counter":"356","score":"-18000"}
{"tag":"!","time":"2.48857e-05","counter":"372","score":"-17993"}
{"tag":"!","time":"2.48857e-05","counter":"384","score":"-17992"}
{"tag":"!","time":"2.48857e-05","counter":"396","score":"-17967"}
{"tag":"!","time":"2.48857e-05","counter":"413","score":"-17955"}
{"tag":"!","time":"2.48857e-05","counter":"416","score":"-17943"}
{"tag":"!","time":"2.48857e-05","counter":"417","score":"-17904"}
{"tag":"!","time":"2.48857e-05","counter":"427","score":"-17888"}
{"tag":"!","time":"2.48857e-05","counter":"428","score":"-17866"}
{"tag":"!","time":"2.48857e-05","counter":"429","score":"-17863"}
{"tag":"!","time":"2.48857e-05","counter":"430","score":"-17861"}
{"tag":"!","time":"2.48857e-05","counter":"431","score":"-17842"}
{"tag":"!","time":"2.48857e-05","counter":"469","score":"-17840"}
{"tag":"!","time":"2.48857e-05","counter":"470","score":"-17830"}
{"tag":"!","time":"2.48857e-05","counter":"517","score":"-17822"}
{"tag":"!","time":"2.48857e-05","counter":"519","score":"-17791"}
{"tag":"!","time":"2.48857e-05","counter":"526","score":"-17771"}
{"tag":"!","time":"2.48857e-05","counter":"532","score":"-17762"}
{"tag":"!","time":"2.48857e-05","counter":"595","score":"-17755"}
{"tag":"!","time":"2.48857e-05","counter":"596","score":"-17749"}
{"tag":"!","time":"2.48857e-05","counter":"599","score":"-17744"}
{"tag":"!","time":"2.48857e-05","counter":"603","score":"-17716"}
{"tag":"!","time":"2.48857e-05","counter":"604","score":"-17705"}
{"tag":"!","time":"2.48857e-05","counter":"607","score":"-17704"}
{"tag":"!","time":"2.48857e-05","counter":"608","score":"-17700"}
{"tag":"!","time":"2.48857e-05","counter":"624","score":"-17673"}
{"tag":"!","time":"2.48857e-05","counter":"626","score":"-17665"}
{"tag":"!","time":"2.48857e-05","counter":"855","score":"-17631"}
{"tag":"!","time":"2.48857e-05","counter":"857","score":"-17596"}
{"tag":"!","time":"0.0100051","counter":"2167","score":"-17584"}
{"tag":"!","time":"0.0100051","counter":"2169","score":"-17562"}
{"tag":"!","time":"0.0100051","counter":"2170","score":"-17542"}
{"tag":"!","time":"0.0100051","counter":"2176","score":"-17527"}
{"tag":"!","time":"0.0100051","counter":"2207","score":"-17522"}
{"tag":"!","time":"0.0100051","counter":"2208","score":"-17509"}
{"tag":"!","time":"0.0100051","counter":"2214","score":"-17508"}
{"tag":"!","time":"0.019264","counter":"4403","score":"-17470"}
{"tag":"!","time":"0.019264","counter":"4410","score":"-17441"}
{"tag":"!","time":"0.019264","counter":"4414","score":"-17436"}
{"tag":"!","time":"0.019264","counter":"4416","score":"-17422"}
{"tag":"!","time":"0.019264","counter":"4433","score":"-17404"}
{"tag":"!","time":"0.019264","counter":"4439","score":"-17395"}
{"tag":"!","time":"0.0238981","counter":"5809","score":"-17379"}
{"tag":"!","time":"0.0238981","counter":"5810","score":"-17337"}
{"tag":"!","time":"0.0238981","counter":"5811","score":"-17292"}
{"tag":"!","time":"0.032884","counter":"7210","score":"-17267"}
{"tag":"!","time":"0.032884","counter":"7211","score":"-17253"}
{"tag":"!","time":"0.032884","counter":"7212","score":"-17221"}
{"tag":"!","time":"0.032884","counter":"7257","score":"-17152"}
{"tag":"!","time":"0.032884","counter":"7267","score":"-17133"}
{"tag":"!","time":"0.032884","counter":"7301","score":"-17127"}
{"tag":"!","time":"0.032884","counter":"7369","score":"-17110"}
{"tag":"!","time":"0.032884","counter":"7370","score":"-17104"}
{"tag":"!","time":"0.032884","counter":"7389","score":"-17102"}
{"tag":"!","time":"0.181179","counter":"39863","score":"-17083"}
{"tag":"!","time":"0.181179","counter":"39866","score":"-17074"}
{"tag":"!","time":"0.181179","counter":"39870","score":"-17054"}
{"tag":"!","time":"0.181179","counter":"39874","score":"-17050"}
{"tag":"!","time":"0.181179","counter":"39875","score":"-17008"}
{"tag":"!","time":"0.181179","counter":"39876","score":"-17002"}
{"tag":"!","time":"0.181179","counter":"39879","score":"-16990"}
{"tag":"!","time":"0.181179","counter":"39889","score":"-16984"}
{"tag":"!","time":"0.181179","counter":"39891","score":"-16975"}
{"tag":"!","time":"0.181179","counter":"39897","score":"-16929"}
{"tag":"!","time":"0.474093","counter":"101085","score":"-16920"}
{"tag":"!","time":"0.474093","counter":"101094","score":"-16915"}
{"tag":"!","time":"0.474093","counter":"101099","score":"-16906"}
{"tag":"!","time":"0.474093","counter":"101106","score":"-16875"}
{"tag":"!","time":"0.474093","counter":"101107","score":"-16867"}
{"tag":"!","time":"0.474093","counter":"101127","score":"-16835"}
{"tag":"!","time":"0.474093","counter":"101128","score":"-16833"}
{"tag":"!","time":"1.2615","counter":"261439","score":"-16801"}
{"tag":"!","time":"1.2615","counter":"261684","score":"-16791"}
{"tag":"!","time":"1.2615","counter":"261685","score":"-16754"}
{"tag":"!","time":"1.32626","counter":"275297","score":"-16743"}
{"tag":"!","time":"1.32626","counter":"275298","score":"-16717"}
{"tag":"!","time":"1.32626","counter":"275306","score":"-16714"}
{"tag":"!","time":"1.32626","counter":"275307","score":"-16712"}
{"tag":"!","time":"1.32626","counter":"275321","score":"-16706"}
{"tag":"!","time":"1.64239","counter":"337471","score":"-16700"}
{"tag":"!","time":"1.64239","counter":"337472","score":"-16649"}
{"tag":"!","time":"1.64239","counter":"337473","score":"-16632"}
{"tag":"!","time":"1.64239","counter":"337475","score":"-16626"}
{"tag":"!","time":"1.64239","counter":"337482","score":"-16575"}
{"tag":"!","time":"1.64239","counter":"337528","score":"-16555"}
{"tag":"!","time":"1.64239","counter":"337575","score":"-16554"}
{"tag":"!","time":"1.64239","counter":"337576","score":"-16545"}
{"tag":"!","time":"2.42619","counter":"501594","score":"-16541"}
{"tag":"!","time":"2.42619","counter":"501603","score":"-16531"}
{"tag":"!","time":"2.57196","counter":"531100","score":"-16521"}
{"tag":"!","time":"2.57196","counter":"531174","score":"-16512"}
{"tag":"!","time":"2.72206","counter":"563607","score":"-16509"}
{"tag":"!","time":"2.72206","counter":"563629","score":"-16480"}
{"tag":"!","time":"2.75717","counter":"570864","score":"-16451"}
{"tag":"!","time":"2.75717","counter":"570868","score":"-16430"}
{"tag":"!","time":"2.75717","counter":"570880","score":"-16417"}
{"tag":"!","time":"2.75717","counter":"570899","score":"-16386"}
{"tag":"!","time":"2.75717","counter":"570902","score":"-16384"}
{"tag":"!","time":"3.00838","counter":"621523","score":"-16383"}
{"tag":"!","time":"3.00838","counter":"621771","score":"-16379"}
{"tag":"!","time":"3.00838","counter":"621912","score":"-16374"}
{"tag":"!","time":"3.00838","counter":"621917","score":"-16333"}
{"tag":"!","time":"3.12824","counter":"643103","score":"-16329"}
{"tag":"!","time":"3.12824","counter":"643110","score":"-16324"}
{"tag":"!","time":"3.12824","counter":"643115","score":"-16312"}
{"tag":"!","time":"3.12824","counter":"643123","score":"-16311"}
{"tag":"!","time":"3.25071","counter":"667243","score":"-16307"}
{"tag":"!","time":"3.25071","counter":"667245","score":"-16305"}
{"tag":"!","time":"3.25071","counter":"667246","score":"-16292"}
{"tag":"!","time":"3.25071","counter":"667247","score":"-16290"}
{"tag":"!","time":"3.25071","counter":"667252","score":"-16281"}
{"tag":"!","time":"3.30641","counter":"677522","score":"-16268"}
{"tag":"!","time":"3.30641","counter":"677973","score":"-16253"}
{"tag":"!","time":"3.30641","counter":"677976","score":"-16205"}
{"tag":"!","time":"3.30641","counter":"677985","score":"-16184"}
{"tag":"!","time":"3.31224","counter":"678014","score":"-16182"}
{"tag":"!","time":"3.87653","counter":"786253","score":"-16173"}
{"tag":"!","time":"3.88145","counter":"787676","score":"-16167"}
{"tag":"!","time":"4.08328","counter":"827520","score":"-16150"}
{"tag":"!","time":"4.11099","counter":"832794","score":"-16147"}
{"tag":"!","time":"4.11099","counter":"832801","score":"-16126"}
{"tag":"!","time":"4.11099","counter":"832854","score":"-16125"}
{"tag":"!","time":"4.12159","counter":"834679","score":"-16116"}
{"tag":"!","time":"4.12159","counter":"834735","score":"-16115"}
{"tag":"!","time":"4.12159","counter":"834743","score":"-16099"}
{"tag":"!","time":"4.12159","counter":"834745","score":"-16091"}
{"tag":"!","time":"4.12159","counter":"834753","score":"-16080"}
{"tag":"!","time":"4.12159","counter":"834762","score":"-16069"}
{"tag":"!","time":"4.12159","counter":"834771","score":"-16054"}
{"tag":"!","time":"4.39054","counter":"887764","score":"-16052"}
{"tag":"!","time":"4.40302","counter":"889524","score":"-16045"}
{"tag":"!","time":"4.40302","counter":"889533","score":"-16041"}
{"tag":"!","time":"4.40302","counter":"889593","score":"-16037"}
{"tag":"!","time":"4.40302","counter":"889600","score":"-16036"}
{"tag":"!","time":"4.40302","counter":"889632","score":"-16014"}
{"tag":"!","time":"4.43306","counter":"895684","score":"-16011"}
{"tag":"!","time":"4.43797","counter":"896474","score":"-15997"}
{"tag":"!","time":"4.43797","counter":"896487","score":"-15990"}
{"tag":"!","time":"4.44326","counter":"897753","score":"-15988"}
{"tag":"!","time":"4.50148","counter":"909892","score":"-15978"}
{"tag":"!","time":"4.50148","counter":"909921","score":"-15969"}
{"tag":"!","time":"4.50148","counter":"909946","score":"-15964"}
{"tag":"!","time":"4.50148","counter":"909989","score":"-15961"}
{"tag":"!","time":"4.80156","counter":"968214","score":"-15959"}
{"tag":"!","time":"4.80156","counter":"968254","score":"-15956"}
{"tag":"!","time":"4.80156","counter":"968408","score":"-15949"}
{"tag":"!","time":"4.80156","counter":"968452","score":"-15947"}
{"tag":"!","time":"4.80156","counter":"968499","score":"-15942"}
{"tag":"!","time":"4.80778","counter":"969643","score":"-15936"}
{"tag":"!","time":"4.80778","counter":"969788","score":"-15918"}
{"tag":"!","time":"4.87677","counter":"983442","score":"-15916"}
{"tag":"!","time":"4.87677","counter":"983688","score":"-15910"}
{"tag":"!","time":"4.91061","counter":"990535","score":"-15909"}
{"tag":"!","time":"4.93525","counter":"995222","score":"-15908"}
{"tag":"!","time":"4.93525","counter":"995711","score":"-15907"}
{"tag":"!","time":"4.93525","counter":"995719","score":"-15901"}
{"tag":"!","time":"4.93525","counter":"995727","score":"-15896"}
{"tag":"!","time":"5.21997","counter":"1048034","score":"-15892"}
{"tag":"!","time":"5.21997","counter":"1048072","score":"-15880"}
{"tag":"!","time":"5.22603","counter":"1049034","score":"-15877"}
{"tag":"!","time":"5.22603","counter":"1049050","score":"-15876"}
{"tag":"!","time":"5.22603","counter":"1049068","score":"-15874"}
{"tag":"!","time":"5.34882","counter":"1070308","score":"-15869"}
{"tag":"!","time":"5.34882","counter":"1070353","score":"-15868"}
{"tag":"!","time":"5.34882","counter":"1070740","score":"-15864"}
{"tag":"!","time":"5.34882","counter":"1070745","score":"-15860"}
{"tag":"!","time":"5.49607","counter":"1097219","score":"-15852"}
{"tag":"!","time":"5.49607","counter":"1097592","score":"-15849"}
{"tag":"!","time":"5.49607","counter":"1097633","score":"-15843"}
{"tag":"result","counter":"1179000","score":"-15843"}
{"type":"sa","c":"0.0356888","l":"0.452334","score":"0.104991"}
