{"type":"greedy_loss","c":"1.04969","l":"0","score":"0.624213","h":"10","w":"395"}
{"type":"greedy_loss","c":"1.03986","l":"0","score":"0.618366","h":"301","w":"13"}
{"s_comp":"0.182402","s_loss":"0.602769","T":"3763","P":"0.594662"}
{"tag":"param","type":"sa","start_temp":"30","end_temp":"1","limit":"1"}
{"tag":"!","time":"4.03386e-05","counter":"1","score":"-23717"}
{"tag":"!","time":"4.03386e-05","counter":"6","score":"-23700"}
{"tag":"!","time":"4.03386e-05","counter":"7","score":"-23698"}
{"tag":"!","time":"4.03386e-05","counter":"8","score":"-23696"}
{"tag":"!","time":"4.03386e-05","counter":"11","score":"-23684"}
{"tag":"!","time":"4.03386e-05","counter":"25","score":"-23656"}
{"tag":"!","time":"4.03386e-05","counter":"28","score":"-23652"}
{"tag":"!","time":"4.03386e-05","counter":"57","score":"-23651"}
{"tag":"!","time":"4.03386e-05","counter":"58","score":"-23640"}
{"tag":"!","time":"4.03386e-05","counter":"59","score":"-23633"}
{"tag":"!","time":"4.03386e-05","counter":"62","score":"-23632"}
{"tag":"!","time":"4.03386e-05","counter":"73","score":"-23627"}
{"tag":"!","time":"4.03386e-05","counter":"74","score":"-23625"}
{"tag":"!","time":"4.03386e-05","counter":"75","score":"-23623"}
{"tag":"!","time":"4.03386e-05","counter":"150","score":"-23612"}
{"tag":"!","time":"4.03386e-05","counter":"153","score":"-23603"}
{"tag":"!","time":"4.03386e-05","counter":"170","score":"-23579"}
{"tag":"!","time":"4.03386e-05","counter":"172","score":"-23560"}
{"tag":"!","time":"4.03386e-05","counter":"485","score":"-23550"}
{"tag":"!","time":"4.03386e-05","counter":"487","score":"-23520"}
{"tag":"!","time":"4.03386e-05","counter":"523","score":"-23502"}
{"tag":"!","time":"4.03386e-05","counter":"526","score":"-23494"}
{"tag":"!","time":"4.03386e-05","counter":"533","score":"-23483"}
{"tag":"!","time":"4.03386e-05","counter":"534","score":"-23461"}
{"tag":"!","time":"4.03386e-05","counter":"535","score":"-23451"}
{"tag":"!","time":"4.03386e-05","counter":"536","score":"-23426"}
{"tag":"!","time":"4.03386e-05","counter":"537","score":"-23423"}
{"tag":"!","time":"4.03386e-05","counter":"538","score":"-23421"}
{"tag":"!","time":"4.03386e-05","counter":"539","score":"-23405"}
{"tag":"!","time":"4.03386e-05","counter":"543","score":"-23404"}
{"tag":"!","time":"4.03386e-05","counter":"547","score":"-23386"}
{"tag":"!","time":"4.03386e-05","counter":"645","score":"-23369"}
{"tag":"!","time":"4.03386e-05","counter":"677","score":"-23353"}
{"tag":"!","time":"4.03386e-05","counter":"678","score":"-23350"}
{"tag":"!","time":"4.03386e-05","counter":"712","score":"-23348"}
{"tag":"!","time":"4.03386e-05","counter":"717","score":"-23346"}
{"tag":"!","time":"0.00467887","counter":"1196","score":"-23334"}
{"tag":"!","time":"0.00467887","counter":"1204","score":"-23323"}
{"tag":"!","time":"0.00467887","counter":"1210","score":"-23313"}
{"tag":"!","time":"0.00467887","counter":"1214","score":"-23279"}
{"tag":"!","time":"0.00467887","counter":"1215","score":"-23259"}
{"tag":"!","time":"0.00467887","counter":"1216","score":"-23258"}
{"tag":"!","time":"0.00467887","counter":"1217","score":"-23251"}
{"tag":"!","time":"0.00467887","counter":"1218","score":"-23239"}
{"tag":"!","time":"0.00467887","counter":"1219","score":"-23238"}
{"tag":"!","time":"0.00467887","counter":"1222","score":"-23223"}
{"tag":"!","time":"0.00467887","counter":"1223","score":"-23221"}
{"tag":"!","time":"0.00467887","counter":"1227","score":"-23215"}
{"tag":"!","time":"0.00467887","counter":"1228","score":"-23192"}
{"tag":"!","time":"0.0132641","counter":"3082","score":"-23187"}
{"tag":"!","time":"0.0132641","counter":"3986","score":"-23184"}
{"tag":"!","time":"0.0175417","counter":"4068","score":"-23182"}
{"tag":"!","time":"0.0175417","counter":"4117","score":"-23159"}
{"tag":"!","time":"0.0175417","counter":"4122","score":"-23156"}
{"tag":"!","time":"0.0175417","counter":"4123","score":"-23152"}
{"tag":"!","time":"0.0175417","counter":"4126","score":"-23141"}
{"tag":"!","time":"0.0211817","counter":"5520","score":"-23120"}
{"tag":"!","time":"0.0211817","counter":"5525","score":"-23118"}
{"tag":"!","time":"0.0211817","counter":"5526","score":"-23115"}
{"tag":"!","time":"0.0211817","counter":"5529","score":"-23111"}
{"tag":"!","time":"0.0211817","counter":"5549","score":"-23103"}
{"tag":"!","time":"0.0211817","counter":"5551","score":"-23091"}
{"tag":"!","time":"0.0211817","counter":"5552","score":"-23085"}
{"tag":"!","time":"0.0211817","counter":"5590","score":"-23071"}
{"tag":"!","time":"0.0672399","counter":"17077","score":"-23061"}
{"tag":"!","time":"0.0672399","counter":"17078","score":"-23043"}
{"tag":"!","time":"0.0672399","counter":"17079","score":"-23040"}
{"tag":"!","time":"0.0672399","counter":"17087","score":"-23010"}
{"tag":"!","time":"0.30186","counter":"75615","score":"-23005"}
{"tag":"!","time":"0.30186","counter":"75617","score":"-22996"}
{"tag":"!","time":"0.30186","counter":"75625","score":"-22981"}
{"tag":"!","time":"0.30186","counter":"75643","score":"-22949"}
{"tag":"!","time":"0.368549","counter":"91249","score":"-22938"}
{"tag":"!","time":"0.432555","counter":"106176","score":"-22934"}
{"tag":"!","time":"0.440916","counter":"108428","score":"-22920"}
{"tag":"!","time":"0.440916","counter":"108682","score":"-22913"}
{"tag":"!","time":"0.440916","counter":"108685","score":"-22905"}
{"tag":"!","time":"0.440916","counter":"108693","score":"-22877"}
{"tag":"!","time":"0.440916","counter":"108705","score":"-22870"}
{"tag":"!","time":"0.440916","counter":"108711","score":"-22863"}
{"tag":"!","time":"0.450264","counter":"110553","score":"-22860"}
{"tag":"!","time":"0.450264","counter":"110558","score":"-22859"}
{"tag":"!","time":"0.450264","counter":"110561","score":"-22857"}
{"tag":"!","time":"0.450264","counter":"110600","score":"-22848"}
{"tag":"!","time":"0.450264","counter":"110601","score":"-22811"}
{"tag":"!","time":"0.450264","counter":"110611","score":"-22795"}
{"tag":"!","time":"0.450264","counter":"110612","score":"-22790"}
{"tag":"!","time":"0.450264","counter":"110614","score":"-22785"}
{"tag":"!","time":"0.450264","counter":"110617","score":"-22770"}
{"tag":"!","time":"0.450264","counter":"110622","score":"-22766"}
{"tag":"!","time":"0.450264","counter":"110627","score":"-22760"}
{"tag":"!","time":"0.450264","counter":"110628","score":"-22758"}
{"tag":"!","time":"0.455354","counter":"111550","score":"-22749"}
{"tag":"!","time":"0.455354","counter":"111561","score":"-22733"}
{"tag":"!","time":"0.455354","counter":"111566","score":"-22723"}
{"tag":"!","time":"0.455354","counter":"111569","score":"-22710"}
{"tag":"!","time":"0.455354","counter":"111571","score":"-22708"}
{"tag":"!","time":"0.464288","counter":"113275","score":"-22707"}
{"tag":"!","time":"0.464288","counter":"113281","score":"-22691"}
{"tag":"!","time":"0.464288","counter":"113284","score":"-22683"}
{"tag":"!","time":"0.464288","counter":"113285","score":"-22681"}
{"tag":"!","time":"0.464288","counter":"113300","score":"-22675"}
{"tag":"!","time":"0.464288","counter":"113302","score":"-22663"}
{"tag":"!","time":"0.464288","counter":"113308","score":"-22662"}
{"tag":"!","time":"0.464288","counter":"113310","score":"-22660"}
{"tag":"!","time":"0.464288","counter":"113321","score":"-22638"}
{"tag":"!","time":"0.601743","counter":"143777","score":"-22633"}
{"tag":"!","time":"0.60637","counter":"144349","score":"-22618"}
{"tag":"!","time":"0.60637","counter":"144357","score":"-22613"}
{"tag":"!","time":"0.618437","counter":"146445","score":"-22600"}
{"tag":"!","time":"0.618437","counter":"146460","score":"-22552"}
{"tag":"!","time":"0.618437","counter":"146516","score":"-22541"}
{"tag":"!","time":"0.618437","counter":"146518","score":"-22536"}
{"tag":"!","time":"0.618437","counter":"146519","score":"-22532"}
{"tag":"!","time":"0.618437","counter":"146520","score":"-22528"}
{"tag":"!","time":"0.618437","counter":"146524","score":"-22524"}
{"tag":"!","time":"0.618437","counter":"146527","score":"-22502"}
{"tag":"!","time":"0.618437","counter":"146557","score":"-22500"}
{"tag":"!","time":"0.618437","counter":"146559","score":"-22472"}
{"tag":"!","time":"0.648614","counter":"151787","score":"-22451"}
{"tag":"!","time":"0.648614","counter":"151903","score":"-22439"}
{"tag":"!","time":"0.648614","counter":"151947","score":"-22432"}
{"tag":"!","time":"0.648614","counter":"151949","score":"-22428"}
{"tag":"!","time":"0.648614","counter":"151977","score":"-22427"}
{"tag":"!","time":"0.648614","counter":"151996","score":"-22421"}
{"tag":"!","time":"0.653888","counter":"152050","score":"-22395"}
{"tag":"!","time":"0.664869","counter":"154554","score":"-22392"}
{"tag":"!","time":"0.669907","counter":"155306","score":"-22370"}
{"tag":"!","time":"0.669907","counter":"155324","score":"-22366"}
{"tag":"!","time":"0.669907","counter":"155327","score":"-22358"}
{"tag":"!","time":"0.669907","counter":"155370","score":"-22356"}
{"tag":"!","time":"0.669907","counter":"155402","score":"-22353"}
{"tag":"!","time":"0.669907","counter":"155404","score":"-22346"}
{"tag":"!","time":"0.669907","counter":"155412","score":"-22329"}
{"tag":"!","time":"0.669907","counter":"155416","score":"-22320"}
{"tag":"!","time":"0.669907","counter":"155420","score":"-22305"}
{"tag":"!","time":"0.669907","counter":"155425","score":"-22289"}
{"tag":"!","time":"0.675955","counter":"156570","score":"-22285"}
{"tag":"!","time":"0.675955","counter":"156591","score":"-22257"}
{"tag":"!","time":"0.698571","counter":"160307","score":"-22241"}
{"tag":"!","time":"0.698571","counter":"160321","score":"-22239"}
{"tag":"!","time":"0.698571","counter":"160323","score":"-22237"}
{"tag":"!","time":"0.698571","counter":"160327","score":"-22227"}
{"tag":"!","time":"0.7099","counter":"162837","score":"-22193"}
{"tag":"!","time":"0.735185","counter":"167827","score":"-22187"}
{"tag":"!","time":"0.735185","counter":"167831","score":"-22170"}
{"tag":"!","time":"0.735185","counter":"167890","score":"-22169"}
{"tag":"!","time":"0.735185","counter":"167895","score":"-22166"}
{"tag":"!","time":"0.740557","counter":"168226","score":"-22165"}
{"tag":"!","time":"0.740557","counter":"168331","score":"-22160"}
{"tag":"!","time":"0.740557","counter":"168334","score":"-22153"}
{"tag":"!","time":"0.740557","counter":"168336","score":"-22150"}
{"tag":"!","time":"0.740557","counter":"168347","score":"-22135"}
{"tag":"!","time":"0.740557","counter":"168354","score":"-22132"}
{"tag":"!","time":"0.740557","counter":"168361","score":"-22125"}
{"tag":"!","time":"0.740557","counter":"168368","score":"-22107"}
{"tag":"!","time":"0.740557","counter":"168372","score":"-22106"}
{"tag":"!","time":"0.760066","counter":"172843","score":"-22099"}
{"tag":"!","time":"0.760066","counter":"172872","score":"-22095"}
{"tag":"!","time":"0.760066","counter":"172877","score":"-22093"}
{"tag":"!","time":"0.760066","counter":"172921","score":"-22079"}
{"tag":"!","time":"0.760066","counter":"172954","score":"-22058"}
{"tag":"!","time":"0.760066","counter":"172961","score":"-22055"}
{"tag":"!","time":"0.764926","counter":"173004","score":"-22051"}
{"tag":"!","time":"0.764926","counter":"173103","score":"-22049"}
{"tag":"!","time":"0.764926","counter":"173195","score":"-22047"}
{"tag":"!","time":"0.764926","counter":"173395","score":"-22027"}
{"tag":"!","time":"0.764926","counter":"173399","score":"-22026"}
{"tag":"!","time":"0.764926","counter":"173407","score":"-22025"}
{"tag":"!","time":"0.764926","counter":"173413","score":"-22016"}
{"tag":"!","time":"0.764926","counter":"173417","score":"-21995"}
{"tag":"!","time":"0.764926","counter":"173429","score":"-21992"}
{"tag":"!","time":"0.764926","counter":"173454","score":"-21985"}
{"tag":"!","time":"0.764926","counter":"173455","score":"-21983"}
{"tag":"!","time":"0.764926","counter":"173520","score":"-21979"}
{"tag":"!","time":"0.764926","counter":"173523","score":"-21963"}
{"tag":"!","time":"0.764926","counter":"173536","score":"-21953"}
{"tag":"!","time":"0.764926","counter":"173539","score":"-21948"}
{"tag":"!","time":"0.770402","counter":"174078","score":"-21947"}
{"tag":"!","time":"0.770402","counter":"174451","score":"-21941"}
{"tag":"!","time":"0.770402","counter":"174459","score":"-21922"}
{"tag":"!","time":"0.770402","counter":"174469","score":"-21915"}
{"tag":"!","time":"0.770402","counter":"174479","score":"-21899"}
{"tag":"!","time":"0.770402","counter":"174499","score":"-21896"}
{"tag":"!","time":"0.802015","counter":"180118","score":"-21892"}
{"tag":"!","time":"0.802015","counter":"180121","score":"-21886"}
{"tag":"!","time":"0.802015","counter":"180173","score":"-21871"}
{"tag":"!","time":"0.802015","counter":"180208","score":"-21846"}
{"tag":"!","time":"0.802015","counter":"180211","score":"-21830"}
{"tag":"!","time":"0.802015","counter":"180214","score":"-21828"}
{"tag":"!","time":"0.802015","counter":"180812","score":"-21827"}
{"tag":"!","time":"0.802015","counter":"180822","score":"-21825"}
{"tag":"!","time":"0.802015","counter":"180829","score":"-21819"}
{"tag":"!","time":"0.802015","counter":"180834","score":"-21817"}
{"tag":"!","time":"0.807901","counter":"181722","score":"-21813"}
{"tag":"!","time":"0.807901","counter":"181778","score":"-21808"}
{"tag":"!","time":"0.807901","counter":"181807","score":"-21805"}
{"tag":"!","time":"0.807901","counter":"181947","score":"-21790"}
{"tag":"!","time":"0.807901","counter":"181955","score":"-21778"}
{"tag":"!","time":"0.834023","counter":"186155","score":"-21775"}
{"tag":"!","time":"0.834023","counter":"186259","score":"-21764"}
{"tag":"!","time":"0.839515","counter":"187336","score":"-21758"}
{"tag":"!","time":"0.839515","counter":"187344","score":"-21742"}
{"tag":"!","time":"0.839515","counter":"187466","score":"-21740"}
{"tag":"!","time":"0.839515","counter":"187494","score":"-21734"}
{"tag":"!","time":"0.839515","counter":"187510","score":"-21730"}
{"tag":"!","time":"0.839515","counter":"187511","score":"-21727"}
{"tag":"!","time":"0.839515","counter":"187703","score":"-21725"}
{"tag":"!","time":"0.839515","counter":"187713","score":"-21719"}
{"tag":"!","time":"0.839515","counter":"187714","score":"-21717"}
{"tag":"!","time":"0.839515","counter":"187905","score":"-21710"}
{"tag":"!","time":"0.839515","counter":"187923","score":"-21700"}
{"tag":"!","time":"0.839515","counter":"187936","score":"-21699"}
{"tag":"!","time":"0.844928","counter":"188046","score":"-21697"}
{"tag":"!","time":"0.844928","counter":"188147","score":"-21696"}
{"tag":"!","time":"0.844928","counter":"188188","score":"-21687"}
{"tag":"!","time":"0.844928","counter":"188293","score":"-21674"}
{"tag":"!","time":"0.844928","counter":"188492","score":"-21664"}
{"tag":"!","time":"0.844928","counter":"188617","score":"-21657"}
{"tag":"!","time":"0.844928","counter":"188712","score":"-21654"}
{"tag":"!","time":"0.855221","counter":"190814","score":"-21652"}
{"tag":"!","time":"0.870507","counter":"193591","score":"-21646"}
{"tag":"!","time":"0.870507","counter":"193925","score":"-21642"}
{"tag":"!","time":"0.870507","counter":"193977","score":"-21624"}
{"tag":"!","time":"0.915997","counter":"201318","score":"-21623"}
{"tag":"!","time":"0.915997","counter":"201364","score":"-21616"}
{"tag":"!","time":"0.915997","counter":"201684","score":"-21615"}
{"tag":"!","time":"0.921124","counter":"202523","score":"-21602"}
{"tag":"!","time":"0.921124","counter":"202616","score":"-21601"}
{"tag":"!","time":"0.931025","counter":"204046","score":"-21585"}
{"tag":"!","time":"0.931025","counter":"204080","score":"-21581"}
{"tag":"!","time":"0.931025","counter":"204176","score":"-21580"}
{"tag":"!","time":"0.931025","counter":"204799","score":"-21573"}
{"tag":"!","time":"0.931025","counter":"204936","score":"-21572"}
{"tag":"!","time":"0.931025","counter":"204946","score":"-21569"}
{"tag":"!","time":"0.931025","counter":"204976","score":"-21564"}
{"tag":"!","time":"0.931025","counter":"204990","score":"-21559"}
{"tag":"!","time":"0.936542","counter":"205206","score":"-21558"}
{"tag":"!","time":"0.936542","counter":"205287","score":"-21556"}
{"tag":"!","time":"0.936542","counter":"205915","score":"-21552"}
{"tag":"!","time":"0.941153","counter":"206138","score":"-21549"}
{"tag":"!","time":"0.941153","counter":"206151","score":"-21537"}
{"tag":"!","time":"0.941153","counter":"206248","score":"-21529"}
{"tag":"!","time":"0.941153","counter":"206622","score":"-21527"}
{"tag":"!","time":"0.955699","counter":"209164","score":"-21523"}
{"tag":"!","time":"0.955699","counter":"209219","score":"-21518"}
{"tag":"!","time":"0.955699","counter":"209564","score":"-21514"}
{"tag":"!","time":"0.960923","counter":"210287","score":"-21513"}
{"tag":"!","time":"0.960923","counter":"210316","score":"-21505"}
{"tag":"!","time":"0.960923","counter":"210611","score":"-21503"}
{"tag":"!","time":"0.965619","counter":"211530","score":"-21502"}
{"tag":"!","time":"0.970413","counter":"212562","score":"-21499"}
{"tag":"!","time":"0.975464","counter":"213601","score":"-21497"}
{"tag":"!","time":"0.984852","counter":"215966","score":"-21496"}
{"tag":"!","time":"0.99016","counter":"216236","score":"-21495"}
{"tag":"!","time":"0.99016","counter":"216735","score":"-21494"}
{"tag":"!","time":"0.99016","counter":"216826","score":"-21492"}
{"tag":"!","time":"0.99534","counter":"217395","score":"-21491"}
{"tag":"!","time":"0.99534","counter":"217687","score":"-21490"}
{"tag":"!","time":"0.99534","counter":"217779","score":"-21489"}
{"tag":"result","counter":"218000","score":"-21489"}
{"type":"sa","c":"0.0265745","l":"0.456848","score":"0.200981"}
{"tag":"param","type":"sa","start_temp":"30","end_temp":"1","limit":"1"}
{"tag":"!","time":"2.39568e-05","counter":"1","score":"-22793"}
{"tag":"!","time":"2.39568e-05","counter":"3","score":"-22765"}
{"tag":"!","time":"2.39568e-05","counter":"4","score":"-22745"}
{"tag":"!","time":"2.39568e-05","counter":"5","score":"-22668"}
{"tag":"!","time":"2.39568e-05","counter":"9","score":"-22662"}
{"tag":"!","time":"2.39568e-05","counter":"10","score":"-22627"}
{"tag":"!","time":"2.39568e-05","counter":"11","score":"-22589"}
{"tag":"!","time":"2.39568e-05","counter":"12","score":"-22575"}
{"tag":"!","time":"2.39568e-05","counter":"44","score":"-22573"}
{"tag":"!","time":"2.39568e-05","counter":"45","score":"-22571"}
{"tag":"!","time":"2.39568e-05","counter":"57","score":"-22532"}
{"tag":"!","time":"2.39568e-05","counter":"58","score":"-22468"}
{"tag":"!","time":"2.39568e-05","counter":"59","score":"-22446"}
{"tag":"!","time":"2.39568e-05","counter":"60","score":"-22438"}
{"tag":"!","time":"2.39568e-05","counter":"64","score":"-22403"}
{"tag":"!","time":"2.39568e-05","counter":"71","score":"-22394"}
{"tag":"!","time":"2.39568e-05","counter":"83","score":"-22374"}
{"tag":"!","time":"2.39568e-05","counter":"85","score":"-22369"}
{"tag":"!","time":"2.39568e-05","counter":"86","score":"-22357"}
{"tag":"!","time":"2.39568e-05","counter":"88","score":"-22327"}
{"tag":"!","time":"2.39568e-05","counter":"89","score":"-22312"}
{"tag":"!","time":"2.39568e-05","counter":"90","score":"-22290"}
{"tag":"!","time":"2.39568e-05","counter":"91","score":"-22232"}
{"tag":"!","time":"2.39568e-05","counter":"92","score":"-22197"}
{"tag":"!","time":"2.39568e-05","counter":"95","score":"-22185"}
{"tag":"!","time":"2.39568e-05","counter":"194","score":"-22168"}
{"tag":"!","time":"2.39568e-05","counter":"197","score":"-22144"}
{"tag":"!","time":"2.39568e-05","counter":"200","score":"-22139"}
{"tag":"!","time":"2.39568e-05","counter":"201","score":"-22131"}
{"tag":"!","time":"2.39568e-05","counter":"212","score":"-22120"}
{"tag":"!","time":"2.39568e-05","counter":"213","score":"-22119"}
{"tag":"!","time":"2.39568e-05","counter":"214","score":"-22111"}
{"tag":"!","time":"2.39568e-05","counter":"215","score":"-22056"}
{"tag":"!","time":"2.39568e-05","counter":"218","score":"-22018"}
{"tag":"!","time":"2.39568e-05","counter":"221","score":"-21988"}
{"tag":"!","time":"2.39568e-05","counter":"225","score":"-21982"}
{"tag":"!","time":"2.39568e-05","counter":"227","score":"-21977"}
{"tag":"!","time":"2.39568e-05","counter":"232","score":"-21967"}
{"tag":"!","time":"2.39568e-05","counter":"236","score":"-21945"}
{"tag":"!","time":"2.39568e-05","counter":"237","score":"-21860"}
{"tag":"!","time":"2.39568e-05","counter":"238","score":"-21849"}
{"tag":"!","time":"2.39568e-05","counter":"239","score":"-21848"}
{"tag":"!","time":"2.39568e-05","counter":"243","score":"-21831"}
{"tag":"!","time":"2.39568e-05","counter":"537","score":"-21829"}
{"tag":"!","time":"2.39568e-05","counter":"544","score":"-21828"}
{"tag":"!","time":"2.39568e-05","counter":"547","score":"-21787"}
{"tag":"!","time":"2.39568e-05","counter":"551","score":"-21776"}
{"tag":"!","time":"2.39568e-05","counter":"670","score":"-21770"}
{"tag":"!","time":"2.39568e-05","counter":"715","score":"-21751"}
{"tag":"!","time":"2.39568e-05","counter":"821","score":"-21744"}
{"tag":"!","time":"2.39568e-05","counter":"822","score":"-21742"}
{"tag":"!","time":"2.39568e-05","counter":"828","score":"-21714"}
{"tag":"!","time":"2.39568e-05","counter":"830","score":"-21688"}
{"tag":"!","time":"2.39568e-05","counter":"837","score":"-21655"}
{"tag":"!","time":"2.39568e-05","counter":"847","score":"-21651"}
{"tag":"!","time":"2.39568e-05","counter":"848","score":"-21644"}
{"tag":"!","time":"2.39568e-05","counter":"850","score":"-21626"}
{"tag":"!","time":"2.39568e-05","counter":"851","score":"-21619"}
{"tag":"!","time":"2.39568e-05","counter":"858","score":"-21618"}
{"tag":"!","time":"2.39568e-05","counter":"863","score":"-21606"}
{"tag":"!","time":"2.39568e-05","counter":"870","score":"-21604"}
{"tag":"!","time":"2.39568e-05","counter":"872","score":"-21601"}
{"tag":"!","time":"0.0290825","counter":"5983","score":"-21587"}
{"tag":"!","time":"0.0290825","counter":"5985","score":"-21570"}
{"tag":"!","time":"0.0290825","counter":"5988","score":"-21562"}
{"tag":"!","time":"0.0290825","counter":"5991","score":"-21554"}
{"tag":"!","time":"0.0290825","counter":"5992","score":"-21545"}
{"tag":"!","time":"0.0290825","counter":"5993","score":"-21540"}
{"tag":"!","time":"0.0344523","counter":"6001","score":"-21502"}
{"tag":"!","time":"0.0344523","counter":"6002","score":"-21501"}
{"tag":"!","time":"0.0344523","counter":"6003","score":"-21497"}
{"tag":"!","time":"0.0344523","counter":"6004","score":"-21489"}
{"tag":"!","time":"0.149918","counter":"29095","score":"-21459"}
{"tag":"!","time":"0.149918","counter":"29102","score":"-21450"}
{"tag":"!","time":"0.149918","counter":"29104","score":"-21423"}
{"tag":"!","time":"0.149918","counter":"29108","score":"-21399"}
{"tag":"!","time":"0.149918","counter":"29109","score":"-21362"}
{"tag":"!","time":"0.149918","counter":"29111","score":"-21358"}
{"tag":"!","time":"0.149918","counter":"29112","score":"-21350"}
{"tag":"!","time":"0.149918","counter":"29115","score":"-21342"}
{"tag":"!","time":"0.149918","counter":"29126","score":"-21341"}
{"tag":"!","time":"0.149918","counter":"29130","score":"-21338"}
{"tag":"!","time":"0.211592","counter":"41548","score":"-21337"}
{"tag":"!","time":"0.211592","counter":"41603","score":"-21302"}
{"tag":"!","time":"0.211592","counter":"41604","score":"-21291"}
{"tag":"!","time":"0.211592","counter":"41606","score":"-21283"}
{"tag":"!","time":"0.211592","counter":"41613","score":"-21268"}
{"tag":"!","time":"0.211592","counter":"41614","score":"-21259"}
{"tag":"!","time":"0.25503","counter":"49489","score":"-21236"}
{"tag":"!","time":"0.25503","counter":"49496","score":"-21224"}
{"tag":"!","time":"0.25503","counter":"49502","score":"-21213"}
{"tag":"!","time":"0.25503","counter":"49508","score":"-21194"}
{"tag":"!","time":"0.25503","counter":"49509","score":"-21182"}
{"tag":"!","time":"0.25503","counter":"49510","score":"-21175"}
{"tag":"!","time":"0.25503","counter":"49513","score":"-21161"}
{"tag":"!","time":"0.25503","counter":"49514","score":"-21141"}
{"tag":"!","time":"0.25503","counter":"49591","score":"-21127"}
{"tag":"!","time":"0.25503","counter":"49595","score":"-21108"}
{"tag":"!","time":"0.25503","counter":"49602","score":"-21069"}
{"tag":"!","time":"0.25503","counter":"49615","score":"-21004"}
{"tag":"!","time":"0.389959","counter":"73633","score":"-20995"}
{"tag":"!","time":"0.389959","counter":"73765","score":"-20971"}
{"tag":"!","time":"0.389959","counter":"73770","score":"-20965"}
{"tag":"!","time":"0.389959","counter":"73815","score":"-20959"}
{"tag":"!","time":"0.389959","counter":"73820","score":"-20957"}
{"tag":"!","time":"0.437383","counter":"81931","score":"-20953"}
{"tag":"!","time":"0.437383","counter":"81932","score":"-20941"}
{"tag":"!","time":"0.437383","counter":"81943","score":"-20939"}
{"tag":"!","time":"0.437383","counter":"81944","score":"-20937"}
{"tag":"!","time":"0.444351","counter":"82159","score":"-20930"}
{"tag":"!","time":"0.444351","counter":"82227","score":"-20921"}
{"tag":"!","time":"0.444351","counter":"82228","score":"-20896"}
{"tag":"!","time":"0.444351","counter":"82388","score":"-20886"}
{"tag":"!","time":"0.444351","counter":"82562","score":"-20885"}
{"tag":"!","time":"0.452208","counter":"83082","score":"-20880"}
{"tag":"!","time":"0.459886","counter":"84266","score":"-20867"}
{"tag":"!","time":"0.459886","counter":"84329","score":"-20862"}
{"tag":"!","time":"0.459886","counter":"84332","score":"-20857"}
{"tag":"!","time":"0.459886","counter":"84337","score":"-20832"}
{"tag":"!","time":"0.459886","counter":"84341","score":"-20831"}
{"tag":"!","time":"0.459886","counter":"84350","score":"-20827"}
{"tag":"!","time":"0.459886","counter":"84351","score":"-20803"}
{"tag":"!","time":"0.459886","counter":"84376","score":"-20769"}
{"tag":"!","time":"0.459886","counter":"84887","score":"-20757"}
{"tag":"!","time":"0.459886","counter":"84889","score":"-20691"}
{"tag":"!","time":"0.459886","counter":"84890","score":"-20687"}
{"tag":"!","time":"0.506373","counter":"91302","score":"-20669"}
{"tag":"!","time":"0.506373","counter":"91398","score":"-20646"}
{"tag":"!","time":"0.506373","counter":"91400","score":"-20636"}
{"tag":"!","time":"0.506373","counter":"91406","score":"-20634"}
{"tag":"!","time":"0.506373","counter":"91424","score":"-20630"}
{"tag":"!","time":"0.506373","counter":"91544","score":"-20622"}
{"tag":"!","time":"0.506373","counter":"91668","score":"-20575"}
{"tag":"!","time":"0.506373","counter":"91675","score":"-20570"}
{"tag":"!","time":"0.506373","counter":"91697","score":"-20554"}
{"tag":"!","time":"0.506373","counter":"91708","score":"-20534"}
{"tag":"!","time":"0.506373","counter":"91732","score":"-20532"}
{"tag":"!","time":"0.506373","counter":"91733","score":"-20510"}
{"tag":"!","time":"0.528066","counter":"94393","score":"-20507"}
{"tag":"!","time":"0.528066","counter":"94406","score":"-20504"}
{"tag":"!","time":"0.528066","counter":"94410","score":"-20494"}
{"tag":"!","time":"0.528066","counter":"94422","score":"-20485"}
{"tag":"!","time":"0.528066","counter":"94429","score":"-20447"}
{"tag":"!","time":"0.528066","counter":"94433","score":"-20429"}
{"tag":"!","time":"0.528066","counter":"94434","score":"-20378"}
{"tag":"!","time":"0.535196","counter":"95271","score":"-20373"}
{"tag":"!","time":"0.535196","counter":"95272","score":"-20363"}
{"tag":"!","time":"0.5795","counter":"101163","score":"-20342"}
{"tag":"!","time":"0.5795","counter":"101166","score":"-20337"}
{"tag":"!","time":"0.5795","counter":"101171","score":"-20328"}
{"tag":"!","time":"0.5795","counter":"101181","score":"-20307"}
{"tag":"!","time":"0.5795","counter":"101229","score":"-20297"}
{"tag":"!","time":"0.5795","counter":"101233","score":"-20277"}
{"tag":"!","time":"0.5795","counter":"101275","score":"-20269"}
{"tag":"!","time":"0.5795","counter":"101301","score":"-20249"}
{"tag":"!","time":"0.5795","counter":"101320","score":"-20247"}
{"tag":"!","time":"0.5795","counter":"101323","score":"-20215"}
{"tag":"!","time":"0.5795","counter":"101341","score":"-20206"}
{"tag":"!","time":"0.5795","counter":"101473","score":"-20198"}
{"tag":"!","time":"0.5795","counter":"101485","score":"-20192"}
{"tag":"!","time":"0.5795","counter":"101531","score":"-20174"}
{"tag":"!","time":"0.5795","counter":"101532","score":"-20150"}
{"tag":"!","time":"0.5795","counter":"101536","score":"-20101"}
{"tag":"!","time":"0.5795","counter":"101567","score":"-20089"}
{"tag":"!","time":"0.5795","counter":"101574","score":"-20074"}
{"tag":"!","time":"0.636395","counter":"109785","score":"-20018"}
{"tag":"!","time":"0.636395","counter":"109838","score":"-20017"}
{"tag":"!","time":"0.636395","counter":"109844","score":"-20002"}
{"tag":"!","time":"0.66014","counter":"112548","score":"-19994"}
{"tag":"!","time":"0.66014","counter":"112559","score":"-19985"}
{"tag":"!","time":"0.66014","counter":"112564","score":"-19978"}
{"tag":"!","time":"0.66014","counter":"112738","score":"-19972"}
{"tag":"!","time":"0.66014","counter":"112741","score":"-19957"}
{"tag":"!","time":"0.667457","counter":"113020","score":"-19943"}
{"tag":"!","time":"0.667457","counter":"113056","score":"-19932"}
{"tag":"!","time":"0.667457","counter":"113058","score":"-19926"}
{"tag":"!","time":"0.667457","counter":"113131","score":"-19925"}
{"tag":"!","time":"0.667457","counter":"113132","score":"-19913"}
{"tag":"!","time":"0.667457","counter":"113330","score":"-19900"}
{"tag":"!","time":"0.667457","counter":"113335","score":"-19883"}
{"tag":"!","time":"0.667457","counter":"113363","score":"-19878"}
{"tag":"!","time":"0.667457","counter":"113454","score":"-19872"}
{"tag":"!","time":"0.667457","counter":"113466","score":"-19836"}
{"tag":"!","time":"0.667457","counter":"113479","score":"-19834"}
{"tag":"!","time":"0.667457","counter":"113482","score":"-19832"}
{"tag":"!","time":"0.667457","counter":"113495","score":"-19825"}
{"tag":"!","time":"0.667457","counter":"113725","score":"-19806"}
{"tag":"!","time":"0.675386","counter":"114212","score":"-19797"}
{"tag":"!","time":"0.675386","counter":"114225","score":"-19794"}
{"tag":"!","time":"0.675386","counter":"114227","score":"-19760"}
{"tag":"!","time":"0.675386","counter":"114238","score":"-19758"}
{"tag":"!","time":"0.675386","counter":"114246","score":"-19749"}
{"tag":"!","time":"0.675386","counter":"114248","score":"-19746"}
{"tag":"!","time":"0.675386","counter":"114264","score":"-19736"}
{"tag":"!","time":"0.675386","counter":"114363","score":"-19731"}
{"tag":"!","time":"0.675386","counter":"114371","score":"-19710"}
{"tag":"!","time":"0.675386","counter":"114375","score":"-19708"}
{"tag":"!","time":"0.68302","counter":"115868","score":"-19684"}
{"tag":"!","time":"0.68302","counter":"115929","score":"-19681"}
{"tag":"!","time":"0.68302","counter":"115939","score":"-19674"}
{"tag":"!","time":"0.68302","counter":"115945","score":"-19673"}
{"tag":"!","time":"0.68302","counter":"115946","score":"-19671"}
{"tag":"!","time":"0.68302","counter":"115961","score":"-19658"}
{"tag":"!","time":"0.68302","counter":"115988","score":"-19617"}
{"tag":"!","time":"0.68302","counter":"115993","score":"-19574"}
{"tag":"!","time":"0.68302","counter":"115994","score":"-19567"}
{"tag":"!","time":"0.690606","counter":"116089","score":"-19556"}
{"tag":"!","time":"0.690606","counter":"116138","score":"-19551"}
{"tag":"!","time":"0.690606","counter":"116146","score":"-19540"}
{"tag":"!","time":"0.690606","counter":"116215","score":"-19534"}
{"tag":"!","time":"0.690606","counter":"116220","score":"-19531"}
{"tag":"!","time":"0.705123","counter":"118901","score":"-19526"}
{"tag":"!","time":"0.705123","counter":"118916","score":"-19522"}
{"tag":"!","time":"0.727017","counter":"121877","score":"-19513"}
{"tag":"!","time":"0.727017","counter":"121934","score":"-19473"}
{"tag":"!","time":"0.727017","counter":"121989","score":"-19455"}
{"tag":"!","time":"0.734943","counter":"122180","score":"-19454"}
{"tag":"!","time":"0.734943","counter":"122182","score":"-19449"}
{"tag":"!","time":"0.734943","counter":"122225","score":"-19446"}
{"tag":"!","time":"0.734943","counter":"122557","score":"-19444"}
{"tag":"!","time":"0.734943","counter":"122579","score":"-19433"}
{"tag":"!","time":"0.734943","counter":"122611","score":"-19432"}
{"tag":"!","time":"0.734943","counter":"122962","score":"-19431"}
{"tag":"!","time":"0.734943","counter":"122967","score":"-19424"}
{"tag":"!","time":"0.74365","counter":"123099","score":"-19415"}
{"tag":"!","time":"0.750791","counter":"124469","score":"-19398"}
{"tag":"!","time":"0.750791","counter":"124485","score":"-19374"}
{"tag":"!","time":"0.750791","counter":"124507","score":"-19371"}
{"tag":"!","time":"0.750791","counter":"124528","score":"-19357"}
{"tag":"!","time":"0.750791","counter":"124532","score":"-19343"}
{"tag":"!","time":"0.750791","counter":"124613","score":"-19342"}
{"tag":"!","time":"0.750791","counter":"124616","score":"-19341"}
{"tag":"!","time":"0.750791","counter":"124666","score":"-19333"}
{"tag":"!","time":"0.750791","counter":"124765","score":"-19305"}
{"tag":"!","time":"0.750791","counter":"124861","score":"-19296"}
{"tag":"!","time":"0.750791","counter":"124874","score":"-19275"}
{"tag":"!","time":"0.750791","counter":"124887","score":"-19266"}
{"tag":"!","time":"0.750791","counter":"124930","score":"-19242"}
{"tag":"!","time":"0.758944","counter":"125649","score":"-19225"}
{"tag":"!","time":"0.758944","counter":"125671","score":"-19221"}
{"tag":"!","time":"0.758944","counter":"125711","score":"-19197"}
{"tag":"!","time":"0.758944","counter":"125783","score":"-19195"}
{"tag":"!","time":"0.78327","counter":"128621","score":"-19189"}
{"tag":"!","time":"0.78327","counter":"128781","score":"-19154"}
{"tag":"!","time":"0.78327","counter":"128798","score":"-19147"}
{"tag":"!","time":"0.790873","counter":"129194","score":"-19140"}
{"tag":"!","time":"0.790873","counter":"129204","score":"-19125"}
{"tag":"!","time":"0.790873","counter":"129213","score":"-19119"}
{"tag":"!","time":"0.790873","counter":"129217","score":"-19116"}
{"tag":"!","time":"0.790873","counter":"129497","score":"-19072"}
{"tag":"!","time":"0.790873","counter":"129501","score":"-19065"}
{"tag":"!","time":"0.790873","counter":"129516","score":"-19063"}
{"tag":"!","time":"0.790873","counter":"129550","score":"-19062"}
{"tag":"!","time":"0.790873","counter":"129555","score":"-19045"}
{"tag":"!","time":"0.790873","counter":"129887","score":"-19040"}
{"tag":"!","time":"0.790873","counter":"129943","score":"-19030"}
{"tag":"!","time":"0.790873","counter":"129953","score":"-19018"}
{"tag":"!","time":"0.790873","counter":"129965","score":"-19015"}
{"tag":"!","time":"0.798172","counter":"130095","score":"-19013"}
{"tag":"!","time":"0.798172","counter":"130457","score":"-19005"}
{"tag":"!","time":"0.798172","counter":"130465","score":"-18998"}
{"tag":"!","time":"0.798172","counter":"130472","score":"-18994"}
{"tag":"!","time":"0.798172","counter":"130475","score":"-18976"}
{"tag":"!","time":"0.798172","counter":"130494","score":"-18973"}
{"tag":"!","time":"0.798172","counter":"130558","score":"-18963"}
{"tag":"!","time":"0.798172","counter":"130587","score":"-18939"}
{"tag":"!","time":"0.827089","counter":"134611","score":"-18931"}
{"tag":"!","time":"0.827089","counter":"134652","score":"-18918"}
{"tag":"!","time":"0.827089","counter":"134728","score":"-18899"}
{"tag":"!","time":"0.827089","counter":"134743","score":"-18869"}
{"tag":"!","time":"0.835137","counter":"135009","score":"-18845"}
{"tag":"!","time":"0.835137","counter":"135139","score":"-18833"}
{"tag":"!","time":"0.835137","counter":"135166","score":"-18829"}
{"tag":"!","time":"0.835137","counter":"135172","score":"-18822"}
{"tag":"!","time":"0.835137","counter":"135972","score":"-18810"}
{"tag":"!","time":"0.842475","counter":"136074","score":"-18801"}
{"tag":"!","time":"0.842475","counter":"136079","score":"-18796"}
{"tag":"!","time":"0.849498","counter":"137766","score":"-18794"}
{"tag":"!","time":"0.849498","counter":"137874","score":"-18792"}
{"tag":"!","time":"0.849498","counter":"137883","score":"-18785"}
{"tag":"!","time":"0.849498","counter":"137924","score":"-18782"}
{"tag":"!","time":"0.849498","counter":"137943","score":"-18780"}
{"tag":"!","time":"0.866346","counter":"139991","score":"-18778"}
{"tag":"!","time":"0.873737","counter":"140008","score":"-18777"}
{"tag":"!","time":"0.873737","counter":"140522","score":"-18766"}
{"tag":"!","time":"0.873737","counter":"140535","score":"-18762"}
{"tag":"!","time":"0.873737","counter":"140544","score":"-18761"}
{"tag":"!","time":"0.873737","counter":"140562","score":"-18751"}
{"tag":"!","time":"0.873737","counter":"140618","score":"-18747"}
{"tag":"!","time":"0.873737","counter":"140711","score":"-18744"}
{"tag":"!","time":"0.873737","counter":"140753","score":"-18729"}
{"tag":"!","time":"0.873737","counter":"140890","score":"-18707"}
{"tag":"!","time":"0.873737","counter":"140892","score":"-18702"}
{"tag":"!","time":"0.873737","counter":"140903","score":"-18675"}
{"tag":"!","time":"0.881695","counter":"141127","score":"-18667"}
{"tag":"!","time":"0.881695","counter":"141134","score":"-18661"}
{"tag":"!","time":"0.881695","counter":"141462","score":"-18656"}
{"tag":"!","time":"0.881695","counter":"141666","score":"-18650"}
{"tag":"!","time":"0.881695","counter":"141680","score":"-18645"}
{"tag":"!","time":"0.881695","counter":"141706","score":"-18629"}
{"tag":"!","time":"0.881695","counter":"141872","score":"-18607"}
{"tag":"!","time":"0.881695","counter":"141915","score":"-18605"}
{"tag":"!","time":"0.881695","counter":"141929","score":"-18600"}
{"tag":"!","time":"0.881695","counter":"141930","score":"-18591"}
{"tag":"!","time":"0.881695","counter":"141959","score":"-18583"}
{"tag":"!","time":"0.889301","counter":"142068","score":"-18569"}
{"tag":"!","time":"0.889301","counter":"142602","score":"-18556"}
{"tag":"!","time":"0.889301","counter":"142626","score":"-18549"}
{"tag":"!","time":"0.889301","counter":"142644","score":"-18535"}
{"tag":"!","time":"0.889301","counter":"142819","score":"-18532"}
{"tag":"!","time":"0.896126","counter":"143030","score":"-18529"}
{"tag":"!","time":"0.91013","counter":"145097","score":"-18528"}
{"tag":"!","time":"0.91013","counter":"145102","score":"-18515"}
{"tag":"!","time":"0.91013","counter":"145701","score":"-18513"}
{"tag":"!","time":"0.91717","counter":"146105","score":"-18510"}
{"tag":"!","time":"0.91717","counter":"146290","score":"-18505"}
{"tag":"!","time":"0.91717","counter":"146397","score":"-18496"}
{"tag":"!","time":"0.91717","counter":"146496","score":"-18480"}
{"tag":"!","time":"0.91717","counter":"146949","score":"-18479"}
{"tag":"!","time":"0.926978","counter":"147162","score":"-18467"}
{"tag":"!","time":"0.926978","counter":"147401","score":"-18453"}
{"tag":"!","time":"0.926978","counter":"147447","score":"-18448"}
{"tag":"!","time":"0.926978","counter":"147567","score":"-18443"}
{"tag":"!","time":"0.934242","counter":"148178","score":"-18435"}
{"tag":"!","time":"0.934242","counter":"148194","score":"-18431"}
{"tag":"!","time":"0.94098","counter":"149058","score":"-18430"}
{"tag":"!","time":"0.94098","counter":"149072","score":"-18428"}
{"tag":"!","time":"0.94098","counter":"149113","score":"-18420"}
{"tag":"!","time":"0.94098","counter":"149588","score":"-18418"}
{"tag":"!","time":"0.94098","counter":"149738","score":"-18417"}
{"tag":"!","time":"0.94098","counter":"149903","score":"-18411"}
{"tag":"!","time":"0.947977","counter":"150804","score":"-18409"}
{"tag":"!","time":"0.947977","counter":"150890","score":"-18400"}
{"tag":"!","time":"0.95452","counter":"151000","score":"-18398"}
{"tag":"!","time":"0.95452","counter":"151031","score":"-18391"}
{"tag":"!","time":"0.95452","counter":"151046","score":"-18390"}
{"tag":"!","time":"0.95452","counter":"151311","score":"-18383"}
{"tag":"!","time":"0.95452","counter":"151655","score":"-18374"}
{"tag":"!","time":"0.95452","counter":"151686","score":"-18361"}
{"tag":"!","time":"0.968286","counter":"153487","score":"-18353"}
{"tag":"!","time":"0.968286","counter":"153893","score":"-18351"}
{"tag":"!","time":"0.975042","counter":"154110","score":"-18346"}
{"tag":"!","time":"0.975042","counter":"154262","score":"-18342"}
{"tag":"!","time":"0.975042","counter":"154510","score":"-18341"}
{"tag":"!","time":"0.975042","counter":"154741","score":"-18323"}
{"tag":"!","time":"0.982064","counter":"155195","score":"-18308"}
{"tag":"!","time":"0.982064","counter":"155426","score":"-18307"}
{"tag":"!","time":"0.988262","counter":"156252","score":"-18298"}
{"tag":"!","time":"0.988262","counter":"156268","score":"-18297"}
{"tag":"!","time":"0.988262","counter":"156752","score":"-18287"}
{"tag":"!","time":"0.988262","counter":"156754","score":"-18284"}
{"tag":"!","time":"0.995698","counter":"157288","score":"-18281"}
{"tag":"!","time":"0.995698","counter":"157610","score":"-18274"}
{"tag":"!","time":"0.995698","counter":"157875","score":"-18270"}
{"tag":"result","counter":"158000","score":"-18270"}
{"type":"sa","c":"0.106298","l":"0.388413","score":"0.22065"}
{"tag":"param","type":"sa","start_temp":"30","end_temp":"1","limit":"1"}
{"tag":"!","time":"2.5865e-05","counter":"0","score":"-22909"}
{"tag":"!","time":"2.5865e-05","counter":"1","score":"-22866"}
{"tag":"!","time":"2.5865e-05","counter":"2","score":"-22817"}
{"tag":"!","time":"2.5865e-05","counter":"3","score":"-22815"}
{"tag":"!","time":"2.5865e-05","counter":"5","score":"-22812"}
{"tag":"!","time":"2.5865e-05","counter":"6","score":"-22761"}
{"tag":"!","time":"2.5865e-05","counter":"7","score":"-22757"}
{"tag":"!","time":"2.5865e-05","counter":"9","score":"-22680"}
{"tag":"!","time":"2.5865e-05","counter":"10","score":"-22660"}
{"tag":"!","time":"2.5865e-05","counter":"12","score":"-22645"}
{"tag":"!","time":"2.5865e-05","counter":"13","score":"-22636"}
{"tag":"!","time":"2.5865e-05","counter":"14","score":"-22634"}
{"tag":"!","time":"2.5865e-05","counter":"16","score":"-22610"}
{"tag":"!","time":"2.5865e-05","counter":"17","score":"-22600"}
{"tag":"!","time":"2.5865e-05","counter":"18","score":"-22589"}
{"tag":"!","time":"2.5865e-05","counter":"19","score":"-22583"}
{"tag":"!","time":"2.5865e-05","counter":"20","score":"-22505"}
{"tag":"!","time":"2.5865e-05","counter":"21","score":"-22475"}
{"tag":"!","time":"2.5865e-05","counter":"22","score":"-22430"}
{"tag":"!","time":"2.5865e-05","counter":"25","score":"-22426"}
{"tag":"!","time":"2.5865e-05","counter":"29","score":"-22387"}
{"tag":"!","time":"2.5865e-05","counter":"32","score":"-22366"}
{"tag":"!","time":"2.5865e-05","counter":"34","score":"-22307"}
{"tag":"!","time":"2.5865e-05","counter":"38","score":"-22284"}
{"tag":"!","time":"2.5865e-05","counter":"40","score":"-22280"}
{"tag":"!","time":"2.5865e-05","counter":"41","score":"-22236"}
{"tag":"!","time":"2.5865e-05","counter":"50","score":"-22223"}
{"tag":"!","time":"2.5865e-05","counter":"51","score":"-22195"}
{"tag":"!","time":"2.5865e-05","counter":"54","score":"-22128"}
{"tag":"!","time":"2.5865e-05","counter":"57","score":"-22101"}
{"tag":"!","time":"2.5865e-05","counter":"60","score":"-22070"}
{"tag":"!","time":"2.5865e-05","counter":"62","score":"-22065"}
{"tag":"!","time":"2.5865e-05","counter":"63","score":"-22045"}
{"tag":"!","time":"2.5865e-05","counter":"66","score":"-22034"}
{"tag":"!","time":"2.5865e-05","counter":"67","score":"-21994"}
{"tag":"!","time":"2.5865e-05","counter":"69","score":"-21911"}
{"tag":"!","time":"2.5865e-05","counter":"87","score":"-21905"}
{"tag":"!","time":"2.5865e-05","counter":"93","score":"-21897"}
{"tag":"!","time":"2.5865e-05","counter":"94","score":"-21783"}
{"tag":"!","time":"2.5865e-05","counter":"95","score":"-21780"}
{"tag":"!","time":"2.5865e-05","counter":"96","score":"-21779"}
{"tag":"!","time":"2.5865e-05","counter":"104","score":"-21745"}
{"tag":"!","time":"2.5865e-05","counter":"108","score":"-21681"}
{"tag":"!","time":"2.5865e-05","counter":"112","score":"-21672"}
{"tag":"!","time":"2.5865e-05","counter":"131","score":"-21664"}
{"tag":"!","time":"2.5865e-05","counter":"132","score":"-21649"}
{"tag":"!","time":"2.5865e-05","counter":"141","score":"-21647"}
{"tag":"!","time":"2.5865e-05","counter":"150","score":"-21642"}
{"tag":"!","time":"2.5865e-05","counter":"246","score":"-21609"}
{"tag":"!","time":"2.5865e-05","counter":"251","score":"-21575"}
{"tag":"!","time":"2.5865e-05","counter":"253","score":"-21572"}
{"tag":"!","time":"2.5865e-05","counter":"254","score":"-21561"}
{"tag":"!","time":"2.5865e-05","counter":"255","score":"-21490"}
{"tag":"!","time":"2.5865e-05","counter":"257","score":"-21477"}
{"tag":"!","time":"2.5865e-05","counter":"453","score":"-21473"}
{"tag":"!","time":"2.5865e-05","counter":"455","score":"-21455"}
{"tag":"!","time":"2.5865e-05","counter":"459","score":"-21454"}
{"tag":"!","time":"2.5865e-05","counter":"460","score":"-21450"}
{"tag":"!","time":"2.5865e-05","counter":"463","score":"-21444"}
{"tag":"!","time":"2.5865e-05","counter":"467","score":"-21434"}
{"tag":"!","time":"2.5865e-05","counter":"468","score":"-21433"}
{"tag":"!","time":"2.5865e-05","counter":"485","score":"-21370"}
{"tag":"!","time":"2.5865e-05","counter":"499","score":"-21358"}
{"tag":"!","time":"2.5865e-05","counter":"500","score":"-21338"}
{"tag":"!","time":"2.5865e-05","counter":"568","score":"-21335"}
{"tag":"!","time":"2.5865e-05","counter":"579","score":"-21302"}
{"tag":"!","time":"2.5865e-05","counter":"580","score":"-21175"}
{"tag":"!","time":"2.5865e-05","counter":"587","score":"-21148"}
{"tag":"!","time":"2.5865e-05","counter":"590","score":"-21136"}
{"tag":"!","time":"2.5865e-05","counter":"592","score":"-21135"}
{"tag":"!","time":"2.5865e-05","counter":"594","score":"-21068"}
{"tag":"!","time":"2.5865e-05","counter":"606","score":"-21005"}
{"tag":"!","time":"2.5865e-05","counter":"607","score":"-20933"}
{"tag":"!","time":"2.5865e-05","counter":"615","score":"-20928"}
{"tag":"!","time":"2.5865e-05","counter":"616","score":"-20915"}
{"tag":"!","time":"2.5865e-05","counter":"638","score":"-20906"}
{"tag":"!","time":"2.5865e-05","counter":"640","score":"-20876"}
{"tag":"!","time":"2.5865e-05","counter":"642","score":"-20871"}
{"tag":"!","time":"2.5865e-05","counter":"750","score":"-20828"}
{"tag":"!","time":"2.5865e-05","counter":"751","score":"-20800"}
{"tag":"!","time":"2.5865e-05","counter":"754","score":"-20791"}
{"tag":"!","time":"2.5865e-05","counter":"756","score":"-20784"}
{"tag":"!","time":"2.5865e-05","counter":"766","score":"-20773"}
{"tag":"!","time":"2.5865e-05","counter":"885","score":"-20746"}
{"tag":"!","time":"2.5865e-05","counter":"889","score":"-20732"}
{"tag":"!","time":"2.5865e-05","counter":"891","score":"-20703"}
{"tag":"!","time":"0.00842057","counter":"1399","score":"-20694"}
{"tag":"!","time":"0.00842057","counter":"1522","score":"-20680"}
{"tag":"!","time":"0.00842057","counter":"1523","score":"-20648"}
{"tag":"!","time":"0.00842057","counter":"1528","score":"-20614"}
{"tag":"!","time":"0.00842057","counter":"1860","score":"-20569"}
{"tag":"!","time":"0.00842057","counter":"1876","score":"-20498"}
{"tag":"!","time":"0.00842057","counter":"1877","score":"-20482"}
{"tag":"!","time":"0.00842057","counter":"1878","score":"-20477"}
{"tag":"!","time":"0.00842057","counter":"1879","score":"-20476"}
{"tag":"!","time":"0.00842057","counter":"1880","score":"-20458"}
{"tag":"!","time":"0.00842057","counter":"1881","score":"-20407"}
{"tag":"!","time":"0.00842057","counter":"1884","score":"-20403"}
{"tag":"!","time":"0.00842057","counter":"1888","score":"-20398"}
{"tag":"!","time":"0.00842057","counter":"1889","score":"-20355"}
{"tag":"!","time":"0.00842057","counter":"1939","score":"-20326"}
{"tag":"!","time":"0.00842057","counter":"1942","score":"-20325"}
{"tag":"!","time":"0.00842057","counter":"1945","score":"-20310"}
{"tag":"!","time":"0.00842057","counter":"1966","score":"-20303"}
{"tag":"!","time":"0.00842057","counter":"1968","score":"-20235"}
{"tag":"!","time":"0.00842057","counter":"1969","score":"-20227"}
{"tag":"!","time":"0.0428816","counter":"6750","score":"-20224"}
{"tag":"!","time":"0.0428816","counter":"6751","score":"-20219"}
{"tag":"!","time":"0.0428816","counter":"6754","score":"-20200"}
{"tag":"!","time":"0.0428816","counter":"6778","score":"-20192"}
{"tag":"!","time":"0.0428816","counter":"6781","score":"-20154"}
{"tag":"!","time":"0.0428816","counter":"6818","score":"-20118"}
{"tag":"!","time":"0.0428816","counter":"6819","score":"-20112"}
{"tag":"!","time":"0.0428816","counter":"6823","score":"-20082"}
{"tag":"!","time":"0.0810034","counter":"12286","score":"-20054"}
{"tag":"!","time":"0.0810034","counter":"12288","score":"-20036"}
{"tag":"!","time":"0.0810034","counter":"12844","score":"-20021"}
{"tag":"!","time":"0.0810034","counter":"12846","score":"-20015"}
{"tag":"!","time":"0.0810034","counter":"12847","score":"-19941"}
{"tag":"!","time":"0.0810034","counter":"12859","score":"-19937"}
{"tag":"!","time":"0.0810034","counter":"12862","score":"-19924"}
{"tag":"!","time":"0.0810034","counter":"12865","score":"-19895"}
{"tag":"!","time":"0.113906","counter":"17068","score":"-19880"}
{"tag":"!","time":"0.113906","counter":"17072","score":"-19874"}
{"tag":"!","time":"0.153839","counter":"23048","score":"-19872"}
{"tag":"!","time":"0.153839","counter":"23052","score":"-19869"}
{"tag":"!","time":"0.153839","counter":"23053","score":"-19865"}
{"tag":"!","time":"0.153839","counter":"23054","score":"-19864"}
{"tag":"!","time":"0.153839","counter":"23079","score":"-19858"}
{"tag":"!","time":"0.153839","counter":"23179","score":"-19833"}
{"tag":"!","time":"0.153839","counter":"23180","score":"-19814"}
{"tag":"!","time":"0.153839","counter":"23185","score":"-19802"}
{"tag":"!","time":"0.153839","counter":"23250","score":"-19792"}
{"tag":"!","time":"0.153839","counter":"23253","score":"-19770"}
{"tag":"!","time":"0.160917","counter":"24823","score":"-19767"}
{"tag":"!","time":"0.160917","counter":"24846","score":"-19762"}
{"tag":"!","time":"0.160917","counter":"24847","score":"-19717"}
{"tag":"!","time":"0.160917","counter":"24852","score":"-19675"}
{"tag":"!","time":"0.181404","counter":"27595","score":"-19666"}
{"tag":"!","time":"0.181404","counter":"27794","score":"-19665"}
{"tag":"!","time":"0.181404","counter":"27808","score":"-19639"}
{"tag":"!","time":"0.181404","counter":"27809","score":"-19629"}
{"tag":"!","time":"0.181404","counter":"27875","score":"-19617"}
{"tag":"!","time":"0.181404","counter":"27879","score":"-19603"}
{"tag":"!","time":"0.181404","counter":"27902","score":"-19593"}
{"tag":"!","time":"0.181404","counter":"27910","score":"-19580"}
{"tag":"!","time":"0.181404","counter":"27928","score":"-19459"}
{"tag":"!","time":"0.181404","counter":"27938","score":"-19451"}
{"tag":"!","time":"0.336915","counter":"50599","score":"-19448"}
{"tag":"!","time":"0.336915","counter":"50716","score":"-19445"}
{"tag":"!","time":"0.336915","counter":"50721","score":"-19444"}
{"tag":"!","time":"0.336915","counter":"50726","score":"-19408"}
{"tag":"!","time":"0.336915","counter":"50758","score":"-19396"}
{"tag":"!","time":"0.336915","counter":"50806","score":"-19392"}
{"tag":"!","time":"0.336915","counter":"50810","score":"-19383"}
{"tag":"!","time":"0.336915","counter":"50811","score":"-19377"}
{"tag":"!","time":"0.336915","counter":"50812","score":"-19353"}
{"tag":"!","time":"0.336915","counter":"50830","score":"-19346"}
{"tag":"!","time":"0.336915","counter":"50836","score":"-19345"}
{"tag":"!","time":"0.343577","counter":"51044","score":"-19320"}
{"tag":"!","time":"0.343577","counter":"51074","score":"-19317"}
{"tag":"!","time":"0.343577","counter":"51078","score":"-19277"}
{"tag":"!","time":"0.343577","counter":"51083","score":"-19275"}
{"tag":"!","time":"0.343577","counter":"51086","score":"-19250"}
{"tag":"!","time":"0.343577","counter":"51088","score":"-19245"}
{"tag":"!","time":"0.382817","counter":"57169","score":"-19233"}
{"tag":"!","time":"0.382817","counter":"57184","score":"-19225"}
{"tag":"!","time":"0.382817","counter":"57187","score":"-19188"}
{"tag":"!","time":"0.389912","counter":"58122","score":"-19140"}
{"tag":"!","time":"0.389912","counter":"58132","score":"-19138"}
{"tag":"!","time":"0.389912","counter":"58137","score":"-19061"}
{"tag":"!","time":"0.389912","counter":"58140","score":"-19059"}
{"tag":"!","time":"0.389912","counter":"58141","score":"-19031"}
{"tag":"!","time":"0.434424","counter":"65846","score":"-19012"}
{"tag":"!","time":"0.434424","counter":"65937","score":"-19011"}
{"tag":"!","time":"0.434424","counter":"65942","score":"-19009"}
{"tag":"!","time":"0.434424","counter":"65953","score":"-19000"}
{"tag":"!","time":"0.434424","counter":"65966","score":"-18979"}
{"tag":"!","time":"0.434424","counter":"65972","score":"-18952"}
{"tag":"!","time":"0.434424","counter":"65997","score":"-18923"}
{"tag":"!","time":"0.441753","counter":"66001","score":"-18919"}
{"tag":"!","time":"0.441753","counter":"66018","score":"-18856"}
{"tag":"!","time":"0.448187","counter":"67004","score":"-18815"}
{"tag":"!","time":"0.448187","counter":"67006","score":"-18760"}
{"tag":"!","time":"0.448187","counter":"67007","score":"-18741"}
{"tag":"!","time":"0.448187","counter":"67195","score":"-18734"}
{"tag":"!","time":"0.468861","counter":"70561","score":"-18725"}
{"tag":"!","time":"0.468861","counter":"70574","score":"-18723"}
{"tag":"!","time":"0.468861","counter":"70575","score":"-18702"}
{"tag":"!","time":"0.475376","counter":"71023","score":"-18698"}
{"tag":"!","time":"0.475376","counter":"71030","score":"-18688"}
{"tag":"!","time":"0.475376","counter":"71051","score":"-18681"}
{"tag":"!","time":"0.475376","counter":"71061","score":"-18660"}
{"tag":"!","time":"0.475376","counter":"71195","score":"-18651"}
{"tag":"!","time":"0.475376","counter":"71241","score":"-18637"}
{"tag":"!","time":"0.475376","counter":"71247","score":"-18635"}
{"tag":"!","time":"0.475376","counter":"71337","score":"-18608"}
{"tag":"!","time":"0.475376","counter":"71389","score":"-18597"}
{"tag":"!","time":"0.475376","counter":"71396","score":"-18582"}
{"tag":"!","time":"0.524445","counter":"78753","score":"-18578"}
{"tag":"!","time":"0.524445","counter":"78755","score":"-18564"}
{"tag":"!","time":"0.524445","counter":"78758","score":"-18548"}
{"tag":"!","time":"0.524445","counter":"78778","score":"-18543"}
{"tag":"!","time":"0.524445","counter":"78781","score":"-18526"}
{"tag":"!","time":"0.524445","counter":"78790","score":"-18506"}
{"tag":"!","time":"0.524445","counter":"78799","score":"-18458"}
{"tag":"!","time":"0.524445","counter":"78800","score":"-18403"}
{"tag":"!","time":"0.524445","counter":"78803","score":"-18399"}
{"tag":"!","time":"0.524445","counter":"78865","score":"-18397"}
{"tag":"!","time":"0.524445","counter":"78876","score":"-18373"}
{"tag":"!","time":"0.524445","counter":"78882","score":"-18366"}
{"tag":"!","time":"0.524445","counter":"78999","score":"-18344"}
{"tag":"!","time":"0.531424","counter":"79294","score":"-18335"}
{"tag":"!","time":"0.531424","counter":"79853","score":"-18331"}
{"tag":"!","time":"0.531424","counter":"79877","score":"-18309"}
{"tag":"!","time":"0.531424","counter":"79910","score":"-18303"}
{"tag":"!","time":"0.531424","counter":"79918","score":"-18301"}
{"tag":"!","time":"0.531424","counter":"79935","score":"-18298"}
{"tag":"!","time":"0.539247","counter":"80029","score":"-18287"}
{"tag":"!","time":"0.539247","counter":"80038","score":"-18267"}
{"tag":"!","time":"0.539247","counter":"80066","score":"-18264"}
{"tag":"!","time":"0.539247","counter":"80103","score":"-18250"}
{"tag":"!","time":"0.539247","counter":"80106","score":"-18248"}
{"tag":"!","time":"0.539247","counter":"80110","score":"-18231"}
{"tag":"!","time":"0.539247","counter":"80121","score":"-18229"}
{"tag":"!","time":"0.539247","counter":"80141","score":"-18222"}
{"tag":"!","time":"0.558711","counter":"83029","score":"-18206"}
{"tag":"!","time":"0.558711","counter":"83542","score":"-18200"}
{"tag":"!","time":"0.558711","counter":"83545","score":"-18198"}
{"tag":"!","time":"0.558711","counter":"83546","score":"-18191"}
{"tag":"!","time":"0.558711","counter":"83550","score":"-18135"}
{"tag":"!","time":"0.558711","counter":"83558","score":"-18122"}
{"tag":"!","time":"0.558711","counter":"83562","score":"-18094"}
{"tag":"!","time":"0.558711","counter":"83565","score":"-18093"}
{"tag":"!","time":"0.558711","counter":"83579","score":"-18080"}
{"tag":"!","time":"0.558711","counter":"83580","score":"-18075"}
{"tag":"!","time":"0.565762","counter":"84023","score":"-18070"}
{"tag":"!","time":"0.565762","counter":"84024","score":"-18061"}
{"tag":"!","time":"0.565762","counter":"84043","score":"-18060"}
{"tag":"!","time":"0.565762","counter":"84366","score":"-18047"}
{"tag":"!","time":"0.565762","counter":"84531","score":"-18022"}
{"tag":"!","time":"0.565762","counter":"84538","score":"-18020"}
{"tag":"!","time":"0.565762","counter":"84543","score":"-18012"}
{"tag":"!","time":"0.565762","counter":"84549","score":"-17975"}
{"tag":"!","time":"0.572781","counter":"85267","score":"-17921"}
{"tag":"!","time":"0.572781","counter":"85279","score":"-17920"}
{"tag":"!","time":"0.572781","counter":"85292","score":"-17900"}
{"tag":"!","time":"0.572781","counter":"85392","score":"-17898"}
{"tag":"!","time":"0.572781","counter":"85806","score":"-17877"}
{"tag":"!","time":"0.572781","counter":"85812","score":"-17865"}
{"tag":"!","time":"0.572781","counter":"85824","score":"-17851"}
{"tag":"!","time":"0.572781","counter":"85825","score":"-17845"}
{"tag":"!","time":"0.572781","counter":"85953","score":"-17843"}
{"tag":"!","time":"0.572781","counter":"85971","score":"-17839"}
{"tag":"!","time":"0.579215","counter":"86001","score":"-17838"}
{"tag":"!","time":"0.579215","counter":"86004","score":"-17789"}
{"tag":"!","time":"0.579215","counter":"86005","score":"-17779"}
{"tag":"!","time":"0.579215","counter":"86203","score":"-17774"}
{"tag":"!","time":"0.579215","counter":"86228","score":"-17767"}
{"tag":"!","time":"0.579215","counter":"86248","score":"-17749"}
{"tag":"!","time":"0.60536","counter":"90519","score":"-17722"}
{"tag":"!","time":"0.60536","counter":"90529","score":"-17709"}
{"tag":"!","time":"0.60536","counter":"90536","score":"-17689"}
{"tag":"!","time":"0.60536","counter":"90726","score":"-17636"}
{"tag":"!","time":"0.60536","counter":"90727","score":"-17630"}
{"tag":"!","time":"0.60536","counter":"90730","score":"-17617"}
{"tag":"!","time":"0.60536","counter":"90739","score":"-17602"}
{"tag":"!","time":"0.60536","counter":"90761","score":"-17596"}
{"tag":"!","time":"0.60536","counter":"90808","score":"-17589"}
{"tag":"!","time":"0.618998","counter":"92172","score":"-17588"}
{"tag":"!","time":"0.618998","counter":"92415","score":"-17576"}
{"tag":"!","time":"0.618998","counter":"92443","score":"-17549"}
{"tag":"!","time":"0.618998","counter":"92508","score":"-17547"}
{"tag":"!","time":"0.618998","counter":"92996","score":"-17538"}
{"tag":"!","time":"0.626336","counter":"93002","score":"-17527"}
{"tag":"!","time":"0.626336","counter":"93374","score":"-17507"}
{"tag":"!","time":"0.626336","counter":"93378","score":"-17494"}
{"tag":"!","time":"0.626336","counter":"93942","score":"-17489"}
{"tag":"!","time":"0.626336","counter":"93982","score":"-17478"}
{"tag":"!","time":"0.63369","counter":"94003","score":"-17469"}
{"tag":"!","time":"0.63369","counter":"94005","score":"-17466"}
{"tag":"!","time":"0.63369","counter":"94059","score":"-17456"}
{"tag":"!","time":"0.63369","counter":"94070","score":"-17434"}
{"tag":"!","time":"0.63369","counter":"94071","score":"-17432"}
{"tag":"!","time":"0.652769","counter":"97033","score":"-17424"}
{"tag":"!","time":"0.652769","counter":"97377","score":"-17390"}
{"tag":"!","time":"0.652769","counter":"97398","score":"-17389"}
{"tag":"!","time":"0.652769","counter":"97405","score":"-17384"}
{"tag":"!","time":"0.652769","counter":"97679","score":"-17382"}
{"tag":"!","time":"0.652769","counter":"97690","score":"-17376"}
{"tag":"!","time":"0.652769","counter":"97694","score":"-17373"}
{"tag":"!","time":"0.66028","counter":"98013","score":"-17334"}
{"tag":"!","time":"0.66028","counter":"98379","score":"-17326"}
{"tag":"!","time":"0.66028","counter":"98385","score":"-17309"}
{"tag":"!","time":"0.66028","counter":"98567","score":"-17299"}
{"tag":"!","time":"0.66028","counter":"98615","score":"-17298"}
{"tag":"!","time":"0.66028","counter":"98629","score":"-17287"}
{"tag":"!","time":"0.66028","counter":"98639","score":"-17273"}
{"tag":"!","time":"0.66028","counter":"98654","score":"-17270"}
{"tag":"!","time":"0.66028","counter":"98688","score":"-17268"}
{"tag":"!","time":"0.66028","counter":"98697","score":"-17255"}
{"tag":"!","time":"0.66028","counter":"98700","score":"-17239"}
{"tag":"!","time":"0.66028","counter":"98703","score":"-17213"}
{"tag":"!","time":"0.66028","counter":"98739","score":"-17198"}
{"tag":"!","time":"0.667262","counter":"99803","score":"-17155"}
{"tag":"!","time":"0.667262","counter":"99805","score":"-17147"}
{"tag":"!","time":"0.667262","counter":"99915","score":"-17146"}
{"tag":"!","time":"0.667262","counter":"99948","score":"-17145"}
{"tag":"!","time":"0.667262","counter":"99951","score":"-17106"}
{"tag":"!","time":"0.674392","counter":"100268","score":"-17096"}
{"tag":"!","time":"0.674392","counter":"100463","score":"-17091"}
{"tag":"!","time":"0.674392","counter":"100465","score":"-17076"}
{"tag":"!","time":"0.674392","counter":"100607","score":"-17071"}
{"tag":"!","time":"0.674392","counter":"100663","score":"-17042"}
{"tag":"!","time":"0.674392","counter":"100757","score":"-17002"}
{"tag":"!","time":"0.674392","counter":"100769","score":"-16993"}
{"tag":"!","time":"0.674392","counter":"100953","score":"-16936"}
{"tag":"!","time":"0.681906","counter":"101001","score":"-16934"}
{"tag":"!","time":"0.681906","counter":"101013","score":"-16912"}
{"tag":"!","time":"0.681906","counter":"101077","score":"-16908"}
{"tag":"!","time":"0.681906","counter":"101083","score":"-16898"}
{"tag":"!","time":"0.681906","counter":"101556","score":"-16892"}
{"tag":"!","time":"0.711783","counter":"105971","score":"-16884"}
{"tag":"!","time":"0.719471","counter":"106674","score":"-16879"}
{"tag":"!","time":"0.719471","counter":"106717","score":"-16868"}
{"tag":"!","time":"0.719471","counter":"106869","score":"-16867"}
{"tag":"!","time":"0.719471","counter":"106880","score":"-16852"}
{"tag":"!","time":"0.719471","counter":"106934","score":"-16849"}
{"tag":"!","time":"0.719471","counter":"106949","score":"-16842"}
{"tag":"!","time":"0.728295","counter":"107411","score":"-16838"}
{"tag":"!","time":"0.728295","counter":"107422","score":"-16837"}
{"tag":"!","time":"0.728295","counter":"107427","score":"-16823"}
{"tag":"!","time":"0.728295","counter":"107576","score":"-16814"}
{"tag":"!","time":"0.728295","counter":"107587","score":"-16812"}
{"tag":"!","time":"0.741998","counter":"109176","score":"-16791"}
{"tag":"!","time":"0.741998","counter":"109190","score":"-16785"}
{"tag":"!","time":"0.741998","counter":"109554","score":"-16779"}
{"tag":"!","time":"0.741998","counter":"109566","score":"-16764"}
{"tag":"!","time":"0.757298","counter":"111155","score":"-16757"}
{"tag":"!","time":"0.757298","counter":"111178","score":"-16732"}
{"tag":"!","time":"0.764784","counter":"112636","score":"-16730"}
{"tag":"!","time":"0.764784","counter":"112639","score":"-16700"}
{"tag":"!","time":"0.764784","counter":"112683","score":"-16699"}
{"tag":"!","time":"0.764784","counter":"112685","score":"-16698"}
{"tag":"!","time":"0.764784","counter":"112748","score":"-16692"}
{"tag":"!","time":"0.764784","counter":"112757","score":"-16690"}
{"tag":"!","time":"0.778652","counter":"114088","score":"-16667"}
{"tag":"!","time":"0.778652","counter":"114125","score":"-16604"}
{"tag":"!","time":"0.778652","counter":"114266","score":"-16596"}
{"tag":"!","time":"0.778652","counter":"114280","score":"-16593"}
{"tag":"!","time":"0.778652","counter":"114314","score":"-16587"}
{"tag":"!","time":"0.778652","counter":"114320","score":"-16558"}
{"tag":"!","time":"0.778652","counter":"114448","score":"-16554"}
{"tag":"!","time":"0.785648","counter":"115023","score":"-16540"}
{"tag":"!","time":"0.785648","counter":"115178","score":"-16533"}
{"tag":"!","time":"0.785648","counter":"115267","score":"-16522"}
{"tag":"!","time":"0.785648","counter":"115303","score":"-16520"}
{"tag":"!","time":"0.785648","counter":"115309","score":"-16512"}
{"tag":"!","time":"0.785648","counter":"115366","score":"-16506"}
{"tag":"!","time":"0.785648","counter":"115381","score":"-16498"}
{"tag":"!","time":"0.785648","counter":"115404","score":"-16484"}
{"tag":"!","time":"0.785648","counter":"115666","score":"-16479"}
{"tag":"!","time":"0.785648","counter":"115684","score":"-16475"}
{"tag":"!","time":"0.785648","counter":"115732","score":"-16452"}
{"tag":"!","time":"0.785648","counter":"115760","score":"-16448"}
{"tag":"!","time":"0.79988","counter":"117824","score":"-16429"}
{"tag":"!","time":"0.79988","counter":"117945","score":"-16421"}
{"tag":"!","time":"0.79988","counter":"117960","score":"-16420"}
{"tag":"!","time":"0.806559","counter":"118021","score":"-16419"}
{"tag":"!","time":"0.806559","counter":"118043","score":"-16418"}
{"tag":"!","time":"0.806559","counter":"118084","score":"-16405"}
{"tag":"!","time":"0.806559","counter":"118107","score":"-16395"}
{"tag":"!","time":"0.806559","counter":"118163","score":"-16386"}
{"tag":"!","time":"0.806559","counter":"118164","score":"-16374"}
{"tag":"!","time":"0.81347","counter":"119441","score":"-16367"}
{"tag":"!","time":"0.81347","counter":"119500","score":"-16366"}
{"tag":"!","time":"0.81347","counter":"119568","score":"-16362"}
{"tag":"!","time":"0.81347","counter":"119586","score":"-16353"}
{"tag":"!","time":"0.81347","counter":"119592","score":"-16350"}
{"tag":"!","time":"0.81347","counter":"119646","score":"-16347"}
{"tag":"!","time":"0.81347","counter":"119698","score":"-16337"}
{"tag":"!","time":"0.828566","counter":"121054","score":"-16332"}
{"tag":"!","time":"0.828566","counter":"121188","score":"-16325"}
{"tag":"!","time":"0.828566","counter":"121395","score":"-16315"}
{"tag":"!","time":"0.828566","counter":"121742","score":"-16289"}
{"tag":"!","time":"0.836259","counter":"122428","score":"-16283"}
{"tag":"!","time":"0.836259","counter":"122693","score":"-16275"}
{"tag":"!","time":"0.836259","counter":"122703","score":"-16262"}
{"tag":"!","time":"0.836259","counter":"122760","score":"-16252"}
{"tag":"!","time":"0.836259","counter":"122793","score":"-16244"}
{"tag":"!","time":"0.836259","counter":"122918","score":"-16243"}
{"tag":"!","time":"0.842765","counter":"123839","score":"-16239"}
{"tag":"!","time":"0.842765","counter":"123862","score":"-16231"}
{"tag":"!","time":"0.842765","counter":"123881","score":"-16216"}
{"tag":"!","time":"0.850755","counter":"124002","score":"-16215"}
{"tag":"!","time":"0.866731","counter":"126350","score":"-16203"}
{"tag":"!","time":"0.866731","counter":"126510","score":"-16201"}
{"tag":"!","time":"0.866731","counter":"126526","score":"-16181"}
{"tag":"!","time":"0.866731","counter":"126542","score":"-16179"}
{"tag":"!","time":"0.866731","counter":"126583","score":"-16163"}
{"tag":"!","time":"0.866731","counter":"126774","score":"-16159"}
{"tag":"!","time":"0.866731","counter":"126778","score":"-16150"}
{"tag":"!","time":"0.866731","counter":"126810","score":"-16140"}
{"tag":"!","time":"0.866731","counter":"126817","score":"-16127"}
{"tag":"!","time":"0.889634","counter":"129886","score":"-16112"}
{"tag":"!","time":"0.889634","counter":"129982","score":"-16092"}
{"tag":"!","time":"0.897483","counter":"130105","score":"-16086"}
{"tag":"!","time":"0.904636","counter":"131867","score":"-16061"}
{"tag":"!","time":"0.912544","counter":"132056","score":"-16060"}
{"tag":"!","time":"0.912544","counter":"132101","score":"-16046"}
{"tag":"!","time":"0.912544","counter":"132670","score":"-16026"}
{"tag":"!","time":"0.919165","counter":"133085","score":"-16023"}
{"tag":"!","time":"0.919165","counter":"133149","score":"-16014"}
{"tag":"!","time":"0.919165","counter":"133460","score":"-15962"}
{"tag":"!","time":"0.919165","counter":"133641","score":"-15961"}
{"tag":"!","time":"0.919165","counter":"133941","score":"-15945"}
{"tag":"!","time":"0.919165","counter":"133962","score":"-15939"}
{"tag":"!","time":"0.926304","counter":"134870","score":"-15907"}
{"tag":"!","time":"0.926304","counter":"134966","score":"-15891"}
{"tag":"!","time":"0.933661","counter":"135129","score":"-15888"}
{"tag":"!","time":"0.933661","counter":"135138","score":"-15879"}
{"tag":"!","time":"0.94033","counter":"136371","score":"-15867"}
{"tag":"!","time":"0.94033","counter":"136490","score":"-15849"}
{"tag":"!","time":"0.94033","counter":"136857","score":"-15838"}
{"tag":"!","time":"0.94033","counter":"136858","score":"-15832"}
{"tag":"!","time":"0.946832","counter":"137173","score":"-15818"}
{"tag":"!","time":"0.946832","counter":"137286","score":"-15812"}
{"tag":"!","time":"0.953981","counter":"138143","score":"-15805"}
{"tag":"!","time":"0.953981","counter":"138876","score":"-15790"}
{"tag":"!","time":"0.961105","counter":"139537","score":"-15773"}
{"tag":"!","time":"0.961105","counter":"139710","score":"-15771"}
{"tag":"!","time":"0.991778","counter":"143104","score":"-15770"}
{"tag":"!","time":"0.991778","counter":"143258","score":"-15717"}
{"tag":"!","time":"0.999579","counter":"144281","score":"-15716"}
{"tag":"result","counter":"145000","score":"-15716"}
{"type":"sa","c":"0.239171","l":"0.334116","score":"0.277656"}
{"tag":"param","type":"sa","start_temp":"30","end_temp":"1","limit":"5.95011"}
{"tag":"!","time":"2.43464e-05","counter":"11","score":"-25343"}
{"tag":"!","time":"2.43464e-05","counter":"14","score":"-25317"}
{"tag":"!","time":"2.43464e-05","counter":"15","score":"-25305"}
{"tag":"!","time":"2.43464e-05","counter":"17","score":"-25301"}
{"tag":"!","time":"2.43464e-05","counter":"25","score":"-25291"}
{"tag":"!","time":"2.43464e-05","counter":"26","score":"-25277"}
{"tag":"!","time":"2.43464e-05","counter":"32","score":"-25256"}
{"tag":"!","time":"2.43464e-05","counter":"34","score":"-25232"}
{"tag":"!","time":"2.43464e-05","counter":"35","score":"-25222"}
{"tag":"!","time":"2.43464e-05","counter":"36","score":"-25192"}
{"tag":"!","time":"2.43464e-05","counter":"40","score":"-25162"}
{"tag":"!","time":"2.43464e-05","counter":"52","score":"-25139"}
{"tag":"!","time":"2.43464e-05","counter":"54","score":"-25106"}
{"tag":"!","time":"2.43464e-05","counter":"55","score":"-25055"}
{"tag":"!","time":"2.43464e-05","counter":"59","score":"-25042"}
{"tag":"!","time":"2.43464e-05","counter":"62","score":"-25039"}
{"tag":"!","time":"2.43464e-05","counter":"66","score":"-25037"}
{"tag":"!","time":"2.43464e-05","counter":"73","score":"-24972"}
{"tag":"!","time":"2.43464e-05","counter":"74","score":"-24968"}
{"tag":"!","time":"2.43464e-05","counter":"75","score":"-24950"}
{"tag":"!","time":"2.43464e-05","counter":"77","score":"-24945"}
{"tag":"!","time":"2.43464e-05","counter":"90","score":"-24934"}
{"tag":"!","time":"2.43464e-05","counter":"97","score":"-24931"}
{"tag":"!","time":"2.43464e-05","counter":"114","score":"-24912"}
{"tag":"!","time":"2.43464e-05","counter":"115","score":"-24894"}
{"tag":"!","time":"2.43464e-05","counter":"116","score":"-24881"}
{"tag":"!","time":"2.43464e-05","counter":"118","score":"-24880"}
{"tag":"!","time":"2.43464e-05","counter":"120","score":"-24855"}
{"tag":"!","time":"2.43464e-05","counter":"130","score":"-24837"}
{"tag":"!","time":"2.43464e-05","counter":"131","score":"-24823"}
{"tag":"!","time":"2.43464e-05","counter":"132","score":"-24718"}
{"tag":"!","time":"2.43464e-05","counter":"135","score":"-24690"}
{"tag":"!","time":"2.43464e-05","counter":"136","score":"-24679"}
{"tag":"!","time":"2.43464e-05","counter":"142","score":"-24673"}
{"tag":"!","time":"2.43464e-05","counter":"143","score":"-24656"}
{"tag":"!","time":"2.43464e-05","counter":"145","score":"-24575"}
{"tag":"!","time":"2.43464e-05","counter":"148","score":"-24569"}
{"tag":"!","time":"2.43464e-05","counter":"150","score":"-24562"}
{"tag":"!","time":"2.43464e-05","counter":"157","score":"-24560"}
{"tag":"!","time":"2.43464e-05","counter":"196","score":"-24555"}
{"tag":"!","time":"2.43464e-05","counter":"197","score":"-24531"}
{"tag":"!","time":"2.43464e-05","counter":"217","score":"-24520"}
{"tag":"!","time":"2.43464e-05","counter":"220","score":"-24495"}
{"tag":"!","time":"2.43464e-05","counter":"221","score":"-24463"}
{"tag":"!","time":"2.43464e-05","counter":"223","score":"-24457"}
{"tag":"!","time":"2.43464e-05","counter":"224","score":"-24444"}
{"tag":"!","time":"2.43464e-05","counter":"226","score":"-24365"}
{"tag":"!","time":"2.43464e-05","counter":"227","score":"-24358"}
{"tag":"!","time":"2.43464e-05","counter":"229","score":"-24353"}
{"tag":"!","time":"2.43464e-05","counter":"246","score":"-24349"}
{"tag":"!","time":"2.43464e-05","counter":"249","score":"-24341"}
{"tag":"!","time":"2.43464e-05","counter":"254","score":"-24334"}
{"tag":"!","time":"2.43464e-05","counter":"326","score":"-24322"}
{"tag":"!","time":"2.43464e-05","counter":"327","score":"-24308"}
{"tag":"!","time":"2.43464e-05","counter":"336","score":"-24287"}
{"tag":"!","time":"2.43464e-05","counter":"338","score":"-24285"}
{"tag":"!","time":"2.43464e-05","counter":"339","score":"-24276"}
{"tag":"!","time":"2.43464e-05","counter":"365","score":"-24266"}
{"tag":"!","time":"2.43464e-05","counter":"367","score":"-24249"}
{"tag":"!","time":"2.43464e-05","counter":"368","score":"-24233"}
{"tag":"!","time":"2.43464e-05","counter":"376","score":"-24204"}
{"tag":"!","time":"2.43464e-05","counter":"379","score":"-24190"}
{"tag":"!","time":"2.43464e-05","counter":"382","score":"-24169"}
{"tag":"!","time":"2.43464e-05","counter":"450","score":"-24161"}
{"tag":"!","time":"2.43464e-05","counter":"457","score":"-24156"}
{"tag":"!","time":"2.43464e-05","counter":"458","score":"-24129"}
{"tag":"!","time":"2.43464e-05","counter":"461","score":"-24115"}
{"tag":"!","time":"2.43464e-05","counter":"463","score":"-24112"}
{"tag":"!","time":"2.43464e-05","counter":"469","score":"-24098"}
{"tag":"!","time":"2.43464e-05","counter":"484","score":"-24076"}
{"tag":"!","time":"2.43464e-05","counter":"485","score":"-24056"}
{"tag":"!","time":"2.43464e-05","counter":"495","score":"-24052"}
{"tag":"!","time":"2.43464e-05","counter":"496","score":"-24031"}
{"tag":"!","time":"2.43464e-05","counter":"498","score":"-24028"}
{"tag":"!","time":"2.43464e-05","counter":"504","score":"-24012"}
{"tag":"!","time":"2.43464e-05","counter":"507","score":"-24004"}
{"tag":"!","time":"2.43464e-05","counter":"523","score":"-23975"}
{"tag":"!","time":"2.43464e-05","counter":"524","score":"-23970"}
{"tag":"!","time":"2.43464e-05","counter":"539","score":"-23914"}
{"tag":"!","time":"2.43464e-05","counter":"544","score":"-23895"}
{"tag":"!","time":"2.43464e-05","counter":"554","score":"-23871"}
{"tag":"!","time":"2.43464e-05","counter":"563","score":"-23811"}
{"tag":"!","time":"2.43464e-05","counter":"564","score":"-23810"}
{"tag":"!","time":"0.0056486","counter":"1074","score":"-23797"}
{"tag":"!","time":"0.0056486","counter":"1081","score":"-23786"}
{"tag":"!","time":"0.0056486","counter":"1082","score":"-23779"}
{"tag":"!","time":"0.0056486","counter":"1087","score":"-23763"}
{"tag":"!","time":"0.0056486","counter":"1117","score":"-23761"}
{"tag":"!","time":"0.0056486","counter":"1133","score":"-23760"}
{"tag":"!","time":"0.0056486","counter":"1137","score":"-23738"}
{"tag":"!","time":"0.0056486","counter":"1142","score":"-23734"}
{"tag":"!","time":"0.0056486","counter":"1676","score":"-23727"}
{"tag":"!","time":"0.0056486","counter":"1679","score":"-23704"}
{"tag":"!","time":"0.0056486","counter":"1682","score":"-23702"}
{"tag":"!","time":"0.0056486","counter":"1684","score":"-23689"}
{"tag":"!","time":"0.0056486","counter":"1728","score":"-23663"}
{"tag":"!","time":"0.0056486","counter":"1729","score":"-23654"}
{"tag":"!","time":"0.0056486","counter":"1730","score":"-23648"}
{"tag":"!","time":"0.0056486","counter":"1733","score":"-23646"}
{"tag":"!","time":"0.0056486","counter":"1768","score":"-23644"}
{"tag":"!","time":"0.0056486","counter":"1772","score":"-23642"}
{"tag":"!","time":"0.0056486","counter":"1774","score":"-23640"}
{"tag":"!","time":"0.0056486","counter":"1777","score":"-23618"}
{"tag":"!","time":"0.0056486","counter":"1961","score":"-23597"}
{"tag":"!","time":"0.010115","counter":"2380","score":"-23593"}
{"tag":"!","time":"0.010115","counter":"2381","score":"-23584"}
{"tag":"!","time":"0.010115","counter":"2393","score":"-23564"}
{"tag":"!","time":"0.010115","counter":"2409","score":"-23552"}
{"tag":"!","time":"0.010115","counter":"2411","score":"-23536"}
{"tag":"!","time":"0.010115","counter":"2415","score":"-23522"}
{"tag":"!","time":"0.010115","counter":"2598","score":"-23507"}
{"tag":"!","time":"0.010115","counter":"2602","score":"-23498"}
{"tag":"!","time":"0.010115","counter":"2609","score":"-23488"}
{"tag":"!","time":"0.010115","counter":"2610","score":"-23475"}
{"tag":"!","time":"0.010115","counter":"2611","score":"-23465"}
{"tag":"!","time":"0.010115","counter":"2613","score":"-23463"}
{"tag":"!","time":"0.010115","counter":"2618","score":"-23443"}
{"tag":"!","time":"0.010115","counter":"2623","score":"-23436"}
{"tag":"!","time":"0.010115","counter":"2637","score":"-23373"}
{"tag":"!","time":"0.010115","counter":"2639","score":"-23353"}
{"tag":"!","time":"0.010115","counter":"2973","score":"-23342"}
{"tag":"!","time":"0.010115","counter":"2979","score":"-23333"}
{"tag":"!","time":"0.010115","counter":"2980","score":"-23297"}
{"tag":"!","time":"0.010115","counter":"2984","score":"-23283"}
{"tag":"!","time":"0.010115","counter":"2991","score":"-23251"}
{"tag":"!","time":"0.0141694","counter":"3007","score":"-23250"}
{"tag":"!","time":"0.119596","counter":"27574","score":"-23241"}
{"tag":"!","time":"0.124459","counter":"28060","score":"-23236"}
{"tag":"!","time":"0.124459","counter":"28065","score":"-23186"}
{"tag":"!","time":"0.124459","counter":"28066","score":"-23156"}
{"tag":"!","time":"0.124459","counter":"28068","score":"-23133"}
{"tag":"!","time":"1.05447","counter":"239711","score":"-23124"}
{"tag":"!","time":"1.05447","counter":"239725","score":"-23095"}
{"tag":"!","time":"1.1787","counter":"266123","score":"-23088"}
{"tag":"!","time":"1.1787","counter":"266128","score":"-23085"}
{"tag":"!","time":"1.1787","counter":"266129","score":"-23071"}
{"tag":"!","time":"1.1787","counter":"266131","score":"-23055"}
{"tag":"!","time":"1.1787","counter":"266134","score":"-23041"}
{"tag":"!","time":"1.25266","counter":"283164","score":"-23021"}
{"tag":"!","time":"1.25266","counter":"283165","score":"-23009"}
{"tag":"!","time":"1.25266","counter":"283171","score":"-23006"}
{"tag":"!","time":"1.25266","counter":"283172","score":"-23003"}
{"tag":"!","time":"1.31598","counter":"297536","score":"-23001"}
{"tag":"!","time":"1.31598","counter":"297539","score":"-22961"}
{"tag":"!","time":"1.31598","counter":"297543","score":"-22941"}
{"tag":"!","time":"1.31598","counter":"297545","score":"-22934"}
{"tag":"!","time":"1.69119","counter":"382803","score":"-22923"}
{"tag":"!","time":"1.69119","counter":"382804","score":"-22885"}
{"tag":"!","time":"1.69119","counter":"382813","score":"-22853"}
{"tag":"!","time":"1.69119","counter":"382828","score":"-22849"}
{"tag":"!","time":"1.69119","counter":"382829","score":"-22844"}
{"tag":"!","time":"1.69119","counter":"382836","score":"-22840"}
{"tag":"!","time":"1.69119","counter":"382837","score":"-22824"}
{"tag":"!","time":"2.0498","counter":"462643","score":"-22813"}
{"tag":"!","time":"2.20723","counter":"498606","score":"-22797"}
{"tag":"!","time":"2.20723","counter":"498608","score":"-22794"}
{"tag":"!","time":"2.20723","counter":"498619","score":"-22791"}
{"tag":"!","time":"2.24305","counter":"506662","score":"-22767"}
{"tag":"!","time":"2.24305","counter":"506663","score":"-22759"}
{"tag":"!","time":"2.24305","counter":"506670","score":"-22744"}
{"tag":"!","time":"2.24305","counter":"506683","score":"-22743"}
{"tag":"!","time":"2.24305","counter":"506685","score":"-22722"}
{"tag":"!","time":"2.24305","counter":"506686","score":"-22706"}
{"tag":"!","time":"2.24305","counter":"506695","score":"-22651"}
{"tag":"!","time":"2.24305","counter":"506696","score":"-22642"}
{"tag":"!","time":"2.24305","counter":"506697","score":"-22637"}
{"tag":"!","time":"2.24305","counter":"506701","score":"-22627"}
{"tag":"!","time":"2.75149","counter":"613246","score":"-22623"}
{"tag":"!","time":"2.75149","counter":"613262","score":"-22587"}
{"tag":"!","time":"2.75149","counter":"613275","score":"-22559"}
{"tag":"!","time":"2.75149","counter":"613276","score":"-22555"}
{"tag":"!","time":"2.75149","counter":"613280","score":"-22535"}
{"tag":"!","time":"2.75149","counter":"613287","score":"-22532"}
{"tag":"!","time":"2.75149","counter":"613298","score":"-22531"}
{"tag":"!","time":"2.81723","counter":"626274","score":"-22525"}
{"tag":"!","time":"2.81723","counter":"626285","score":"-22511"}
{"tag":"!","time":"2.81723","counter":"626286","score":"-22508"}
{"tag":"!","time":"2.81723","counter":"626287","score":"-22441"}
{"tag":"!","time":"2.81723","counter":"626295","score":"-22396"}
{"tag":"!","time":"3.26277","counter":"720230","score":"-22388"}
{"tag":"!","time":"3.26277","counter":"720363","score":"-22352"}
{"tag":"!","time":"3.26277","counter":"720375","score":"-22348"}
{"tag":"!","time":"3.26277","counter":"720377","score":"-22324"}
{"tag":"!","time":"3.44916","counter":"755344","score":"-22301"}
{"tag":"!","time":"3.44916","counter":"755349","score":"-22274"}
{"tag":"!","time":"3.4551","counter":"756940","score":"-22273"}
{"tag":"!","time":"3.4551","counter":"756949","score":"-22244"}
{"tag":"!","time":"3.4551","counter":"756962","score":"-22229"}
{"tag":"!","time":"3.46078","counter":"757016","score":"-22225"}
{"tag":"!","time":"3.46078","counter":"757017","score":"-22224"}
{"tag":"!","time":"3.46078","counter":"757033","score":"-22217"}
{"tag":"!","time":"3.46078","counter":"757037","score":"-22212"}
{"tag":"!","time":"3.46078","counter":"757048","score":"-22199"}
{"tag":"!","time":"3.46078","counter":"757265","score":"-22192"}
{"tag":"!","time":"3.63971","counter":"790661","score":"-22184"}
{"tag":"!","time":"3.63971","counter":"790669","score":"-22174"}
{"tag":"!","time":"3.63971","counter":"790673","score":"-22160"}
{"tag":"!","time":"3.77386","counter":"815586","score":"-22152"}
{"tag":"!","time":"3.77386","counter":"815587","score":"-22139"}
{"tag":"!","time":"3.77386","counter":"815588","score":"-22129"}
{"tag":"!","time":"3.77386","counter":"815597","score":"-22106"}
{"tag":"!","time":"3.9014","counter":"838196","score":"-22092"}
{"tag":"!","time":"3.9014","counter":"838200","score":"-22086"}
{"tag":"!","time":"3.90801","counter":"839726","score":"-22084"}
{"tag":"!","time":"3.90801","counter":"839729","score":"-22061"}
{"tag":"!","time":"3.90801","counter":"839779","score":"-22060"}
{"tag":"!","time":"3.90801","counter":"839782","score":"-22037"}
{"tag":"!","time":"3.90801","counter":"839787","score":"-22024"}
{"tag":"!","time":"4.18266","counter":"890490","score":"-21993"}
{"tag":"!","time":"4.18266","counter":"890510","score":"-21987"}
{"tag":"!","time":"4.18266","counter":"890518","score":"-21967"}
{"tag":"!","time":"4.18266","counter":"890575","score":"-21966"}
{"tag":"!","time":"4.18266","counter":"890577","score":"-21954"}
{"tag":"!","time":"4.18266","counter":"890593","score":"-21943"}
{"tag":"!","time":"4.18266","counter":"890615","score":"-21929"}
{"tag":"!","time":"4.35718","counter":"926444","score":"-21928"}
{"tag":"!","time":"4.35718","counter":"926447","score":"-21926"}
{"tag":"!","time":"4.35718","counter":"926865","score":"-21896"}
{"tag":"!","time":"4.35718","counter":"926885","score":"-21888"}
{"tag":"!","time":"4.35718","counter":"926908","score":"-21865"}
{"tag":"!","time":"4.35718","counter":"926916","score":"-21854"}
{"tag":"!","time":"4.35718","counter":"926953","score":"-21839"}
{"tag":"!","time":"4.67601","counter":"990441","score":"-21838"}
{"tag":"!","time":"4.67601","counter":"990456","score":"-21823"}
{"tag":"!","time":"4.67601","counter":"990492","score":"-21818"}
{"tag":"!","time":"4.68186","counter":"991114","score":"-21816"}
{"tag":"!","time":"4.68186","counter":"991117","score":"-21811"}
{"tag":"!","time":"4.68186","counter":"991145","score":"-21783"}
{"tag":"!","time":"4.68186","counter":"991147","score":"-21767"}
{"tag":"!","time":"4.68186","counter":"991156","score":"-21744"}
{"tag":"!","time":"4.68186","counter":"991385","score":"-21740"}
{"tag":"!","time":"4.69359","counter":"993237","score":"-21736"}
{"tag":"!","time":"4.69359","counter":"993391","score":"-21728"}
{"tag":"!","time":"4.69359","counter":"993401","score":"-21721"}
{"tag":"!","time":"4.81111","counter":"1015123","score":"-21715"}
{"tag":"!","time":"4.86019","counter":"1025846","score":"-21706"}
{"tag":"!","time":"4.8648","counter":"1026553","score":"-21694"}
{"tag":"!","time":"4.87022","counter":"1027756","score":"-21687"}
{"tag":"!","time":"4.87022","counter":"1027780","score":"-21685"}
{"tag":"!","time":"4.95626","counter":"1045059","score":"-21674"}
{"tag":"!","time":"4.95626","counter":"1045070","score":"-21666"}
{"tag":"!","time":"4.95626","counter":"1045137","score":"-21664"}
{"tag":"!","time":"4.95626","counter":"1045170","score":"-21655"}
{"tag":"!","time":"4.95626","counter":"1045244","score":"-21653"}
{"tag":"!","time":"4.95626","counter":"1045285","score":"-21646"}
{"tag":"!","time":"4.95626","counter":"1045312","score":"-21644"}
{"tag":"!","time":"4.95626","counter":"1045377","score":"-21638"}
{"tag":"!","time":"4.95626","counter":"1045383","score":"-21636"}
{"tag":"!","time":"4.95626","counter":"1045410","score":"-21625"}
{"tag":"!","time":"4.95626","counter":"1045434","score":"-21623"}
{"tag":"!","time":"4.95626","counter":"1045480","score":"-21622"}
{"tag":"!","time":"5.13439","counter":"1080727","score":"-21615"}
{"tag":"!","time":"5.13439","counter":"1080790","score":"-21609"}
{"tag":"!","time":"5.13946","counter":"1081170","score":"-21608"}
{"tag":"!","time":"5.15143","counter":"1083432","score":"-21600"}
{"tag":"!","time":"5.15655","counter":"1084439","score":"-21595"}
{"tag":"!","time":"5.1739","counter":"1087019","score":"-21591"}
{"tag":"!","time":"5.1739","counter":"1087028","score":"-21584"}
{"tag":"!","time":"5.1739","counter":"1087038","score":"-21583"}
{"tag":"!","time":"5.1739","counter":"1087100","score":"-21568"}
{"tag":"!","time":"5.34529","counter":"1119966","score":"-21564"}
{"tag":"!","time":"5.35069","counter":"1120380","score":"-21559"}
{"tag":"!","time":"5.39796","counter":"1130666","score":"-21558"}
{"tag":"!","time":"5.39796","counter":"1130918","score":"-21555"}
{"tag":"!","time":"5.39796","counter":"1130961","score":"-21553"}
{"tag":"!","time":"5.43231","counter":"1137316","score":"-21547"}
{"tag":"!","time":"5.43231","counter":"1137350","score":"-21546"}
{"tag":"!","time":"5.43775","counter":"1138977","score":"-21545"}
{"tag":"!","time":"5.44243","counter":"1139011","score":"-21541"}
{"tag":"!","time":"5.45726","counter":"1142486","score":"-21540"}
{"tag":"!","time":"5.52277","counter":"1154083","score":"-21538"}
{"tag":"!","time":"5.54645","counter":"1158461","score":"-21536"}
{"tag":"!","time":"5.54645","counter":"1158545","score":"-21533"}
{"tag":"!","time":"5.54645","counter":"1158854","score":"-21530"}
{"tag":"!","time":"5.77511","counter":"1197230","score":"-21527"}
{"tag":"!","time":"5.77511","counter":"1197239","score":"-21526"}
{"tag":"!","time":"5.77511","counter":"1197343","score":"-21525"}
{"tag":"!","time":"5.88074","counter":"1215779","score":"-21524"}
{"tag":"!","time":"5.88074","counter":"1215920","score":"-21522"}
{"tag":"!","time":"5.88617","counter":"1216232","score":"-21521"}
{"tag":"!","time":"5.8961","counter":"1218123","score":"-21519"}
{"tag":"!","time":"5.91156","counter":"1221125","score":"-21517"}
{"tag":"result","counter":"1229000","score":"-21517"}
{"type":"sa","c":"0.0265745","l":"0.457444","score":"0.201222"}
