{"type":"greedy_loss","c":"1.07223","l":"0","score":"0.190921","h":"10","w":"144"}
{"s_comp":"0.369873","s_loss":"0.194499","T":"1343","P":"0.178061"}
{"tag":"param","type":"sa","start_temp":"30","end_temp":"1","limit":"8.98198"}
{"tag":"!","time":"3.57861e-05","counter":"0","score":"-3966"}
{"tag":"!","time":"3.57861e-05","counter":"2","score":"-3963"}
{"tag":"!","time":"3.57861e-05","counter":"4","score":"-3951"}
{"tag":"!","time":"3.57861e-05","counter":"6","score":"-3910"}
{"tag":"!","time":"3.57861e-05","counter":"7","score":"-3861"}
{"tag":"!","time":"3.57861e-05","counter":"8","score":"-3801"}
{"tag":"!","time":"3.57861e-05","counter":"9","score":"-3796"}
{"tag":"!","time":"3.57861e-05","counter":"12","score":"-3778"}
{"tag":"!","time":"3.57861e-05","counter":"17","score":"-3744"}
{"tag":"!","time":"3.57861e-05","counter":"22","score":"-3629"}
{"tag":"!","time":"3.57861e-05","counter":"24","score":"-3625"}
{"tag":"!","time":"3.57861e-05","counter":"30","score":"-3567"}
{"tag":"!","time":"3.57861e-05","counter":"36","score":"-3563"}
{"tag":"!","time":"3.57861e-05","counter":"39","score":"-3508"}
{"tag":"!","time":"3.57861e-05","counter":"42","score":"-3500"}
{"tag":"!","time":"3.57861e-05","counter":"49","score":"-3380"}
{"tag":"!","time":"3.57861e-05","counter":"51","score":"-3307"}
{"tag":"!","time":"3.57861e-05","counter":"54","score":"-3280"}
{"tag":"!","time":"3.57861e-05","counter":"55","score":"-3136"}
{"tag":"!","time":"3.57861e-05","counter":"59","score":"-3131"}
{"tag":"!","time":"3.57861e-05","counter":"77","score":"-3098"}
{"tag":"!","time":"3.57861e-05","counter":"91","score":"-3096"}
{"tag":"!","time":"3.57861e-05","counter":"97","score":"-2959"}
{"tag":"!","time":"3.57861e-05","counter":"98","score":"-2906"}
{"tag":"!","time":"3.57861e-05","counter":"99","score":"-2865"}
{"tag":"!","time":"3.57861e-05","counter":"104","score":"-2864"}
{"tag":"!","time":"3.57861e-05","counter":"105","score":"-2795"}
{"tag":"!","time":"3.57861e-05","counter":"117","score":"-2700"}
{"tag":"!","time":"3.57861e-05","counter":"126","score":"-2661"}
{"tag":"!","time":"3.57861e-05","counter":"179","score":"-2657"}
{"tag":"!","time":"3.57861e-05","counter":"184","score":"-2643"}
{"tag":"!","time":"3.57861e-05","counter":"190","score":"-2620"}
{"tag":"!","time":"3.57861e-05","counter":"196","score":"-2502"}
{"tag":"!","time":"3.57861e-05","counter":"215","score":"-2466"}
{"tag":"!","time":"3.57861e-05","counter":"297","score":"-2418"}
{"tag":"!","time":"3.57861e-05","counter":"299","score":"-2390"}
{"tag":"!","time":"3.57861e-05","counter":"307","score":"-2367"}
{"tag":"!","time":"3.57861e-05","counter":"313","score":"-2355"}
{"tag":"!","time":"3.57861e-05","counter":"317","score":"-2239"}
{"tag":"!","time":"3.57861e-05","counter":"343","score":"-2228"}
{"tag":"!","time":"3.57861e-05","counter":"358","score":"-2216"}
{"tag":"!","time":"3.57861e-05","counter":"362","score":"-2211"}
{"tag":"!","time":"3.57861e-05","counter":"366","score":"-2210"}
{"tag":"!","time":"3.57861e-05","counter":"398","score":"-2165"}
{"tag":"!","time":"3.57861e-05","counter":"402","score":"-2162"}
{"tag":"!","time":"3.57861e-05","counter":"433","score":"-2155"}
{"tag":"!","time":"3.57861e-05","counter":"581","score":"-2147"}
{"tag":"!","time":"3.57861e-05","counter":"588","score":"-2127"}
{"tag":"!","time":"3.57861e-05","counter":"595","score":"-2075"}
{"tag":"!","time":"3.57861e-05","counter":"600","score":"-2063"}
{"tag":"!","time":"3.57861e-05","counter":"637","score":"-2057"}
{"tag":"!","time":"3.57861e-05","counter":"679","score":"-1975"}
{"tag":"!","time":"3.57861e-05","counter":"681","score":"-1967"}
{"tag":"!","time":"3.57861e-05","counter":"710","score":"-1939"}
{"tag":"!","time":"3.57861e-05","counter":"712","score":"-1892"}
{"tag":"!","time":"3.57861e-05","counter":"718","score":"-1868"}
{"tag":"!","time":"3.57861e-05","counter":"734","score":"-1863"}
{"tag":"!","time":"3.57861e-05","counter":"753","score":"-1827"}
{"tag":"!","time":"3.57861e-05","counter":"781","score":"-1814"}
{"tag":"!","time":"3.57861e-05","counter":"814","score":"-1812"}
{"tag":"!","time":"3.57861e-05","counter":"824","score":"-1795"}
{"tag":"!","time":"3.57861e-05","counter":"830","score":"-1783"}
{"tag":"!","time":"0.00726391","counter":"1459","score":"-1769"}
{"tag":"!","time":"0.00726391","counter":"1491","score":"-1730"}
{"tag":"!","time":"0.00726391","counter":"1530","score":"-1708"}
{"tag":"!","time":"0.0138749","counter":"2518","score":"-1707"}
{"tag":"!","time":"0.0138749","counter":"2522","score":"-1699"}
{"tag":"!","time":"0.0138749","counter":"2525","score":"-1680"}
{"tag":"!","time":"0.0138749","counter":"2531","score":"-1657"}
{"tag":"!","time":"0.0208824","counter":"3181","score":"-1641"}
{"tag":"!","time":"0.0208824","counter":"3197","score":"-1592"}
{"tag":"!","time":"0.0208824","counter":"3198","score":"-1557"}
{"tag":"!","time":"0.0208824","counter":"3207","score":"-1507"}
{"tag":"!","time":"0.0208824","counter":"3806","score":"-1505"}
{"tag":"!","time":"0.0208824","counter":"3835","score":"-1500"}
{"tag":"!","time":"0.0269201","counter":"4188","score":"-1471"}
{"tag":"!","time":"0.038606","counter":"6585","score":"-1451"}
{"tag":"!","time":"0.0556604","counter":"9839","score":"-1445"}
{"tag":"!","time":"0.0556604","counter":"9848","score":"-1423"}
{"tag":"!","time":"0.0621009","counter":"10751","score":"-1408"}
{"tag":"!","time":"0.0788258","counter":"13705","score":"-1399"}
{"tag":"!","time":"0.0844246","counter":"14065","score":"-1392"}
{"tag":"!","time":"0.0844246","counter":"14076","score":"-1344"}
{"tag":"!","time":"0.0844246","counter":"14080","score":"-1313"}
{"tag":"!","time":"0.377471","counter":"65323","score":"-1261"}
{"tag":"!","time":"0.377471","counter":"65336","score":"-1252"}
{"tag":"!","time":"0.399285","counter":"69986","score":"-1241"}
{"tag":"!","time":"0.404618","counter":"70205","score":"-1239"}
{"tag":"!","time":"0.404618","counter":"70208","score":"-1207"}
{"tag":"!","time":"0.758003","counter":"134976","score":"-1142"}
{"tag":"!","time":"1.15559","counter":"211468","score":"-1136"}
{"tag":"!","time":"1.15559","counter":"211474","score":"-1135"}
{"tag":"!","time":"1.18292","counter":"216074","score":"-1088"}
{"tag":"!","time":"1.30814","counter":"239095","score":"-1068"}
{"tag":"!","time":"1.46123","counter":"266152","score":"-1012"}
{"tag":"!","time":"2.27558","counter":"423390","score":"-1004"}
{"tag":"!","time":"2.27558","counter":"423391","score":"-992"}
{"tag":"!","time":"2.27558","counter":"423430","score":"-978"}
{"tag":"!","time":"2.83709","counter":"534383","score":"-973"}
{"tag":"!","time":"2.83709","counter":"534397","score":"-967"}
{"tag":"!","time":"2.86281","counter":"539259","score":"-951"}
{"tag":"!","time":"2.92954","counter":"552206","score":"-914"}
{"tag":"!","time":"2.92954","counter":"552393","score":"-886"}
{"tag":"!","time":"2.92954","counter":"552535","score":"-881"}
{"tag":"!","time":"2.92954","counter":"552565","score":"-871"}
{"tag":"!","time":"2.92954","counter":"552577","score":"-837"}
{"tag":"!","time":"2.93432","counter":"553705","score":"-822"}
{"tag":"!","time":"2.95308","counter":"557832","score":"-819"}
{"tag":"!","time":"2.95308","counter":"557854","score":"-792"}
{"tag":"!","time":"2.95758","counter":"558508","score":"-769"}
{"tag":"!","time":"3.22302","counter":"607599","score":"-767"}
{"tag":"!","time":"3.75598","counter":"710099","score":"-765"}
{"tag":"!","time":"4.09147","counter":"778644","score":"-723"}
{"tag":"!","time":"4.58883","counter":"874354","score":"-657"}
{"tag":"!","time":"4.58883","counter":"874498","score":"-655"}
{"tag":"!","time":"4.67038","counter":"890329","score":"-654"}
{"tag":"!","time":"4.88315","counter":"931378","score":"-651"}
{"tag":"!","time":"4.88315","counter":"931400","score":"-644"}
{"tag":"!","time":"4.88315","counter":"931542","score":"-638"}
{"tag":"!","time":"4.88315","counter":"931594","score":"-601"}
{"tag":"!","time":"5.20671","counter":"990038","score":"-549"}
{"tag":"!","time":"5.20671","counter":"990869","score":"-545"}
{"tag":"!","time":"5.21219","counter":"991650","score":"-541"}
{"tag":"!","time":"5.21219","counter":"991794","score":"-511"}
{"tag":"!","time":"5.21851","counter":"992078","score":"-507"}
{"tag":"!","time":"5.2422","counter":"996775","score":"-492"}
{"tag":"!","time":"5.2422","counter":"996780","score":"-475"}
{"tag":"!","time":"5.24865","counter":"997032","score":"-469"}
{"tag":"!","time":"5.24865","counter":"997056","score":"-462"}
{"tag":"!","time":"5.25476","counter":"998338","score":"-461"}
{"tag":"!","time":"5.59678","counter":"1060348","score":"-444"}
{"tag":"!","time":"5.71909","counter":"1082020","score":"-440"}
{"tag":"!","time":"5.71909","counter":"1082454","score":"-438"}
{"tag":"!","time":"5.71909","counter":"1082884","score":"-429"}
{"tag":"!","time":"6.36912","counter":"1196030","score":"-422"}
{"tag":"!","time":"6.41367","counter":"1203454","score":"-421"}
{"tag":"!","time":"6.44123","counter":"1208669","score":"-419"}
{"tag":"!","time":"6.44123","counter":"1208995","score":"-418"}
{"tag":"!","time":"6.44648","counter":"1209270","score":"-381"}
{"tag":"!","time":"6.48074","counter":"1215774","score":"-368"}
{"tag":"!","time":"6.4862","counter":"1216212","score":"-338"}
{"tag":"!","time":"6.49183","counter":"1217599","score":"-327"}
{"tag":"!","time":"6.80707","counter":"1276505","score":"-326"}
{"tag":"!","time":"6.80707","counter":"1276555","score":"-323"}
{"tag":"!","time":"6.82913","counter":"1280255","score":"-314"}
{"tag":"!","time":"6.8404","counter":"1282473","score":"-313"}
{"tag":"!","time":"6.84569","counter":"1283839","score":"-311"}
{"tag":"!","time":"6.85626","counter":"1285860","score":"-306"}
{"tag":"!","time":"6.85626","counter":"1285873","score":"-296"}
{"tag":"!","time":"6.86186","counter":"1286217","score":"-286"}
{"tag":"!","time":"6.86186","counter":"1286380","score":"-281"}
{"tag":"!","time":"6.86186","counter":"1286949","score":"-252"}
{"tag":"!","time":"6.8867","counter":"1291593","score":"-242"}
{"tag":"!","time":"6.8867","counter":"1291809","score":"-230"}
{"tag":"!","time":"6.90192","counter":"1294389","score":"-225"}
{"tag":"!","time":"6.90731","counter":"1295583","score":"-224"}
{"tag":"!","time":"7.17774","counter":"1345425","score":"-223"}
{"tag":"!","time":"7.1834","counter":"1346276","score":"-222"}
{"tag":"!","time":"7.1834","counter":"1346478","score":"-216"}
{"tag":"!","time":"7.23399","counter":"1355833","score":"-199"}
{"tag":"!","time":"7.58508","counter":"1421745","score":"-194"}
{"tag":"!","time":"7.60031","counter":"1424555","score":"-191"}
{"tag":"!","time":"7.6915","counter":"1441517","score":"-180"}
{"tag":"!","time":"7.73622","counter":"1449025","score":"-174"}
{"tag":"!","time":"7.87124","counter":"1474562","score":"-171"}
{"tag":"!","time":"7.8873","counter":"1477941","score":"-169"}
{"tag":"!","time":"8.02424","counter":"1502353","score":"-166"}
{"tag":"!","time":"8.02939","counter":"1503971","score":"-163"}
{"tag":"!","time":"8.13265","counter":"1522092","score":"-162"}
{"tag":"!","time":"8.41004","counter":"1575394","score":"-161"}
{"tag":"!","time":"8.5288","counter":"1600501","score":"-158"}
{"tag":"!","time":"8.54361","counter":"1603896","score":"-155"}
{"tag":"!","time":"8.65096","counter":"1624085","score":"-153"}
{"tag":"result","counter":"1687000","score":"-153"}
{"type":"sa","c":"1.01862","l":"0.00911392","score":"0.188866"}
