36
XTUFEHIZYOMEBXEODPETSAAIYZGYGOAQVHKJIV
XOWJRTURJJIDZPLKXAOJXPAEKMYMYCCQFXLJWZ
TZTZTGZWDLCPAKKMQGXZJPXYCPNYBZIZGIPFVA
ZXFAAOBSSTPYBDMAHYMZBFAPVDOSCFLGHGYRCW
HWYAAIBGUKCXKCAKGIAFMUNIDJPBBFDJCGFQUQ
ZDLHCKEBEKRZNBAIVJILXONAEKQDRZLQHAMQTM
UFQLFBOKAAYEXCKNKGGVJDSOXBDUVOGJNANOXV
NKXPXZPPTFZASWNPMWPQEHEUXQLEDFEHDMZGZJ
DOBOOFXAHTJRCHPAZHPSHIWHTGNOVUASSCAARS
DQGBKLPZBPKFFDJAFHLOGOLNZCCJZBJKTRRSZJ
CSZWZLRXCBIEEFOAJRWOGJHIKJEUFAKXMKOWBZ
PHEMCMZDKFBIZDIAZEWMTDZVHAFOKHCAZQENGU
YFMEWFKJEGVFMRZADOBAELXKFYDLJHCVUVEZDG
QGILBHPCLBLYFHMARTEMXWWGTKGOGJYCPNFWCW
YTYBUPUJBDXVAAAAHGJLYZOYUNUODCXTXUBWHS
SOSANQYIXXZICIFSJEAVSQBLPBIQQFVAQIRGUN
OASTCSTSQDBAYDMWWWDHVQWXTMZIGIAALRYVGG
CQWDWAPEHVRPUKHYZYBXGXPQXREOSJTBXYQZFH
NYIDLYWZXXEAAAMOLHEPAJEXQHNWOCBRGZOEZV
NWOEAVBLFARNWFLWFBXEATDXASPWYYEAKDMVHF
VTYKACMFOSYTPLCYCGNWASXQFKKRCWIXBDCNSQ
EXGGAMJIUFSUGSFJZELAXDLHPHJATAKRHVZGGO
WBNHAIANXXGFRTMHIHUKSMUKEQZUVAKSXTUMBD
KTQIABHOAKKSPLOFNGHVPQFGPPXEEABJOVOORW
QQOGZOTABKKVSNOBBWDDJIMECPSOSAEDRFICNN
AAZNXRJHXVNBFENSYILGNSWWFESRUAJDTCRIPF
HZELXWEBWHGQYOTBWOFAENYVXOUMOQNIVAOFFA
OYXDVIFNSYDFCJUSZQRLORHYLETOOXUZSATSPA
WNWWGVAOQDYAZBYRNKHSBJCJXVMSKKTITKIUOF
NWRLJELFNZNGJSTFWHFGUGJTEMDSTVLAAJFTFG
BJSJBRNXXJRVMVFPAOQWYYFQOMSNZEHAAFLVKL
FSKNCNJMBQLZQXSNWPYAJDDQZPCWLFTAALHEPS
KLQAURZGMLCCBVOYQSCTPFEADFLQCLMAAGOWWV
GAKAIETCAKCSFRPDZRUUVQYODDRKZVEPLTDTXO
CUYAOKMPVHSNWDIBLFZJOTXROVIRYLRLBHCXFF
BFIAAAAAAAAAAWAWNQSDCOSICPIFXTLMAMNKOK
10 30
2 26
26 13
28 4
33 31
11 21
19 0
3 5
7 8
5 3
0 23
6 10
17 30
21 20
26 23
0 12
28 27
1 21
0 0
25 34
18 14
9 0
0 3
26 0
16 32
8 19
8 16
28 33
28 35
26 18
32 0
24 2
4 15
19 5
15 11
0 29
29 18
17 3
14 3
