{"type":"greedy_loss","c":"1.09234","l":"0","score":"0.107281","h":"10","w":"291"}
{"type":"greedy_loss","c":"1.08859","l":"0","score":"0.106912","h":"145","w":"20"}
{"type":"greedy_loss","c":"1.08859","l":"0","score":"0.106912","h":"145","w":"20"}
{"type":"greedy_loss","c":"1.08859","l":"0","score":"0.106912","h":"145","w":"20"}
{"type":"greedy_loss","c":"1.08859","l":"0","score":"0.106912","h":"145","w":"20"}
{"type":"greedy_loss","c":"1.08859","l":"0","score":"0.106912","h":"145","w":"20"}
{"type":"greedy_loss","c":"1.08859","l":"0","score":"0.106912","h":"145","w":"20"}
{"type":"greedy_loss","c":"1.08859","l":"0","score":"0.106912","h":"145","w":"20"}
{"type":"greedy_loss","c":"1.08859","l":"0","score":"0.106912","h":"145","w":"20"}
{"type":"greedy_loss","c":"1.09009","l":"0","score":"0.10706","h":"88","w":"33"}
{"type":"greedy_loss","c":"1.09009","l":"0","score":"0.10706","h":"66","w":"44"}
{"type":"greedy_loss","c":"1.07207","l":"0","score":"0.10529","h":"68","w":"42"}
{"type":"greedy_loss","c":"1.08784","l":"0","score":"0.106838","h":"69","w":"42"}
{"type":"greedy_loss","c":"1.0533","l":"0","score":"0.103447","h":"46","w":"61"}
{"type":"greedy_loss","c":"1.0533","l":"0","score":"0.103447","h":"46","w":"61"}
{"type":"greedy_loss","c":"1.0533","l":"0","score":"0.103447","h":"46","w":"61"}
{"type":"greedy_loss","c":"1.0533","l":"0","score":"0.103447","h":"46","w":"61"}
{"type":"greedy_loss","c":"1.07357","l":"0","score":"0.105437","h":"55","w":"52"}
{"s_comp":"0.405805","s_loss":"0.116247","T":"2664","P":"0.0982117"}
{"tag":"param","type":"sa","start_temp":"30","end_temp":"1","limit":"9.78372"}
{"tag":"!","time":"2.15714e-05","counter":"0","score":"-7782"}
{"tag":"!","time":"2.15714e-05","counter":"6","score":"-7777"}
{"tag":"!","time":"2.15714e-05","counter":"9","score":"-7707"}
{"tag":"!","time":"2.15714e-05","counter":"11","score":"-7698"}
{"tag":"!","time":"2.15714e-05","counter":"13","score":"-7655"}
{"tag":"!","time":"2.15714e-05","counter":"15","score":"-7606"}
{"tag":"!","time":"2.15714e-05","counter":"16","score":"-7414"}
{"tag":"!","time":"2.15714e-05","counter":"17","score":"-7150"}
{"tag":"!","time":"2.15714e-05","counter":"18","score":"-7034"}
{"tag":"!","time":"2.15714e-05","counter":"22","score":"-6841"}
{"tag":"!","time":"2.15714e-05","counter":"25","score":"-6790"}
{"tag":"!","time":"2.15714e-05","counter":"27","score":"-6741"}
{"tag":"!","time":"2.15714e-05","counter":"28","score":"-6642"}
{"tag":"!","time":"2.15714e-05","counter":"30","score":"-6581"}
{"tag":"!","time":"2.15714e-05","counter":"33","score":"-6563"}
{"tag":"!","time":"2.15714e-05","counter":"49","score":"-6438"}
{"tag":"!","time":"2.15714e-05","counter":"52","score":"-6287"}
{"tag":"!","time":"2.15714e-05","counter":"53","score":"-6263"}
{"tag":"!","time":"2.15714e-05","counter":"63","score":"-6228"}
{"tag":"!","time":"2.15714e-05","counter":"64","score":"-6124"}
{"tag":"!","time":"2.15714e-05","counter":"67","score":"-6061"}
{"tag":"!","time":"2.15714e-05","counter":"77","score":"-5973"}
{"tag":"!","time":"2.15714e-05","counter":"79","score":"-5682"}
{"tag":"!","time":"2.15714e-05","counter":"82","score":"-5650"}
{"tag":"!","time":"2.15714e-05","counter":"94","score":"-5637"}
{"tag":"!","time":"2.15714e-05","counter":"161","score":"-5620"}
{"tag":"!","time":"2.15714e-05","counter":"163","score":"-5590"}
{"tag":"!","time":"2.15714e-05","counter":"165","score":"-5573"}
{"tag":"!","time":"2.15714e-05","counter":"167","score":"-5452"}
{"tag":"!","time":"2.15714e-05","counter":"173","score":"-5429"}
{"tag":"!","time":"2.15714e-05","counter":"180","score":"-5357"}
{"tag":"!","time":"2.15714e-05","counter":"182","score":"-5342"}
{"tag":"!","time":"2.15714e-05","counter":"185","score":"-5321"}
{"tag":"!","time":"2.15714e-05","counter":"186","score":"-5314"}
{"tag":"!","time":"2.15714e-05","counter":"187","score":"-5237"}
{"tag":"!","time":"2.15714e-05","counter":"189","score":"-5227"}
{"tag":"!","time":"2.15714e-05","counter":"194","score":"-5200"}
{"tag":"!","time":"2.15714e-05","counter":"199","score":"-5196"}
{"tag":"!","time":"2.15714e-05","counter":"223","score":"-5174"}
{"tag":"!","time":"2.15714e-05","counter":"224","score":"-5160"}
{"tag":"!","time":"2.15714e-05","counter":"227","score":"-5154"}
{"tag":"!","time":"2.15714e-05","counter":"229","score":"-5138"}
{"tag":"!","time":"2.15714e-05","counter":"230","score":"-5021"}
{"tag":"!","time":"2.15714e-05","counter":"234","score":"-5009"}
{"tag":"!","time":"2.15714e-05","counter":"238","score":"-5002"}
{"tag":"!","time":"2.15714e-05","counter":"248","score":"-4921"}
{"tag":"!","time":"2.15714e-05","counter":"250","score":"-4833"}
{"tag":"!","time":"2.15714e-05","counter":"255","score":"-4817"}
{"tag":"!","time":"2.15714e-05","counter":"256","score":"-4813"}
{"tag":"!","time":"2.15714e-05","counter":"257","score":"-4699"}
{"tag":"!","time":"2.15714e-05","counter":"262","score":"-4603"}
{"tag":"!","time":"2.15714e-05","counter":"274","score":"-4579"}
{"tag":"!","time":"2.15714e-05","counter":"282","score":"-4546"}
{"tag":"!","time":"2.15714e-05","counter":"292","score":"-4543"}
{"tag":"!","time":"2.15714e-05","counter":"296","score":"-4539"}
{"tag":"!","time":"2.15714e-05","counter":"333","score":"-4530"}
{"tag":"!","time":"2.15714e-05","counter":"336","score":"-4526"}
{"tag":"!","time":"2.15714e-05","counter":"338","score":"-4523"}
{"tag":"!","time":"2.15714e-05","counter":"344","score":"-4500"}
{"tag":"!","time":"2.15714e-05","counter":"351","score":"-4482"}
{"tag":"!","time":"2.15714e-05","counter":"373","score":"-4460"}
{"tag":"!","time":"2.15714e-05","counter":"378","score":"-4412"}
{"tag":"!","time":"2.15714e-05","counter":"379","score":"-4340"}
{"tag":"!","time":"2.15714e-05","counter":"384","score":"-4318"}
{"tag":"!","time":"2.15714e-05","counter":"388","score":"-4304"}
{"tag":"!","time":"2.15714e-05","counter":"394","score":"-4274"}
{"tag":"!","time":"2.15714e-05","counter":"452","score":"-4264"}
{"tag":"!","time":"2.15714e-05","counter":"453","score":"-4143"}
{"tag":"!","time":"2.15714e-05","counter":"456","score":"-4023"}
{"tag":"!","time":"2.15714e-05","counter":"478","score":"-3985"}
{"tag":"!","time":"2.15714e-05","counter":"483","score":"-3941"}
{"tag":"!","time":"2.15714e-05","counter":"486","score":"-3938"}
{"tag":"!","time":"2.15714e-05","counter":"496","score":"-3910"}
{"tag":"!","time":"2.15714e-05","counter":"499","score":"-3902"}
{"tag":"!","time":"2.15714e-05","counter":"523","score":"-3892"}
{"tag":"!","time":"2.15714e-05","counter":"648","score":"-3784"}
{"tag":"!","time":"2.15714e-05","counter":"670","score":"-3679"}
{"tag":"!","time":"2.15714e-05","counter":"693","score":"-3583"}
{"tag":"!","time":"2.15714e-05","counter":"694","score":"-3551"}
{"tag":"!","time":"2.15714e-05","counter":"736","score":"-3536"}
{"tag":"!","time":"0.0131353","counter":"2096","score":"-3483"}
{"tag":"!","time":"0.0131353","counter":"2104","score":"-3460"}
{"tag":"!","time":"0.0131353","counter":"2154","score":"-3411"}
{"tag":"!","time":"0.0131353","counter":"2157","score":"-3393"}
{"tag":"!","time":"0.0131353","counter":"2312","score":"-3390"}
{"tag":"!","time":"0.0131353","counter":"2313","score":"-3387"}
{"tag":"!","time":"0.0131353","counter":"2317","score":"-3375"}
{"tag":"!","time":"0.0131353","counter":"2354","score":"-3345"}
{"tag":"!","time":"0.0131353","counter":"2356","score":"-3332"}
{"tag":"!","time":"0.0131353","counter":"2357","score":"-3326"}
{"tag":"!","time":"0.0234168","counter":"4459","score":"-3222"}
{"tag":"!","time":"0.0234168","counter":"4465","score":"-3212"}
{"tag":"!","time":"0.0234168","counter":"4470","score":"-3166"}
{"tag":"!","time":"0.0284497","counter":"5603","score":"-3138"}
{"tag":"!","time":"0.0284497","counter":"5611","score":"-3126"}
{"tag":"!","time":"0.0284497","counter":"5713","score":"-3123"}
{"tag":"!","time":"0.0284497","counter":"5715","score":"-3074"}
{"tag":"!","time":"0.0284497","counter":"5718","score":"-3066"}
{"tag":"!","time":"0.0284497","counter":"5727","score":"-3033"}
{"tag":"!","time":"0.035156","counter":"6402","score":"-2982"}
{"tag":"!","time":"0.035156","counter":"6406","score":"-2851"}
{"tag":"!","time":"0.0467762","counter":"8034","score":"-2788"}
{"tag":"!","time":"0.0467762","counter":"8037","score":"-2779"}
{"tag":"!","time":"0.0467762","counter":"8271","score":"-2752"}
{"tag":"!","time":"0.0467762","counter":"8285","score":"-2726"}
{"tag":"!","time":"0.0467762","counter":"8472","score":"-2715"}
{"tag":"!","time":"0.0467762","counter":"8488","score":"-2711"}
{"tag":"!","time":"0.20108","counter":"39833","score":"-2706"}
{"tag":"!","time":"0.566108","counter":"111221","score":"-2672"}
{"tag":"!","time":"0.566108","counter":"111229","score":"-2652"}
{"tag":"!","time":"0.571116","counter":"112925","score":"-2596"}
{"tag":"!","time":"0.571116","counter":"112928","score":"-2588"}
{"tag":"!","time":"0.571116","counter":"112971","score":"-2574"}
{"tag":"!","time":"0.606603","counter":"119344","score":"-2559"}
{"tag":"!","time":"0.794657","counter":"153451","score":"-2545"}
{"tag":"!","time":"0.794657","counter":"153469","score":"-2495"}
{"tag":"!","time":"0.794657","counter":"153489","score":"-2489"}
{"tag":"!","time":"0.794657","counter":"153498","score":"-2477"}
{"tag":"!","time":"0.801697","counter":"154013","score":"-2472"}
{"tag":"!","time":"0.801697","counter":"154014","score":"-2457"}
{"tag":"!","time":"0.801697","counter":"154028","score":"-2448"}
{"tag":"!","time":"0.801697","counter":"154035","score":"-2410"}
{"tag":"!","time":"0.801697","counter":"154046","score":"-2377"}
{"tag":"!","time":"0.801697","counter":"154047","score":"-2371"}
{"tag":"!","time":"0.801697","counter":"154055","score":"-2344"}
{"tag":"!","time":"0.801697","counter":"154063","score":"-2315"}
{"tag":"!","time":"1.10867","counter":"212549","score":"-2281"}
{"tag":"!","time":"1.10867","counter":"212553","score":"-2271"}
{"tag":"!","time":"1.10867","counter":"212563","score":"-2270"}
{"tag":"!","time":"1.16272","counter":"222519","score":"-2265"}
{"tag":"!","time":"1.16272","counter":"222531","score":"-2230"}
{"tag":"!","time":"1.16272","counter":"222564","score":"-2210"}
{"tag":"!","time":"1.16272","counter":"222570","score":"-2178"}
{"tag":"!","time":"1.28209","counter":"241169","score":"-2160"}
{"tag":"!","time":"1.6077","counter":"293774","score":"-2111"}
{"tag":"!","time":"1.6077","counter":"293816","score":"-2110"}
{"tag":"!","time":"1.6077","counter":"293824","score":"-2089"}
{"tag":"!","time":"1.6077","counter":"293839","score":"-2069"}
{"tag":"!","time":"2.57143","counter":"444990","score":"-2050"}
{"tag":"!","time":"2.57143","counter":"444991","score":"-2041"}
{"tag":"!","time":"2.57143","counter":"444993","score":"-1987"}
{"tag":"!","time":"2.57776","counter":"445000","score":"-1982"}
{"tag":"!","time":"2.57776","counter":"445003","score":"-1980"}
{"tag":"!","time":"2.57776","counter":"445129","score":"-1977"}
{"tag":"!","time":"3.27355","counter":"557671","score":"-1973"}
{"tag":"!","time":"3.27355","counter":"557691","score":"-1967"}
{"tag":"!","time":"3.27355","counter":"557708","score":"-1936"}
{"tag":"!","time":"3.27355","counter":"557723","score":"-1928"}
{"tag":"!","time":"3.27355","counter":"557932","score":"-1900"}
{"tag":"!","time":"3.27355","counter":"557956","score":"-1899"}
{"tag":"!","time":"3.27355","counter":"557969","score":"-1883"}
{"tag":"!","time":"3.27355","counter":"557983","score":"-1874"}
{"tag":"!","time":"3.28019","counter":"558038","score":"-1872"}
{"tag":"!","time":"3.28019","counter":"558080","score":"-1859"}
{"tag":"!","time":"3.28019","counter":"558104","score":"-1856"}
{"tag":"!","time":"3.28019","counter":"558306","score":"-1844"}
{"tag":"!","time":"3.28019","counter":"558325","score":"-1839"}
{"tag":"!","time":"3.28019","counter":"558332","score":"-1814"}
{"tag":"!","time":"3.61351","counter":"607780","score":"-1792"}
{"tag":"!","time":"3.68594","counter":"618885","score":"-1784"}
{"tag":"!","time":"3.68594","counter":"618905","score":"-1783"}
{"tag":"!","time":"3.68594","counter":"618967","score":"-1776"}
{"tag":"!","time":"3.85652","counter":"644505","score":"-1752"}
{"tag":"!","time":"3.85652","counter":"644510","score":"-1704"}
{"tag":"!","time":"3.85652","counter":"644540","score":"-1698"}
{"tag":"!","time":"3.85652","counter":"644543","score":"-1663"}
{"tag":"!","time":"3.85652","counter":"644589","score":"-1639"}
{"tag":"!","time":"4.42634","counter":"729422","score":"-1630"}
{"tag":"!","time":"4.42634","counter":"729774","score":"-1601"}
{"tag":"!","time":"4.42634","counter":"729831","score":"-1598"}
{"tag":"!","time":"4.59605","counter":"755106","score":"-1594"}
{"tag":"!","time":"4.59605","counter":"755208","score":"-1583"}
{"tag":"!","time":"4.59605","counter":"755221","score":"-1578"}
{"tag":"!","time":"4.59605","counter":"755265","score":"-1570"}
{"tag":"!","time":"4.60342","counter":"756635","score":"-1569"}
{"tag":"!","time":"4.60342","counter":"756662","score":"-1567"}
{"tag":"!","time":"4.60342","counter":"756684","score":"-1561"}
{"tag":"!","time":"4.60342","counter":"756687","score":"-1560"}
{"tag":"!","time":"4.61068","counter":"757475","score":"-1550"}
{"tag":"!","time":"4.61068","counter":"757493","score":"-1535"}
{"tag":"!","time":"4.61068","counter":"757508","score":"-1530"}
{"tag":"!","time":"4.61068","counter":"757571","score":"-1526"}
{"tag":"!","time":"4.68458","counter":"768381","score":"-1507"}
{"tag":"!","time":"4.68458","counter":"768842","score":"-1484"}
{"tag":"!","time":"4.88639","counter":"798074","score":"-1483"}
{"tag":"!","time":"4.89325","counter":"799778","score":"-1470"}
{"tag":"!","time":"4.89325","counter":"799813","score":"-1458"}
{"tag":"!","time":"4.89325","counter":"799820","score":"-1440"}
{"tag":"!","time":"4.90056","counter":"800098","score":"-1426"}
{"tag":"!","time":"4.90056","counter":"800231","score":"-1373"}
{"tag":"!","time":"4.91045","counter":"801394","score":"-1368"}
{"tag":"!","time":"4.94961","counter":"807449","score":"-1358"}
{"tag":"!","time":"4.94961","counter":"807508","score":"-1352"}
{"tag":"!","time":"5.05732","counter":"823981","score":"-1346"}
{"tag":"!","time":"5.05732","counter":"823982","score":"-1332"}
{"tag":"!","time":"5.05732","counter":"823987","score":"-1330"}
{"tag":"!","time":"5.09133","counter":"828016","score":"-1301"}
{"tag":"!","time":"5.09133","counter":"828024","score":"-1287"}
{"tag":"!","time":"5.09133","counter":"828055","score":"-1285"}
{"tag":"!","time":"5.13743","counter":"835453","score":"-1270"}
{"tag":"!","time":"5.13743","counter":"835510","score":"-1251"}
{"tag":"!","time":"5.13743","counter":"835562","score":"-1233"}
{"tag":"!","time":"5.15082","counter":"837764","score":"-1222"}
{"tag":"!","time":"5.15082","counter":"837777","score":"-1219"}
{"tag":"!","time":"5.97519","counter":"965008","score":"-1205"}
{"tag":"!","time":"5.99799","counter":"969695","score":"-1204"}
{"tag":"!","time":"5.99799","counter":"969908","score":"-1190"}
{"tag":"!","time":"5.99799","counter":"969916","score":"-1185"}
{"tag":"!","time":"5.99799","counter":"969965","score":"-1165"}
{"tag":"!","time":"5.99799","counter":"969996","score":"-1157"}
{"tag":"!","time":"6.01648","counter":"972302","score":"-1148"}
{"tag":"!","time":"6.01648","counter":"972659","score":"-1141"}
{"tag":"!","time":"6.01648","counter":"972675","score":"-1134"}
{"tag":"!","time":"6.01648","counter":"972728","score":"-1133"}
{"tag":"!","time":"6.01648","counter":"972849","score":"-1130"}
{"tag":"!","time":"6.01648","counter":"972893","score":"-1121"}
{"tag":"!","time":"6.02249","counter":"973080","score":"-1120"}
{"tag":"!","time":"6.02249","counter":"973131","score":"-1113"}
{"tag":"!","time":"6.07313","counter":"981979","score":"-1087"}
{"tag":"!","time":"6.07858","counter":"982062","score":"-1083"}
{"tag":"!","time":"6.07858","counter":"982226","score":"-1070"}
{"tag":"!","time":"6.07858","counter":"982564","score":"-1053"}
{"tag":"!","time":"6.07858","counter":"982594","score":"-1034"}
{"tag":"!","time":"6.11114","counter":"988804","score":"-1028"}
{"tag":"!","time":"6.11669","counter":"989185","score":"-1004"}
{"tag":"!","time":"6.12194","counter":"990365","score":"-992"}
{"tag":"!","time":"7.04245","counter":"1156776","score":"-989"}
{"tag":"!","time":"7.04245","counter":"1156926","score":"-988"}
{"tag":"!","time":"7.17894","counter":"1182754","score":"-985"}
{"tag":"!","time":"7.18442","counter":"1183264","score":"-976"}
{"tag":"!","time":"7.18442","counter":"1183318","score":"-963"}
{"tag":"!","time":"7.18442","counter":"1183667","score":"-948"}
{"tag":"!","time":"7.18442","counter":"1183696","score":"-947"}
{"tag":"!","time":"7.18442","counter":"1183707","score":"-942"}
{"tag":"!","time":"7.19975","counter":"1186086","score":"-941"}
{"tag":"!","time":"7.19975","counter":"1186176","score":"-940"}
{"tag":"!","time":"7.19975","counter":"1186464","score":"-935"}
{"tag":"!","time":"7.19975","counter":"1186635","score":"-925"}
{"tag":"!","time":"7.19975","counter":"1186686","score":"-900"}
{"tag":"!","time":"7.19975","counter":"1186812","score":"-890"}
{"tag":"!","time":"7.25051","counter":"1196094","score":"-886"}
{"tag":"!","time":"7.26028","counter":"1198501","score":"-884"}
{"tag":"!","time":"7.26527","counter":"1199272","score":"-878"}
{"tag":"!","time":"7.26527","counter":"1199310","score":"-864"}
{"tag":"!","time":"7.27021","counter":"1200960","score":"-862"}
{"tag":"!","time":"7.27509","counter":"1201116","score":"-848"}
{"tag":"!","time":"7.27509","counter":"1201285","score":"-847"}
{"tag":"!","time":"7.27509","counter":"1201393","score":"-839"}
{"tag":"!","time":"7.27509","counter":"1201523","score":"-830"}
{"tag":"!","time":"7.29551","counter":"1205919","score":"-823"}
{"tag":"!","time":"7.30176","counter":"1206120","score":"-816"}
{"tag":"!","time":"7.30176","counter":"1206352","score":"-802"}
{"tag":"!","time":"7.31824","counter":"1209900","score":"-793"}
{"tag":"!","time":"7.33893","counter":"1213199","score":"-777"}
{"tag":"!","time":"7.33893","counter":"1213369","score":"-774"}
{"tag":"!","time":"7.33893","counter":"1213968","score":"-744"}
{"tag":"!","time":"7.4335","counter":"1230217","score":"-730"}
{"tag":"!","time":"7.81743","counter":"1298945","score":"-721"}
{"tag":"!","time":"7.82318","counter":"1299401","score":"-714"}
{"tag":"!","time":"7.82318","counter":"1299594","score":"-712"}
{"tag":"!","time":"7.82873","counter":"1300442","score":"-708"}
{"tag":"!","time":"7.8338","counter":"1301820","score":"-695"}
{"tag":"!","time":"7.83937","counter":"1302408","score":"-684"}
{"tag":"!","time":"7.84473","counter":"1303324","score":"-682"}
{"tag":"!","time":"7.84473","counter":"1303338","score":"-673"}
{"tag":"!","time":"8.07039","counter":"1343685","score":"-662"}
{"tag":"!","time":"8.07039","counter":"1343776","score":"-653"}
{"tag":"!","time":"8.1143","counter":"1350682","score":"-652"}
{"tag":"!","time":"8.1143","counter":"1350828","score":"-651"}
{"tag":"!","time":"8.13136","counter":"1353122","score":"-647"}
{"tag":"!","time":"8.13136","counter":"1353801","score":"-627"}
{"tag":"!","time":"8.14704","counter":"1356557","score":"-619"}
{"tag":"!","time":"8.14704","counter":"1356598","score":"-616"}
{"tag":"!","time":"8.15241","counter":"1357241","score":"-604"}
{"tag":"!","time":"8.16802","counter":"1360227","score":"-594"}
{"tag":"!","time":"8.95895","counter":"1508096","score":"-585"}
{"tag":"!","time":"8.97024","counter":"1510352","score":"-578"}
{"tag":"!","time":"8.97573","counter":"1511434","score":"-564"}
{"tag":"!","time":"9.00121","counter":"1515319","score":"-560"}
{"tag":"!","time":"9.01364","counter":"1517686","score":"-555"}
{"tag":"!","time":"9.12925","counter":"1537994","score":"-531"}
{"tag":"!","time":"9.2288","counter":"1554242","score":"-520"}
{"tag":"!","time":"9.36571","counter":"1578754","score":"-507"}
{"tag":"!","time":"9.38186","counter":"1581027","score":"-506"}
{"tag":"!","time":"9.51036","counter":"1604573","score":"-505"}
{"tag":"!","time":"9.758","counter":"1642469","score":"-500"}
{"tag":"!","time":"9.76431","counter":"1643087","score":"-494"}
{"tag":"result","counter":"1647000","score":"-494"}
{"type":"sa","c":"1.01502","l":"0.0148348","score":"0.113064"}
