{"type":"greedy_loss","c":"1.06204","l":"0","score":"0.679784","h":"10","w":"416"}
{"type":"greedy_loss","c":"1.03395","l":"0","score":"0.661809","h":"405","w":"10"}
{"type":"greedy_loss","c":"1.03395","l":"0","score":"0.661809","h":"405","w":"10"}
{"type":"greedy_loss","c":"1.03395","l":"0","score":"0.661809","h":"405","w":"10"}
{"type":"greedy_loss","c":"1.03395","l":"0","score":"0.661809","h":"405","w":"10"}
{"type":"greedy_loss","c":"1.03395","l":"0","score":"0.661809","h":"405","w":"10"}
{"type":"greedy_loss","c":"1.03395","l":"0","score":"0.661809","h":"405","w":"10"}
{"type":"greedy_loss","c":"1.03395","l":"0","score":"0.661809","h":"405","w":"10"}
{"type":"greedy_loss","c":"1.03395","l":"0","score":"0.661809","h":"405","w":"10"}
{"type":"greedy_loss","c":"1.03395","l":"0","score":"0.661809","h":"405","w":"10"}
{"type":"greedy_loss","c":"1.03395","l":"0","score":"0.661809","h":"405","w":"10"}
{"type":"greedy_loss","c":"1.03395","l":"0","score":"0.661809","h":"405","w":"10"}
{"type":"greedy_loss","c":"1.03344","l":"0","score":"0.661482","h":"368","w":"11"}
{"type":"greedy_loss","c":"1.02017","l":"0","score":"0.652985","h":"333","w":"12"}
{"type":"greedy_loss","c":"1.04212","l":"0","score":"0.667038","h":"314","w":"13"}
{"type":"greedy_loss","c":"1.05591","l":"0","score":"0.675862","h":"94","w":"44"}
{"type":"greedy_loss","c":"1.05591","l":"0","score":"0.675862","h":"94","w":"44"}
{"type":"greedy_loss","c":"1.05591","l":"0","score":"0.675862","h":"94","w":"44"}
{"type":"greedy_loss","c":"1.05591","l":"0","score":"0.675862","h":"94","w":"44"}
{"s_comp":"0.161966","s_loss":"0.647274","T":"3917","P":"0.640075"}
{"tag":"param","type":"sa","start_temp":"30","end_temp":"1","limit":"9.7613"}
{"tag":"!","time":"6.94754e-05","counter":"0","score":"-24702"}
{"tag":"!","time":"6.94754e-05","counter":"1","score":"-24693"}
{"tag":"!","time":"6.94754e-05","counter":"2","score":"-24687"}
{"tag":"!","time":"6.94754e-05","counter":"4","score":"-24673"}
{"tag":"!","time":"6.94754e-05","counter":"5","score":"-24659"}
{"tag":"!","time":"6.94754e-05","counter":"6","score":"-24644"}
{"tag":"!","time":"6.94754e-05","counter":"8","score":"-24626"}
{"tag":"!","time":"6.94754e-05","counter":"171","score":"-24621"}
{"tag":"!","time":"6.94754e-05","counter":"172","score":"-24612"}
{"tag":"!","time":"6.94754e-05","counter":"173","score":"-24585"}
{"tag":"!","time":"6.94754e-05","counter":"225","score":"-24577"}
{"tag":"!","time":"6.94754e-05","counter":"228","score":"-24575"}
{"tag":"!","time":"6.94754e-05","counter":"242","score":"-24540"}
{"tag":"!","time":"6.94754e-05","counter":"250","score":"-24537"}
{"tag":"!","time":"6.94754e-05","counter":"263","score":"-24513"}
{"tag":"!","time":"6.94754e-05","counter":"273","score":"-24488"}
{"tag":"!","time":"6.94754e-05","counter":"274","score":"-24483"}
{"tag":"!","time":"6.94754e-05","counter":"327","score":"-24472"}
{"tag":"!","time":"6.94754e-05","counter":"690","score":"-24459"}
{"tag":"!","time":"6.94754e-05","counter":"691","score":"-24454"}
{"tag":"!","time":"6.94754e-05","counter":"693","score":"-24428"}
{"tag":"!","time":"6.94754e-05","counter":"694","score":"-24420"}
{"tag":"!","time":"6.94754e-05","counter":"699","score":"-24418"}
{"tag":"!","time":"6.94754e-05","counter":"700","score":"-24405"}
{"tag":"!","time":"0.0109985","counter":"2793","score":"-24399"}
{"tag":"!","time":"0.0109985","counter":"2794","score":"-24397"}
{"tag":"!","time":"0.0109985","counter":"2795","score":"-24382"}
{"tag":"!","time":"0.0109985","counter":"2796","score":"-24373"}
{"tag":"!","time":"0.0109985","counter":"2797","score":"-24365"}
{"tag":"!","time":"0.015511","counter":"3087","score":"-24357"}
{"tag":"!","time":"0.015511","counter":"3091","score":"-24353"}
{"tag":"!","time":"0.015511","counter":"3094","score":"-24349"}
{"tag":"!","time":"0.015511","counter":"3101","score":"-24318"}
{"tag":"!","time":"0.0553634","counter":"11784","score":"-24302"}
{"tag":"!","time":"0.0553634","counter":"11785","score":"-24298"}
{"tag":"!","time":"0.0553634","counter":"11786","score":"-24267"}
{"tag":"!","time":"0.0553634","counter":"11790","score":"-24260"}
{"tag":"!","time":"0.0553634","counter":"11793","score":"-24244"}
{"tag":"!","time":"0.0553634","counter":"11795","score":"-24213"}
{"tag":"!","time":"0.13822","counter":"29665","score":"-24203"}
{"tag":"!","time":"0.14777","counter":"30477","score":"-24189"}
{"tag":"!","time":"0.14777","counter":"30479","score":"-24188"}
{"tag":"!","time":"0.218975","counter":"43882","score":"-24184"}
{"tag":"!","time":"0.218975","counter":"43886","score":"-24175"}
{"tag":"!","time":"0.218975","counter":"43889","score":"-24170"}
{"tag":"!","time":"0.218975","counter":"43892","score":"-24160"}
{"tag":"!","time":"0.218975","counter":"43896","score":"-24151"}
{"tag":"!","time":"0.218975","counter":"43897","score":"-24149"}
{"tag":"!","time":"0.218975","counter":"43915","score":"-24143"}
{"tag":"!","time":"0.218975","counter":"43916","score":"-24107"}
{"tag":"!","time":"1.54475","counter":"317463","score":"-24093"}
{"tag":"!","time":"1.54475","counter":"317464","score":"-24083"}
{"tag":"!","time":"1.54475","counter":"317469","score":"-24078"}
{"tag":"!","time":"1.60011","counter":"328104","score":"-24044"}
{"tag":"!","time":"2.38895","counter":"485165","score":"-24033"}
{"tag":"!","time":"2.38895","counter":"485167","score":"-24020"}
{"tag":"!","time":"2.38895","counter":"485168","score":"-24007"}
{"tag":"!","time":"2.76426","counter":"556672","score":"-23962"}
{"tag":"!","time":"2.76982","counter":"558437","score":"-23961"}
{"tag":"!","time":"3.47591","counter":"695797","score":"-23955"}
{"tag":"!","time":"3.47591","counter":"695799","score":"-23943"}
{"tag":"!","time":"3.47591","counter":"695800","score":"-23942"}
{"tag":"!","time":"3.47591","counter":"695801","score":"-23937"}
{"tag":"!","time":"4.0059","counter":"798197","score":"-23928"}
{"tag":"!","time":"4.0059","counter":"798206","score":"-23927"}
{"tag":"!","time":"4.0059","counter":"798208","score":"-23911"}
{"tag":"!","time":"4.0059","counter":"798209","score":"-23888"}
{"tag":"!","time":"4.04774","counter":"805746","score":"-23874"}
{"tag":"!","time":"4.04774","counter":"805848","score":"-23870"}
{"tag":"!","time":"4.04774","counter":"805853","score":"-23845"}
{"tag":"!","time":"4.04774","counter":"805857","score":"-23837"}
{"tag":"!","time":"4.04774","counter":"805859","score":"-23835"}
{"tag":"!","time":"4.04774","counter":"805869","score":"-23831"}
{"tag":"!","time":"4.04774","counter":"805877","score":"-23798"}
{"tag":"!","time":"4.04774","counter":"805883","score":"-23797"}
{"tag":"!","time":"4.28969","counter":"848908","score":"-23791"}
{"tag":"!","time":"4.28969","counter":"848917","score":"-23780"}
{"tag":"!","time":"4.45946","counter":"879066","score":"-23760"}
{"tag":"!","time":"4.45946","counter":"879067","score":"-23755"}
{"tag":"!","time":"4.45946","counter":"879083","score":"-23751"}
{"tag":"!","time":"4.45946","counter":"879088","score":"-23747"}
{"tag":"!","time":"4.45946","counter":"879094","score":"-23741"}
{"tag":"!","time":"4.45946","counter":"879097","score":"-23739"}
{"tag":"!","time":"4.45946","counter":"879125","score":"-23735"}
{"tag":"!","time":"4.45946","counter":"879126","score":"-23729"}
{"tag":"!","time":"4.78805","counter":"939827","score":"-23704"}
{"tag":"!","time":"4.78805","counter":"940048","score":"-23686"}
{"tag":"!","time":"4.78805","counter":"940075","score":"-23673"}
{"tag":"!","time":"4.78805","counter":"940080","score":"-23652"}
{"tag":"!","time":"4.78805","counter":"940081","score":"-23643"}
{"tag":"!","time":"4.78805","counter":"940085","score":"-23615"}
{"tag":"!","time":"4.78805","counter":"940105","score":"-23612"}
{"tag":"!","time":"4.80033","counter":"941805","score":"-23600"}
{"tag":"!","time":"5.036","counter":"989908","score":"-23584"}
{"tag":"!","time":"5.036","counter":"989913","score":"-23583"}
{"tag":"!","time":"5.036","counter":"989921","score":"-23581"}
{"tag":"!","time":"5.036","counter":"989925","score":"-23572"}
{"tag":"!","time":"5.036","counter":"989926","score":"-23558"}
{"tag":"!","time":"5.62989","counter":"1099043","score":"-23543"}
{"tag":"!","time":"5.73296","counter":"1115557","score":"-23539"}
{"tag":"!","time":"5.73296","counter":"1115561","score":"-23534"}
{"tag":"!","time":"5.74554","counter":"1117733","score":"-23523"}
{"tag":"!","time":"5.74554","counter":"1117746","score":"-23520"}
{"tag":"!","time":"5.74554","counter":"1117829","score":"-23509"}
{"tag":"!","time":"5.74554","counter":"1117835","score":"-23495"}
{"tag":"!","time":"5.74554","counter":"1117866","score":"-23493"}
{"tag":"!","time":"5.74554","counter":"1117876","score":"-23483"}
{"tag":"!","time":"5.74554","counter":"1117878","score":"-23482"}
{"tag":"!","time":"5.74554","counter":"1117880","score":"-23469"}
{"tag":"!","time":"5.74554","counter":"1117901","score":"-23458"}
{"tag":"!","time":"5.74554","counter":"1117914","score":"-23426"}
{"tag":"!","time":"5.74554","counter":"1117929","score":"-23424"}
{"tag":"!","time":"6.01284","counter":"1161838","score":"-23414"}
{"tag":"!","time":"6.04261","counter":"1167160","score":"-23404"}
{"tag":"!","time":"6.04261","counter":"1167196","score":"-23399"}
{"tag":"!","time":"6.04261","counter":"1167202","score":"-23382"}
{"tag":"!","time":"6.04261","counter":"1167220","score":"-23373"}
{"tag":"!","time":"6.04261","counter":"1167234","score":"-23360"}
{"tag":"!","time":"6.20374","counter":"1197094","score":"-23356"}
{"tag":"!","time":"6.20374","counter":"1197105","score":"-23349"}
{"tag":"!","time":"6.61053","counter":"1262603","score":"-23344"}
{"tag":"!","time":"6.61686","counter":"1263921","score":"-23343"}
{"tag":"!","time":"6.61686","counter":"1263974","score":"-23336"}
{"tag":"!","time":"6.61686","counter":"1263988","score":"-23319"}
{"tag":"!","time":"6.61686","counter":"1264046","score":"-23318"}
{"tag":"!","time":"6.61686","counter":"1264065","score":"-23314"}
{"tag":"!","time":"6.61686","counter":"1264082","score":"-23313"}
{"tag":"!","time":"6.67606","counter":"1273003","score":"-23304"}
{"tag":"!","time":"6.67606","counter":"1273064","score":"-23302"}
{"tag":"!","time":"6.67606","counter":"1273066","score":"-23300"}
{"tag":"!","time":"6.67606","counter":"1273068","score":"-23290"}
{"tag":"!","time":"6.67606","counter":"1273074","score":"-23285"}
{"tag":"!","time":"6.67606","counter":"1273098","score":"-23279"}
{"tag":"!","time":"6.77062","counter":"1288248","score":"-23276"}
{"tag":"!","time":"6.77062","counter":"1288293","score":"-23272"}
{"tag":"!","time":"6.82164","counter":"1295551","score":"-23255"}
{"tag":"!","time":"6.82164","counter":"1295601","score":"-23253"}
{"tag":"!","time":"6.82164","counter":"1295602","score":"-23249"}
{"tag":"!","time":"6.82164","counter":"1295604","score":"-23246"}
{"tag":"!","time":"6.871","counter":"1303143","score":"-23238"}
{"tag":"!","time":"6.871","counter":"1303149","score":"-23223"}
{"tag":"!","time":"6.871","counter":"1303151","score":"-23221"}
{"tag":"!","time":"6.871","counter":"1303156","score":"-23202"}
{"tag":"!","time":"6.871","counter":"1303159","score":"-23187"}
{"tag":"!","time":"6.871","counter":"1303164","score":"-23185"}
{"tag":"!","time":"6.871","counter":"1303191","score":"-23184"}
{"tag":"!","time":"6.871","counter":"1303198","score":"-23153"}
{"tag":"!","time":"6.871","counter":"1303203","score":"-23139"}
{"tag":"!","time":"6.871","counter":"1303210","score":"-23134"}
{"tag":"!","time":"6.97399","counter":"1319075","score":"-23132"}
{"tag":"!","time":"6.97399","counter":"1319083","score":"-23120"}
{"tag":"!","time":"6.97399","counter":"1319125","score":"-23114"}
{"tag":"!","time":"6.97399","counter":"1319148","score":"-23108"}
{"tag":"!","time":"6.97399","counter":"1319188","score":"-23107"}
{"tag":"!","time":"7.05183","counter":"1331774","score":"-23093"}
{"tag":"!","time":"7.05183","counter":"1331784","score":"-23087"}
{"tag":"!","time":"7.05183","counter":"1331792","score":"-23077"}
{"tag":"!","time":"7.05183","counter":"1331807","score":"-23072"}
{"tag":"!","time":"7.32159","counter":"1373811","score":"-23070"}
{"tag":"!","time":"7.32159","counter":"1373882","score":"-23066"}
{"tag":"!","time":"7.32159","counter":"1373905","score":"-23056"}
{"tag":"!","time":"7.32159","counter":"1373917","score":"-23038"}
{"tag":"!","time":"7.3613","counter":"1380015","score":"-23030"}
{"tag":"!","time":"7.3613","counter":"1380022","score":"-23020"}
{"tag":"!","time":"7.3613","counter":"1380029","score":"-23012"}
{"tag":"!","time":"7.36819","counter":"1380391","score":"-22988"}
{"tag":"!","time":"7.49659","counter":"1401535","score":"-22983"}
{"tag":"!","time":"7.49659","counter":"1401536","score":"-22981"}
{"tag":"!","time":"7.49659","counter":"1401539","score":"-22976"}
{"tag":"!","time":"7.49659","counter":"1401565","score":"-22967"}
{"tag":"!","time":"7.49659","counter":"1401577","score":"-22963"}
{"tag":"!","time":"7.49659","counter":"1401580","score":"-22961"}
{"tag":"!","time":"7.54085","counter":"1408308","score":"-22959"}
{"tag":"!","time":"7.54085","counter":"1408326","score":"-22953"}
{"tag":"!","time":"7.54085","counter":"1408341","score":"-22946"}
{"tag":"!","time":"7.57288","counter":"1413962","score":"-22945"}
{"tag":"!","time":"7.57288","counter":"1413968","score":"-22944"}
{"tag":"!","time":"7.5869","counter":"1415817","score":"-22939"}
{"tag":"!","time":"7.5869","counter":"1415879","score":"-22923"}
{"tag":"!","time":"7.5869","counter":"1415902","score":"-22917"}
{"tag":"!","time":"7.5869","counter":"1415906","score":"-22914"}
{"tag":"!","time":"7.69816","counter":"1431803","score":"-22910"}
{"tag":"!","time":"7.69816","counter":"1431806","score":"-22903"}
{"tag":"!","time":"7.69816","counter":"1431816","score":"-22900"}
{"tag":"!","time":"7.69816","counter":"1431841","score":"-22891"}
{"tag":"!","time":"7.69816","counter":"1431869","score":"-22879"}
{"tag":"!","time":"7.69816","counter":"1431872","score":"-22877"}
{"tag":"!","time":"7.70518","counter":"1433612","score":"-22873"}
{"tag":"!","time":"7.70518","counter":"1433658","score":"-22843"}
{"tag":"!","time":"7.77701","counter":"1444630","score":"-22842"}
{"tag":"!","time":"7.78267","counter":"1444723","score":"-22829"}
{"tag":"!","time":"7.78267","counter":"1444785","score":"-22820"}
{"tag":"!","time":"7.97782","counter":"1475025","score":"-22815"}
{"tag":"!","time":"8.12876","counter":"1498065","score":"-22813"}
{"tag":"!","time":"8.13535","counter":"1498124","score":"-22799"}
{"tag":"!","time":"8.13535","counter":"1498196","score":"-22794"}
{"tag":"!","time":"8.27637","counter":"1519087","score":"-22787"}
{"tag":"!","time":"8.27637","counter":"1519121","score":"-22785"}
{"tag":"!","time":"8.27637","counter":"1519135","score":"-22778"}
{"tag":"!","time":"8.27637","counter":"1519188","score":"-22769"}
{"tag":"!","time":"8.27637","counter":"1519223","score":"-22761"}
{"tag":"!","time":"8.27637","counter":"1519239","score":"-22759"}
{"tag":"!","time":"8.28953","counter":"1521585","score":"-22757"}
{"tag":"!","time":"8.28953","counter":"1521594","score":"-22749"}
{"tag":"!","time":"8.28953","counter":"1521654","score":"-22743"}
{"tag":"!","time":"8.55263","counter":"1560318","score":"-22741"}
{"tag":"!","time":"8.55263","counter":"1560342","score":"-22735"}
{"tag":"!","time":"8.55263","counter":"1560356","score":"-22728"}
{"tag":"!","time":"8.55263","counter":"1560374","score":"-22725"}
{"tag":"!","time":"8.55263","counter":"1560399","score":"-22712"}
{"tag":"!","time":"8.55263","counter":"1560427","score":"-22703"}
{"tag":"!","time":"8.56055","counter":"1560501","score":"-22692"}
{"tag":"!","time":"8.64582","counter":"1574139","score":"-22686"}
{"tag":"!","time":"8.64582","counter":"1574159","score":"-22679"}
{"tag":"!","time":"8.64582","counter":"1574255","score":"-22677"}
{"tag":"!","time":"8.64582","counter":"1574304","score":"-22676"}
{"tag":"!","time":"8.76986","counter":"1592249","score":"-22675"}
{"tag":"!","time":"8.76986","counter":"1592267","score":"-22663"}
{"tag":"!","time":"8.76986","counter":"1592343","score":"-22660"}
{"tag":"!","time":"8.8494","counter":"1604656","score":"-22650"}
{"tag":"!","time":"9.09957","counter":"1640262","score":"-22646"}
{"tag":"!","time":"9.09957","counter":"1640295","score":"-22641"}
{"tag":"!","time":"9.09957","counter":"1640313","score":"-22638"}
{"tag":"!","time":"9.09957","counter":"1640352","score":"-22635"}
{"tag":"!","time":"9.10742","counter":"1641372","score":"-22633"}
{"tag":"!","time":"9.10742","counter":"1641436","score":"-22632"}
{"tag":"!","time":"9.23296","counter":"1660356","score":"-22631"}
{"tag":"!","time":"9.23929","counter":"1660784","score":"-22628"}
{"tag":"!","time":"9.23929","counter":"1660814","score":"-22625"}
{"tag":"!","time":"9.27758","counter":"1666579","score":"-22622"}
{"tag":"!","time":"9.30952","counter":"1671520","score":"-22621"}
{"tag":"!","time":"9.30952","counter":"1671568","score":"-22619"}
{"tag":"!","time":"9.32236","counter":"1673694","score":"-22617"}
{"tag":"!","time":"9.32236","counter":"1673984","score":"-22611"}
{"tag":"!","time":"9.34218","counter":"1676369","score":"-22606"}
{"tag":"!","time":"9.34218","counter":"1676510","score":"-22604"}
{"tag":"!","time":"9.34882","counter":"1678086","score":"-22603"}
{"tag":"!","time":"9.37426","counter":"1681402","score":"-22601"}
{"tag":"!","time":"9.39278","counter":"1684139","score":"-22596"}
{"tag":"!","time":"9.39947","counter":"1684857","score":"-22595"}
{"tag":"!","time":"9.40604","counter":"1685478","score":"-22592"}
{"tag":"!","time":"9.50492","counter":"1699970","score":"-22591"}
{"tag":"!","time":"9.51088","counter":"1701018","score":"-22590"}
{"tag":"!","time":"9.51712","counter":"1701696","score":"-22588"}
{"tag":"!","time":"9.51712","counter":"1701904","score":"-22587"}
{"tag":"!","time":"9.52855","counter":"1703181","score":"-22586"}
{"tag":"!","time":"9.53486","counter":"1704256","score":"-22585"}
{"tag":"!","time":"9.66145","counter":"1725612","score":"-22584"}
{"tag":"!","time":"9.66782","counter":"1726580","score":"-22582"}
{"tag":"!","time":"9.6743","counter":"1727211","score":"-22581"}
{"tag":"!","time":"9.6743","counter":"1727669","score":"-22580"}
{"tag":"result","counter":"1740646","score":"-22580"}
{"type":"sa","c":"0.0255297","l":"0.461169","score":"0.182327"}
