{"type":"greedy_loss","c":"1.2","l":"0","score":"0.372994","h":"12","w":"14"}
{"type":"greedy_loss","c":"1.15714","l":"0","score":"0.359672","h":"18","w":"9"}
{"type":"greedy_loss","c":"1.15714","l":"0","score":"0.359672","h":"18","w":"9"}
{"type":"greedy_loss","c":"1.15714","l":"0","score":"0.359672","h":"18","w":"9"}
{"type":"greedy_loss","c":"1.15714","l":"0","score":"0.359672","h":"18","w":"9"}
{"type":"greedy_loss","c":"1.15714","l":"0","score":"0.359672","h":"18","w":"9"}
{"type":"greedy_loss","c":"1.15714","l":"0","score":"0.359672","h":"18","w":"9"}
{"type":"greedy_loss","c":"1.15714","l":"0","score":"0.359672","h":"18","w":"9"}
{"type":"greedy_loss","c":"1.15714","l":"0","score":"0.359672","h":"18","w":"9"}
{"type":"greedy_loss","c":"1.15714","l":"0","score":"0.359672","h":"18","w":"9"}
{"type":"greedy_loss","c":"1.15714","l":"0","score":"0.359672","h":"18","w":"9"}
{"s_comp":"0.310127","s_loss":"0.324611","T":"140","P":"0.310828"}
{"tag":"param","type":"sa","start_temp":"30","end_temp":"1","limit":"9.79063"}
{"tag":"!","time":"9.3795e-05","counter":"15","score":"-497"}
{"tag":"!","time":"9.3795e-05","counter":"34","score":"-488"}
{"tag":"!","time":"9.3795e-05","counter":"38","score":"-484"}
{"tag":"!","time":"9.3795e-05","counter":"55","score":"-479"}
{"tag":"!","time":"9.3795e-05","counter":"136","score":"-475"}
{"tag":"!","time":"9.3795e-05","counter":"189","score":"-458"}
{"tag":"!","time":"9.3795e-05","counter":"219","score":"-452"}
{"tag":"!","time":"9.3795e-05","counter":"343","score":"-447"}
{"tag":"!","time":"9.3795e-05","counter":"344","score":"-440"}
{"tag":"!","time":"9.3795e-05","counter":"722","score":"-423"}
{"tag":"!","time":"9.3795e-05","counter":"734","score":"-422"}
{"tag":"!","time":"0.00761114","counter":"2081","score":"-416"}
{"tag":"!","time":"0.00761114","counter":"2086","score":"-413"}
{"tag":"!","time":"0.00761114","counter":"2380","score":"-398"}
{"tag":"!","time":"0.143262","counter":"43475","score":"-396"}
{"tag":"!","time":"0.226492","counter":"69268","score":"-393"}
{"tag":"result","counter":"2952000","score":"-393"}
{"type":"sa","c":"0.45","l":"0.224571","score":"0.294641"}
