{"type":"greedy_loss","c":"1.09225","l":"0","score":"0.484605","h":"10","w":"251"}
{"type":"greedy_loss","c":"1.0792","l":"0","score":"0.478813","h":"248","w":"10"}
{"type":"greedy_loss","c":"1.0792","l":"0","score":"0.478813","h":"248","w":"10"}
{"type":"greedy_loss","c":"1.0792","l":"0","score":"0.478813","h":"248","w":"10"}
{"type":"greedy_loss","c":"1.0792","l":"0","score":"0.478813","h":"248","w":"10"}
{"type":"greedy_loss","c":"1.0792","l":"0","score":"0.478813","h":"248","w":"10"}
{"type":"greedy_loss","c":"1.0792","l":"0","score":"0.478813","h":"248","w":"10"}
{"type":"greedy_loss","c":"1.0792","l":"0","score":"0.478813","h":"248","w":"10"}
{"type":"greedy_loss","c":"1.0792","l":"0","score":"0.478813","h":"248","w":"10"}
{"type":"greedy_loss","c":"1.0792","l":"0","score":"0.478813","h":"248","w":"10"}
{"type":"greedy_loss","c":"1.0792","l":"0","score":"0.478813","h":"248","w":"10"}
{"type":"greedy_loss","c":"1.0792","l":"0","score":"0.478813","h":"248","w":"10"}
{"type":"greedy_loss","c":"1.04961","l":"0","score":"0.465684","h":"201","w":"12"}
{"type":"greedy_loss","c":"1.09138","l":"0","score":"0.484219","h":"132","w":"19"}
{"type":"greedy_loss","c":"1.06353","l":"0","score":"0.471863","h":"188","w":"13"}
{"type":"greedy_loss","c":"1.09138","l":"0","score":"0.484219","h":"132","w":"19"}
{"type":"greedy_loss","c":"1.09138","l":"0","score":"0.484219","h":"132","w":"19"}
{"type":"greedy_loss","c":"1.09138","l":"0","score":"0.484219","h":"132","w":"19"}
{"type":"greedy_loss","c":"1.09138","l":"0","score":"0.484219","h":"132","w":"19"}
{"type":"greedy_loss","c":"1.09138","l":"0","score":"0.484219","h":"132","w":"19"}
{"type":"greedy_loss","c":"1.09138","l":"0","score":"0.484219","h":"132","w":"19"}
{"type":"greedy_loss","c":"1.09138","l":"0","score":"0.484219","h":"132","w":"19"}
{"type":"greedy_loss","c":"1.09138","l":"0","score":"0.484219","h":"132","w":"19"}
{"type":"greedy_loss","c":"1.0879","l":"0","score":"0.482675","h":"100","w":"25"}
{"type":"greedy_loss","c":"1.09138","l":"0","score":"0.484219","h":"132","w":"19"}
{"type":"greedy_loss","c":"1.09138","l":"0","score":"0.484219","h":"132","w":"19"}
{"type":"greedy_loss","c":"1.08529","l":"0","score":"0.481516","h":"43","w":"58"}
{"type":"greedy_loss","c":"1.08529","l":"0","score":"0.481516","h":"43","w":"58"}
{"type":"greedy_loss","c":"1.08399","l":"0","score":"0.480937","h":"53","w":"47"}
{"type":"greedy_loss","c":"1.08747","l":"0","score":"0.482481","h":"51","w":"49"}
{"s_comp":"0.250346","s_loss":"0.454801","T":"2298","P":"0.443674"}
{"tag":"param","type":"sa","start_temp":"30","end_temp":"1","limit":"9.78243"}
{"tag":"!","time":"2.27664e-05","counter":"1","score":"-14099"}
{"tag":"!","time":"2.27664e-05","counter":"2","score":"-14096"}
{"tag":"!","time":"2.27664e-05","counter":"36","score":"-14079"}
{"tag":"!","time":"2.27664e-05","counter":"37","score":"-14055"}
{"tag":"!","time":"2.27664e-05","counter":"63","score":"-14043"}
{"tag":"!","time":"2.27664e-05","counter":"66","score":"-14020"}
{"tag":"!","time":"2.27664e-05","counter":"68","score":"-14017"}
{"tag":"!","time":"2.27664e-05","counter":"69","score":"-14011"}
{"tag":"!","time":"2.27664e-05","counter":"71","score":"-14002"}
{"tag":"!","time":"2.27664e-05","counter":"73","score":"-13977"}
{"tag":"!","time":"2.27664e-05","counter":"104","score":"-13941"}
{"tag":"!","time":"2.27664e-05","counter":"105","score":"-13933"}
{"tag":"!","time":"2.27664e-05","counter":"106","score":"-13904"}
{"tag":"!","time":"2.27664e-05","counter":"265","score":"-13897"}
{"tag":"!","time":"2.27664e-05","counter":"266","score":"-13896"}
{"tag":"!","time":"2.27664e-05","counter":"274","score":"-13876"}
{"tag":"!","time":"2.27664e-05","counter":"276","score":"-13869"}
{"tag":"!","time":"2.27664e-05","counter":"280","score":"-13854"}
{"tag":"!","time":"2.27664e-05","counter":"503","score":"-13847"}
{"tag":"!","time":"2.27664e-05","counter":"506","score":"-13832"}
{"tag":"!","time":"2.27664e-05","counter":"510","score":"-13822"}
{"tag":"!","time":"2.27664e-05","counter":"511","score":"-13807"}
{"tag":"!","time":"2.27664e-05","counter":"516","score":"-13796"}
{"tag":"!","time":"2.27664e-05","counter":"518","score":"-13770"}
{"tag":"!","time":"2.27664e-05","counter":"519","score":"-13768"}
{"tag":"!","time":"0.0101461","counter":"2000","score":"-13733"}
{"tag":"!","time":"0.0219472","counter":"5243","score":"-13721"}
{"tag":"!","time":"0.0219472","counter":"5244","score":"-13696"}
{"tag":"!","time":"0.0219472","counter":"5251","score":"-13690"}
{"tag":"!","time":"0.0219472","counter":"5263","score":"-13674"}
{"tag":"!","time":"0.0219472","counter":"5264","score":"-13671"}
{"tag":"!","time":"0.0219472","counter":"5265","score":"-13658"}
{"tag":"!","time":"0.0219472","counter":"5270","score":"-13650"}
{"tag":"!","time":"0.0219472","counter":"5271","score":"-13649"}
{"tag":"!","time":"0.0219472","counter":"5279","score":"-13636"}
{"tag":"!","time":"0.293891","counter":"73178","score":"-13609"}
{"tag":"!","time":"0.763199","counter":"190839","score":"-13604"}
{"tag":"!","time":"0.763199","counter":"190848","score":"-13600"}
{"tag":"!","time":"0.763199","counter":"190849","score":"-13596"}
{"tag":"!","time":"1.06257","counter":"265487","score":"-13587"}
{"tag":"!","time":"1.15722","counter":"288385","score":"-13574"}
{"tag":"!","time":"1.15722","counter":"288387","score":"-13572"}
{"tag":"!","time":"1.15722","counter":"288416","score":"-13564"}
{"tag":"!","time":"1.31767","counter":"324637","score":"-13562"}
{"tag":"!","time":"1.31767","counter":"324639","score":"-13531"}
{"tag":"!","time":"2.65321","counter":"636312","score":"-13526"}
{"tag":"!","time":"2.74306","counter":"655893","score":"-13518"}
{"tag":"!","time":"3.08985","counter":"729171","score":"-13514"}
{"tag":"!","time":"3.08985","counter":"729173","score":"-13500"}
{"tag":"!","time":"3.08985","counter":"729189","score":"-13481"}
{"tag":"!","time":"3.08985","counter":"729190","score":"-13449"}
{"tag":"!","time":"3.08985","counter":"729197","score":"-13432"}
{"tag":"!","time":"3.08985","counter":"729199","score":"-13413"}
{"tag":"!","time":"3.08985","counter":"729223","score":"-13412"}
{"tag":"!","time":"3.40612","counter":"789004","score":"-13411"}
{"tag":"!","time":"3.68679","counter":"843130","score":"-13401"}
{"tag":"!","time":"3.68679","counter":"843131","score":"-13399"}
{"tag":"!","time":"3.68679","counter":"843132","score":"-13396"}
{"tag":"!","time":"4.1922","counter":"938448","score":"-13394"}
{"tag":"!","time":"4.1922","counter":"938470","score":"-13384"}
{"tag":"!","time":"4.1922","counter":"938471","score":"-13345"}
{"tag":"!","time":"4.33816","counter":"965442","score":"-13338"}
{"tag":"!","time":"4.33816","counter":"965445","score":"-13336"}
{"tag":"!","time":"4.33816","counter":"965449","score":"-13335"}
{"tag":"!","time":"4.33816","counter":"965450","score":"-13321"}
{"tag":"!","time":"4.33816","counter":"965453","score":"-13302"}
{"tag":"!","time":"4.33816","counter":"965455","score":"-13271"}
{"tag":"!","time":"4.33816","counter":"965471","score":"-13262"}
{"tag":"!","time":"5.07405","counter":"1108075","score":"-13242"}
{"tag":"!","time":"5.07405","counter":"1108077","score":"-13237"}
{"tag":"!","time":"5.07405","counter":"1108079","score":"-13206"}
{"tag":"!","time":"5.07405","counter":"1108089","score":"-13201"}
{"tag":"!","time":"5.07405","counter":"1108101","score":"-13194"}
{"tag":"!","time":"5.07405","counter":"1108102","score":"-13178"}
{"tag":"!","time":"5.46109","counter":"1176480","score":"-13166"}
{"tag":"!","time":"5.46109","counter":"1176494","score":"-13158"}
{"tag":"!","time":"5.46109","counter":"1176530","score":"-13154"}
{"tag":"!","time":"5.46109","counter":"1176533","score":"-13149"}
{"tag":"!","time":"5.46109","counter":"1176534","score":"-13111"}
{"tag":"!","time":"5.46836","counter":"1176626","score":"-13103"}
{"tag":"!","time":"5.79197","counter":"1238156","score":"-13096"}
{"tag":"!","time":"5.81849","counter":"1242776","score":"-13094"}
{"tag":"!","time":"6.23618","counter":"1322371","score":"-13088"}
{"tag":"!","time":"6.23618","counter":"1322411","score":"-13078"}
{"tag":"!","time":"6.23618","counter":"1322413","score":"-13042"}
{"tag":"!","time":"6.23618","counter":"1322417","score":"-13040"}
{"tag":"!","time":"6.43358","counter":"1360178","score":"-13036"}
{"tag":"!","time":"6.43358","counter":"1360187","score":"-13022"}
{"tag":"!","time":"6.50868","counter":"1374468","score":"-13013"}
{"tag":"!","time":"6.50868","counter":"1374469","score":"-12996"}
{"tag":"!","time":"6.50868","counter":"1374637","score":"-12979"}
{"tag":"!","time":"6.50868","counter":"1374638","score":"-12967"}
{"tag":"!","time":"6.50868","counter":"1374678","score":"-12965"}
{"tag":"!","time":"6.50868","counter":"1374840","score":"-12942"}
{"tag":"!","time":"6.61087","counter":"1395009","score":"-12936"}
{"tag":"!","time":"6.61087","counter":"1395021","score":"-12933"}
{"tag":"!","time":"6.84926","counter":"1439244","score":"-12931"}
{"tag":"!","time":"6.84926","counter":"1439307","score":"-12922"}
{"tag":"!","time":"6.84926","counter":"1439310","score":"-12918"}
{"tag":"!","time":"6.84926","counter":"1439373","score":"-12907"}
{"tag":"!","time":"6.84926","counter":"1439433","score":"-12903"}
{"tag":"!","time":"6.84926","counter":"1439436","score":"-12891"}
{"tag":"!","time":"6.84926","counter":"1439473","score":"-12884"}
{"tag":"!","time":"6.84926","counter":"1439649","score":"-12870"}
{"tag":"!","time":"6.92198","counter":"1453396","score":"-12854"}
{"tag":"!","time":"6.92198","counter":"1453478","score":"-12849"}
{"tag":"!","time":"6.92198","counter":"1453485","score":"-12842"}
{"tag":"!","time":"7.11653","counter":"1492869","score":"-12829"}
{"tag":"!","time":"7.11653","counter":"1492898","score":"-12819"}
{"tag":"!","time":"7.11653","counter":"1492968","score":"-12817"}
{"tag":"!","time":"7.11653","counter":"1493141","score":"-12816"}
{"tag":"!","time":"7.11653","counter":"1493142","score":"-12813"}
{"tag":"!","time":"7.668","counter":"1592256","score":"-12808"}
{"tag":"!","time":"7.668","counter":"1592279","score":"-12802"}
{"tag":"!","time":"7.668","counter":"1592301","score":"-12799"}
{"tag":"!","time":"7.668","counter":"1592307","score":"-12793"}
{"tag":"!","time":"7.668","counter":"1592440","score":"-12787"}
{"tag":"!","time":"7.67361","counter":"1593068","score":"-12786"}
{"tag":"!","time":"7.76384","counter":"1609768","score":"-12779"}
{"tag":"!","time":"7.76384","counter":"1609832","score":"-12772"}
{"tag":"!","time":"7.78074","counter":"1612518","score":"-12741"}
{"tag":"!","time":"7.78074","counter":"1612569","score":"-12730"}
{"tag":"!","time":"7.78074","counter":"1612614","score":"-12729"}
{"tag":"!","time":"7.83598","counter":"1623637","score":"-12725"}
{"tag":"!","time":"7.83598","counter":"1623693","score":"-12724"}
{"tag":"!","time":"7.83598","counter":"1623701","score":"-12714"}
{"tag":"!","time":"7.84625","counter":"1625531","score":"-12712"}
{"tag":"!","time":"7.84625","counter":"1625533","score":"-12706"}
{"tag":"!","time":"7.95971","counter":"1647916","score":"-12698"}
{"tag":"!","time":"7.95971","counter":"1647936","score":"-12693"}
{"tag":"!","time":"8.29111","counter":"1711278","score":"-12690"}
{"tag":"!","time":"8.31094","counter":"1715387","score":"-12679"}
{"tag":"!","time":"8.31094","counter":"1715404","score":"-12675"}
{"tag":"!","time":"8.31623","counter":"1716419","score":"-12673"}
{"tag":"!","time":"8.31623","counter":"1716428","score":"-12666"}
{"tag":"!","time":"8.33589","counter":"1720127","score":"-12659"}
{"tag":"!","time":"8.34073","counter":"1720970","score":"-12658"}
{"tag":"!","time":"8.51389","counter":"1755726","score":"-12652"}
{"tag":"!","time":"8.73608","counter":"1800763","score":"-12648"}
{"tag":"!","time":"8.73608","counter":"1800791","score":"-12641"}
{"tag":"!","time":"8.73608","counter":"1801182","score":"-12638"}
{"tag":"!","time":"8.73608","counter":"1801234","score":"-12637"}
{"tag":"!","time":"8.74166","counter":"1801323","score":"-12634"}
{"tag":"!","time":"8.79559","counter":"1812299","score":"-12630"}
{"tag":"!","time":"8.79559","counter":"1812324","score":"-12623"}
{"tag":"!","time":"8.80558","counter":"1814800","score":"-12621"}
{"tag":"!","time":"9.16994","counter":"1885292","score":"-12620"}
{"tag":"!","time":"9.26127","counter":"1902377","score":"-12617"}
{"tag":"!","time":"9.26704","counter":"1902510","score":"-12614"}
{"tag":"!","time":"9.34667","counter":"1917794","score":"-12612"}
{"tag":"!","time":"9.4123","counter":"1930982","score":"-12609"}
{"tag":"!","time":"9.41808","counter":"1931160","score":"-12606"}
{"tag":"!","time":"9.5636","counter":"1958893","score":"-12605"}
{"tag":"!","time":"9.57288","counter":"1961217","score":"-12604"}
{"tag":"!","time":"9.6371","counter":"1975204","score":"-12603"}
{"tag":"!","time":"9.64245","counter":"1976023","score":"-12602"}
{"tag":"result","counter":"2003885","score":"-12602"}
{"type":"sa","c":"0.0435161","l":"0.438712","score":"0.263374"}
