{"type":"greedy_loss","c":"1.12873","l":"0","score":"0.0747427","h":"10","w":"121"}
{"type":"greedy_loss","c":"1.08209","l":"0","score":"0.0716542","h":"116","w":"10"}
{"type":"greedy_loss","c":"1.08209","l":"0","score":"0.0716542","h":"116","w":"10"}
{"type":"greedy_loss","c":"1.08209","l":"0","score":"0.0716542","h":"116","w":"10"}
{"type":"greedy_loss","c":"1.08209","l":"0","score":"0.0716542","h":"116","w":"10"}
{"type":"greedy_loss","c":"1.08209","l":"0","score":"0.0716542","h":"116","w":"10"}
{"type":"greedy_loss","c":"1.08209","l":"0","score":"0.0716542","h":"116","w":"10"}
{"type":"greedy_loss","c":"1.08209","l":"0","score":"0.0716542","h":"116","w":"10"}
{"type":"greedy_loss","c":"1.08209","l":"0","score":"0.0716542","h":"116","w":"10"}
{"type":"greedy_loss","c":"1.08209","l":"0","score":"0.0716542","h":"116","w":"10"}
{"type":"greedy_loss","c":"1.08209","l":"0","score":"0.0716542","h":"116","w":"10"}
{"type":"greedy_loss","c":"1.08209","l":"0","score":"0.0716542","h":"116","w":"10"}
{"type":"greedy_loss","c":"1.09142","l":"0","score":"0.0722719","h":"45","w":"26"}
{"type":"greedy_loss","c":"1.06343","l":"0","score":"0.0704188","h":"95","w":"12"}
{"type":"greedy_loss","c":"1.09142","l":"0","score":"0.0722719","h":"45","w":"26"}
{"type":"greedy_loss","c":"1.06343","l":"0","score":"0.0704188","h":"95","w":"12"}
{"type":"greedy_loss","c":"1.09142","l":"0","score":"0.0722719","h":"45","w":"26"}
{"type":"greedy_loss","c":"1.09422","l":"0","score":"0.0724572","h":"51","w":"23"}
{"type":"greedy_loss","c":"1.09142","l":"0","score":"0.0722719","h":"45","w":"26"}
{"type":"greedy_loss","c":"1.09422","l":"0","score":"0.0724572","h":"51","w":"23"}
{"type":"greedy_loss","c":"1.09142","l":"0","score":"0.0722719","h":"45","w":"26"}
{"type":"greedy_loss","c":"1.09422","l":"0","score":"0.0724572","h":"51","w":"23"}
{"type":"greedy_loss","c":"1.09142","l":"0","score":"0.0722719","h":"45","w":"26"}
{"type":"greedy_loss","c":"1.09422","l":"0","score":"0.0724572","h":"51","w":"23"}
{"type":"greedy_loss","c":"1.09142","l":"0","score":"0.0722719","h":"45","w":"26"}
{"type":"greedy_loss","c":"1.09422","l":"0","score":"0.0724572","h":"51","w":"23"}
{"type":"greedy_loss","c":"1.09142","l":"0","score":"0.0722719","h":"45","w":"26"}
{"type":"greedy_loss","c":"1.09142","l":"0","score":"0.0722719","h":"45","w":"26"}
{"type":"greedy_loss","c":"1.1194","l":"0","score":"0.074125","h":"50","w":"24"}
{"type":"greedy_loss","c":"1.1194","l":"0","score":"0.074125","h":"30","w":"40"}
{"s_comp":"0.420202","s_loss":"0.084894","T":"1072","P":"0.0662184"}
{"tag":"param","type":"sa","start_temp":"30","end_temp":"1","limit":"9.78812"}
{"tag":"!","time":"2.36529e-05","counter":"0","score":"-3076"}
{"tag":"!","time":"2.36529e-05","counter":"1","score":"-3041"}
{"tag":"!","time":"2.36529e-05","counter":"12","score":"-2934"}
{"tag":"!","time":"2.36529e-05","counter":"15","score":"-2901"}
{"tag":"!","time":"2.36529e-05","counter":"18","score":"-2898"}
{"tag":"!","time":"2.36529e-05","counter":"21","score":"-2817"}
{"tag":"!","time":"2.36529e-05","counter":"22","score":"-2703"}
{"tag":"!","time":"2.36529e-05","counter":"23","score":"-2664"}
{"tag":"!","time":"2.36529e-05","counter":"24","score":"-2625"}
{"tag":"!","time":"2.36529e-05","counter":"25","score":"-2618"}
{"tag":"!","time":"2.36529e-05","counter":"26","score":"-2617"}
{"tag":"!","time":"2.36529e-05","counter":"27","score":"-2614"}
{"tag":"!","time":"2.36529e-05","counter":"30","score":"-2559"}
{"tag":"!","time":"2.36529e-05","counter":"38","score":"-2554"}
{"tag":"!","time":"2.36529e-05","counter":"47","score":"-2522"}
{"tag":"!","time":"2.36529e-05","counter":"63","score":"-2504"}
{"tag":"!","time":"2.36529e-05","counter":"77","score":"-2498"}
{"tag":"!","time":"2.36529e-05","counter":"78","score":"-2473"}
{"tag":"!","time":"2.36529e-05","counter":"80","score":"-2373"}
{"tag":"!","time":"2.36529e-05","counter":"81","score":"-2341"}
{"tag":"!","time":"2.36529e-05","counter":"82","score":"-2330"}
{"tag":"!","time":"2.36529e-05","counter":"84","score":"-2281"}
{"tag":"!","time":"2.36529e-05","counter":"92","score":"-2249"}
{"tag":"!","time":"2.36529e-05","counter":"93","score":"-2240"}
{"tag":"!","time":"2.36529e-05","counter":"101","score":"-2210"}
{"tag":"!","time":"2.36529e-05","counter":"104","score":"-2114"}
{"tag":"!","time":"2.36529e-05","counter":"108","score":"-2074"}
{"tag":"!","time":"2.36529e-05","counter":"111","score":"-2031"}
{"tag":"!","time":"2.36529e-05","counter":"113","score":"-2008"}
{"tag":"!","time":"2.36529e-05","counter":"170","score":"-1957"}
{"tag":"!","time":"2.36529e-05","counter":"184","score":"-1941"}
{"tag":"!","time":"2.36529e-05","counter":"230","score":"-1926"}
{"tag":"!","time":"2.36529e-05","counter":"232","score":"-1924"}
{"tag":"!","time":"2.36529e-05","counter":"241","score":"-1901"}
{"tag":"!","time":"2.36529e-05","counter":"246","score":"-1815"}
{"tag":"!","time":"2.36529e-05","counter":"268","score":"-1792"}
{"tag":"!","time":"2.36529e-05","counter":"269","score":"-1786"}
{"tag":"!","time":"2.36529e-05","counter":"275","score":"-1693"}
{"tag":"!","time":"2.36529e-05","counter":"279","score":"-1678"}
{"tag":"!","time":"2.36529e-05","counter":"659","score":"-1653"}
{"tag":"!","time":"2.36529e-05","counter":"661","score":"-1606"}
{"tag":"!","time":"2.36529e-05","counter":"662","score":"-1584"}
{"tag":"!","time":"2.36529e-05","counter":"678","score":"-1583"}
{"tag":"!","time":"2.36529e-05","counter":"752","score":"-1508"}
{"tag":"!","time":"2.36529e-05","counter":"773","score":"-1470"}
{"tag":"!","time":"2.36529e-05","counter":"785","score":"-1469"}
{"tag":"!","time":"2.36529e-05","counter":"798","score":"-1432"}
{"tag":"!","time":"2.36529e-05","counter":"808","score":"-1388"}
{"tag":"!","time":"2.36529e-05","counter":"819","score":"-1298"}
{"tag":"!","time":"2.36529e-05","counter":"833","score":"-1292"}
{"tag":"!","time":"2.36529e-05","counter":"888","score":"-1270"}
{"tag":"!","time":"2.36529e-05","counter":"917","score":"-1249"}
{"tag":"!","time":"0.00878431","counter":"1005","score":"-1246"}
{"tag":"!","time":"0.00878431","counter":"1029","score":"-1239"}
{"tag":"!","time":"0.00878431","counter":"1049","score":"-1232"}
{"tag":"!","time":"0.00878431","counter":"1061","score":"-1226"}
{"tag":"!","time":"0.00878431","counter":"1078","score":"-1221"}
{"tag":"!","time":"0.00878431","counter":"1079","score":"-1203"}
{"tag":"!","time":"0.00878431","counter":"1091","score":"-1175"}
{"tag":"!","time":"0.00878431","counter":"1094","score":"-1171"}
{"tag":"!","time":"0.00878431","counter":"1116","score":"-1152"}
{"tag":"!","time":"0.0239776","counter":"4160","score":"-1140"}
{"tag":"!","time":"0.0239776","counter":"4208","score":"-1138"}
{"tag":"!","time":"0.0239776","counter":"4224","score":"-1093"}
{"tag":"!","time":"0.0582795","counter":"11845","score":"-1086"}
{"tag":"!","time":"0.0582795","counter":"11894","score":"-1054"}
{"tag":"!","time":"0.0631751","counter":"12500","score":"-1047"}
{"tag":"!","time":"0.0631751","counter":"12506","score":"-1037"}
{"tag":"!","time":"0.125288","counter":"24130","score":"-1017"}
{"tag":"!","time":"0.196113","counter":"39931","score":"-1010"}
{"tag":"!","time":"0.196113","counter":"39938","score":"-990"}
{"tag":"!","time":"0.196113","counter":"39955","score":"-982"}
{"tag":"!","time":"0.196113","counter":"39961","score":"-958"}
{"tag":"!","time":"0.196113","counter":"39965","score":"-921"}
{"tag":"!","time":"0.274325","counter":"55101","score":"-857"}
{"tag":"!","time":"0.274325","counter":"55111","score":"-851"}
{"tag":"!","time":"0.589225","counter":"115827","score":"-850"}
{"tag":"!","time":"0.589225","counter":"115828","score":"-840"}
{"tag":"!","time":"0.589225","counter":"115837","score":"-839"}
{"tag":"!","time":"0.594026","counter":"116064","score":"-798"}
{"tag":"!","time":"0.594026","counter":"116065","score":"-791"}
{"tag":"!","time":"0.603708","counter":"118283","score":"-787"}
{"tag":"!","time":"0.603708","counter":"118289","score":"-763"}
{"tag":"!","time":"1.3457","counter":"259099","score":"-737"}
{"tag":"!","time":"1.3457","counter":"259116","score":"-731"}
{"tag":"!","time":"1.3457","counter":"259137","score":"-729"}
{"tag":"!","time":"1.3457","counter":"259143","score":"-711"}
{"tag":"!","time":"1.3457","counter":"259158","score":"-701"}
{"tag":"!","time":"1.3457","counter":"259176","score":"-699"}
{"tag":"!","time":"1.3457","counter":"259205","score":"-674"}
{"tag":"!","time":"1.3457","counter":"259210","score":"-649"}
{"tag":"!","time":"3.01598","counter":"582191","score":"-641"}
{"tag":"!","time":"3.8017","counter":"730628","score":"-595"}
{"tag":"!","time":"3.80648","counter":"731313","score":"-588"}
{"tag":"!","time":"3.80648","counter":"731365","score":"-587"}
{"tag":"!","time":"3.80648","counter":"731521","score":"-573"}
{"tag":"!","time":"3.80648","counter":"731529","score":"-571"}
{"tag":"!","time":"3.80648","counter":"731534","score":"-561"}
{"tag":"!","time":"3.80648","counter":"731559","score":"-538"}
{"tag":"!","time":"3.80648","counter":"731565","score":"-525"}
{"tag":"!","time":"4.98249","counter":"970335","score":"-508"}
{"tag":"!","time":"4.98249","counter":"970477","score":"-479"}
{"tag":"!","time":"5.30112","counter":"1031203","score":"-478"}
{"tag":"!","time":"5.30112","counter":"1031878","score":"-472"}
{"tag":"!","time":"5.30112","counter":"1031946","score":"-452"}
{"tag":"!","time":"5.30653","counter":"1032010","score":"-445"}
{"tag":"!","time":"5.30653","counter":"1032045","score":"-443"}
{"tag":"!","time":"5.30653","counter":"1032378","score":"-409"}
{"tag":"!","time":"5.99912","counter":"1181220","score":"-392"}
{"tag":"!","time":"6.00404","counter":"1182185","score":"-372"}
{"tag":"!","time":"6.00404","counter":"1182236","score":"-361"}
{"tag":"!","time":"6.00404","counter":"1182751","score":"-335"}
{"tag":"!","time":"6.00404","counter":"1182963","score":"-327"}
{"tag":"!","time":"6.00886","counter":"1183284","score":"-316"}
{"tag":"!","time":"6.00886","counter":"1183306","score":"-300"}
{"tag":"!","time":"6.06364","counter":"1195112","score":"-298"}
{"tag":"!","time":"6.2581","counter":"1237794","score":"-292"}
{"tag":"!","time":"6.27333","counter":"1240469","score":"-290"}
{"tag":"!","time":"6.36124","counter":"1259994","score":"-283"}
{"tag":"!","time":"6.36592","counter":"1260634","score":"-275"}
{"tag":"!","time":"6.36592","counter":"1260755","score":"-253"}
{"tag":"!","time":"6.98284","counter":"1392063","score":"-244"}
{"tag":"!","time":"6.98284","counter":"1392111","score":"-216"}
{"tag":"!","time":"6.98788","counter":"1393607","score":"-214"}
{"tag":"!","time":"7.01533","counter":"1399543","score":"-213"}
{"tag":"!","time":"7.15384","counter":"1429296","score":"-212"}
{"tag":"!","time":"7.88062","counter":"1582405","score":"-202"}
{"tag":"!","time":"7.88062","counter":"1582610","score":"-200"}
{"tag":"!","time":"7.88637","counter":"1583266","score":"-199"}
{"tag":"!","time":"7.88637","counter":"1583315","score":"-198"}
{"tag":"!","time":"7.94303","counter":"1594779","score":"-196"}
{"tag":"!","time":"7.95208","counter":"1596104","score":"-188"}
{"tag":"!","time":"7.95208","counter":"1596143","score":"-178"}
{"tag":"!","time":"8.14847","counter":"1640585","score":"-176"}
{"tag":"!","time":"8.15303","counter":"1641828","score":"-175"}
{"tag":"!","time":"8.15735","counter":"1642712","score":"-158"}
{"tag":"!","time":"8.15735","counter":"1642798","score":"-156"}
{"tag":"!","time":"8.16151","counter":"1643073","score":"-152"}
{"tag":"!","time":"8.16151","counter":"1643320","score":"-151"}
{"tag":"!","time":"8.16151","counter":"1643888","score":"-143"}
{"tag":"!","time":"8.22049","counter":"1655300","score":"-141"}
{"tag":"!","time":"8.25536","counter":"1663884","score":"-139"}
{"tag":"!","time":"8.29003","counter":"1671221","score":"-135"}
{"tag":"!","time":"8.30271","counter":"1674664","score":"-106"}
{"tag":"!","time":"9.05337","counter":"1835193","score":"-101"}
{"tag":"!","time":"9.09681","counter":"1844304","score":"-98"}
{"tag":"result","counter":"1970000","score":"-98"}
{"type":"sa","c":"1.01586","l":"0.00731343","score":"0.0740976"}
