{"type":"greedy_loss","c":"1.05612","l":"0","score":"0.238019","h":"10","w":"207"}
{"type":"greedy_loss","c":"1.04796","l":"0","score":"0.236179","h":"158","w":"13"}
{"type":"greedy_loss","c":"1.05","l":"0","score":"0.236639","h":"147","w":"14"}
{"s_comp":"0.348583","s_loss":"0.240863","T":"1960","P":"0.225371"}
{"tag":"param","type":"sa","start_temp":"30","end_temp":"1","limit":"9.78357"}
{"tag":"!","time":"3.75632e-05","counter":"1","score":"-5461"}
{"tag":"!","time":"3.75632e-05","counter":"9","score":"-5270"}
{"tag":"!","time":"3.75632e-05","counter":"12","score":"-5202"}
{"tag":"!","time":"3.75632e-05","counter":"22","score":"-5096"}
{"tag":"!","time":"3.75632e-05","counter":"23","score":"-5041"}
{"tag":"!","time":"3.75632e-05","counter":"27","score":"-4974"}
{"tag":"!","time":"3.75632e-05","counter":"28","score":"-4802"}
{"tag":"!","time":"3.75632e-05","counter":"41","score":"-4713"}
{"tag":"!","time":"3.75632e-05","counter":"46","score":"-4693"}
{"tag":"!","time":"3.75632e-05","counter":"47","score":"-4683"}
{"tag":"!","time":"3.75632e-05","counter":"48","score":"-4669"}
{"tag":"!","time":"3.75632e-05","counter":"65","score":"-4608"}
{"tag":"!","time":"3.75632e-05","counter":"68","score":"-4560"}
{"tag":"!","time":"3.75632e-05","counter":"74","score":"-4541"}
{"tag":"!","time":"3.75632e-05","counter":"78","score":"-4466"}
{"tag":"!","time":"3.75632e-05","counter":"83","score":"-4443"}
{"tag":"!","time":"3.75632e-05","counter":"84","score":"-4432"}
{"tag":"!","time":"3.75632e-05","counter":"85","score":"-4398"}
{"tag":"!","time":"3.75632e-05","counter":"86","score":"-4351"}
{"tag":"!","time":"3.75632e-05","counter":"90","score":"-4333"}
{"tag":"!","time":"3.75632e-05","counter":"93","score":"-4260"}
{"tag":"!","time":"3.75632e-05","counter":"94","score":"-4179"}
{"tag":"!","time":"3.75632e-05","counter":"96","score":"-4173"}
{"tag":"!","time":"3.75632e-05","counter":"115","score":"-4130"}
{"tag":"!","time":"3.75632e-05","counter":"117","score":"-4124"}
{"tag":"!","time":"3.75632e-05","counter":"118","score":"-4047"}
{"tag":"!","time":"3.75632e-05","counter":"133","score":"-4024"}
{"tag":"!","time":"3.75632e-05","counter":"135","score":"-3992"}
{"tag":"!","time":"3.75632e-05","counter":"136","score":"-3970"}
{"tag":"!","time":"3.75632e-05","counter":"191","score":"-3910"}
{"tag":"!","time":"3.75632e-05","counter":"216","score":"-3906"}
{"tag":"!","time":"3.75632e-05","counter":"309","score":"-3901"}
{"tag":"!","time":"3.75632e-05","counter":"312","score":"-3870"}
{"tag":"!","time":"3.75632e-05","counter":"315","score":"-3766"}
{"tag":"!","time":"3.75632e-05","counter":"320","score":"-3716"}
{"tag":"!","time":"3.75632e-05","counter":"335","score":"-3700"}
{"tag":"!","time":"3.75632e-05","counter":"336","score":"-3649"}
{"tag":"!","time":"3.75632e-05","counter":"342","score":"-3586"}
{"tag":"!","time":"3.75632e-05","counter":"381","score":"-3585"}
{"tag":"!","time":"3.75632e-05","counter":"384","score":"-3578"}
{"tag":"!","time":"3.75632e-05","counter":"416","score":"-3510"}
{"tag":"!","time":"3.75632e-05","counter":"421","score":"-3464"}
{"tag":"!","time":"3.75632e-05","counter":"589","score":"-3426"}
{"tag":"!","time":"3.75632e-05","counter":"592","score":"-3415"}
{"tag":"!","time":"3.75632e-05","counter":"658","score":"-3387"}
{"tag":"!","time":"3.75632e-05","counter":"669","score":"-3362"}
{"tag":"!","time":"3.75632e-05","counter":"670","score":"-3359"}
{"tag":"!","time":"3.75632e-05","counter":"672","score":"-3347"}
{"tag":"!","time":"3.75632e-05","counter":"674","score":"-3310"}
{"tag":"!","time":"3.75632e-05","counter":"680","score":"-3264"}
{"tag":"!","time":"3.75632e-05","counter":"683","score":"-3260"}
{"tag":"!","time":"3.75632e-05","counter":"689","score":"-3191"}
{"tag":"!","time":"3.75632e-05","counter":"822","score":"-3173"}
{"tag":"!","time":"3.75632e-05","counter":"837","score":"-3162"}
{"tag":"!","time":"3.75632e-05","counter":"899","score":"-3130"}
{"tag":"!","time":"3.75632e-05","counter":"916","score":"-3097"}
{"tag":"!","time":"0.0137049","counter":"1171","score":"-3084"}
{"tag":"!","time":"0.0137049","counter":"1175","score":"-3050"}
{"tag":"!","time":"0.0137049","counter":"1339","score":"-3047"}
{"tag":"!","time":"0.0137049","counter":"1342","score":"-3043"}
{"tag":"!","time":"0.0137049","counter":"1363","score":"-3041"}
{"tag":"!","time":"0.0137049","counter":"1365","score":"-3017"}
{"tag":"!","time":"0.0137049","counter":"1415","score":"-3009"}
{"tag":"!","time":"0.0137049","counter":"1419","score":"-2991"}
{"tag":"!","time":"0.0137049","counter":"1421","score":"-2966"}
{"tag":"!","time":"0.0137049","counter":"1427","score":"-2950"}
{"tag":"!","time":"0.0137049","counter":"1431","score":"-2920"}
{"tag":"!","time":"0.0137049","counter":"1447","score":"-2917"}
{"tag":"!","time":"0.0137049","counter":"1450","score":"-2880"}
{"tag":"!","time":"0.0137049","counter":"1452","score":"-2853"}
{"tag":"!","time":"0.0137049","counter":"1458","score":"-2834"}
{"tag":"!","time":"0.0137049","counter":"1460","score":"-2833"}
{"tag":"!","time":"0.0137049","counter":"1465","score":"-2792"}
{"tag":"!","time":"0.0137049","counter":"1470","score":"-2656"}
{"tag":"!","time":"0.0137049","counter":"1491","score":"-2631"}
{"tag":"!","time":"0.0137049","counter":"1492","score":"-2603"}
{"tag":"!","time":"0.0137049","counter":"1500","score":"-2595"}
{"tag":"!","time":"0.0137049","counter":"1503","score":"-2591"}
{"tag":"!","time":"0.0137049","counter":"1509","score":"-2548"}
{"tag":"!","time":"0.0324798","counter":"4991","score":"-2542"}
{"tag":"!","time":"0.0324798","counter":"4992","score":"-2515"}
{"tag":"!","time":"0.0324798","counter":"4993","score":"-2501"}
{"tag":"!","time":"0.044244","counter":"6021","score":"-2484"}
{"tag":"!","time":"0.044244","counter":"6039","score":"-2448"}
{"tag":"!","time":"0.044244","counter":"6053","score":"-2391"}
{"tag":"!","time":"0.044244","counter":"6127","score":"-2376"}
{"tag":"!","time":"0.044244","counter":"6129","score":"-2340"}
{"tag":"!","time":"0.044244","counter":"6132","score":"-2286"}
{"tag":"!","time":"0.044244","counter":"6133","score":"-2220"}
{"tag":"!","time":"0.044244","counter":"6135","score":"-2185"}
{"tag":"!","time":"0.044244","counter":"6142","score":"-2182"}
{"tag":"!","time":"0.044244","counter":"6168","score":"-2144"}
{"tag":"!","time":"0.546479","counter":"96231","score":"-2136"}
{"tag":"!","time":"0.546479","counter":"96243","score":"-2087"}
{"tag":"!","time":"0.546479","counter":"96248","score":"-2052"}
{"tag":"!","time":"0.580516","counter":"102144","score":"-2046"}
{"tag":"!","time":"0.580516","counter":"102157","score":"-2012"}
{"tag":"!","time":"0.580516","counter":"102166","score":"-2005"}
{"tag":"!","time":"1.10842","counter":"201310","score":"-2004"}
{"tag":"!","time":"1.10842","counter":"201319","score":"-1977"}
{"tag":"!","time":"1.10842","counter":"201322","score":"-1941"}
{"tag":"!","time":"1.13895","counter":"207553","score":"-1917"}
{"tag":"!","time":"1.13895","counter":"207561","score":"-1905"}
{"tag":"!","time":"1.13895","counter":"207568","score":"-1831"}
{"tag":"!","time":"1.13895","counter":"207616","score":"-1811"}
{"tag":"!","time":"1.13895","counter":"207623","score":"-1805"}
{"tag":"!","time":"1.13895","counter":"207652","score":"-1797"}
{"tag":"!","time":"1.13895","counter":"207659","score":"-1783"}
{"tag":"!","time":"1.13895","counter":"207772","score":"-1780"}
{"tag":"!","time":"1.13895","counter":"207775","score":"-1754"}
{"tag":"!","time":"1.89846","counter":"354651","score":"-1696"}
{"tag":"!","time":"2.98432","counter":"575763","score":"-1685"}
{"tag":"!","time":"2.98432","counter":"575810","score":"-1617"}
{"tag":"!","time":"3.21816","counter":"622912","score":"-1616"}
{"tag":"!","time":"3.21816","counter":"622915","score":"-1605"}
{"tag":"!","time":"3.21816","counter":"622927","score":"-1580"}
{"tag":"!","time":"3.60192","counter":"699348","score":"-1568"}
{"tag":"!","time":"3.60192","counter":"699500","score":"-1538"}
{"tag":"!","time":"3.60192","counter":"699507","score":"-1535"}
{"tag":"!","time":"3.60192","counter":"699607","score":"-1519"}
{"tag":"!","time":"3.60192","counter":"699961","score":"-1479"}
{"tag":"!","time":"3.61674","counter":"702928","score":"-1466"}
{"tag":"!","time":"3.6216","counter":"703023","score":"-1455"}
{"tag":"!","time":"3.6216","counter":"703025","score":"-1446"}
{"tag":"!","time":"3.6216","counter":"703029","score":"-1411"}
{"tag":"!","time":"3.6216","counter":"703034","score":"-1396"}
{"tag":"!","time":"3.92226","counter":"764057","score":"-1388"}
{"tag":"!","time":"3.92226","counter":"764087","score":"-1370"}
{"tag":"!","time":"3.92226","counter":"764126","score":"-1346"}
{"tag":"!","time":"3.92226","counter":"764132","score":"-1313"}
{"tag":"!","time":"3.92226","counter":"764219","score":"-1310"}
{"tag":"!","time":"4.90197","counter":"965361","score":"-1284"}
{"tag":"!","time":"4.90197","counter":"965433","score":"-1278"}
{"tag":"!","time":"4.91104","counter":"967457","score":"-1272"}
{"tag":"!","time":"4.91104","counter":"967470","score":"-1262"}
{"tag":"!","time":"4.99174","counter":"984407","score":"-1242"}
{"tag":"!","time":"4.99174","counter":"984558","score":"-1216"}
{"tag":"!","time":"5.01459","counter":"989364","score":"-1205"}
{"tag":"!","time":"5.02362","counter":"991726","score":"-1199"}
{"tag":"!","time":"5.02362","counter":"991730","score":"-1198"}
{"tag":"!","time":"5.02362","counter":"991754","score":"-1195"}
{"tag":"!","time":"5.02362","counter":"991780","score":"-1188"}
{"tag":"!","time":"5.03098","counter":"992080","score":"-1175"}
{"tag":"!","time":"5.03098","counter":"992253","score":"-1165"}
{"tag":"!","time":"5.03098","counter":"992502","score":"-1147"}
{"tag":"!","time":"5.6696","counter":"1123780","score":"-1139"}
{"tag":"!","time":"5.6696","counter":"1123919","score":"-1119"}
{"tag":"!","time":"5.6696","counter":"1123980","score":"-1087"}
{"tag":"!","time":"5.67432","counter":"1124315","score":"-1083"}
{"tag":"!","time":"5.67432","counter":"1124438","score":"-1075"}
{"tag":"!","time":"5.67432","counter":"1124496","score":"-1071"}
{"tag":"!","time":"5.67432","counter":"1124635","score":"-1051"}
{"tag":"!","time":"5.69291","counter":"1128471","score":"-1050"}
{"tag":"!","time":"5.69291","counter":"1128509","score":"-1049"}
{"tag":"!","time":"5.69291","counter":"1128513","score":"-1047"}
{"tag":"!","time":"5.77156","counter":"1145098","score":"-1026"}
{"tag":"!","time":"5.83486","counter":"1158449","score":"-1020"}
{"tag":"!","time":"5.83486","counter":"1158456","score":"-1016"}
{"tag":"!","time":"5.96135","counter":"1184088","score":"-1011"}
{"tag":"!","time":"5.96135","counter":"1184171","score":"-1006"}
{"tag":"!","time":"6.00065","counter":"1193843","score":"-1005"}
{"tag":"!","time":"6.00065","counter":"1193931","score":"-966"}
{"tag":"!","time":"6.00561","counter":"1194197","score":"-964"}
{"tag":"!","time":"6.11118","counter":"1216782","score":"-962"}
{"tag":"!","time":"6.11118","counter":"1216951","score":"-953"}
{"tag":"!","time":"6.11604","counter":"1217210","score":"-940"}
{"tag":"!","time":"6.11604","counter":"1217274","score":"-931"}
{"tag":"!","time":"6.54334","counter":"1309015","score":"-926"}
{"tag":"!","time":"6.54334","counter":"1309159","score":"-909"}
{"tag":"!","time":"6.54334","counter":"1309198","score":"-907"}
{"tag":"!","time":"6.54334","counter":"1309254","score":"-906"}
{"tag":"!","time":"6.66049","counter":"1335358","score":"-882"}
{"tag":"!","time":"6.74651","counter":"1353795","score":"-879"}
{"tag":"!","time":"6.75691","counter":"1355303","score":"-876"}
{"tag":"!","time":"6.75691","counter":"1355428","score":"-852"}
{"tag":"!","time":"6.75691","counter":"1355496","score":"-850"}
{"tag":"!","time":"6.75691","counter":"1355896","score":"-845"}
{"tag":"!","time":"6.79204","counter":"1363464","score":"-835"}
{"tag":"!","time":"6.79204","counter":"1363534","score":"-834"}
{"tag":"!","time":"6.79204","counter":"1363547","score":"-823"}
{"tag":"!","time":"6.79204","counter":"1363681","score":"-810"}
{"tag":"!","time":"6.79204","counter":"1363722","score":"-808"}
{"tag":"!","time":"6.83663","counter":"1372731","score":"-806"}
{"tag":"!","time":"6.84146","counter":"1373010","score":"-799"}
{"tag":"!","time":"6.85526","counter":"1376018","score":"-790"}
{"tag":"!","time":"6.85526","counter":"1376186","score":"-788"}
{"tag":"!","time":"6.85526","counter":"1376215","score":"-767"}
{"tag":"!","time":"6.89527","counter":"1384319","score":"-763"}
{"tag":"!","time":"6.906","counter":"1386706","score":"-760"}
{"tag":"!","time":"6.92583","counter":"1390712","score":"-750"}
{"tag":"!","time":"6.92583","counter":"1390864","score":"-742"}
{"tag":"!","time":"6.92583","counter":"1390908","score":"-741"}
{"tag":"!","time":"6.93136","counter":"1391308","score":"-737"}
{"tag":"!","time":"6.93136","counter":"1391516","score":"-729"}
{"tag":"!","time":"7.41178","counter":"1488744","score":"-725"}
{"tag":"!","time":"7.42163","counter":"1490706","score":"-721"}
{"tag":"!","time":"7.42163","counter":"1490769","score":"-718"}
{"tag":"!","time":"7.42777","counter":"1491443","score":"-715"}
{"tag":"!","time":"7.42777","counter":"1491459","score":"-710"}
{"tag":"!","time":"7.443","counter":"1494648","score":"-699"}
{"tag":"!","time":"7.443","counter":"1494704","score":"-691"}
{"tag":"!","time":"7.443","counter":"1494728","score":"-688"}
{"tag":"!","time":"7.68486","counter":"1533484","score":"-686"}
{"tag":"!","time":"7.69693","counter":"1535138","score":"-685"}
{"tag":"!","time":"7.69693","counter":"1535503","score":"-665"}
{"tag":"!","time":"7.69693","counter":"1535544","score":"-664"}
{"tag":"!","time":"7.70297","counter":"1536063","score":"-653"}
{"tag":"!","time":"7.76269","counter":"1546696","score":"-652"}
{"tag":"!","time":"7.98294","counter":"1584420","score":"-645"}
{"tag":"!","time":"7.99499","counter":"1586609","score":"-624"}
{"tag":"!","time":"8.00082","counter":"1587023","score":"-622"}
{"tag":"!","time":"8.00082","counter":"1587339","score":"-620"}
{"tag":"!","time":"8.1933","counter":"1621362","score":"-619"}
{"tag":"!","time":"8.1933","counter":"1621797","score":"-594"}
{"tag":"!","time":"8.28139","counter":"1638600","score":"-570"}
{"tag":"!","time":"8.28139","counter":"1638781","score":"-565"}
{"tag":"!","time":"8.28139","counter":"1638782","score":"-564"}
{"tag":"!","time":"8.28722","counter":"1639224","score":"-562"}
{"tag":"!","time":"8.28722","counter":"1639266","score":"-561"}
{"tag":"!","time":"8.29292","counter":"1640421","score":"-556"}
{"tag":"!","time":"8.29292","counter":"1640947","score":"-550"}
{"tag":"!","time":"8.3157","counter":"1644625","score":"-546"}
{"tag":"!","time":"8.3157","counter":"1644865","score":"-540"}
{"tag":"!","time":"8.32198","counter":"1645620","score":"-536"}
{"tag":"!","time":"8.35983","counter":"1652105","score":"-522"}
{"tag":"!","time":"8.35983","counter":"1652350","score":"-521"}
{"tag":"!","time":"8.61924","counter":"1700573","score":"-512"}
{"tag":"!","time":"8.62493","counter":"1701792","score":"-504"}
{"tag":"!","time":"8.63098","counter":"1702065","score":"-501"}
{"tag":"!","time":"8.64729","counter":"1705282","score":"-499"}
{"tag":"!","time":"8.64729","counter":"1705284","score":"-498"}
{"tag":"!","time":"8.64729","counter":"1705991","score":"-497"}
{"tag":"!","time":"8.65332","counter":"1706564","score":"-495"}
{"tag":"!","time":"8.69354","counter":"1713683","score":"-493"}
{"tag":"!","time":"8.69973","counter":"1714657","score":"-490"}
{"tag":"!","time":"8.69973","counter":"1714800","score":"-488"}
{"tag":"!","time":"8.72325","counter":"1718072","score":"-477"}
{"tag":"!","time":"8.7352","counter":"1720463","score":"-472"}
{"tag":"!","time":"8.7352","counter":"1720531","score":"-468"}
{"tag":"!","time":"8.76596","counter":"1725986","score":"-464"}
{"tag":"!","time":"9.12759","counter":"1787739","score":"-463"}
{"tag":"!","time":"9.2687","counter":"1812630","score":"-461"}
{"tag":"!","time":"9.27414","counter":"1813925","score":"-460"}
{"tag":"!","time":"9.39569","counter":"1834937","score":"-459"}
{"tag":"!","time":"9.42959","counter":"1840986","score":"-452"}
{"tag":"!","time":"9.48864","counter":"1851285","score":"-442"}
{"tag":"!","time":"9.49896","counter":"1853617","score":"-441"}
{"tag":"!","time":"9.68409","counter":"1888484","score":"-428"}
{"tag":"!","time":"9.70907","counter":"1893403","score":"-424"}
{"tag":"!","time":"9.77222","counter":"1905738","score":"-412"}
{"tag":"result","counter":"1908000","score":"-412"}
{"type":"sa","c":"0.987755","l":"0.0168163","score":"0.235638"}
