44
AAVOOSZEHHWFTOIRQREJRKAHRGRACFGJIMWAJUOHYRGA
AAJKOPUAYGUCCVWMWWHHHPLWHHIFKCRVBCYREIPSKTWA
OJGBLGPFVVBJOQELQEIGEHXUAAMOAOCAAAAAJRZLLMCA
VDAOBLLKPREQDYBNGCOEFVAQGDSIABLGZSKLRQWZBBNJ
ELZAHWTLOWJEBHRQYVGLDAUOWCLDGYKNNLEUWPUBJXFA
NYCWFOTPQSSOOTHUUXORVBAONHQVDTBXWXBFTLSYWPBX
PFPCACNIDQHSDMRCLYOYTZJYXKFFQHALWFIVBMSCDFXO
UTENIDPXKPWJBYVJACXLROAAYOKPROAESXSPNWJTXQNU
YOEPOYFKAGBDXUIAXTNTMAHFGXYTBFAVLKOLYIFYGNCM
IWOOJFGIBXIHKKUNLSOOPJUHBNACDCANQSAYDXNMLIWQ
KFHLPSPCDBJKVVAFAOJJVXEXGBILNIWVCYLZPVOPMRWZ
USAXHIQMZUGTQFSWECHHJPDBRAQHFFJTLPFWSQGVCBAU
SJAHAXSCAHJLHQTWTXOUGTNPUJZPGNOEIMINXTBNJJGW
JFNTGDWRYJCZFRATCRRIWMPHVVNNMAULEGJCGZNGNJVV
KDGYYFYKBCHPAAOCILNBTHHBTVLLQKLBKKPXNXMADQSK
HAYYOQIISZXYOBKKUGHAXGAAHRXOKMAJZGQXJNXILVLO
KQNZUTTXTFXEYXRGVCVUKQLEYNEABQNCSBVDWOTXZBGO
LYVREPEAECQGGANOGHXBYRWIYYVWQVNXSAPOSOMZDGQA
QBPBNGDASMIUZAMOVVBKJGAXPGYFZDTKGIHBGBEIANGZ
SPNOONFULGNFXLKUNFNDYJUDZCBEVGYBIMGHLPLSANGY
QTKYFNAAUESWFAXGIXJHVVRNPDEFFFEJDTLVCVOAFMYT
YVGGPABRKZWBMKNEVMVAVBHMFIFMKYKXRPQOVGPABGAI
ARJSLGATACAFWOFGZBWMTOZDJXPZPOHTLVAOPZJAJUTV
AMODIQUDAVUKKFPSWPUDYSLXZGEMCHUBRLWMFJXQJASD
ZQSUEZCUBFLNXJDPLLTZVASHKNSZMGRCQGYCNJZFKANL
KPOWFKVQTXNEPFLRBXJYZJZVMRMLCSSNSORDOZKCJGCE
DYVFBTCCFRMNLYITAGDSEMYNPJCJRBMLWUVJKGJXQLWY
DBRJGQHPCBOCSPTGEHMVZTZQPXVCOFMDISRCYIDXSDWC
PWBTDYFDCQUOBWGAURCYYYMJRDCBKKMEKMYUWQMDAILO
XLKSTZXFAJJNWJIQYXQFCEBUMVGZIXQQVMUEMYVIJFQI
BCQHSSQASRNQCALILJTNEKKDOKFIGVRAHOCTONIWHRDU
ACAEYWUXEFJTLTPRPCNTBNGZBHSWAFOWAMYIASEAPAWI
AYHLHERNGVTPGLXVADCMZDIVGMABAAXROZYCGMPATSHX
AUHKQAPFTFDKCJQMUVLESCFPDVYAANCHBFSGDFUCLEEU
ISHTDFZTGAABAANPOOBJTPACMORDMQRAGKNBBVGYGWRG
CZBIKITWNPKEMWMEJCGEYYFEBJXKSDIGISEOQQPLATZA
CQJVLHUYXXGIQCSHLJIFBHALENRWOXXKCMAKJBIWSOHD
DIDERHATIWLWPIQBUOGAPFXZATMRXGCNVMZPXICWPPSE
IZTTKWEGVCMOXJKUMRFTQXCKETQJMSSEYDNEPDZPBBIE
FMVHSFULWNPKECEHUZTRGYSPGNNRDNSHEJKZCGUYERNF
AAGOBBSRWDQXNTXQXARXFDYLKQZDRBBUJNAIRWTGHXGO
AALWSUBXMVOHHVXSXGGPOWDHGZZJZMXWTMCRAERDNJIR
ADIHRRORRZAMJRRHNNAEFUEOMBHKXVTRGGZQIWIAMLAF
ARKFDZWBERGFDOHFPLAYSZVRYZDGSBWAWJWXGRTRAAAA
35 16
7 24
29 20
24 0
38 19
15 12
10 3
24 10
42 1
12 12
3 31
3 4
16 22
2 29
13 40
27 36
10 28
0 2
31 1
27 40
26 22
0 18
39 30
17 9
42 10
4 28
40 2
0 11
18 1
13 0
31 23
10 0
28 0
3 40
3 9
10 37
6 9
35 9
13 35
13 28
8 22
29 11
4 0
37 27
2 0
20 36
24 31
19 13
0 36
31 29
7 17
14 14
38 16
34 0
0 28
16 31
34 26
23 35
33 39
