{"type":"greedy_loss","c":"1.10278","l":"0","score":"0.919354","h":"10","w":"309"}
{"type":"greedy_loss","c":"1.07423","l":"0","score":"0.895552","h":"301","w":"10"}
{"type":"greedy_loss","c":"1.07423","l":"0","score":"0.895552","h":"301","w":"10"}
{"type":"greedy_loss","c":"1.07423","l":"0","score":"0.895552","h":"301","w":"10"}
{"type":"greedy_loss","c":"1.07423","l":"0","score":"0.895552","h":"301","w":"10"}
{"type":"greedy_loss","c":"1.07423","l":"0","score":"0.895552","h":"301","w":"10"}
{"type":"greedy_loss","c":"1.07423","l":"0","score":"0.895552","h":"301","w":"10"}
{"type":"greedy_loss","c":"1.07423","l":"0","score":"0.895552","h":"301","w":"10"}
{"type":"greedy_loss","c":"1.07423","l":"0","score":"0.895552","h":"301","w":"10"}
{"type":"greedy_loss","c":"1.07423","l":"0","score":"0.895552","h":"301","w":"10"}
{"type":"greedy_loss","c":"1.07423","l":"0","score":"0.895552","h":"301","w":"10"}
{"type":"greedy_loss","c":"1.07423","l":"0","score":"0.895552","h":"301","w":"10"}
{"type":"greedy_loss","c":"1.07959","l":"0","score":"0.900015","h":"275","w":"11"}
{"type":"greedy_loss","c":"1.07066","l":"0","score":"0.892577","h":"250","w":"12"}
{"type":"greedy_loss","c":"1.03462","l":"0","score":"0.862527","h":"223","w":"13"}
{"type":"greedy_loss","c":"1.04425","l":"0","score":"0.87056","h":"209","w":"14"}
{"type":"greedy_loss","c":"1.09993","l":"0","score":"0.916974","h":"23","w":"134"}
{"type":"greedy_loss","c":"1.07923","l":"0","score":"0.899717","h":"216","w":"14"}
{"type":"greedy_loss","c":"1.07923","l":"0","score":"0.899717","h":"216","w":"14"}
{"type":"greedy_loss","c":"1.07923","l":"0","score":"0.899717","h":"216","w":"14"}
{"type":"greedy_loss","c":"1.07923","l":"0","score":"0.899717","h":"216","w":"14"}
{"type":"greedy_loss","c":"1.07923","l":"0","score":"0.899717","h":"216","w":"14"}
{"type":"greedy_loss","c":"1.07923","l":"0","score":"0.899717","h":"216","w":"14"}
{"type":"greedy_loss","c":"1.07923","l":"0","score":"0.899717","h":"216","w":"14"}
{"type":"greedy_loss","c":"1.07923","l":"0","score":"0.899717","h":"216","w":"14"}
{"type":"greedy_loss","c":"1.07923","l":"0","score":"0.899717","h":"216","w":"14"}
{"type":"greedy_loss","c":"1.07923","l":"0","score":"0.899717","h":"216","w":"14"}
{"type":"greedy_loss","c":"1.07923","l":"0","score":"0.899717","h":"63","w":"48"}
{"type":"greedy_loss","c":"1.07923","l":"0","score":"0.899717","h":"216","w":"14"}
{"type":"greedy_loss","c":"1.07923","l":"0","score":"0.899717","h":"63","w":"48"}
{"type":"greedy_loss","c":"1.07923","l":"0","score":"0.899717","h":"216","w":"14"}
{"type":"greedy_loss","c":"1.07923","l":"0","score":"0.899717","h":"63","w":"48"}
{"type":"greedy_loss","c":"1.07923","l":"0","score":"0.899717","h":"63","w":"48"}
{"type":"greedy_loss","c":"1.09208","l":"0","score":"0.910428","h":"45","w":"68"}
{"type":"greedy_loss","c":"1.09208","l":"0","score":"0.910428","h":"45","w":"68"}
{"type":"greedy_loss","c":"1.09208","l":"0","score":"0.910428","h":"45","w":"68"}
{"s_comp":"0.07485","s_loss":"0.836993","T":"2802","P":"0.833667"}
{"tag":"param","type":"sa","start_temp":"30","end_temp":"1","limit":"9.77616"}
{"tag":"!","time":"3.07707e-05","counter":"1","score":"-17576"}
{"tag":"!","time":"3.07707e-05","counter":"6","score":"-17564"}
{"tag":"!","time":"3.07707e-05","counter":"52","score":"-17559"}
{"tag":"!","time":"3.07707e-05","counter":"54","score":"-17555"}
{"tag":"!","time":"3.07707e-05","counter":"59","score":"-17531"}
{"tag":"!","time":"3.07707e-05","counter":"60","score":"-17505"}
{"tag":"!","time":"3.07707e-05","counter":"67","score":"-17497"}
{"tag":"!","time":"3.07707e-05","counter":"80","score":"-17479"}
{"tag":"!","time":"3.07707e-05","counter":"87","score":"-17473"}
{"tag":"!","time":"3.07707e-05","counter":"88","score":"-17470"}
{"tag":"!","time":"3.07707e-05","counter":"89","score":"-17460"}
{"tag":"!","time":"3.07707e-05","counter":"126","score":"-17446"}
{"tag":"!","time":"3.07707e-05","counter":"127","score":"-17443"}
{"tag":"!","time":"3.07707e-05","counter":"206","score":"-17431"}
{"tag":"!","time":"3.07707e-05","counter":"207","score":"-17415"}
{"tag":"!","time":"3.07707e-05","counter":"209","score":"-17357"}
{"tag":"!","time":"3.07707e-05","counter":"210","score":"-17352"}
{"tag":"!","time":"3.07707e-05","counter":"211","score":"-17344"}
{"tag":"!","time":"3.07707e-05","counter":"215","score":"-17342"}
{"tag":"!","time":"3.07707e-05","counter":"217","score":"-17326"}
{"tag":"!","time":"3.07707e-05","counter":"218","score":"-17299"}
{"tag":"!","time":"3.07707e-05","counter":"239","score":"-17293"}
{"tag":"!","time":"3.07707e-05","counter":"305","score":"-17280"}
{"tag":"!","time":"3.07707e-05","counter":"307","score":"-17268"}
{"tag":"!","time":"3.07707e-05","counter":"533","score":"-17244"}
{"tag":"!","time":"0.00616123","counter":"1712","score":"-17237"}
{"tag":"!","time":"0.00616123","counter":"1730","score":"-17208"}
{"tag":"!","time":"0.00616123","counter":"1732","score":"-17206"}
{"tag":"!","time":"0.00616123","counter":"1735","score":"-17186"}
{"tag":"!","time":"0.00616123","counter":"1761","score":"-17178"}
{"tag":"!","time":"0.00616123","counter":"1762","score":"-17157"}
{"tag":"!","time":"0.00616123","counter":"1774","score":"-17107"}
{"tag":"!","time":"0.00616123","counter":"1783","score":"-17105"}
{"tag":"!","time":"0.00616123","counter":"1804","score":"-17085"}
{"tag":"!","time":"0.00616123","counter":"1805","score":"-17075"}
{"tag":"!","time":"0.00616123","counter":"1806","score":"-17066"}
{"tag":"!","time":"0.00616123","counter":"1811","score":"-17065"}
{"tag":"!","time":"0.00616123","counter":"1812","score":"-17041"}
{"tag":"!","time":"0.00616123","counter":"1813","score":"-17027"}
{"tag":"!","time":"0.00616123","counter":"1830","score":"-17025"}
{"tag":"!","time":"0.00616123","counter":"1833","score":"-17020"}
{"tag":"!","time":"0.0120863","counter":"2099","score":"-17012"}
{"tag":"!","time":"0.0472823","counter":"10490","score":"-17006"}
{"tag":"!","time":"0.0472823","counter":"10492","score":"-17004"}
{"tag":"!","time":"0.0472823","counter":"10495","score":"-17003"}
{"tag":"!","time":"0.0472823","counter":"10496","score":"-17002"}
{"tag":"!","time":"0.0472823","counter":"10565","score":"-16998"}
{"tag":"!","time":"0.0472823","counter":"10566","score":"-16979"}
{"tag":"!","time":"0.0697837","counter":"15486","score":"-16971"}
{"tag":"!","time":"0.0697837","counter":"15487","score":"-16964"}
{"tag":"!","time":"0.359585","counter":"72517","score":"-16958"}
{"tag":"!","time":"0.359585","counter":"72564","score":"-16956"}
{"tag":"!","time":"0.359585","counter":"72568","score":"-16941"}
{"tag":"!","time":"0.359585","counter":"72569","score":"-16923"}
{"tag":"!","time":"0.359585","counter":"72571","score":"-16919"}
{"tag":"!","time":"0.359585","counter":"72572","score":"-16890"}
{"tag":"!","time":"0.359585","counter":"72574","score":"-16879"}
{"tag":"!","time":"0.359585","counter":"72580","score":"-16865"}
{"tag":"!","time":"0.359585","counter":"72581","score":"-16862"}
{"tag":"!","time":"0.359585","counter":"72582","score":"-16830"}
{"tag":"!","time":"1.15413","counter":"240326","score":"-16827"}
{"tag":"!","time":"1.15413","counter":"240327","score":"-16825"}
{"tag":"!","time":"1.60027","counter":"340508","score":"-16821"}
{"tag":"!","time":"1.60027","counter":"340510","score":"-16818"}
{"tag":"!","time":"2.09313","counter":"448570","score":"-16814"}
{"tag":"!","time":"2.09313","counter":"448573","score":"-16812"}
{"tag":"!","time":"2.09313","counter":"448575","score":"-16802"}
{"tag":"!","time":"2.87294","counter":"618159","score":"-16799"}
{"tag":"!","time":"2.87294","counter":"618162","score":"-16764"}
{"tag":"!","time":"2.87294","counter":"618167","score":"-16735"}
{"tag":"!","time":"3.00483","counter":"646899","score":"-16733"}
{"tag":"!","time":"3.00483","counter":"646900","score":"-16731"}
{"tag":"!","time":"3.00483","counter":"646901","score":"-16726"}
{"tag":"!","time":"3.00483","counter":"646904","score":"-16714"}
{"tag":"!","time":"3.00483","counter":"646905","score":"-16708"}
{"tag":"!","time":"3.00483","counter":"646907","score":"-16690"}
{"tag":"!","time":"3.00483","counter":"646919","score":"-16678"}
{"tag":"!","time":"3.00483","counter":"646921","score":"-16674"}
{"tag":"!","time":"3.00483","counter":"646923","score":"-16673"}
{"tag":"!","time":"3.00483","counter":"646929","score":"-16646"}
{"tag":"!","time":"3.00483","counter":"646931","score":"-16636"}
{"tag":"!","time":"3.84458","counter":"825430","score":"-16631"}
{"tag":"!","time":"3.84458","counter":"825435","score":"-16611"}
{"tag":"!","time":"4.58605","counter":"981916","score":"-16607"}
{"tag":"!","time":"4.58605","counter":"981922","score":"-16551"}
{"tag":"!","time":"5.20754","counter":"1101366","score":"-16539"}
{"tag":"!","time":"5.20754","counter":"1101567","score":"-16533"}
{"tag":"!","time":"5.20754","counter":"1101578","score":"-16532"}
{"tag":"!","time":"5.20754","counter":"1101580","score":"-16530"}
{"tag":"!","time":"5.20754","counter":"1101581","score":"-16516"}
{"tag":"!","time":"5.20754","counter":"1101583","score":"-16513"}
{"tag":"!","time":"5.34104","counter":"1126954","score":"-16503"}
{"tag":"!","time":"5.34104","counter":"1126955","score":"-16491"}
{"tag":"!","time":"5.34104","counter":"1126962","score":"-16485"}
{"tag":"!","time":"5.34104","counter":"1126992","score":"-16463"}
{"tag":"!","time":"5.47914","counter":"1154284","score":"-16452"}
{"tag":"!","time":"5.47914","counter":"1154312","score":"-16442"}
{"tag":"!","time":"5.47914","counter":"1154803","score":"-16433"}
{"tag":"!","time":"5.47914","counter":"1154804","score":"-16428"}
{"tag":"!","time":"5.88729","counter":"1231653","score":"-16421"}
{"tag":"!","time":"5.88729","counter":"1231656","score":"-16419"}
{"tag":"!","time":"5.88729","counter":"1231668","score":"-16415"}
{"tag":"!","time":"5.92368","counter":"1237799","score":"-16412"}
{"tag":"!","time":"5.92368","counter":"1237811","score":"-16391"}
{"tag":"!","time":"5.92368","counter":"1237826","score":"-16379"}
{"tag":"!","time":"5.92368","counter":"1237968","score":"-16372"}
{"tag":"!","time":"5.92368","counter":"1237997","score":"-16371"}
{"tag":"!","time":"5.93107","counter":"1238000","score":"-16365"}
{"tag":"!","time":"5.93107","counter":"1238003","score":"-16361"}
{"tag":"!","time":"5.93107","counter":"1238014","score":"-16360"}
{"tag":"!","time":"6.06175","counter":"1258111","score":"-16357"}
{"tag":"!","time":"6.06175","counter":"1258124","score":"-16352"}
{"tag":"!","time":"6.10744","counter":"1265896","score":"-16350"}
{"tag":"!","time":"6.10744","counter":"1265908","score":"-16348"}
{"tag":"!","time":"6.10744","counter":"1265922","score":"-16334"}
{"tag":"!","time":"6.2004","counter":"1279462","score":"-16319"}
{"tag":"!","time":"6.2004","counter":"1279490","score":"-16303"}
{"tag":"!","time":"6.23139","counter":"1284844","score":"-16302"}
{"tag":"!","time":"6.23751","counter":"1285008","score":"-16288"}
{"tag":"!","time":"6.23751","counter":"1285012","score":"-16251"}
{"tag":"!","time":"6.23751","counter":"1285024","score":"-16248"}
{"tag":"!","time":"6.23751","counter":"1285026","score":"-16240"}
{"tag":"!","time":"6.23751","counter":"1285099","score":"-16231"}
{"tag":"!","time":"6.23751","counter":"1285102","score":"-16225"}
{"tag":"!","time":"6.23751","counter":"1285107","score":"-16223"}
{"tag":"!","time":"6.23751","counter":"1285109","score":"-16218"}
{"tag":"!","time":"6.23751","counter":"1285183","score":"-16213"}
{"tag":"!","time":"6.23751","counter":"1285184","score":"-16195"}
{"tag":"!","time":"6.68534","counter":"1352330","score":"-16190"}
{"tag":"!","time":"6.76391","counter":"1365670","score":"-16171"}
{"tag":"!","time":"6.76391","counter":"1365681","score":"-16161"}
{"tag":"!","time":"6.76391","counter":"1365682","score":"-16152"}
{"tag":"!","time":"6.76391","counter":"1365727","score":"-16148"}
{"tag":"!","time":"6.91094","counter":"1390764","score":"-16140"}
{"tag":"!","time":"7.0976","counter":"1423624","score":"-16133"}
{"tag":"!","time":"7.24441","counter":"1450006","score":"-16111"}
{"tag":"!","time":"7.24441","counter":"1450017","score":"-16108"}
{"tag":"!","time":"7.33961","counter":"1467090","score":"-16100"}
{"tag":"!","time":"7.36083","counter":"1471057","score":"-16099"}
{"tag":"!","time":"7.36083","counter":"1471729","score":"-16094"}
{"tag":"!","time":"7.36083","counter":"1471799","score":"-16093"}
{"tag":"!","time":"7.38002","counter":"1474985","score":"-16089"}
{"tag":"!","time":"7.38494","counter":"1475101","score":"-16083"}
{"tag":"!","time":"7.38494","counter":"1475107","score":"-16076"}
{"tag":"!","time":"7.38494","counter":"1475121","score":"-16074"}
{"tag":"!","time":"7.39684","counter":"1477287","score":"-16062"}
{"tag":"!","time":"7.4123","counter":"1480539","score":"-16060"}
{"tag":"!","time":"7.41746","counter":"1481072","score":"-16042"}
{"tag":"!","time":"7.41746","counter":"1481083","score":"-16035"}
{"tag":"!","time":"7.41746","counter":"1481093","score":"-16033"}
{"tag":"!","time":"7.41746","counter":"1481121","score":"-16008"}
{"tag":"!","time":"7.71944","counter":"1537493","score":"-15998"}
{"tag":"!","time":"7.71944","counter":"1537515","score":"-15990"}
{"tag":"!","time":"7.71944","counter":"1537520","score":"-15986"}
{"tag":"!","time":"8.02693","counter":"1594351","score":"-15984"}
{"tag":"!","time":"8.02693","counter":"1594369","score":"-15973"}
{"tag":"!","time":"8.02693","counter":"1594468","score":"-15965"}
{"tag":"!","time":"8.02693","counter":"1594481","score":"-15961"}
{"tag":"!","time":"8.02693","counter":"1594504","score":"-15952"}
{"tag":"!","time":"8.02693","counter":"1594506","score":"-15951"}
{"tag":"!","time":"8.02693","counter":"1594570","score":"-15944"}
{"tag":"!","time":"8.02693","counter":"1594574","score":"-15942"}
{"tag":"!","time":"8.02693","counter":"1594579","score":"-15937"}
{"tag":"!","time":"8.02693","counter":"1594588","score":"-15923"}
{"tag":"!","time":"8.02693","counter":"1594618","score":"-15910"}
{"tag":"!","time":"8.07106","counter":"1601655","score":"-15901"}
{"tag":"!","time":"8.07106","counter":"1601714","score":"-15900"}
{"tag":"!","time":"8.07106","counter":"1601753","score":"-15878"}
{"tag":"!","time":"8.35078","counter":"1652218","score":"-15865"}
{"tag":"!","time":"8.3559","counter":"1653053","score":"-15856"}
{"tag":"!","time":"8.5441","counter":"1685397","score":"-15854"}
{"tag":"!","time":"8.5441","counter":"1685545","score":"-15846"}
{"tag":"!","time":"8.5441","counter":"1685592","score":"-15839"}
{"tag":"!","time":"8.5441","counter":"1685646","score":"-15838"}
{"tag":"!","time":"8.72309","counter":"1718298","score":"-15836"}
{"tag":"!","time":"8.72309","counter":"1718443","score":"-15826"}
{"tag":"!","time":"8.76386","counter":"1726292","score":"-15825"}
{"tag":"!","time":"8.76386","counter":"1726304","score":"-15824"}
{"tag":"!","time":"8.76921","counter":"1727558","score":"-15822"}
{"tag":"!","time":"8.78498","counter":"1730495","score":"-15819"}
{"tag":"!","time":"8.78498","counter":"1730797","score":"-15814"}
{"tag":"!","time":"8.78498","counter":"1730906","score":"-15813"}
{"tag":"!","time":"8.78498","counter":"1730990","score":"-15805"}
{"tag":"!","time":"8.7899","counter":"1731123","score":"-15801"}
{"tag":"!","time":"8.84152","counter":"1741385","score":"-15800"}
{"tag":"!","time":"8.84152","counter":"1741873","score":"-15799"}
{"tag":"!","time":"8.84152","counter":"1741984","score":"-15797"}
{"tag":"!","time":"8.84152","counter":"1741987","score":"-15791"}
{"tag":"!","time":"8.84671","counter":"1742934","score":"-15790"}
{"tag":"!","time":"8.965","counter":"1764693","score":"-15789"}
{"tag":"!","time":"8.965","counter":"1764799","score":"-15788"}
{"tag":"!","time":"9.37221","counter":"1841738","score":"-15787"}
{"tag":"!","time":"9.37768","counter":"1842006","score":"-15784"}
{"tag":"!","time":"9.48326","counter":"1862978","score":"-15780"}
{"tag":"!","time":"9.49911","counter":"1865705","score":"-15776"}
{"tag":"!","time":"9.69625","counter":"1901762","score":"-15773"}
{"tag":"!","time":"9.73202","counter":"1908877","score":"-15772"}
{"tag":"!","time":"9.73726","counter":"1909647","score":"-15771"}
{"tag":"result","counter":"1916000","score":"-15771"}
{"type":"sa","c":"0.0356888","l":"0.450278","score":"0.104649"}
