{"type":"greedy_loss","c":"1.04969","l":"0","score":"0.624213","h":"10","w":"395"}
{"s_comp":"0.182402","s_loss":"0.602769","T":"3763","P":"0.594662"}
{"tag":"param","type":"sa","start_temp":"30","end_temp":"1","limit":"9.77487"}
{"tag":"!","time":"2.57589e-05","counter":"1","score":"-23717"}
{"tag":"!","time":"2.57589e-05","counter":"6","score":"-23700"}
{"tag":"!","time":"2.57589e-05","counter":"7","score":"-23698"}
{"tag":"!","time":"2.57589e-05","counter":"8","score":"-23696"}
{"tag":"!","time":"2.57589e-05","counter":"11","score":"-23684"}
{"tag":"!","time":"2.57589e-05","counter":"25","score":"-23656"}
{"tag":"!","time":"2.57589e-05","counter":"31","score":"-23634"}
{"tag":"!","time":"2.57589e-05","counter":"75","score":"-23632"}
{"tag":"!","time":"2.57589e-05","counter":"76","score":"-23593"}
{"tag":"!","time":"2.57589e-05","counter":"79","score":"-23571"}
{"tag":"!","time":"2.57589e-05","counter":"80","score":"-23551"}
{"tag":"!","time":"2.57589e-05","counter":"81","score":"-23545"}
{"tag":"!","time":"2.57589e-05","counter":"82","score":"-23521"}
{"tag":"!","time":"2.57589e-05","counter":"84","score":"-23499"}
{"tag":"!","time":"2.57589e-05","counter":"85","score":"-23496"}
{"tag":"!","time":"2.57589e-05","counter":"92","score":"-23490"}
{"tag":"!","time":"2.57589e-05","counter":"93","score":"-23487"}
{"tag":"!","time":"2.57589e-05","counter":"94","score":"-23485"}
{"tag":"!","time":"2.57589e-05","counter":"98","score":"-23483"}
{"tag":"!","time":"2.57589e-05","counter":"113","score":"-23479"}
{"tag":"!","time":"2.57589e-05","counter":"115","score":"-23457"}
{"tag":"!","time":"2.57589e-05","counter":"121","score":"-23452"}
{"tag":"!","time":"2.57589e-05","counter":"123","score":"-23438"}
{"tag":"!","time":"2.57589e-05","counter":"206","score":"-23412"}
{"tag":"!","time":"2.57589e-05","counter":"209","score":"-23408"}
{"tag":"!","time":"2.57589e-05","counter":"212","score":"-23383"}
{"tag":"!","time":"2.57589e-05","counter":"214","score":"-23360"}
{"tag":"!","time":"2.57589e-05","counter":"215","score":"-23359"}
{"tag":"!","time":"2.57589e-05","counter":"254","score":"-23352"}
{"tag":"!","time":"2.57589e-05","counter":"256","score":"-23346"}
{"tag":"!","time":"2.57589e-05","counter":"393","score":"-23333"}
{"tag":"!","time":"2.57589e-05","counter":"394","score":"-23325"}
{"tag":"!","time":"2.57589e-05","counter":"397","score":"-23296"}
{"tag":"!","time":"2.57589e-05","counter":"401","score":"-23286"}
{"tag":"!","time":"2.57589e-05","counter":"402","score":"-23272"}
{"tag":"!","time":"2.57589e-05","counter":"403","score":"-23251"}
{"tag":"!","time":"2.57589e-05","counter":"404","score":"-23235"}
{"tag":"!","time":"0.00956987","counter":"1993","score":"-23234"}
{"tag":"!","time":"0.00956987","counter":"1994","score":"-23232"}
{"tag":"!","time":"0.00956987","counter":"2001","score":"-23203"}
{"tag":"!","time":"0.00956987","counter":"2004","score":"-23200"}
{"tag":"!","time":"0.00956987","counter":"2005","score":"-23189"}
{"tag":"!","time":"0.00956987","counter":"2006","score":"-23162"}
{"tag":"!","time":"0.00956987","counter":"2007","score":"-23153"}
{"tag":"!","time":"0.00956987","counter":"2079","score":"-23145"}
{"tag":"!","time":"0.00956987","counter":"2080","score":"-23134"}
{"tag":"!","time":"0.00956987","counter":"2191","score":"-23132"}
{"tag":"!","time":"0.00956987","counter":"2200","score":"-23122"}
{"tag":"!","time":"0.00956987","counter":"2204","score":"-23110"}
{"tag":"!","time":"0.00956987","counter":"2205","score":"-23102"}
{"tag":"!","time":"0.0248521","counter":"6669","score":"-23084"}
{"tag":"!","time":"0.397219","counter":"102873","score":"-23063"}
{"tag":"!","time":"0.397219","counter":"102876","score":"-23055"}
{"tag":"!","time":"0.397219","counter":"102878","score":"-23045"}
{"tag":"!","time":"1.01356","counter":"261940","score":"-23039"}
{"tag":"!","time":"1.01356","counter":"261941","score":"-23038"}
{"tag":"!","time":"1.01356","counter":"261943","score":"-23031"}
{"tag":"!","time":"1.42861","counter":"366550","score":"-23008"}
{"tag":"!","time":"1.42861","counter":"366577","score":"-23003"}
{"tag":"!","time":"1.42861","counter":"366578","score":"-23002"}
{"tag":"!","time":"1.48432","counter":"381156","score":"-22999"}
{"tag":"!","time":"1.48432","counter":"381158","score":"-22987"}
{"tag":"!","time":"1.48432","counter":"381159","score":"-22960"}
{"tag":"!","time":"1.48432","counter":"381216","score":"-22950"}
{"tag":"!","time":"2.49398","counter":"631931","score":"-22943"}
{"tag":"!","time":"2.49398","counter":"631935","score":"-22934"}
{"tag":"!","time":"2.49398","counter":"631940","score":"-22918"}
{"tag":"!","time":"2.49398","counter":"631941","score":"-22910"}
{"tag":"!","time":"2.49398","counter":"631952","score":"-22902"}
{"tag":"!","time":"2.75288","counter":"688476","score":"-22901"}
{"tag":"!","time":"2.91371","counter":"729241","score":"-22878"}
{"tag":"!","time":"3.0178","counter":"753481","score":"-22866"}
{"tag":"!","time":"3.0178","counter":"753508","score":"-22865"}
{"tag":"!","time":"3.0178","counter":"753529","score":"-22864"}
{"tag":"!","time":"3.30763","counter":"823300","score":"-22837"}
{"tag":"!","time":"3.30763","counter":"823337","score":"-22835"}
{"tag":"!","time":"3.30763","counter":"823346","score":"-22816"}
{"tag":"!","time":"3.30763","counter":"823350","score":"-22812"}
{"tag":"!","time":"3.98192","counter":"987594","score":"-22807"}
{"tag":"!","time":"3.98192","counter":"987595","score":"-22793"}
{"tag":"!","time":"3.98192","counter":"987597","score":"-22791"}
{"tag":"!","time":"3.98192","counter":"987602","score":"-22767"}
{"tag":"!","time":"3.98192","counter":"987603","score":"-22764"}
{"tag":"!","time":"3.98192","counter":"987618","score":"-22763"}
{"tag":"!","time":"4.03473","counter":"1000251","score":"-22754"}
{"tag":"!","time":"4.03473","counter":"1000254","score":"-22743"}
{"tag":"!","time":"4.03473","counter":"1000257","score":"-22735"}
{"tag":"!","time":"4.03473","counter":"1000259","score":"-22711"}
{"tag":"!","time":"4.03473","counter":"1000261","score":"-22699"}
{"tag":"!","time":"4.03473","counter":"1000262","score":"-22692"}
{"tag":"!","time":"4.03473","counter":"1000263","score":"-22689"}
{"tag":"!","time":"4.36399","counter":"1066721","score":"-22686"}
{"tag":"!","time":"4.36399","counter":"1066725","score":"-22672"}
{"tag":"!","time":"4.36399","counter":"1066733","score":"-22658"}
{"tag":"!","time":"4.36399","counter":"1066740","score":"-22653"}
{"tag":"!","time":"4.36399","counter":"1066749","score":"-22648"}
{"tag":"!","time":"4.36399","counter":"1066752","score":"-22632"}
{"tag":"!","time":"4.36399","counter":"1066758","score":"-22627"}
{"tag":"!","time":"4.36399","counter":"1066761","score":"-22617"}
{"tag":"!","time":"4.36399","counter":"1066762","score":"-22608"}
{"tag":"!","time":"4.36399","counter":"1066765","score":"-22598"}
{"tag":"!","time":"4.63949","counter":"1115147","score":"-22593"}
{"tag":"!","time":"4.6457","counter":"1115495","score":"-22584"}
{"tag":"!","time":"5.2277","counter":"1228604","score":"-22579"}
{"tag":"!","time":"5.2277","counter":"1228605","score":"-22570"}
{"tag":"!","time":"5.30294","counter":"1243806","score":"-22559"}
{"tag":"!","time":"5.51469","counter":"1285449","score":"-22544"}
{"tag":"!","time":"5.51469","counter":"1285451","score":"-22531"}
{"tag":"!","time":"5.52016","counter":"1286357","score":"-22529"}
{"tag":"!","time":"5.52016","counter":"1286393","score":"-22502"}
{"tag":"!","time":"5.52016","counter":"1286395","score":"-22487"}
{"tag":"!","time":"5.52016","counter":"1286397","score":"-22483"}
{"tag":"!","time":"5.52016","counter":"1286404","score":"-22462"}
{"tag":"!","time":"5.73808","counter":"1329129","score":"-22459"}
{"tag":"!","time":"5.73808","counter":"1329132","score":"-22440"}
{"tag":"!","time":"5.73808","counter":"1329134","score":"-22435"}
{"tag":"!","time":"5.73808","counter":"1329137","score":"-22432"}
{"tag":"!","time":"5.73808","counter":"1329160","score":"-22431"}
{"tag":"!","time":"5.73808","counter":"1329163","score":"-22427"}
{"tag":"!","time":"5.76689","counter":"1334974","score":"-22415"}
{"tag":"!","time":"5.76689","counter":"1334975","score":"-22400"}
{"tag":"!","time":"5.76689","counter":"1335012","score":"-22383"}
{"tag":"!","time":"5.85786","counter":"1353749","score":"-22376"}
{"tag":"!","time":"6.08469","counter":"1397155","score":"-22373"}
{"tag":"!","time":"6.08469","counter":"1397157","score":"-22364"}
{"tag":"!","time":"6.08469","counter":"1397159","score":"-22354"}
{"tag":"!","time":"6.08469","counter":"1397166","score":"-22352"}
{"tag":"!","time":"6.08469","counter":"1397167","score":"-22347"}
{"tag":"!","time":"6.08469","counter":"1397168","score":"-22345"}
{"tag":"!","time":"6.08469","counter":"1397177","score":"-22341"}
{"tag":"!","time":"6.08469","counter":"1397181","score":"-22338"}
{"tag":"!","time":"6.09165","counter":"1397834","score":"-22311"}
{"tag":"!","time":"6.09165","counter":"1397854","score":"-22286"}
{"tag":"!","time":"6.09165","counter":"1397866","score":"-22276"}
{"tag":"!","time":"6.09165","counter":"1397940","score":"-22272"}
{"tag":"!","time":"6.09165","counter":"1397941","score":"-22270"}
{"tag":"!","time":"6.09165","counter":"1397957","score":"-22269"}
{"tag":"!","time":"6.09165","counter":"1397974","score":"-22238"}
{"tag":"!","time":"6.42143","counter":"1463993","score":"-22220"}
{"tag":"!","time":"6.42143","counter":"1464008","score":"-22212"}
{"tag":"!","time":"6.46346","counter":"1471973","score":"-22211"}
{"tag":"!","time":"6.46346","counter":"1471979","score":"-22205"}
{"tag":"!","time":"6.46346","counter":"1471981","score":"-22189"}
{"tag":"!","time":"6.46346","counter":"1471982","score":"-22174"}
{"tag":"!","time":"6.75348","counter":"1530122","score":"-22168"}
{"tag":"!","time":"6.75348","counter":"1530136","score":"-22152"}
{"tag":"!","time":"6.75348","counter":"1530138","score":"-22142"}
{"tag":"!","time":"6.85987","counter":"1549689","score":"-22134"}
{"tag":"!","time":"6.85987","counter":"1549691","score":"-22127"}
{"tag":"!","time":"6.85987","counter":"1549695","score":"-22106"}
{"tag":"!","time":"6.89058","counter":"1555619","score":"-22101"}
{"tag":"!","time":"6.89058","counter":"1555637","score":"-22097"}
{"tag":"!","time":"6.89058","counter":"1555642","score":"-22094"}
{"tag":"!","time":"7.08445","counter":"1595568","score":"-22076"}
{"tag":"!","time":"7.08445","counter":"1595629","score":"-22065"}
{"tag":"!","time":"7.08445","counter":"1596147","score":"-22063"}
{"tag":"!","time":"7.08921","counter":"1596245","score":"-22037"}
{"tag":"!","time":"7.08921","counter":"1596247","score":"-22025"}
{"tag":"!","time":"7.08921","counter":"1596250","score":"-22017"}
{"tag":"!","time":"7.08921","counter":"1596264","score":"-22009"}
{"tag":"!","time":"7.08921","counter":"1596326","score":"-22006"}
{"tag":"!","time":"7.08921","counter":"1596328","score":"-21956"}
{"tag":"!","time":"7.08921","counter":"1596348","score":"-21953"}
{"tag":"!","time":"7.08921","counter":"1596359","score":"-21945"}
{"tag":"!","time":"7.08921","counter":"1596361","score":"-21929"}
{"tag":"!","time":"7.435","counter":"1662961","score":"-21923"}
{"tag":"!","time":"7.435","counter":"1662962","score":"-21902"}
{"tag":"!","time":"7.435","counter":"1662969","score":"-21900"}
{"tag":"!","time":"7.435","counter":"1662976","score":"-21886"}
{"tag":"!","time":"7.435","counter":"1663038","score":"-21884"}
{"tag":"!","time":"7.435","counter":"1663186","score":"-21866"}
{"tag":"!","time":"7.435","counter":"1663189","score":"-21864"}
{"tag":"!","time":"7.47202","counter":"1670087","score":"-21862"}
{"tag":"!","time":"7.65351","counter":"1703362","score":"-21860"}
{"tag":"!","time":"7.65351","counter":"1703380","score":"-21856"}
{"tag":"!","time":"7.65351","counter":"1703406","score":"-21854"}
{"tag":"!","time":"7.65351","counter":"1703425","score":"-21853"}
{"tag":"!","time":"7.65351","counter":"1703426","score":"-21845"}
{"tag":"!","time":"7.65351","counter":"1703432","score":"-21843"}
{"tag":"!","time":"7.65351","counter":"1703439","score":"-21840"}
{"tag":"!","time":"7.65351","counter":"1703444","score":"-21826"}
{"tag":"!","time":"7.66706","counter":"1705917","score":"-21823"}
{"tag":"!","time":"7.67217","counter":"1705924","score":"-21820"}
{"tag":"!","time":"7.67217","counter":"1705925","score":"-21819"}
{"tag":"!","time":"7.67217","counter":"1705969","score":"-21818"}
{"tag":"!","time":"7.67217","counter":"1705986","score":"-21810"}
{"tag":"!","time":"7.67217","counter":"1705995","score":"-21809"}
{"tag":"!","time":"7.67217","counter":"1706018","score":"-21806"}
{"tag":"!","time":"7.67217","counter":"1706032","score":"-21804"}
{"tag":"!","time":"7.67217","counter":"1706110","score":"-21790"}
{"tag":"!","time":"7.67217","counter":"1706198","score":"-21786"}
{"tag":"!","time":"7.71067","counter":"1712964","score":"-21782"}
{"tag":"!","time":"7.71067","counter":"1712971","score":"-21781"}
{"tag":"!","time":"7.77343","counter":"1725267","score":"-21777"}
{"tag":"!","time":"7.77343","counter":"1725330","score":"-21770"}
{"tag":"!","time":"7.77343","counter":"1725348","score":"-21762"}
{"tag":"!","time":"7.77343","counter":"1725449","score":"-21760"}
{"tag":"!","time":"7.77343","counter":"1725457","score":"-21756"}
{"tag":"!","time":"7.89956","counter":"1750936","score":"-21754"}
{"tag":"!","time":"7.90439","counter":"1750946","score":"-21744"}
{"tag":"!","time":"7.90439","counter":"1750964","score":"-21737"}
{"tag":"!","time":"7.90439","counter":"1750973","score":"-21735"}
{"tag":"!","time":"7.90439","counter":"1750996","score":"-21733"}
{"tag":"!","time":"7.90439","counter":"1751003","score":"-21732"}
{"tag":"!","time":"7.90439","counter":"1751475","score":"-21727"}
{"tag":"!","time":"7.90439","counter":"1751478","score":"-21713"}
{"tag":"!","time":"7.90439","counter":"1751597","score":"-21709"}
{"tag":"!","time":"7.90439","counter":"1751610","score":"-21705"}
{"tag":"!","time":"7.90439","counter":"1751619","score":"-21703"}
{"tag":"!","time":"7.90439","counter":"1751629","score":"-21697"}
{"tag":"!","time":"7.90439","counter":"1751645","score":"-21696"}
{"tag":"!","time":"7.90961","counter":"1751938","score":"-21693"}
{"tag":"!","time":"7.90961","counter":"1751948","score":"-21684"}
{"tag":"!","time":"7.90961","counter":"1751952","score":"-21681"}
{"tag":"!","time":"8.06069","counter":"1779780","score":"-21673"}
{"tag":"!","time":"8.1495","counter":"1796037","score":"-21670"}
{"tag":"!","time":"8.16696","counter":"1799062","score":"-21664"}
{"tag":"!","time":"8.16696","counter":"1799079","score":"-21657"}
{"tag":"!","time":"8.16696","counter":"1799699","score":"-21650"}
{"tag":"!","time":"8.16696","counter":"1799709","score":"-21635"}
{"tag":"!","time":"8.16696","counter":"1799716","score":"-21631"}
{"tag":"!","time":"8.16696","counter":"1799723","score":"-21626"}
{"tag":"!","time":"8.16696","counter":"1799769","score":"-21624"}
{"tag":"!","time":"8.18747","counter":"1803755","score":"-21620"}
{"tag":"!","time":"8.18747","counter":"1803770","score":"-21616"}
{"tag":"!","time":"8.21813","counter":"1808768","score":"-21606"}
{"tag":"!","time":"8.21813","counter":"1808770","score":"-21597"}
{"tag":"!","time":"8.22303","counter":"1810568","score":"-21592"}
{"tag":"!","time":"8.3313","counter":"1831829","score":"-21590"}
{"tag":"!","time":"8.33725","counter":"1832981","score":"-21586"}
{"tag":"!","time":"8.33725","counter":"1833001","score":"-21570"}
{"tag":"!","time":"8.33725","counter":"1833027","score":"-21566"}
{"tag":"!","time":"8.37471","counter":"1839209","score":"-21558"}
{"tag":"!","time":"8.37471","counter":"1839261","score":"-21557"}
{"tag":"!","time":"8.37471","counter":"1839387","score":"-21548"}
{"tag":"!","time":"8.37471","counter":"1839414","score":"-21546"}
{"tag":"!","time":"8.37471","counter":"1839770","score":"-21545"}
{"tag":"!","time":"8.37471","counter":"1839774","score":"-21539"}
{"tag":"!","time":"8.37471","counter":"1839838","score":"-21536"}
{"tag":"!","time":"8.37471","counter":"1839904","score":"-21525"}
{"tag":"!","time":"8.49412","counter":"1861174","score":"-21518"}
{"tag":"!","time":"8.49412","counter":"1861214","score":"-21517"}
{"tag":"!","time":"8.51446","counter":"1865096","score":"-21512"}
{"tag":"!","time":"8.51446","counter":"1865154","score":"-21510"}
{"tag":"!","time":"8.51446","counter":"1865330","score":"-21507"}
{"tag":"!","time":"8.71653","counter":"1905364","score":"-21506"}
{"tag":"!","time":"8.72168","counter":"1905995","score":"-21504"}
{"tag":"!","time":"8.72168","counter":"1906039","score":"-21503"}
{"tag":"!","time":"8.72168","counter":"1906057","score":"-21493"}
{"tag":"!","time":"8.72168","counter":"1906405","score":"-21491"}
{"tag":"!","time":"8.72168","counter":"1906693","score":"-21484"}
{"tag":"!","time":"8.72168","counter":"1906732","score":"-21479"}
{"tag":"!","time":"8.72761","counter":"1906774","score":"-21477"}
{"tag":"!","time":"8.76513","counter":"1914009","score":"-21476"}
{"tag":"!","time":"8.76513","counter":"1914063","score":"-21468"}
{"tag":"!","time":"8.8609","counter":"1929357","score":"-21467"}
{"tag":"!","time":"8.93344","counter":"1943922","score":"-21466"}
{"tag":"!","time":"8.93344","counter":"1943933","score":"-21455"}
{"tag":"!","time":"8.93883","counter":"1944666","score":"-21453"}
{"tag":"!","time":"9.00587","counter":"1957847","score":"-21452"}
{"tag":"!","time":"9.12445","counter":"1982341","score":"-21444"}
{"tag":"!","time":"9.12445","counter":"1982384","score":"-21443"}
{"tag":"!","time":"9.1337","counter":"1984415","score":"-21439"}
{"tag":"!","time":"9.1337","counter":"1984953","score":"-21437"}
{"tag":"!","time":"9.1337","counter":"1984973","score":"-21436"}
{"tag":"!","time":"9.13851","counter":"1985571","score":"-21433"}
{"tag":"!","time":"9.13851","counter":"1985904","score":"-21431"}
{"tag":"!","time":"9.13851","counter":"1985935","score":"-21428"}
{"tag":"!","time":"9.13851","counter":"1985958","score":"-21424"}
{"tag":"!","time":"9.14356","counter":"1986030","score":"-21423"}
{"tag":"!","time":"9.14356","counter":"1986596","score":"-21420"}
{"tag":"!","time":"9.58142","counter":"2063132","score":"-21418"}
{"tag":"!","time":"9.63426","counter":"2071799","score":"-21415"}
{"tag":"result","counter":"2100669","score":"-21415"}
{"type":"sa","c":"0.0265745","l":"0.455275","score":"0.200343"}
