{"type":"greedy_loss","c":"1.07223","l":"0","score":"0.190921","h":"10","w":"144"}
{"s_comp":"0.369873","s_loss":"0.194499","T":"1343","P":"0.178061"}
{"tag":"param","type":"sa","start_temp":"30","end_temp":"1","limit":"9.78916"}
{"tag":"!","time":"2.54161e-05","counter":"0","score":"-3289"}
{"tag":"!","time":"2.54161e-05","counter":"1","score":"-3149"}
{"tag":"!","time":"2.54161e-05","counter":"19","score":"-3096"}
{"tag":"!","time":"2.54161e-05","counter":"30","score":"-3091"}
{"tag":"!","time":"2.54161e-05","counter":"31","score":"-3048"}
{"tag":"!","time":"2.54161e-05","counter":"33","score":"-3040"}
{"tag":"!","time":"2.54161e-05","counter":"34","score":"-3011"}
{"tag":"!","time":"2.54161e-05","counter":"36","score":"-2955"}
{"tag":"!","time":"2.54161e-05","counter":"40","score":"-2879"}
{"tag":"!","time":"2.54161e-05","counter":"44","score":"-2853"}
{"tag":"!","time":"2.54161e-05","counter":"47","score":"-2773"}
{"tag":"!","time":"2.54161e-05","counter":"51","score":"-2756"}
{"tag":"!","time":"2.54161e-05","counter":"53","score":"-2701"}
{"tag":"!","time":"2.54161e-05","counter":"64","score":"-2666"}
{"tag":"!","time":"2.54161e-05","counter":"71","score":"-2585"}
{"tag":"!","time":"2.54161e-05","counter":"93","score":"-2510"}
{"tag":"!","time":"2.54161e-05","counter":"98","score":"-2457"}
{"tag":"!","time":"2.54161e-05","counter":"114","score":"-2435"}
{"tag":"!","time":"2.54161e-05","counter":"120","score":"-2381"}
{"tag":"!","time":"2.54161e-05","counter":"143","score":"-2333"}
{"tag":"!","time":"2.54161e-05","counter":"177","score":"-2293"}
{"tag":"!","time":"2.54161e-05","counter":"178","score":"-2257"}
{"tag":"!","time":"2.54161e-05","counter":"186","score":"-2254"}
{"tag":"!","time":"2.54161e-05","counter":"219","score":"-2234"}
{"tag":"!","time":"2.54161e-05","counter":"224","score":"-2225"}
{"tag":"!","time":"2.54161e-05","counter":"227","score":"-2206"}
{"tag":"!","time":"2.54161e-05","counter":"242","score":"-2169"}
{"tag":"!","time":"2.54161e-05","counter":"245","score":"-2133"}
{"tag":"!","time":"2.54161e-05","counter":"252","score":"-2120"}
{"tag":"!","time":"2.54161e-05","counter":"308","score":"-2081"}
{"tag":"!","time":"2.54161e-05","counter":"324","score":"-2079"}
{"tag":"!","time":"2.54161e-05","counter":"347","score":"-2058"}
{"tag":"!","time":"2.54161e-05","counter":"349","score":"-2033"}
{"tag":"!","time":"2.54161e-05","counter":"359","score":"-2030"}
{"tag":"!","time":"2.54161e-05","counter":"362","score":"-2026"}
{"tag":"!","time":"2.54161e-05","counter":"377","score":"-2008"}
{"tag":"!","time":"2.54161e-05","counter":"382","score":"-1975"}
{"tag":"!","time":"2.54161e-05","counter":"383","score":"-1957"}
{"tag":"!","time":"2.54161e-05","counter":"387","score":"-1941"}
{"tag":"!","time":"2.54161e-05","counter":"395","score":"-1828"}
{"tag":"!","time":"2.54161e-05","counter":"804","score":"-1819"}
{"tag":"!","time":"2.54161e-05","counter":"807","score":"-1809"}
{"tag":"!","time":"2.54161e-05","counter":"814","score":"-1771"}
{"tag":"!","time":"2.54161e-05","counter":"820","score":"-1717"}
{"tag":"!","time":"0.00588732","counter":"1361","score":"-1652"}
{"tag":"!","time":"0.00588732","counter":"1459","score":"-1636"}
{"tag":"!","time":"0.00588732","counter":"1468","score":"-1631"}
{"tag":"!","time":"0.00588732","counter":"1483","score":"-1616"}
{"tag":"!","time":"0.00588732","counter":"1506","score":"-1601"}
{"tag":"!","time":"0.00588732","counter":"1514","score":"-1597"}
{"tag":"!","time":"0.00588732","counter":"1989","score":"-1596"}
{"tag":"!","time":"0.0106253","counter":"2005","score":"-1592"}
{"tag":"!","time":"0.0106253","counter":"2169","score":"-1548"}
{"tag":"!","time":"0.0106253","counter":"2221","score":"-1545"}
{"tag":"!","time":"0.0106253","counter":"2226","score":"-1530"}
{"tag":"!","time":"0.0106253","counter":"2228","score":"-1524"}
{"tag":"!","time":"0.0106253","counter":"2393","score":"-1474"}
{"tag":"!","time":"0.0106253","counter":"2400","score":"-1456"}
{"tag":"!","time":"0.0106253","counter":"2410","score":"-1454"}
{"tag":"!","time":"0.0106253","counter":"2430","score":"-1452"}
{"tag":"!","time":"0.0106253","counter":"2431","score":"-1421"}
{"tag":"!","time":"0.0416265","counter":"9430","score":"-1401"}
{"tag":"!","time":"0.0416265","counter":"9447","score":"-1389"}
{"tag":"!","time":"0.0460678","counter":"10447","score":"-1364"}
{"tag":"!","time":"0.0460678","counter":"10500","score":"-1348"}
{"tag":"!","time":"0.0460678","counter":"10564","score":"-1344"}
{"tag":"!","time":"0.0460678","counter":"10565","score":"-1333"}
{"tag":"!","time":"0.0460678","counter":"10567","score":"-1318"}
{"tag":"!","time":"0.0460678","counter":"10577","score":"-1315"}
{"tag":"!","time":"0.117012","counter":"26513","score":"-1301"}
{"tag":"!","time":"0.117012","counter":"26514","score":"-1292"}
{"tag":"!","time":"0.117012","counter":"26563","score":"-1257"}
{"tag":"!","time":"0.117012","counter":"26697","score":"-1253"}
{"tag":"!","time":"0.477073","counter":"101276","score":"-1240"}
{"tag":"!","time":"0.477073","counter":"101308","score":"-1211"}
{"tag":"!","time":"0.588981","counter":"126812","score":"-1166"}
{"tag":"!","time":"0.588981","counter":"126997","score":"-1147"}
{"tag":"!","time":"0.607635","counter":"130236","score":"-1127"}
{"tag":"!","time":"0.607635","counter":"130419","score":"-1126"}
{"tag":"!","time":"0.607635","counter":"130424","score":"-1075"}
{"tag":"!","time":"0.607635","counter":"130611","score":"-1070"}
{"tag":"!","time":"0.607635","counter":"130676","score":"-1057"}
{"tag":"!","time":"0.984462","counter":"212997","score":"-1031"}
{"tag":"!","time":"1.19897","counter":"255262","score":"-1013"}
{"tag":"!","time":"1.19897","counter":"255264","score":"-1003"}
{"tag":"!","time":"1.19897","counter":"255474","score":"-982"}
{"tag":"!","time":"1.19897","counter":"255495","score":"-978"}
{"tag":"!","time":"1.19897","counter":"255503","score":"-977"}
{"tag":"!","time":"1.19897","counter":"255561","score":"-970"}
{"tag":"!","time":"2.14063","counter":"454097","score":"-967"}
{"tag":"!","time":"2.14063","counter":"454140","score":"-963"}
{"tag":"!","time":"2.51621","counter":"531214","score":"-946"}
{"tag":"!","time":"2.67115","counter":"565241","score":"-938"}
{"tag":"!","time":"2.67115","counter":"565274","score":"-921"}
{"tag":"!","time":"2.67115","counter":"565313","score":"-891"}
{"tag":"!","time":"3.11063","counter":"644110","score":"-879"}
{"tag":"!","time":"3.11063","counter":"644129","score":"-861"}
{"tag":"!","time":"3.11063","counter":"644142","score":"-859"}
{"tag":"!","time":"3.11063","counter":"644242","score":"-842"}
{"tag":"!","time":"3.11063","counter":"644320","score":"-801"}
{"tag":"!","time":"3.11063","counter":"644474","score":"-800"}
{"tag":"!","time":"3.11063","counter":"644486","score":"-791"}
{"tag":"!","time":"3.11063","counter":"644544","score":"-784"}
{"tag":"!","time":"4.24638","counter":"845103","score":"-777"}
{"tag":"!","time":"4.24638","counter":"845224","score":"-761"}
{"tag":"!","time":"4.24638","counter":"845270","score":"-751"}
{"tag":"!","time":"4.31157","counter":"857102","score":"-689"}
{"tag":"!","time":"4.86601","counter":"956887","score":"-679"}
{"tag":"!","time":"4.86601","counter":"956893","score":"-662"}
{"tag":"!","time":"4.87224","counter":"957092","score":"-653"}
{"tag":"!","time":"4.87224","counter":"957136","score":"-652"}
{"tag":"!","time":"5.04378","counter":"988906","score":"-641"}
{"tag":"!","time":"5.04378","counter":"988929","score":"-639"}
{"tag":"!","time":"5.04378","counter":"988933","score":"-638"}
{"tag":"!","time":"5.04944","counter":"989332","score":"-623"}
{"tag":"!","time":"5.05523","counter":"990549","score":"-616"}
{"tag":"!","time":"5.06653","counter":"992456","score":"-610"}
{"tag":"!","time":"5.06653","counter":"992914","score":"-565"}
{"tag":"!","time":"5.072","counter":"993103","score":"-547"}
{"tag":"!","time":"5.072","counter":"993212","score":"-546"}
{"tag":"!","time":"5.072","counter":"993244","score":"-544"}
{"tag":"!","time":"5.072","counter":"993512","score":"-538"}
{"tag":"!","time":"6.00603","counter":"1170918","score":"-530"}
{"tag":"!","time":"6.01186","counter":"1171015","score":"-508"}
{"tag":"!","time":"6.16744","counter":"1200527","score":"-503"}
{"tag":"!","time":"6.16744","counter":"1200932","score":"-501"}
{"tag":"!","time":"6.17271","counter":"1201060","score":"-493"}
{"tag":"!","time":"6.29406","counter":"1224825","score":"-480"}
{"tag":"!","time":"6.30361","counter":"1226302","score":"-473"}
{"tag":"!","time":"6.3084","counter":"1227277","score":"-418"}
{"tag":"!","time":"6.3084","counter":"1227414","score":"-399"}
{"tag":"!","time":"6.32352","counter":"1230374","score":"-396"}
{"tag":"!","time":"6.32352","counter":"1230452","score":"-394"}
{"tag":"!","time":"6.32352","counter":"1230998","score":"-393"}
{"tag":"!","time":"6.32826","counter":"1231793","score":"-389"}
{"tag":"!","time":"6.32826","counter":"1231951","score":"-387"}
{"tag":"!","time":"6.32826","counter":"1231989","score":"-385"}
{"tag":"!","time":"6.33322","counter":"1232358","score":"-382"}
{"tag":"!","time":"6.33322","counter":"1232762","score":"-342"}
{"tag":"!","time":"6.46438","counter":"1259531","score":"-339"}
{"tag":"!","time":"6.46438","counter":"1259969","score":"-309"}
{"tag":"!","time":"6.4692","counter":"1260487","score":"-303"}
{"tag":"!","time":"7.20252","counter":"1415411","score":"-293"}
{"tag":"!","time":"7.22687","counter":"1420713","score":"-285"}
{"tag":"!","time":"7.2417","counter":"1423977","score":"-273"}
{"tag":"!","time":"7.43845","counter":"1465445","score":"-265"}
{"tag":"!","time":"7.44776","counter":"1467317","score":"-253"}
{"tag":"!","time":"7.45288","counter":"1468073","score":"-248"}
{"tag":"!","time":"7.50678","counter":"1479826","score":"-230"}
{"tag":"!","time":"8.47692","counter":"1686932","score":"-228"}
{"tag":"!","time":"8.50006","counter":"1691645","score":"-210"}
{"tag":"!","time":"8.58653","counter":"1711052","score":"-201"}
{"tag":"!","time":"8.64359","counter":"1723439","score":"-199"}
{"tag":"!","time":"8.66164","counter":"1727556","score":"-198"}
{"tag":"!","time":"8.67043","counter":"1729234","score":"-195"}
{"tag":"!","time":"8.68788","counter":"1733136","score":"-172"}
{"tag":"!","time":"8.79629","counter":"1758870","score":"-167"}
{"tag":"!","time":"8.85757","counter":"1771752","score":"-164"}
{"tag":"result","counter":"1973000","score":"-164"}
{"type":"sa","c":"1.01936","l":"0.00976917","score":"0.189537"}
