37
BUPUJBDXVTFKIYEXCKOTBWOASMRADZVHAFOKH
ANQYIXXZNHTJFZASWNMUSZQAOFFALXKFYDLJH
TCSTSQDBNBPFLJRCHPBYRNKATSPAWWGTKGOGJ
OAQVHKJIVCBLHKFFDJSTFWHZHPYHZOYUNUODC
CCQFXLJWZKFGOIEEFOVFPAOFHLOGQBLPBIQQF
ZIZGIPFVAEGTFBIZDIXSNWPJRWOGQWXTMZIGI
FLGHGYRCWLBKDVFMRZVOYQSZEWMTXPQXREOSJ
FDJCGFQUQAAAALYFHMRPDZRDOBAEJEXQHNWOC
ZLQHAMQTMADWAPEHVRDIBLFRTEMXTDXASPWYY
OGJNANOXVADLYWZXXEWAWNQHGJLYSXQFKKRCW
FEHDMZGZJHCOEBFGUGJTEMDAVBLFARNWFAAAA
UASSCAARSLFBOKQWYYFQOMSACMFOSYTPLWNKY
BJKTRRSZJPXZPPYAJDDQZPCAMJIUFSUGSSTVL
XDLHPHJATOOFXACTPFEADFLAIANXXGFRTNZEH
SMUKEQZUVBKLPZUUVQYOADMMBHOAKKSPLWLFT
PQFGPPXEEWZLRXZJOTXPOVCPOUABKKVSNQCLM
JIMECPSOSMCMZDSDCOSFAPIDRSHXVNBFEKZVE
NSWWFESRUEWFKJAADQGUNIDJWEBWHGQYORYLR
NYBABXEODLBHPCAACSZONAEKIFNSYDFCJFXTL
OSCAZPLKXAOJXUOFPHEDSOXBAKXMKOWBZAXTU
PBBAAKKMQGXZJTFGYFMHEUXQACAZQENGUAXOW
QDRAQDMAHYMZBVKLQGILRYVGGCVUVEZDGATZT
DUVPLZDAAAAAAEPSYTYXYQZFHYCPNFWCWAZXF
LEDLBHCKGIAFMWWVSOSGZOEZVXTXUBWHSAHWY
NOVMAMNIVJILXTXOOASKDMVHFVAQIRGUNAZDL
CJZAAAANKGGVJXFFCQWBDCNSQHZELXAAAAUFQ
EUFAAAAPMWPQEKOKNYIHVZGGOOYXDMOLHENKX
FAENYGVAOQDYAYZGYGZXTUMBDWNWWLWFBXDOB
RLORHKELFNZNEJPYMYCOVOORWNWRLCYCGNWTB
HSBJCERNXXJRVMOGZOTRFICNNBJSJBJZELABR
NWOEACNJMBQLZQZNXTJTCRIPFFSKNDHIHUKEA
VTYKAURZGMLCCBVXOUMOQNIVSIIWHOFNGHVIX
EXGGAIETCAKCSFYLETOOXUZSSIOLNOBBWDDKR
WBNHAOKMPVHSNWJXVMSKVTILQGJHIKJYILGKS
KTQIFEHIZYOMEOBSSTPYBEGAKICIFSJEAVSBJ
QQQJJRTURJJIDIBGUKCXKCCUYAYDMWWWDHVED
AAAAZTGZWDLCPKEDEKRZNBBFIPUKHYZYBXGJD
19 25
18 0
0 18
27 5
22 3
0 28
30 0
34 13
0 9
10 9
27 12
0 13
28 35
13 0
31 14
18 4
11 33
14 19
19 34
0 24
26 29
17 16
34 4
25 25
21 19
31 24
3 23
0 11
19 13
27 0
33 22
29 14
23 7
10 24
34 25
3 0
10 14
8 10
0 0
