{"type":"greedy_loss","c":"1.09234","l":"0","score":"0.107281","h":"10","w":"291"}
{"type":"greedy_loss","c":"1.08859","l":"0","score":"0.106912","h":"145","w":"20"}
{"type":"greedy_loss","c":"1.08859","l":"0","score":"0.106912","h":"145","w":"20"}
{"type":"greedy_loss","c":"1.08859","l":"0","score":"0.106912","h":"145","w":"20"}
{"type":"greedy_loss","c":"1.08859","l":"0","score":"0.106912","h":"145","w":"20"}
{"type":"greedy_loss","c":"1.08859","l":"0","score":"0.106912","h":"145","w":"20"}
{"type":"greedy_loss","c":"1.08859","l":"0","score":"0.106912","h":"145","w":"20"}
{"type":"greedy_loss","c":"1.08859","l":"0","score":"0.106912","h":"145","w":"20"}
{"type":"greedy_loss","c":"1.08859","l":"0","score":"0.106912","h":"145","w":"20"}
{"type":"greedy_loss","c":"1.09009","l":"0","score":"0.10706","h":"88","w":"33"}
{"type":"greedy_loss","c":"1.09009","l":"0","score":"0.10706","h":"66","w":"44"}
{"type":"greedy_loss","c":"1.07207","l":"0","score":"0.10529","h":"68","w":"42"}
{"type":"greedy_loss","c":"1.08784","l":"0","score":"0.106838","h":"69","w":"42"}
{"type":"greedy_loss","c":"1.0533","l":"0","score":"0.103447","h":"46","w":"61"}
{"type":"greedy_loss","c":"1.0533","l":"0","score":"0.103447","h":"46","w":"61"}
{"type":"greedy_loss","c":"1.0533","l":"0","score":"0.103447","h":"46","w":"61"}
{"type":"greedy_loss","c":"1.0533","l":"0","score":"0.103447","h":"46","w":"61"}
{"type":"greedy_loss","c":"1.07357","l":"0","score":"0.105437","h":"55","w":"52"}
{"tag":"param","type":"sa","start_temp":"30","end_temp":"1","limit":"4.78155"}
{"tag":"!","time":"4.13418e-05","counter":"0","score":"-16447"}
{"tag":"!","time":"4.13418e-05","counter":"1","score":"-16437"}
{"tag":"!","time":"4.13418e-05","counter":"3","score":"-16423"}
{"tag":"!","time":"4.13418e-05","counter":"4","score":"-16410"}
{"tag":"!","time":"4.13418e-05","counter":"5","score":"-16394"}
{"tag":"!","time":"4.13418e-05","counter":"8","score":"-16383"}
{"tag":"!","time":"4.13418e-05","counter":"13","score":"-16367"}
{"tag":"!","time":"4.13418e-05","counter":"14","score":"-16353"}
{"tag":"!","time":"4.13418e-05","counter":"20","score":"-16349"}
{"tag":"!","time":"4.13418e-05","counter":"21","score":"-16340"}
{"tag":"!","time":"4.13418e-05","counter":"22","score":"-16325"}
{"tag":"!","time":"4.13418e-05","counter":"53","score":"-16320"}
{"tag":"!","time":"4.13418e-05","counter":"56","score":"-16293"}
{"tag":"!","time":"4.13418e-05","counter":"87","score":"-16289"}
{"tag":"!","time":"4.13418e-05","counter":"94","score":"-16267"}
{"tag":"!","time":"4.13418e-05","counter":"95","score":"-16256"}
{"tag":"!","time":"4.13418e-05","counter":"97","score":"-16251"}
{"tag":"!","time":"4.13418e-05","counter":"128","score":"-16246"}
{"tag":"!","time":"4.13418e-05","counter":"129","score":"-16232"}
{"tag":"!","time":"4.13418e-05","counter":"132","score":"-16229"}
{"tag":"!","time":"4.13418e-05","counter":"140","score":"-16228"}
{"tag":"!","time":"4.13418e-05","counter":"142","score":"-16216"}
{"tag":"!","time":"4.13418e-05","counter":"156","score":"-16213"}
{"tag":"!","time":"4.13418e-05","counter":"161","score":"-16205"}
{"tag":"!","time":"4.13418e-05","counter":"167","score":"-16199"}
{"tag":"!","time":"4.13418e-05","counter":"181","score":"-16196"}
{"tag":"!","time":"4.13418e-05","counter":"182","score":"-16192"}
{"tag":"!","time":"4.13418e-05","counter":"195","score":"-16165"}
{"tag":"!","time":"4.13418e-05","counter":"196","score":"-16155"}
{"tag":"!","time":"4.13418e-05","counter":"197","score":"-16144"}
{"tag":"!","time":"4.13418e-05","counter":"257","score":"-16131"}
{"tag":"!","time":"4.13418e-05","counter":"258","score":"-16126"}
{"tag":"!","time":"4.13418e-05","counter":"262","score":"-16107"}
{"tag":"!","time":"4.13418e-05","counter":"265","score":"-16101"}
{"tag":"!","time":"4.13418e-05","counter":"463","score":"-16084"}
{"tag":"!","time":"4.13418e-05","counter":"466","score":"-16080"}
{"tag":"!","time":"4.13418e-05","counter":"469","score":"-16063"}
{"tag":"!","time":"4.13418e-05","counter":"471","score":"-16047"}
{"tag":"!","time":"4.13418e-05","counter":"473","score":"-16031"}
{"tag":"!","time":"4.13418e-05","counter":"474","score":"-16012"}
{"tag":"!","time":"4.13418e-05","counter":"475","score":"-16008"}
{"tag":"!","time":"4.13418e-05","counter":"477","score":"-16000"}
{"tag":"!","time":"4.13418e-05","counter":"495","score":"-15975"}
{"tag":"!","time":"4.13418e-05","counter":"500","score":"-15974"}
{"tag":"!","time":"4.13418e-05","counter":"501","score":"-15968"}
{"tag":"!","time":"4.13418e-05","counter":"507","score":"-15967"}
{"tag":"!","time":"4.13418e-05","counter":"522","score":"-15963"}
{"tag":"!","time":"0.0356698","counter":"6432","score":"-15956"}
{"tag":"!","time":"0.0356698","counter":"6437","score":"-15950"}
{"tag":"!","time":"0.0356698","counter":"6439","score":"-15949"}
{"tag":"!","time":"0.0356698","counter":"6440","score":"-15943"}
{"tag":"!","time":"0.0356698","counter":"6441","score":"-15940"}
{"tag":"!","time":"0.0356698","counter":"6444","score":"-15933"}
{"tag":"!","time":"0.0356698","counter":"6446","score":"-15932"}
{"tag":"!","time":"0.0356698","counter":"6453","score":"-15931"}
{"tag":"!","time":"0.0356698","counter":"6455","score":"-15917"}
{"tag":"!","time":"0.0356698","counter":"6459","score":"-15884"}
{"tag":"!","time":"0.0356698","counter":"6467","score":"-15883"}
{"tag":"!","time":"0.0356698","counter":"6468","score":"-15880"}
{"tag":"!","time":"0.0356698","counter":"6473","score":"-15877"}
{"tag":"!","time":"0.0356698","counter":"6474","score":"-15859"}
{"tag":"!","time":"0.0356698","counter":"6487","score":"-15858"}
{"tag":"!","time":"0.0356698","counter":"6548","score":"-15853"}
{"tag":"!","time":"0.0356698","counter":"6550","score":"-15848"}
{"tag":"!","time":"0.0356698","counter":"6551","score":"-15847"}
{"tag":"!","time":"0.0356698","counter":"6556","score":"-15836"}
{"tag":"!","time":"0.0356698","counter":"6557","score":"-15835"}
{"tag":"!","time":"0.235352","counter":"45274","score":"-15822"}
{"tag":"!","time":"0.235352","counter":"45280","score":"-15816"}
{"tag":"!","time":"0.495579","counter":"95788","score":"-15813"}
{"tag":"!","time":"0.832302","counter":"157518","score":"-15792"}
{"tag":"!","time":"0.832302","counter":"157519","score":"-15790"}
{"tag":"!","time":"0.832302","counter":"157527","score":"-15774"}
{"tag":"!","time":"0.832302","counter":"157528","score":"-15766"}
{"tag":"!","time":"0.832302","counter":"157529","score":"-15753"}
{"tag":"!","time":"0.832302","counter":"157531","score":"-15725"}
{"tag":"!","time":"0.832302","counter":"157536","score":"-15716"}
{"tag":"!","time":"1.71774","counter":"321939","score":"-15706"}
{"tag":"!","time":"1.71774","counter":"321943","score":"-15699"}
{"tag":"!","time":"1.89466","counter":"353305","score":"-15698"}
{"tag":"!","time":"1.89466","counter":"353306","score":"-15691"}
{"tag":"!","time":"1.89466","counter":"353320","score":"-15690"}
{"tag":"!","time":"1.89466","counter":"353336","score":"-15677"}
{"tag":"!","time":"1.92784","counter":"359419","score":"-15675"}
{"tag":"!","time":"1.92784","counter":"359425","score":"-15662"}
{"tag":"!","time":"1.92784","counter":"359440","score":"-15661"}
{"tag":"!","time":"2.03467","counter":"379837","score":"-15657"}
{"tag":"!","time":"2.03467","counter":"379838","score":"-15650"}
{"tag":"!","time":"2.03467","counter":"379890","score":"-15627"}
{"tag":"!","time":"2.18089","counter":"404041","score":"-15618"}
{"tag":"!","time":"2.27293","counter":"420247","score":"-15590"}
{"tag":"!","time":"2.42658","counter":"445453","score":"-15587"}
{"tag":"!","time":"2.42658","counter":"445459","score":"-15583"}
{"tag":"!","time":"2.54753","counter":"464996","score":"-15566"}
{"tag":"!","time":"2.54753","counter":"464997","score":"-15536"}
{"tag":"!","time":"2.5531","counter":"465083","score":"-15531"}
{"tag":"!","time":"2.5531","counter":"465108","score":"-15528"}
{"tag":"!","time":"2.5531","counter":"465131","score":"-15522"}
{"tag":"!","time":"2.57161","counter":"468337","score":"-15515"}
{"tag":"!","time":"2.57161","counter":"468342","score":"-15508"}
{"tag":"!","time":"2.57161","counter":"468343","score":"-15498"}
{"tag":"!","time":"2.57161","counter":"468354","score":"-15491"}
{"tag":"!","time":"2.57161","counter":"468363","score":"-15478"}
{"tag":"!","time":"2.57161","counter":"468367","score":"-15462"}
{"tag":"!","time":"2.57161","counter":"468369","score":"-15449"}
{"tag":"!","time":"2.57161","counter":"468453","score":"-15447"}
{"tag":"!","time":"2.57161","counter":"468886","score":"-15446"}
{"tag":"!","time":"2.57161","counter":"468890","score":"-15420"}
{"tag":"!","time":"2.57161","counter":"468891","score":"-15414"}
{"tag":"!","time":"2.57161","counter":"468907","score":"-15403"}
{"tag":"!","time":"2.71435","counter":"491109","score":"-15395"}
{"tag":"!","time":"2.71435","counter":"491908","score":"-15389"}
{"tag":"!","time":"2.71435","counter":"491909","score":"-15379"}
{"tag":"!","time":"2.72061","counter":"492109","score":"-15358"}
{"tag":"!","time":"2.88861","counter":"519960","score":"-15350"}
{"tag":"!","time":"2.88861","counter":"519963","score":"-15347"}
{"tag":"!","time":"2.88861","counter":"519985","score":"-15342"}
{"tag":"!","time":"3.07207","counter":"546817","score":"-15336"}
{"tag":"!","time":"3.07207","counter":"546823","score":"-15331"}
{"tag":"!","time":"3.07207","counter":"546824","score":"-15319"}
{"tag":"!","time":"3.07207","counter":"546825","score":"-15313"}
{"tag":"!","time":"3.07207","counter":"546829","score":"-15312"}
{"tag":"!","time":"3.07207","counter":"546836","score":"-15308"}
{"tag":"!","time":"3.07207","counter":"546840","score":"-15282"}
{"tag":"!","time":"3.07207","counter":"546844","score":"-15273"}
{"tag":"!","time":"3.07207","counter":"546856","score":"-15261"}
{"tag":"!","time":"3.08001","counter":"547531","score":"-15259"}
{"tag":"!","time":"3.08001","counter":"547537","score":"-15256"}
{"tag":"!","time":"3.11076","counter":"552221","score":"-15252"}
{"tag":"!","time":"3.11076","counter":"552478","score":"-15241"}
{"tag":"!","time":"3.11076","counter":"552589","score":"-15239"}
{"tag":"!","time":"3.11076","counter":"552623","score":"-15233"}
{"tag":"!","time":"3.11076","counter":"552651","score":"-15209"}
{"tag":"!","time":"3.11076","counter":"552659","score":"-15195"}
{"tag":"!","time":"3.15178","counter":"557026","score":"-15193"}
{"tag":"!","time":"3.15178","counter":"557034","score":"-15179"}
{"tag":"!","time":"3.15178","counter":"557036","score":"-15166"}
{"tag":"!","time":"3.15178","counter":"557040","score":"-15165"}
{"tag":"!","time":"3.15178","counter":"557046","score":"-15164"}
{"tag":"!","time":"3.49382","counter":"612303","score":"-15144"}
{"tag":"!","time":"3.49382","counter":"612306","score":"-15138"}
{"tag":"!","time":"3.49382","counter":"612313","score":"-15119"}
{"tag":"!","time":"3.57363","counter":"624359","score":"-15110"}
{"tag":"!","time":"3.57363","counter":"624362","score":"-15107"}
{"tag":"!","time":"3.57363","counter":"624385","score":"-15096"}
{"tag":"!","time":"3.60085","counter":"628687","score":"-15095"}
{"tag":"!","time":"3.60085","counter":"628714","score":"-15094"}
{"tag":"!","time":"3.61919","counter":"631247","score":"-15087"}
{"tag":"!","time":"3.64001","counter":"634334","score":"-15085"}
{"tag":"!","time":"3.64001","counter":"634335","score":"-15080"}
{"tag":"!","time":"3.64654","counter":"635000","score":"-15071"}
{"tag":"!","time":"3.64654","counter":"635019","score":"-15070"}
{"tag":"!","time":"3.64654","counter":"635709","score":"-15065"}
{"tag":"!","time":"3.64654","counter":"635780","score":"-15047"}
{"tag":"!","time":"3.64654","counter":"635788","score":"-15024"}
{"tag":"!","time":"3.64654","counter":"635795","score":"-15021"}
{"tag":"!","time":"3.67121","counter":"639495","score":"-15000"}
{"tag":"!","time":"3.67121","counter":"639504","score":"-14988"}
{"tag":"!","time":"3.67121","counter":"639520","score":"-14980"}
{"tag":"!","time":"3.74541","counter":"650663","score":"-14979"}
{"tag":"!","time":"3.78405","counter":"656049","score":"-14971"}
{"tag":"!","time":"3.91258","counter":"677560","score":"-14963"}
{"tag":"!","time":"3.91258","counter":"677570","score":"-14961"}
{"tag":"!","time":"3.91258","counter":"677585","score":"-14957"}
{"tag":"!","time":"3.91258","counter":"677618","score":"-14955"}
{"tag":"!","time":"3.91258","counter":"677684","score":"-14950"}
{"tag":"!","time":"3.96231","counter":"685176","score":"-14942"}
{"tag":"!","time":"3.96231","counter":"685183","score":"-14937"}
{"tag":"!","time":"3.96231","counter":"685958","score":"-14932"}
{"tag":"!","time":"3.96231","counter":"685966","score":"-14923"}
{"tag":"!","time":"3.96866","counter":"686070","score":"-14915"}
{"tag":"!","time":"3.96866","counter":"686072","score":"-14911"}
{"tag":"!","time":"4.00875","counter":"693187","score":"-14906"}
{"tag":"!","time":"4.00875","counter":"693192","score":"-14904"}
{"tag":"!","time":"4.00875","counter":"693209","score":"-14899"}
{"tag":"!","time":"4.00875","counter":"693223","score":"-14896"}
{"tag":"!","time":"4.00875","counter":"693260","score":"-14890"}
{"tag":"!","time":"4.07051","counter":"703336","score":"-14888"}
{"tag":"!","time":"4.07607","counter":"704212","score":"-14884"}
{"tag":"!","time":"4.07607","counter":"704316","score":"-14876"}
{"tag":"!","time":"4.07607","counter":"704361","score":"-14874"}
{"tag":"!","time":"4.07607","counter":"704464","score":"-14869"}
{"tag":"!","time":"4.19105","counter":"721072","score":"-14864"}
{"tag":"!","time":"4.2044","counter":"723377","score":"-14863"}
{"tag":"!","time":"4.2044","counter":"723393","score":"-14862"}
{"tag":"!","time":"4.2044","counter":"723395","score":"-14858"}
{"tag":"!","time":"4.2044","counter":"723441","score":"-14855"}
{"tag":"!","time":"4.2044","counter":"723455","score":"-14842"}
{"tag":"!","time":"4.2044","counter":"723494","score":"-14837"}
{"tag":"!","time":"4.2044","counter":"723619","score":"-14831"}
{"tag":"!","time":"4.2044","counter":"723649","score":"-14823"}
{"tag":"!","time":"4.2044","counter":"723700","score":"-14819"}
{"tag":"!","time":"4.21135","counter":"724061","score":"-14815"}
{"tag":"!","time":"4.2657","counter":"733236","score":"-14810"}
{"tag":"!","time":"4.29055","counter":"737788","score":"-14806"}
{"tag":"!","time":"4.29055","counter":"737829","score":"-14805"}
{"tag":"!","time":"4.29055","counter":"737946","score":"-14801"}
{"tag":"!","time":"4.29709","counter":"738080","score":"-14795"}
{"tag":"!","time":"4.29709","counter":"738084","score":"-14793"}
{"tag":"!","time":"4.30326","counter":"739063","score":"-14784"}
{"tag":"!","time":"4.30326","counter":"739128","score":"-14782"}
{"tag":"!","time":"4.30326","counter":"739276","score":"-14773"}
{"tag":"!","time":"4.30326","counter":"739490","score":"-14770"}
{"tag":"!","time":"4.30326","counter":"739767","score":"-14768"}
{"tag":"!","time":"4.30991","counter":"740523","score":"-14767"}
{"tag":"!","time":"4.30991","counter":"740530","score":"-14763"}
{"tag":"!","time":"4.33642","counter":"744796","score":"-14760"}
{"tag":"!","time":"4.36627","counter":"749708","score":"-14758"}
{"tag":"!","time":"4.40381","counter":"755747","score":"-14751"}
{"tag":"!","time":"4.40381","counter":"755803","score":"-14746"}
{"tag":"!","time":"4.40381","counter":"755813","score":"-14744"}
{"tag":"!","time":"4.40381","counter":"755852","score":"-14740"}
{"tag":"!","time":"4.41026","counter":"756211","score":"-14739"}
{"tag":"!","time":"4.48518","counter":"768892","score":"-14734"}
{"tag":"!","time":"4.49109","counter":"769204","score":"-14731"}
{"tag":"!","time":"4.49109","counter":"769314","score":"-14730"}
{"tag":"!","time":"4.65186","counter":"794265","score":"-14728"}
{"tag":"!","time":"4.65186","counter":"794593","score":"-14726"}
{"tag":"!","time":"4.65186","counter":"794851","score":"-14725"}
{"tag":"!","time":"4.65898","counter":"795007","score":"-14724"}
{"tag":"!","time":"4.68297","counter":"799553","score":"-14723"}
{"tag":"result","counter":"815000","score":"-14723"}
{"type":"sa","c":"0.0375375","l":"0.442132","score":"0.402396"}
