46
BEVCVWHHTSHEAUDPFZSSELOFNRZQMVJFSFPETXAMYLGMYVNUMBCAQJWJKOFRQ
BCISXABBMUINZBUDSTGIZAUXNUGJILGDIAXJCNYDFRKZYDOPOWEJUIHELIHTU
QEJHODEBMZTWOWLZTXHEXRAHMFGAOZIDDCLIQPLALRAKVRKKFEKCNZEKQANAH
NXVBAPFIZYQXVYGKEUFSMDYLWZPETPBHPUWAUVLTQMWBBOXMIKPZCJICRLVPR
IKERTSOJBBSNGKBEKXFPNUTRKPFOISDSVPSTGURMTAFSCIVYAWABJIAOFVMGV
UUOSCODHDKHFQYEKCEFFVOAZAVQLFIVWOBATSRBFXJVIAJXTUELBZBZFNEZWR
TAJJYSXEITRWZNPBZVKUCWECAOULBRXWRCEOAZYQOUCIFHRIMXABAASPLPOFU
KUDGNSTEFHSYQYTCHUQVFSOXIVVRFGSLNVGICJHEJMPJWGFAWVDFAANHETSPP
FMWHKRGJMVHXSTOEGRLIFVZGIZULLMDJXEOVVWRPEPEPSFKOOXMAAABXKMDDR
VUIISGYIGUSXPOWEJOVNECIUGIFRYCQRHNZLRAAAAAARTUCAAFLJAAGUZFTAA
JBJAMYZCFRPLGNVHAZHKFPYEPWXSJRXQEWVPBTEVMGSJWEOPHXUOQMNUKJIFW
TPXBTOOJQGTZJILHDUCUXQCRIPQKQTBHCLUEKXHXSZVWBEZOQECJVFZEDKRYJ
DYOKRBBERXWCQMMUUMTUARXMXQXZBYLISASGKWUFXIJOAPHBPOOHHBTRRTPUH
EQCYNNLQCWVLULKYTSKOOIPCEBQURNCNTHGGZZIKXTEJDYOMARHXSWYDDAXWG
KIEJWHBPWCLDOSZJSBZEUIQXICPOEVNWYMTQAENYHZFTRAQLMHLKQXCPRNNUS
NDPZVUZTLINJHNXTEIZVKRJDEMGXKHLGQOAMDTLEGBMIXIIAADHUAAAYNQBMB
VDFSOTHJHDZCNRUYAKTAHLHBRRAFOFNFMTYZCSZFODBUROOAALYHAAQTUYIMN
WALNWYFIRSTGSVFIKAMBOQBJWEMTOZFSXFGNWSLEMYREBFYAAKUFAAAAAYIOK
DAZTSXJVUDOXRULMJIMTQGZSUZLBOSOFUPDCEEKGOXJGLTPAAXPHAAAAAJFAA
YAEISOHJJWIJPHODGYYXBVAZJINAHQWMUCORLPPUNLGHVIWXDHQYTDPWFOZMA
NRRZGGHEFOXBMKFSCERBDVBQZUNNSEXDVVKVGFMMDYKWBYEFWZFHLNMVYWLJA
NLOOUZZCVAHWWSUOZNCBRQKYFLEJRZHRPQOGBIHONIMWOIOJUEGPPTYOFXFOA
VZIAOCUKXIKDMPWJWTTWROYZADPSNFEKAXUXOFILVDCANWBMUJCZYAGROWPPA
HNSNGARMSWTRHERWCZJAGSWZWZRMQOKKBWARXQHTFHNXBHBKECATFYYPXAUSA
TPAPGNAPFODMWCMZLDCAEMHFZVAVONVPUHORWDJIDDFDSNNNCFZQUNGOBKGAA
IFSLUSMTJOUSOMLFMKYAXPNUSKRPBRGKCVKCKKIDHQHTYYIHKQGWPXHHLBGXA
RHSNEILZYMYDWIIFGEEAPERKRJTBSRQKKFRRVOHGAHHITTOAAQAUPURCPFPLA
GNDHUFPNWJNYOEMCGFNAPGLLMBPTCJZLYQYJJSNMXDCHMQGAARTLVMAAAAHMA
JYTKHKSOTXTKODLBKMVAOODYGXBDAEBPAHQJMTHIJTQAAAAAAECITMVIWYBJD
QTUDSEFLRBLRKMVUQEIAPRJAPNVAEKSKGGHRVRIDAYWKPZVVMUPIXJVWATBYG
YFLVDERFNAIAVSLCIWCAKFPOPLJMHKMNVLAJSJBTDDAYJPLDFDFKMZXYMXVDK
USHKXBZTXALIEBOPTOIAUXOXYGXUVBVTDPCCDXCBQTINBAVIKEFYJWNFSZZJT
JFTFQMQLRAHNXAIINQWAHUKGAJOVHCZCNVRSQGZPJMBCSPHMRZCSFQUNHJACD
CGTELRGNIAEXOFZCPKQARSCXQQJVYPMRZAWFPSXLYLYFOLWKPRCCWHPMQDHZC
XEBNUQKZIAIGQSDMQOXABOGKKJNRFAPWPTDFYVMRFWLJQMMKMIBPHKGYBAMDH
AUINGIBWJAKZSNXXQHRAIHTZOTBOFHJDPGTYJNSDKEVKPESBESIFFVOVHKQNN
GMHPMXTAYABFHCDFYIZAYNBPSPZHDAAAAAAAAAAAAAAUJADAABHESUVGQVRXV
JGNUYNATXAMQMJNPLTUAPNRDVUWTQVBNEIJVINCVZHRDWGTPSKDUZSRHYYMRH
ZPQXFVYPLAGURMFOHMQAFISKVDYOXUXLJDPVUNGVRMLEOAOAAMKPCTPAGYAWZ
DJTYAFQIHAHOJGUEEIPALTCNQXRXTVOVYAWEZDCMCLZIGYKCOYJITFMFEYAAP
ELXPUVXQNAXGBCDHZSESKMQXPZWQAAULJJFWAMKHEMFVFFSJJXUZIMIEFQAKU
XWGITQERASXDOSWETEDPWOVOGSYBGXXRJQKUAUXVYIRKVBXKYZPQQCZSESAMF
CHYSJIZNRANBSQKCNQTRTLFYMYEMVFBGSOZJACOGIFCJRACDFLVDILXPIWAFE
EHZPMOLEAPVBOAEZQHDYKYZMUAIGMVCZXRZFARIKFJNWTTREBUILKJTEODACF
UULHXZJFPTMYKCNVCMRXJKAWPMPFTGPXDOILASOESCUWSRAAABZJFZPLZAAVK
NPEJCJVAAAINNRWDGDMZNGVGIAXAALOCBDDWAIESHUSNNCAAAAAAAAKOOAAAA
17 20
41 0
10 59
27 29
37 37
29 43
15 43
10 30
31 47
19 0
19 43
37 10
37 54
40 29
15 49
44 54
8 20
31 43
44 43
10 43
10 37
19 54
19 49
37 29
0 0
37 20
34 29
6 49
37 59
19 58
19 29
0 57
39 0
10 49
26 0
30 0
27 20
0 10
23 10
17 10
36 0
37 43
6 43
33 20
10 54
0 59
14 20
0 30
10 0
28 59
0 43
41 7
0 54
6 47
19 20
10 57
29 37
40 17
32 10
28 53
28 49
19 37
0 49
10 10
40 27
28 57
0 37
37 49
40 20
0 20
26 43
40 10
