{"type":"greedy_loss","c":"1.06204","l":"0","score":"0.679784","h":"10","w":"416"}
{"type":"greedy_loss","c":"1.03395","l":"0","score":"0.661809","h":"405","w":"10"}
{"type":"greedy_loss","c":"1.03395","l":"0","score":"0.661809","h":"405","w":"10"}
{"type":"greedy_loss","c":"1.03395","l":"0","score":"0.661809","h":"405","w":"10"}
{"type":"greedy_loss","c":"1.03395","l":"0","score":"0.661809","h":"405","w":"10"}
{"type":"greedy_loss","c":"1.03395","l":"0","score":"0.661809","h":"405","w":"10"}
{"type":"greedy_loss","c":"1.03395","l":"0","score":"0.661809","h":"405","w":"10"}
{"type":"greedy_loss","c":"1.03395","l":"0","score":"0.661809","h":"405","w":"10"}
{"type":"greedy_loss","c":"1.03395","l":"0","score":"0.661809","h":"405","w":"10"}
{"type":"greedy_loss","c":"1.03395","l":"0","score":"0.661809","h":"405","w":"10"}
{"type":"greedy_loss","c":"1.03395","l":"0","score":"0.661809","h":"405","w":"10"}
{"type":"greedy_loss","c":"1.03395","l":"0","score":"0.661809","h":"405","w":"10"}
{"type":"greedy_loss","c":"1.03344","l":"0","score":"0.661482","h":"368","w":"11"}
{"type":"greedy_loss","c":"1.02017","l":"0","score":"0.652985","h":"333","w":"12"}
{"type":"greedy_loss","c":"1.04212","l":"0","score":"0.667038","h":"314","w":"13"}
{"type":"greedy_loss","c":"1.05591","l":"0","score":"0.675862","h":"94","w":"44"}
{"type":"greedy_loss","c":"1.05591","l":"0","score":"0.675862","h":"94","w":"44"}
{"type":"greedy_loss","c":"1.05591","l":"0","score":"0.675862","h":"94","w":"44"}
{"type":"greedy_loss","c":"1.05591","l":"0","score":"0.675862","h":"94","w":"44"}
{"tag":"param","type":"sa","start_temp":"30","end_temp":"1","limit":"4.76672"}
{"tag":"!","time":"4.80296e-05","counter":"0","score":"-24702"}
{"tag":"!","time":"4.80296e-05","counter":"1","score":"-24693"}
{"tag":"!","time":"4.80296e-05","counter":"2","score":"-24687"}
{"tag":"!","time":"4.80296e-05","counter":"4","score":"-24673"}
{"tag":"!","time":"4.80296e-05","counter":"5","score":"-24659"}
{"tag":"!","time":"4.80296e-05","counter":"6","score":"-24644"}
{"tag":"!","time":"4.80296e-05","counter":"8","score":"-24626"}
{"tag":"!","time":"4.80296e-05","counter":"16","score":"-24624"}
{"tag":"!","time":"4.80296e-05","counter":"18","score":"-24617"}
{"tag":"!","time":"4.80296e-05","counter":"19","score":"-24599"}
{"tag":"!","time":"4.80296e-05","counter":"22","score":"-24598"}
{"tag":"!","time":"4.80296e-05","counter":"24","score":"-24579"}
{"tag":"!","time":"4.80296e-05","counter":"25","score":"-24572"}
{"tag":"!","time":"4.80296e-05","counter":"26","score":"-24553"}
{"tag":"!","time":"4.80296e-05","counter":"35","score":"-24529"}
{"tag":"!","time":"4.80296e-05","counter":"38","score":"-24526"}
{"tag":"!","time":"4.80296e-05","counter":"71","score":"-24517"}
{"tag":"!","time":"4.80296e-05","counter":"72","score":"-24497"}
{"tag":"!","time":"4.80296e-05","counter":"99","score":"-24482"}
{"tag":"!","time":"4.80296e-05","counter":"168","score":"-24453"}
{"tag":"!","time":"4.80296e-05","counter":"171","score":"-24419"}
{"tag":"!","time":"0.00518575","counter":"1284","score":"-24412"}
{"tag":"!","time":"0.00518575","counter":"1290","score":"-24410"}
{"tag":"!","time":"0.00518575","counter":"1291","score":"-24394"}
{"tag":"!","time":"0.00518575","counter":"1292","score":"-24387"}
{"tag":"!","time":"0.00518575","counter":"1409","score":"-24379"}
{"tag":"!","time":"0.00518575","counter":"1411","score":"-24363"}
{"tag":"!","time":"0.00518575","counter":"1585","score":"-24353"}
{"tag":"!","time":"0.00518575","counter":"1627","score":"-24349"}
{"tag":"!","time":"0.0148322","counter":"3411","score":"-24348"}
{"tag":"!","time":"0.0148322","counter":"3413","score":"-24347"}
{"tag":"!","time":"0.0148322","counter":"3415","score":"-24330"}
{"tag":"!","time":"0.0148322","counter":"3420","score":"-24313"}
{"tag":"!","time":"0.0148322","counter":"3423","score":"-24311"}
{"tag":"!","time":"0.0348529","counter":"7496","score":"-24310"}
{"tag":"!","time":"0.0348529","counter":"7500","score":"-24295"}
{"tag":"!","time":"0.0348529","counter":"7510","score":"-24268"}
{"tag":"!","time":"0.0348529","counter":"7514","score":"-24245"}
{"tag":"!","time":"0.0348529","counter":"7518","score":"-24243"}
{"tag":"!","time":"0.0348529","counter":"7528","score":"-24216"}
{"tag":"!","time":"0.0799729","counter":"17067","score":"-24198"}
{"tag":"!","time":"0.329966","counter":"72684","score":"-24191"}
{"tag":"!","time":"0.329966","counter":"72685","score":"-24187"}
{"tag":"!","time":"0.329966","counter":"72686","score":"-24170"}
{"tag":"!","time":"1.03035","counter":"226593","score":"-24162"}
{"tag":"!","time":"1.03035","counter":"226594","score":"-24150"}
{"tag":"!","time":"1.03035","counter":"226596","score":"-24138"}
{"tag":"!","time":"1.03035","counter":"226598","score":"-24128"}
{"tag":"!","time":"1.03035","counter":"226599","score":"-24120"}
{"tag":"!","time":"1.03035","counter":"226622","score":"-24114"}
{"tag":"!","time":"1.03035","counter":"226647","score":"-24091"}
{"tag":"!","time":"1.39878","counter":"304185","score":"-24075"}
{"tag":"!","time":"1.39878","counter":"304191","score":"-24066"}
{"tag":"!","time":"1.39878","counter":"304194","score":"-24061"}
{"tag":"!","time":"1.39878","counter":"304195","score":"-24048"}
{"tag":"!","time":"1.39878","counter":"304196","score":"-24040"}
{"tag":"!","time":"1.39878","counter":"304198","score":"-24036"}
{"tag":"!","time":"1.39878","counter":"304199","score":"-24035"}
{"tag":"!","time":"1.39878","counter":"304201","score":"-24026"}
{"tag":"!","time":"1.39878","counter":"304202","score":"-24009"}
{"tag":"!","time":"1.738","counter":"376626","score":"-24006"}
{"tag":"!","time":"1.738","counter":"376630","score":"-23986"}
{"tag":"!","time":"1.738","counter":"376867","score":"-23985"}
{"tag":"!","time":"1.738","counter":"376869","score":"-23983"}
{"tag":"!","time":"1.738","counter":"376871","score":"-23979"}
{"tag":"!","time":"1.738","counter":"376898","score":"-23968"}
{"tag":"!","time":"1.738","counter":"376902","score":"-23946"}
{"tag":"!","time":"1.738","counter":"376903","score":"-23936"}
{"tag":"!","time":"1.738","counter":"376904","score":"-23931"}
{"tag":"!","time":"1.86259","counter":"401814","score":"-23922"}
{"tag":"!","time":"1.86259","counter":"401815","score":"-23914"}
{"tag":"!","time":"1.86259","counter":"401818","score":"-23909"}
{"tag":"!","time":"1.86259","counter":"401820","score":"-23889"}
{"tag":"!","time":"1.86259","counter":"401821","score":"-23888"}
{"tag":"!","time":"1.86259","counter":"401839","score":"-23883"}
{"tag":"!","time":"1.86259","counter":"401844","score":"-23880"}
{"tag":"!","time":"2.19184","counter":"468411","score":"-23877"}
{"tag":"!","time":"2.19184","counter":"468416","score":"-23873"}
{"tag":"!","time":"2.19184","counter":"468495","score":"-23864"}
{"tag":"!","time":"2.19184","counter":"468500","score":"-23860"}
{"tag":"!","time":"2.19184","counter":"468505","score":"-23828"}
{"tag":"!","time":"2.19184","counter":"468513","score":"-23805"}
{"tag":"!","time":"2.19184","counter":"468525","score":"-23797"}
{"tag":"!","time":"2.19184","counter":"468526","score":"-23796"}
{"tag":"!","time":"2.19184","counter":"468547","score":"-23772"}
{"tag":"!","time":"2.19184","counter":"468564","score":"-23748"}
{"tag":"!","time":"2.19184","counter":"468582","score":"-23743"}
{"tag":"!","time":"2.54515","counter":"532769","score":"-23742"}
{"tag":"!","time":"2.54515","counter":"532771","score":"-23724"}
{"tag":"!","time":"2.54515","counter":"532772","score":"-23715"}
{"tag":"!","time":"2.54515","counter":"532782","score":"-23699"}
{"tag":"!","time":"2.54515","counter":"532992","score":"-23698"}
{"tag":"!","time":"2.54515","counter":"532993","score":"-23674"}
{"tag":"!","time":"2.66579","counter":"552312","score":"-23663"}
{"tag":"!","time":"2.66579","counter":"552315","score":"-23649"}
{"tag":"!","time":"2.66579","counter":"552318","score":"-23641"}
{"tag":"!","time":"2.66579","counter":"552376","score":"-23637"}
{"tag":"!","time":"2.68642","counter":"556391","score":"-23622"}
{"tag":"!","time":"2.69773","counter":"558020","score":"-23618"}
{"tag":"!","time":"2.69773","counter":"558025","score":"-23613"}
{"tag":"!","time":"2.69773","counter":"558026","score":"-23610"}
{"tag":"!","time":"2.69773","counter":"558030","score":"-23591"}
{"tag":"!","time":"2.69773","counter":"558032","score":"-23582"}
{"tag":"!","time":"2.69773","counter":"558042","score":"-23571"}
{"tag":"!","time":"2.69773","counter":"558269","score":"-23550"}
{"tag":"!","time":"2.83962","counter":"585753","score":"-23544"}
{"tag":"!","time":"2.83962","counter":"585779","score":"-23532"}
{"tag":"!","time":"2.83962","counter":"585783","score":"-23512"}
{"tag":"!","time":"2.83962","counter":"585785","score":"-23504"}
{"tag":"!","time":"2.83962","counter":"585805","score":"-23489"}
{"tag":"!","time":"2.83962","counter":"585807","score":"-23486"}
{"tag":"!","time":"2.83962","counter":"585819","score":"-23484"}
{"tag":"!","time":"2.83962","counter":"585828","score":"-23432"}
{"tag":"!","time":"2.83962","counter":"585829","score":"-23425"}
{"tag":"!","time":"2.83962","counter":"585867","score":"-23414"}
{"tag":"!","time":"2.83962","counter":"585876","score":"-23409"}
{"tag":"!","time":"2.83962","counter":"585878","score":"-23406"}
{"tag":"!","time":"2.83962","counter":"585890","score":"-23404"}
{"tag":"!","time":"2.83962","counter":"585902","score":"-23402"}
{"tag":"!","time":"3.06251","counter":"625394","score":"-23398"}
{"tag":"!","time":"3.06251","counter":"625410","score":"-23389"}
{"tag":"!","time":"3.06251","counter":"625412","score":"-23383"}
{"tag":"!","time":"3.06251","counter":"625430","score":"-23379"}
{"tag":"!","time":"3.06251","counter":"625445","score":"-23369"}
{"tag":"!","time":"3.06251","counter":"625447","score":"-23357"}
{"tag":"!","time":"3.06251","counter":"625479","score":"-23342"}
{"tag":"!","time":"3.06251","counter":"625485","score":"-23312"}
{"tag":"!","time":"3.06251","counter":"625486","score":"-23297"}
{"tag":"!","time":"3.06251","counter":"625491","score":"-23295"}
{"tag":"!","time":"3.22821","counter":"655790","score":"-23293"}
{"tag":"!","time":"3.22821","counter":"655801","score":"-23284"}
{"tag":"!","time":"3.22821","counter":"655819","score":"-23268"}
{"tag":"!","time":"3.22821","counter":"655837","score":"-23259"}
{"tag":"!","time":"3.22821","counter":"655861","score":"-23255"}
{"tag":"!","time":"3.22821","counter":"655892","score":"-23250"}
{"tag":"!","time":"3.22821","counter":"655945","score":"-23242"}
{"tag":"!","time":"3.22821","counter":"655961","score":"-23237"}
{"tag":"!","time":"3.22821","counter":"655963","score":"-23232"}
{"tag":"!","time":"3.22821","counter":"655972","score":"-23231"}
{"tag":"!","time":"3.22821","counter":"655978","score":"-23227"}
{"tag":"!","time":"3.24426","counter":"658560","score":"-23226"}
{"tag":"!","time":"3.24426","counter":"658572","score":"-23216"}
{"tag":"!","time":"3.24426","counter":"658577","score":"-23208"}
{"tag":"!","time":"3.24948","counter":"659180","score":"-23204"}
{"tag":"!","time":"3.24948","counter":"659507","score":"-23200"}
{"tag":"!","time":"3.24948","counter":"659510","score":"-23195"}
{"tag":"!","time":"3.24948","counter":"659517","score":"-23187"}
{"tag":"!","time":"3.24948","counter":"659547","score":"-23186"}
{"tag":"!","time":"3.25483","counter":"660477","score":"-23182"}
{"tag":"!","time":"3.25483","counter":"660478","score":"-23158"}
{"tag":"!","time":"3.25483","counter":"660493","score":"-23129"}
{"tag":"!","time":"3.25483","counter":"660512","score":"-23121"}
{"tag":"!","time":"3.46103","counter":"696869","score":"-23119"}
{"tag":"!","time":"3.46677","counter":"697213","score":"-23115"}
{"tag":"!","time":"3.46677","counter":"697219","score":"-23110"}
{"tag":"!","time":"3.46677","counter":"697228","score":"-23106"}
{"tag":"!","time":"3.46677","counter":"697959","score":"-23101"}
{"tag":"!","time":"3.46677","counter":"697978","score":"-23097"}
{"tag":"!","time":"3.46677","counter":"697988","score":"-23095"}
{"tag":"!","time":"3.47191","counter":"698054","score":"-23085"}
{"tag":"!","time":"3.4777","counter":"699483","score":"-23078"}
{"tag":"!","time":"3.4777","counter":"699485","score":"-23075"}
{"tag":"!","time":"3.4777","counter":"699495","score":"-23067"}
{"tag":"!","time":"3.4777","counter":"699565","score":"-23065"}
{"tag":"!","time":"3.4777","counter":"699571","score":"-23032"}
{"tag":"!","time":"3.4777","counter":"699661","score":"-23026"}
{"tag":"!","time":"3.4777","counter":"699662","score":"-23013"}
{"tag":"!","time":"3.4777","counter":"699879","score":"-23009"}
{"tag":"!","time":"3.4777","counter":"699885","score":"-22990"}
{"tag":"!","time":"3.48853","counter":"701662","score":"-22966"}
{"tag":"!","time":"3.48853","counter":"701680","score":"-22962"}
{"tag":"!","time":"3.48853","counter":"701722","score":"-22952"}
{"tag":"!","time":"3.49971","counter":"703331","score":"-22946"}
{"tag":"!","time":"3.49971","counter":"703338","score":"-22933"}
{"tag":"!","time":"3.49971","counter":"703345","score":"-22927"}
{"tag":"!","time":"3.49971","counter":"703973","score":"-22921"}
{"tag":"!","time":"3.50583","counter":"704033","score":"-22889"}
{"tag":"!","time":"3.50583","counter":"704037","score":"-22878"}
{"tag":"!","time":"3.50583","counter":"704090","score":"-22876"}
{"tag":"!","time":"3.50583","counter":"704160","score":"-22853"}
{"tag":"!","time":"3.50583","counter":"704190","score":"-22838"}
{"tag":"!","time":"3.50583","counter":"704378","score":"-22831"}
{"tag":"!","time":"3.50583","counter":"704403","score":"-22809"}
{"tag":"!","time":"3.50583","counter":"704405","score":"-22804"}
{"tag":"!","time":"3.50583","counter":"704568","score":"-22793"}
{"tag":"!","time":"3.50583","counter":"704574","score":"-22765"}
{"tag":"!","time":"3.50583","counter":"704578","score":"-22763"}
{"tag":"!","time":"3.88626","counter":"769889","score":"-22747"}
{"tag":"!","time":"3.89277","counter":"770002","score":"-22745"}
{"tag":"!","time":"3.89277","counter":"770277","score":"-22743"}
{"tag":"!","time":"3.89277","counter":"770278","score":"-22735"}
{"tag":"!","time":"3.89277","counter":"770320","score":"-22730"}
{"tag":"!","time":"3.89277","counter":"770597","score":"-22725"}
{"tag":"!","time":"3.89277","counter":"770637","score":"-22723"}
{"tag":"!","time":"3.89277","counter":"770812","score":"-22720"}
{"tag":"!","time":"3.89277","counter":"770832","score":"-22714"}
{"tag":"!","time":"3.89277","counter":"770901","score":"-22710"}
{"tag":"!","time":"3.94182","counter":"778271","score":"-22709"}
{"tag":"!","time":"3.9711","counter":"783543","score":"-22706"}
{"tag":"!","time":"3.9711","counter":"783563","score":"-22702"}
{"tag":"!","time":"3.9711","counter":"783583","score":"-22693"}
{"tag":"!","time":"3.9711","counter":"783785","score":"-22690"}
{"tag":"!","time":"3.9711","counter":"783866","score":"-22688"}
{"tag":"!","time":"3.9711","counter":"783880","score":"-22687"}
{"tag":"!","time":"3.9711","counter":"783936","score":"-22677"}
{"tag":"!","time":"3.97915","counter":"784165","score":"-22671"}
{"tag":"!","time":"3.97915","counter":"784169","score":"-22664"}
{"tag":"!","time":"3.97915","counter":"784171","score":"-22663"}
{"tag":"!","time":"3.97915","counter":"784191","score":"-22656"}
{"tag":"!","time":"3.97915","counter":"784243","score":"-22650"}
{"tag":"!","time":"3.97915","counter":"784301","score":"-22648"}
{"tag":"!","time":"3.97915","counter":"784305","score":"-22641"}
{"tag":"!","time":"3.97915","counter":"784307","score":"-22638"}
{"tag":"!","time":"3.97915","counter":"784351","score":"-22625"}
{"tag":"!","time":"4.10356","counter":"805482","score":"-22622"}
{"tag":"!","time":"4.10356","counter":"805514","score":"-22621"}
{"tag":"!","time":"4.10356","counter":"805519","score":"-22616"}
{"tag":"!","time":"4.12236","counter":"808140","score":"-22606"}
{"tag":"!","time":"4.12236","counter":"808142","score":"-22605"}
{"tag":"!","time":"4.12236","counter":"808255","score":"-22602"}
{"tag":"!","time":"4.12236","counter":"808349","score":"-22600"}
{"tag":"!","time":"4.12236","counter":"808353","score":"-22598"}
{"tag":"!","time":"4.24646","counter":"827252","score":"-22596"}
{"tag":"!","time":"4.24646","counter":"827297","score":"-22594"}
{"tag":"!","time":"4.24646","counter":"827322","score":"-22593"}
{"tag":"!","time":"4.25302","counter":"828102","score":"-22590"}
{"tag":"!","time":"4.25302","counter":"828931","score":"-22586"}
{"tag":"!","time":"4.29217","counter":"835255","score":"-22579"}
{"tag":"!","time":"4.29217","counter":"835534","score":"-22577"}
{"tag":"!","time":"4.31453","counter":"839751","score":"-22573"}
{"tag":"!","time":"4.34953","counter":"845894","score":"-22571"}
{"tag":"!","time":"4.34953","counter":"845904","score":"-22565"}
{"tag":"!","time":"4.34953","counter":"845955","score":"-22561"}
{"tag":"!","time":"4.38483","counter":"851052","score":"-22559"}
{"tag":"!","time":"4.39644","counter":"853778","score":"-22558"}
{"tag":"!","time":"4.40776","counter":"855277","score":"-22552"}
{"tag":"!","time":"4.42061","counter":"857431","score":"-22544"}
{"tag":"!","time":"4.42061","counter":"857446","score":"-22540"}
{"tag":"!","time":"4.46617","counter":"865176","score":"-22535"}
{"tag":"!","time":"4.46617","counter":"865226","score":"-22529"}
{"tag":"!","time":"4.49723","counter":"870241","score":"-22528"}
{"tag":"!","time":"4.49723","counter":"870277","score":"-22526"}
{"tag":"!","time":"4.49723","counter":"870327","score":"-22518"}
{"tag":"!","time":"4.49723","counter":"870578","score":"-22517"}
{"tag":"!","time":"4.5136","counter":"873324","score":"-22513"}
{"tag":"!","time":"4.5136","counter":"873598","score":"-22507"}
{"tag":"!","time":"4.5136","counter":"873687","score":"-22505"}
{"tag":"!","time":"4.5136","counter":"873765","score":"-22501"}
{"tag":"!","time":"4.52508","counter":"875512","score":"-22495"}
{"tag":"!","time":"4.52508","counter":"875567","score":"-22490"}
{"tag":"!","time":"4.57723","counter":"884448","score":"-22489"}
{"tag":"!","time":"4.58375","counter":"885615","score":"-22488"}
{"tag":"!","time":"4.61624","counter":"891053","score":"-22487"}
{"tag":"!","time":"4.61624","counter":"891585","score":"-22486"}
{"tag":"!","time":"4.64032","counter":"895170","score":"-22482"}
{"tag":"!","time":"4.64665","counter":"896054","score":"-22478"}
{"tag":"!","time":"4.69475","counter":"905632","score":"-22477"}
{"tag":"result","counter":"918000","score":"-22477"}
{"type":"sa","c":"0.0255297","l":"0.459066","score":"0.18157"}
