{"type":"greedy_loss","c":"1.09225","l":"0","score":"0.484605","h":"10","w":"251"}
{"type":"greedy_loss","c":"1.0792","l":"0","score":"0.478813","h":"248","w":"10"}
{"type":"greedy_loss","c":"1.0792","l":"0","score":"0.478813","h":"248","w":"10"}
{"type":"greedy_loss","c":"1.0792","l":"0","score":"0.478813","h":"248","w":"10"}
{"type":"greedy_loss","c":"1.0792","l":"0","score":"0.478813","h":"248","w":"10"}
{"type":"greedy_loss","c":"1.0792","l":"0","score":"0.478813","h":"248","w":"10"}
{"type":"greedy_loss","c":"1.0792","l":"0","score":"0.478813","h":"248","w":"10"}
{"type":"greedy_loss","c":"1.0792","l":"0","score":"0.478813","h":"248","w":"10"}
{"type":"greedy_loss","c":"1.0792","l":"0","score":"0.478813","h":"248","w":"10"}
{"type":"greedy_loss","c":"1.0792","l":"0","score":"0.478813","h":"248","w":"10"}
{"type":"greedy_loss","c":"1.0792","l":"0","score":"0.478813","h":"248","w":"10"}
{"type":"greedy_loss","c":"1.0792","l":"0","score":"0.478813","h":"248","w":"10"}
{"type":"greedy_loss","c":"1.04961","l":"0","score":"0.465684","h":"201","w":"12"}
{"type":"greedy_loss","c":"1.09138","l":"0","score":"0.484219","h":"132","w":"19"}
{"type":"greedy_loss","c":"1.06353","l":"0","score":"0.471863","h":"188","w":"13"}
{"type":"greedy_loss","c":"1.09138","l":"0","score":"0.484219","h":"132","w":"19"}
{"type":"greedy_loss","c":"1.09138","l":"0","score":"0.484219","h":"132","w":"19"}
{"type":"greedy_loss","c":"1.09138","l":"0","score":"0.484219","h":"132","w":"19"}
{"type":"greedy_loss","c":"1.09138","l":"0","score":"0.484219","h":"132","w":"19"}
{"type":"greedy_loss","c":"1.09138","l":"0","score":"0.484219","h":"132","w":"19"}
{"type":"greedy_loss","c":"1.09138","l":"0","score":"0.484219","h":"132","w":"19"}
{"type":"greedy_loss","c":"1.09138","l":"0","score":"0.484219","h":"132","w":"19"}
{"type":"greedy_loss","c":"1.09138","l":"0","score":"0.484219","h":"132","w":"19"}
{"type":"greedy_loss","c":"1.0879","l":"0","score":"0.482675","h":"100","w":"25"}
{"type":"greedy_loss","c":"1.09138","l":"0","score":"0.484219","h":"132","w":"19"}
{"type":"greedy_loss","c":"1.09138","l":"0","score":"0.484219","h":"132","w":"19"}
{"type":"greedy_loss","c":"1.08529","l":"0","score":"0.481516","h":"43","w":"58"}
{"type":"greedy_loss","c":"1.08529","l":"0","score":"0.481516","h":"43","w":"58"}
{"type":"greedy_loss","c":"1.08399","l":"0","score":"0.480937","h":"53","w":"47"}
{"type":"greedy_loss","c":"1.08747","l":"0","score":"0.482481","h":"51","w":"49"}
{"tag":"param","type":"sa","start_temp":"30","end_temp":"1","limit":"4.78246"}
{"tag":"!","time":"4.05146e-05","counter":"1","score":"-14099"}
{"tag":"!","time":"4.05146e-05","counter":"2","score":"-14096"}
{"tag":"!","time":"4.05146e-05","counter":"36","score":"-14079"}
{"tag":"!","time":"4.05146e-05","counter":"37","score":"-14055"}
{"tag":"!","time":"4.05146e-05","counter":"174","score":"-14017"}
{"tag":"!","time":"4.05146e-05","counter":"178","score":"-14014"}
{"tag":"!","time":"4.05146e-05","counter":"180","score":"-14000"}
{"tag":"!","time":"4.05146e-05","counter":"185","score":"-13996"}
{"tag":"!","time":"4.05146e-05","counter":"310","score":"-13968"}
{"tag":"!","time":"4.05146e-05","counter":"336","score":"-13967"}
{"tag":"!","time":"4.05146e-05","counter":"661","score":"-13953"}
{"tag":"!","time":"4.05146e-05","counter":"738","score":"-13946"}
{"tag":"!","time":"4.05146e-05","counter":"769","score":"-13944"}
{"tag":"!","time":"4.05146e-05","counter":"770","score":"-13939"}
{"tag":"!","time":"4.05146e-05","counter":"793","score":"-13937"}
{"tag":"!","time":"4.05146e-05","counter":"798","score":"-13936"}
{"tag":"!","time":"4.05146e-05","counter":"802","score":"-13924"}
{"tag":"!","time":"4.05146e-05","counter":"827","score":"-13913"}
{"tag":"!","time":"4.05146e-05","counter":"829","score":"-13909"}
{"tag":"!","time":"4.05146e-05","counter":"836","score":"-13905"}
{"tag":"!","time":"0.00570421","counter":"1156","score":"-13897"}
{"tag":"!","time":"0.00570421","counter":"1161","score":"-13886"}
{"tag":"!","time":"0.00570421","counter":"1293","score":"-13885"}
{"tag":"!","time":"0.00570421","counter":"1294","score":"-13867"}
{"tag":"!","time":"0.00570421","counter":"1708","score":"-13862"}
{"tag":"!","time":"0.0110893","counter":"2074","score":"-13839"}
{"tag":"!","time":"0.0110893","counter":"2079","score":"-13834"}
{"tag":"!","time":"0.0110893","counter":"2080","score":"-13814"}
{"tag":"!","time":"0.0110893","counter":"2081","score":"-13800"}
{"tag":"!","time":"0.0110893","counter":"2082","score":"-13788"}
{"tag":"!","time":"0.0110893","counter":"2088","score":"-13780"}
{"tag":"!","time":"0.0110893","counter":"2089","score":"-13767"}
{"tag":"!","time":"0.0110893","counter":"2138","score":"-13765"}
{"tag":"!","time":"0.0110893","counter":"2143","score":"-13763"}
{"tag":"!","time":"0.0172433","counter":"3447","score":"-13759"}
{"tag":"!","time":"0.0172433","counter":"3450","score":"-13754"}
{"tag":"!","time":"0.0227116","counter":"4847","score":"-13740"}
{"tag":"!","time":"0.0227116","counter":"4862","score":"-13732"}
{"tag":"!","time":"0.0335051","counter":"6888","score":"-13722"}
{"tag":"!","time":"0.0335051","counter":"6890","score":"-13713"}
{"tag":"!","time":"0.0335051","counter":"6891","score":"-13704"}
{"tag":"!","time":"0.0385584","counter":"7176","score":"-13685"}
{"tag":"!","time":"0.0385584","counter":"7177","score":"-13677"}
{"tag":"!","time":"0.0385584","counter":"7181","score":"-13663"}
{"tag":"!","time":"0.0385584","counter":"7182","score":"-13662"}
{"tag":"!","time":"0.0385584","counter":"7184","score":"-13661"}
{"tag":"!","time":"0.0385584","counter":"7187","score":"-13651"}
{"tag":"!","time":"0.138459","counter":"26387","score":"-13648"}
{"tag":"!","time":"0.214155","counter":"40459","score":"-13642"}
{"tag":"!","time":"0.214155","counter":"40471","score":"-13607"}
{"tag":"!","time":"0.5055","counter":"92090","score":"-13592"}
{"tag":"!","time":"0.5055","counter":"92092","score":"-13575"}
{"tag":"!","time":"0.879874","counter":"159824","score":"-13567"}
{"tag":"!","time":"0.879874","counter":"159827","score":"-13566"}
{"tag":"!","time":"0.879874","counter":"159831","score":"-13561"}
{"tag":"!","time":"0.879874","counter":"159832","score":"-13554"}
{"tag":"!","time":"1.16734","counter":"208124","score":"-13537"}
{"tag":"!","time":"1.16734","counter":"208131","score":"-13517"}
{"tag":"!","time":"1.16734","counter":"208137","score":"-13514"}
{"tag":"!","time":"1.16734","counter":"208138","score":"-13486"}
{"tag":"!","time":"1.16734","counter":"208139","score":"-13476"}
{"tag":"!","time":"1.412","counter":"251231","score":"-13467"}
{"tag":"!","time":"1.53435","counter":"270124","score":"-13457"}
{"tag":"!","time":"1.53435","counter":"270138","score":"-13448"}
{"tag":"!","time":"1.53435","counter":"270143","score":"-13447"}
{"tag":"!","time":"1.78731","counter":"313861","score":"-13444"}
{"tag":"!","time":"1.78731","counter":"313862","score":"-13440"}
{"tag":"!","time":"1.78731","counter":"313906","score":"-13436"}
{"tag":"!","time":"1.78731","counter":"313909","score":"-13417"}
{"tag":"!","time":"1.94849","counter":"340402","score":"-13407"}
{"tag":"!","time":"1.94849","counter":"340406","score":"-13401"}
{"tag":"!","time":"1.94849","counter":"340409","score":"-13397"}
{"tag":"!","time":"2.2011","counter":"379001","score":"-13392"}
{"tag":"!","time":"2.2011","counter":"379003","score":"-13390"}
{"tag":"!","time":"2.2011","counter":"379010","score":"-13372"}
{"tag":"!","time":"2.2011","counter":"379015","score":"-13358"}
{"tag":"!","time":"2.25787","counter":"388693","score":"-13338"}
{"tag":"!","time":"2.34837","counter":"403816","score":"-13334"}
{"tag":"!","time":"2.34837","counter":"403833","score":"-13324"}
{"tag":"!","time":"2.34837","counter":"403905","score":"-13322"}
{"tag":"!","time":"2.47932","counter":"424677","score":"-13318"}
{"tag":"!","time":"2.47932","counter":"424757","score":"-13300"}
{"tag":"!","time":"2.47932","counter":"424764","score":"-13272"}
{"tag":"!","time":"2.47932","counter":"424765","score":"-13253"}
{"tag":"!","time":"2.57289","counter":"439282","score":"-13230"}
{"tag":"!","time":"2.57289","counter":"439283","score":"-13227"}
{"tag":"!","time":"2.82538","counter":"477977","score":"-13225"}
{"tag":"!","time":"2.83242","counter":"478943","score":"-13220"}
{"tag":"!","time":"2.83242","counter":"478946","score":"-13213"}
{"tag":"!","time":"2.83242","counter":"478958","score":"-13211"}
{"tag":"!","time":"2.83889","counter":"479282","score":"-13209"}
{"tag":"!","time":"2.83889","counter":"479284","score":"-13203"}
{"tag":"!","time":"2.83889","counter":"479286","score":"-13191"}
{"tag":"!","time":"2.83889","counter":"479287","score":"-13171"}
{"tag":"!","time":"2.83889","counter":"479289","score":"-13170"}
{"tag":"!","time":"2.83889","counter":"479384","score":"-13161"}
{"tag":"!","time":"2.83889","counter":"479387","score":"-13149"}
{"tag":"!","time":"2.83889","counter":"479454","score":"-13146"}
{"tag":"!","time":"2.83889","counter":"479459","score":"-13139"}
{"tag":"!","time":"2.83889","counter":"479541","score":"-13137"}
{"tag":"!","time":"2.91652","counter":"491397","score":"-13136"}
{"tag":"!","time":"2.91652","counter":"491507","score":"-13118"}
{"tag":"!","time":"2.91652","counter":"491508","score":"-13117"}
{"tag":"!","time":"2.91652","counter":"491513","score":"-13116"}
{"tag":"!","time":"2.91652","counter":"491518","score":"-13115"}
{"tag":"!","time":"2.91652","counter":"491524","score":"-13103"}
{"tag":"!","time":"2.97118","counter":"499780","score":"-13084"}
{"tag":"!","time":"2.97118","counter":"499785","score":"-13079"}
{"tag":"!","time":"2.97118","counter":"499789","score":"-13071"}
{"tag":"!","time":"2.97118","counter":"499791","score":"-13057"}
{"tag":"!","time":"2.97118","counter":"499801","score":"-13029"}
{"tag":"!","time":"2.97118","counter":"499806","score":"-13026"}
{"tag":"!","time":"2.97118","counter":"499915","score":"-12992"}
{"tag":"!","time":"2.97118","counter":"499930","score":"-12989"}
{"tag":"!","time":"2.97914","counter":"500028","score":"-12981"}
{"tag":"!","time":"2.97914","counter":"500130","score":"-12975"}
{"tag":"!","time":"3.29714","counter":"544712","score":"-12948"}
{"tag":"!","time":"3.29714","counter":"544716","score":"-12924"}
{"tag":"!","time":"3.29714","counter":"544722","score":"-12913"}
{"tag":"!","time":"3.33942","counter":"550785","score":"-12907"}
{"tag":"!","time":"3.33942","counter":"550789","score":"-12898"}
{"tag":"!","time":"3.58408","counter":"586445","score":"-12865"}
{"tag":"!","time":"3.58408","counter":"586479","score":"-12864"}
{"tag":"!","time":"3.58408","counter":"586486","score":"-12859"}
{"tag":"!","time":"3.59281","counter":"587174","score":"-12854"}
{"tag":"!","time":"3.59281","counter":"587338","score":"-12852"}
{"tag":"!","time":"3.64948","counter":"595775","score":"-12841"}
{"tag":"!","time":"3.64948","counter":"595780","score":"-12839"}
{"tag":"!","time":"3.64948","counter":"595835","score":"-12836"}
{"tag":"!","time":"3.64948","counter":"595851","score":"-12822"}
{"tag":"!","time":"3.64948","counter":"595879","score":"-12818"}
{"tag":"!","time":"3.64948","counter":"595925","score":"-12817"}
{"tag":"!","time":"3.65805","counter":"596251","score":"-12816"}
{"tag":"!","time":"3.65805","counter":"596289","score":"-12802"}
{"tag":"!","time":"3.79186","counter":"617172","score":"-12797"}
{"tag":"!","time":"3.79186","counter":"617216","score":"-12788"}
{"tag":"!","time":"3.79186","counter":"617223","score":"-12787"}
{"tag":"!","time":"3.79186","counter":"617247","score":"-12785"}
{"tag":"!","time":"3.95008","counter":"639021","score":"-12783"}
{"tag":"!","time":"3.95008","counter":"639055","score":"-12776"}
{"tag":"!","time":"3.95008","counter":"639076","score":"-12769"}
{"tag":"!","time":"3.95008","counter":"639478","score":"-12763"}
{"tag":"!","time":"3.95008","counter":"639498","score":"-12749"}
{"tag":"!","time":"3.99903","counter":"646143","score":"-12747"}
{"tag":"!","time":"3.99903","counter":"646216","score":"-12736"}
{"tag":"!","time":"3.99903","counter":"646360","score":"-12728"}
{"tag":"!","time":"3.99903","counter":"646402","score":"-12727"}
{"tag":"!","time":"3.99903","counter":"646421","score":"-12719"}
{"tag":"!","time":"3.99903","counter":"646860","score":"-12717"}
{"tag":"!","time":"3.99903","counter":"646905","score":"-12716"}
{"tag":"!","time":"3.99903","counter":"646947","score":"-12715"}
{"tag":"!","time":"3.99903","counter":"646977","score":"-12707"}
{"tag":"!","time":"4.00567","counter":"647097","score":"-12706"}
{"tag":"!","time":"4.00567","counter":"647115","score":"-12705"}
{"tag":"!","time":"4.00567","counter":"647124","score":"-12704"}
{"tag":"!","time":"4.05449","counter":"654682","score":"-12703"}
{"tag":"!","time":"4.05449","counter":"654896","score":"-12702"}
{"tag":"!","time":"4.05449","counter":"654912","score":"-12690"}
{"tag":"!","time":"4.06251","counter":"655029","score":"-12668"}
{"tag":"!","time":"4.06251","counter":"655267","score":"-12666"}
{"tag":"!","time":"4.06251","counter":"655387","score":"-12643"}
{"tag":"!","time":"4.18592","counter":"673287","score":"-12624"}
{"tag":"!","time":"4.20554","counter":"676945","score":"-12614"}
{"tag":"!","time":"4.21187","counter":"677027","score":"-12612"}
{"tag":"!","time":"4.3991","counter":"704501","score":"-12606"}
{"tag":"!","time":"4.72087","counter":"751930","score":"-12605"}
{"tag":"result","counter":"761000","score":"-12605"}
{"type":"sa","c":"0.0435161","l":"0.438816","score":"0.263432"}
