{"type":"greedy_loss","c":"1.12873","l":"0","score":"0.0747427","h":"10","w":"121"}
{"type":"greedy_loss","c":"1.08209","l":"0","score":"0.0716542","h":"116","w":"10"}
{"type":"greedy_loss","c":"1.08209","l":"0","score":"0.0716542","h":"116","w":"10"}
{"type":"greedy_loss","c":"1.08209","l":"0","score":"0.0716542","h":"116","w":"10"}
{"type":"greedy_loss","c":"1.08209","l":"0","score":"0.0716542","h":"116","w":"10"}
{"type":"greedy_loss","c":"1.08209","l":"0","score":"0.0716542","h":"116","w":"10"}
{"type":"greedy_loss","c":"1.08209","l":"0","score":"0.0716542","h":"116","w":"10"}
{"type":"greedy_loss","c":"1.08209","l":"0","score":"0.0716542","h":"116","w":"10"}
{"type":"greedy_loss","c":"1.08209","l":"0","score":"0.0716542","h":"116","w":"10"}
{"type":"greedy_loss","c":"1.08209","l":"0","score":"0.0716542","h":"116","w":"10"}
{"type":"greedy_loss","c":"1.08209","l":"0","score":"0.0716542","h":"116","w":"10"}
{"type":"greedy_loss","c":"1.08209","l":"0","score":"0.0716542","h":"116","w":"10"}
{"type":"greedy_loss","c":"1.09142","l":"0","score":"0.0722719","h":"45","w":"26"}
{"type":"greedy_loss","c":"1.06343","l":"0","score":"0.0704188","h":"95","w":"12"}
{"type":"greedy_loss","c":"1.09142","l":"0","score":"0.0722719","h":"45","w":"26"}
{"type":"greedy_loss","c":"1.06343","l":"0","score":"0.0704188","h":"95","w":"12"}
{"type":"greedy_loss","c":"1.09142","l":"0","score":"0.0722719","h":"45","w":"26"}
{"type":"greedy_loss","c":"1.09422","l":"0","score":"0.0724572","h":"51","w":"23"}
{"type":"greedy_loss","c":"1.09142","l":"0","score":"0.0722719","h":"45","w":"26"}
{"type":"greedy_loss","c":"1.09422","l":"0","score":"0.0724572","h":"51","w":"23"}
{"type":"greedy_loss","c":"1.09142","l":"0","score":"0.0722719","h":"45","w":"26"}
{"type":"greedy_loss","c":"1.09422","l":"0","score":"0.0724572","h":"51","w":"23"}
{"type":"greedy_loss","c":"1.09142","l":"0","score":"0.0722719","h":"45","w":"26"}
{"type":"greedy_loss","c":"1.09422","l":"0","score":"0.0724572","h":"51","w":"23"}
{"type":"greedy_loss","c":"1.09142","l":"0","score":"0.0722719","h":"45","w":"26"}
{"type":"greedy_loss","c":"1.09422","l":"0","score":"0.0724572","h":"51","w":"23"}
{"type":"greedy_loss","c":"1.09142","l":"0","score":"0.0722719","h":"45","w":"26"}
{"type":"greedy_loss","c":"1.09142","l":"0","score":"0.0722719","h":"45","w":"26"}
{"type":"greedy_loss","c":"1.1194","l":"0","score":"0.074125","h":"50","w":"24"}
{"type":"greedy_loss","c":"1.1194","l":"0","score":"0.074125","h":"30","w":"40"}
{"tag":"param","type":"sa","start_temp":"30","end_temp":"1","limit":"4.78732"}
{"tag":"!","time":"2.92964e-05","counter":"0","score":"-6394"}
{"tag":"!","time":"2.92964e-05","counter":"1","score":"-6373"}
{"tag":"!","time":"2.92964e-05","counter":"4","score":"-6365"}
{"tag":"!","time":"2.92964e-05","counter":"6","score":"-6334"}
{"tag":"!","time":"2.92964e-05","counter":"9","score":"-6323"}
{"tag":"!","time":"2.92964e-05","counter":"29","score":"-6294"}
{"tag":"!","time":"2.92964e-05","counter":"34","score":"-6282"}
{"tag":"!","time":"2.92964e-05","counter":"85","score":"-6237"}
{"tag":"!","time":"2.92964e-05","counter":"88","score":"-6194"}
{"tag":"!","time":"2.92964e-05","counter":"90","score":"-6185"}
{"tag":"!","time":"2.92964e-05","counter":"92","score":"-6143"}
{"tag":"!","time":"2.92964e-05","counter":"129","score":"-6127"}
{"tag":"!","time":"2.92964e-05","counter":"131","score":"-6083"}
{"tag":"!","time":"2.92964e-05","counter":"134","score":"-6081"}
{"tag":"!","time":"2.92964e-05","counter":"545","score":"-6063"}
{"tag":"!","time":"2.92964e-05","counter":"741","score":"-6056"}
{"tag":"!","time":"2.92964e-05","counter":"744","score":"-6054"}
{"tag":"!","time":"0.00757677","counter":"1146","score":"-6044"}
{"tag":"!","time":"0.00757677","counter":"1706","score":"-6034"}
{"tag":"!","time":"0.00757677","counter":"1738","score":"-6032"}
{"tag":"!","time":"0.00757677","counter":"1749","score":"-6025"}
{"tag":"!","time":"0.00757677","counter":"1750","score":"-6007"}
{"tag":"!","time":"0.00757677","counter":"1759","score":"-5989"}
{"tag":"!","time":"0.00757677","counter":"1761","score":"-5980"}
{"tag":"!","time":"0.00757677","counter":"1763","score":"-5976"}
{"tag":"!","time":"0.00757677","counter":"1765","score":"-5951"}
{"tag":"!","time":"0.00757677","counter":"1772","score":"-5949"}
{"tag":"!","time":"0.0208372","counter":"3533","score":"-5944"}
{"tag":"!","time":"0.0208372","counter":"3534","score":"-5920"}
{"tag":"!","time":"0.114357","counter":"19031","score":"-5916"}
{"tag":"!","time":"0.162302","counter":"28938","score":"-5906"}
{"tag":"!","time":"0.162302","counter":"28944","score":"-5893"}
{"tag":"!","time":"0.162302","counter":"28945","score":"-5889"}
{"tag":"!","time":"0.186669","counter":"32112","score":"-5859"}
{"tag":"!","time":"0.740059","counter":"126183","score":"-5856"}
{"tag":"!","time":"0.740059","counter":"126224","score":"-5840"}
{"tag":"!","time":"0.740059","counter":"126230","score":"-5831"}
{"tag":"!","time":"0.740059","counter":"126231","score":"-5799"}
{"tag":"!","time":"0.740059","counter":"126237","score":"-5764"}
{"tag":"!","time":"1.73843","counter":"291853","score":"-5763"}
{"tag":"!","time":"1.73843","counter":"291856","score":"-5753"}
{"tag":"!","time":"2.14608","counter":"354231","score":"-5751"}
{"tag":"!","time":"2.14608","counter":"354232","score":"-5738"}
{"tag":"!","time":"2.14608","counter":"354248","score":"-5733"}
{"tag":"!","time":"2.14608","counter":"354254","score":"-5719"}
{"tag":"!","time":"2.14608","counter":"354258","score":"-5717"}
{"tag":"!","time":"2.15226","counter":"355362","score":"-5707"}
{"tag":"!","time":"2.45213","counter":"402697","score":"-5703"}
{"tag":"!","time":"2.45213","counter":"402698","score":"-5699"}
{"tag":"!","time":"2.45213","counter":"402701","score":"-5690"}
{"tag":"!","time":"2.45213","counter":"402706","score":"-5685"}
{"tag":"!","time":"2.45213","counter":"402710","score":"-5684"}
{"tag":"!","time":"2.45213","counter":"402730","score":"-5683"}
{"tag":"!","time":"2.66966","counter":"435075","score":"-5681"}
{"tag":"!","time":"2.66966","counter":"435285","score":"-5677"}
{"tag":"!","time":"2.95884","counter":"480473","score":"-5675"}
{"tag":"!","time":"3.02932","counter":"491177","score":"-5669"}
{"tag":"!","time":"3.04205","counter":"493320","score":"-5665"}
{"tag":"!","time":"3.04205","counter":"493323","score":"-5659"}
{"tag":"!","time":"3.04205","counter":"493329","score":"-5651"}
{"tag":"!","time":"3.13218","counter":"507291","score":"-5642"}
{"tag":"!","time":"3.13218","counter":"507294","score":"-5622"}
{"tag":"!","time":"3.13218","counter":"507308","score":"-5605"}
{"tag":"!","time":"3.13218","counter":"507796","score":"-5598"}
{"tag":"!","time":"3.31704","counter":"536323","score":"-5589"}
{"tag":"!","time":"3.41072","counter":"550681","score":"-5577"}
{"tag":"!","time":"3.41072","counter":"550684","score":"-5565"}
{"tag":"!","time":"3.42403","counter":"552086","score":"-5563"}
{"tag":"!","time":"3.42403","counter":"552109","score":"-5556"}
{"tag":"!","time":"3.64339","counter":"584542","score":"-5554"}
{"tag":"!","time":"3.65794","counter":"586224","score":"-5553"}
{"tag":"!","time":"3.65794","counter":"586259","score":"-5552"}
{"tag":"!","time":"3.68056","counter":"589283","score":"-5547"}
{"tag":"!","time":"3.68056","counter":"589367","score":"-5546"}
{"tag":"!","time":"3.72222","counter":"595843","score":"-5537"}
{"tag":"!","time":"3.82644","counter":"609218","score":"-5536"}
{"tag":"!","time":"3.94033","counter":"625496","score":"-5532"}
{"tag":"!","time":"3.94033","counter":"625497","score":"-5521"}
{"tag":"!","time":"3.94033","counter":"625521","score":"-5512"}
{"tag":"!","time":"4.03418","counter":"638669","score":"-5506"}
{"tag":"!","time":"4.04162","counter":"639536","score":"-5494"}
{"tag":"!","time":"4.04162","counter":"639542","score":"-5489"}
{"tag":"!","time":"4.04162","counter":"639585","score":"-5486"}
{"tag":"!","time":"4.04162","counter":"639802","score":"-5484"}
{"tag":"!","time":"4.12014","counter":"650996","score":"-5479"}
{"tag":"!","time":"4.14569","counter":"654279","score":"-5475"}
{"tag":"!","time":"4.14569","counter":"654506","score":"-5473"}
{"tag":"!","time":"4.15242","counter":"655499","score":"-5470"}
{"tag":"!","time":"4.18065","counter":"659833","score":"-5466"}
{"tag":"!","time":"4.39335","counter":"688678","score":"-5465"}
{"tag":"!","time":"4.39335","counter":"688728","score":"-5463"}
{"tag":"!","time":"4.44007","counter":"695089","score":"-5459"}
{"tag":"!","time":"4.44007","counter":"695151","score":"-5458"}
{"tag":"!","time":"4.50842","counter":"705962","score":"-5457"}
{"tag":"!","time":"4.60162","counter":"719369","score":"-5456"}
{"tag":"!","time":"4.6202","counter":"722077","score":"-5455"}
{"tag":"result","counter":"747000","score":"-5455"}
{"type":"sa","c":"0.0932836","l":"0.40709","score":"0.38631"}
