95
FITPFSUEKETD
DIWMKPUAHFZD
TVKAFCUDNYFW
IRQVUTRTPMWJ
IHWNGAKIJKYC
ZPVMOSTKTQIV
VFVAEAXRBRCI
TYGYXKDHBEPR
WENHNVZBXZSH
XHQXSLFLTRBR
KUNEOXULLTUD
YILTSSTSCUTU
ZUYBXDUUHCGL
FPLIZRLAVILF
JFSGJZIIYBAG
JRHJBVFROGMO
BLVWHLJRCXAA
JXFRPDSYTOAA
QVRPGCTZGRYC
WOJNWAZVXSVH
ZKWHCTCEOBJC
BDSWGMUSAOOT
QCADSKLTHCOA
DHLJKZHIWZJM
LTIAMGHIDBSI
NIUDQIOMTUJE
EUOQZMHVXWEY
WIDTIAYFYAAA
IAABRPZCKAAA
ZJKXCJPMXAAA
DTYLFYNKOOZF
SBKYCKNANFHG
TOTKBAUNJMAE
QSBHIYGPLARO
JNZNEOWHUJBF
RWRFKFRQHFPC
LATHHTOQSLYU
IBXOMKRZBAAA
RRKCGDQSMPRV
XBTAHAJIQYGI
PFRYMHTFPHLO
PMMWIICKWHFC
GLEXVPDCBKNH
WZZQMFIXEJOI
TSCNVYOAZKPC
TGIRQFVLECRG
IDAXBZUTCLGC
ZDKYZYXMRCXC
WBSRYOAKMHVY
ICTEKGWOZOOK
ZOQDSCCIMLRG
OEIVVYHXCZIF
YEOOKBVPDZPR
EWGULYISYIJM
MERZHXKUEFOB
NMDQHIRWIRUZ
TIFDAFHWQVGW
KKQGWTRCCZZC
HTVINWJFUARU
GPKNNMBUZOKF
WNCGMWIQDFYV
AOXYKUJPOLKZ
DSGKJHDWCRAY
VRMARWPZRWZA
WSKSLTEOPVTA
HRQBSGUCAAAA
BFBMMOLDUJFA
MRFJLDNUHJCO
TWJFBJHTZMNR
IEXGQZLXLIDX
ILTHRVNHEQAI
ERHZZVMNNAGV
KBDYQTEFSUWJ
BIHITDJEGREX
KTJSERQHDZHL
APCGGNNNMYQV
OFIYCECSJZYI
JVXVUJIECDES
LNVTTVFTGZBZ
VXUMGAQLYAWA
YHUGKATWWISA
PWENMAKRRTCA
WEQGLADJJXGA
TZZHNABIUZFA
GWODGAOHUWHA
IBUCVAJAVJEA
IZUVNAAYKLYA
SCCCMAHNRABA
GPSKEATXYIIA
KFQAMAGPNBAA
VGXEAATSNNAA
LSBCAAOXXLAA
BPSSAANRPBAA
YHAZAAQOEMAA
AAAAAAVJRUAA
79 0
89 6
73 6
18 10
30 0
46 0
42 9
66 0
86 6
90 0
30 9
66 6
55 8
63 8
78 6
8 10
0 10
86 0
0 0
80 6
63 0
14 0
7 0
20 9
38 9
20 0
18 0
38 0
55 0
46 8
75 0
