{"type":"greedy_loss","c":"1.05612","l":"0","score":"0.238019","h":"10","w":"207"}
{"type":"greedy_loss","c":"1.04796","l":"0","score":"0.236179","h":"158","w":"13"}
{"type":"greedy_loss","c":"1.05","l":"0","score":"0.236639","h":"147","w":"14"}
{"tag":"param","type":"sa","start_temp":"30","end_temp":"1","limit":"4.78411"}
{"tag":"!","time":"3.03393e-05","counter":"1","score":"-12172"}
{"tag":"!","time":"3.03393e-05","counter":"2","score":"-12163"}
{"tag":"!","time":"3.03393e-05","counter":"3","score":"-12160"}
{"tag":"!","time":"3.03393e-05","counter":"5","score":"-12158"}
{"tag":"!","time":"3.03393e-05","counter":"6","score":"-12150"}
{"tag":"!","time":"3.03393e-05","counter":"49","score":"-12142"}
{"tag":"!","time":"3.03393e-05","counter":"50","score":"-12138"}
{"tag":"!","time":"3.03393e-05","counter":"52","score":"-12110"}
{"tag":"!","time":"3.03393e-05","counter":"94","score":"-12095"}
{"tag":"!","time":"3.03393e-05","counter":"95","score":"-12073"}
{"tag":"!","time":"3.03393e-05","counter":"96","score":"-12039"}
{"tag":"!","time":"3.03393e-05","counter":"97","score":"-12032"}
{"tag":"!","time":"3.03393e-05","counter":"102","score":"-12001"}
{"tag":"!","time":"3.03393e-05","counter":"103","score":"-11972"}
{"tag":"!","time":"3.03393e-05","counter":"144","score":"-11959"}
{"tag":"!","time":"3.03393e-05","counter":"148","score":"-11958"}
{"tag":"!","time":"3.03393e-05","counter":"149","score":"-11943"}
{"tag":"!","time":"3.03393e-05","counter":"150","score":"-11920"}
{"tag":"!","time":"3.03393e-05","counter":"151","score":"-11914"}
{"tag":"!","time":"3.03393e-05","counter":"243","score":"-11892"}
{"tag":"!","time":"3.03393e-05","counter":"286","score":"-11884"}
{"tag":"!","time":"3.03393e-05","counter":"287","score":"-11858"}
{"tag":"!","time":"3.03393e-05","counter":"301","score":"-11857"}
{"tag":"!","time":"3.03393e-05","counter":"303","score":"-11836"}
{"tag":"!","time":"3.03393e-05","counter":"304","score":"-11831"}
{"tag":"!","time":"3.03393e-05","counter":"305","score":"-11821"}
{"tag":"!","time":"3.03393e-05","counter":"315","score":"-11814"}
{"tag":"!","time":"3.03393e-05","counter":"776","score":"-11813"}
{"tag":"!","time":"3.03393e-05","counter":"810","score":"-11811"}
{"tag":"!","time":"3.03393e-05","counter":"812","score":"-11798"}
{"tag":"!","time":"0.00619942","counter":"1545","score":"-11786"}
{"tag":"!","time":"0.00619942","counter":"1546","score":"-11758"}
{"tag":"!","time":"0.00619942","counter":"1547","score":"-11738"}
{"tag":"!","time":"0.00619942","counter":"1548","score":"-11730"}
{"tag":"!","time":"0.00619942","counter":"1550","score":"-11714"}
{"tag":"!","time":"0.00619942","counter":"1564","score":"-11681"}
{"tag":"!","time":"0.0117169","counter":"2311","score":"-11667"}
{"tag":"!","time":"0.0222649","counter":"4734","score":"-11637"}
{"tag":"!","time":"0.0222649","counter":"4744","score":"-11596"}
{"tag":"!","time":"0.0222649","counter":"4746","score":"-11587"}
{"tag":"!","time":"0.0222649","counter":"4747","score":"-11573"}
{"tag":"!","time":"0.0222649","counter":"4763","score":"-11568"}
{"tag":"!","time":"0.499934","counter":"94683","score":"-11560"}
{"tag":"!","time":"0.499934","counter":"94688","score":"-11558"}
{"tag":"!","time":"0.684072","counter":"128736","score":"-11553"}
{"tag":"!","time":"0.684072","counter":"128752","score":"-11536"}
{"tag":"!","time":"0.684072","counter":"128757","score":"-11517"}
{"tag":"!","time":"0.969941","counter":"179390","score":"-11510"}
{"tag":"!","time":"0.969941","counter":"179392","score":"-11502"}
{"tag":"!","time":"1.21131","counter":"221105","score":"-11481"}
{"tag":"!","time":"1.36992","counter":"247691","score":"-11469"}
{"tag":"!","time":"1.36992","counter":"247692","score":"-11464"}
{"tag":"!","time":"1.36992","counter":"247698","score":"-11457"}
{"tag":"!","time":"1.53816","counter":"274845","score":"-11450"}
{"tag":"!","time":"1.72141","counter":"305351","score":"-11445"}
{"tag":"!","time":"1.72141","counter":"305355","score":"-11423"}
{"tag":"!","time":"1.8845","counter":"334634","score":"-11413"}
{"tag":"!","time":"1.8845","counter":"334636","score":"-11401"}
{"tag":"!","time":"1.98495","counter":"350265","score":"-11387"}
{"tag":"!","time":"1.98495","counter":"350268","score":"-11378"}
{"tag":"!","time":"1.98495","counter":"350273","score":"-11377"}
{"tag":"!","time":"1.98495","counter":"350297","score":"-11364"}
{"tag":"!","time":"1.98495","counter":"350347","score":"-11358"}
{"tag":"!","time":"1.98495","counter":"350463","score":"-11343"}
{"tag":"!","time":"1.98495","counter":"350473","score":"-11340"}
{"tag":"!","time":"1.98495","counter":"350479","score":"-11317"}
{"tag":"!","time":"2.23253","counter":"390403","score":"-11316"}
{"tag":"!","time":"2.23253","counter":"390405","score":"-11302"}
{"tag":"!","time":"2.23253","counter":"390410","score":"-11295"}
{"tag":"!","time":"2.23253","counter":"390417","score":"-11285"}
{"tag":"!","time":"2.50257","counter":"432051","score":"-11280"}
{"tag":"!","time":"2.50257","counter":"432867","score":"-11278"}
{"tag":"!","time":"2.50257","counter":"432879","score":"-11275"}
{"tag":"!","time":"2.50257","counter":"432893","score":"-11270"}
{"tag":"!","time":"2.50257","counter":"432902","score":"-11243"}
{"tag":"!","time":"2.50257","counter":"432907","score":"-11229"}
{"tag":"!","time":"2.50257","counter":"432911","score":"-11228"}
{"tag":"!","time":"2.50257","counter":"432912","score":"-11221"}
{"tag":"!","time":"2.57896","counter":"444661","score":"-11215"}
{"tag":"!","time":"2.57896","counter":"444662","score":"-11211"}
{"tag":"!","time":"2.57896","counter":"444667","score":"-11207"}
{"tag":"!","time":"2.57896","counter":"444670","score":"-11200"}
{"tag":"!","time":"2.57896","counter":"444688","score":"-11193"}
{"tag":"!","time":"2.57896","counter":"444694","score":"-11166"}
{"tag":"!","time":"2.57896","counter":"444700","score":"-11159"}
{"tag":"!","time":"2.57896","counter":"444702","score":"-11149"}
{"tag":"!","time":"2.73642","counter":"469799","score":"-11145"}
{"tag":"!","time":"2.73642","counter":"469802","score":"-11142"}
{"tag":"!","time":"2.73642","counter":"469807","score":"-11131"}
{"tag":"!","time":"2.73642","counter":"469808","score":"-11120"}
{"tag":"!","time":"2.73642","counter":"469810","score":"-11099"}
{"tag":"!","time":"2.7436","counter":"470061","score":"-11098"}
{"tag":"!","time":"2.75701","counter":"472267","score":"-11081"}
{"tag":"!","time":"2.77489","counter":"475652","score":"-11079"}
{"tag":"!","time":"2.77489","counter":"475716","score":"-11066"}
{"tag":"!","time":"2.89881","counter":"496588","score":"-11063"}
{"tag":"!","time":"2.89881","counter":"496591","score":"-11062"}
{"tag":"!","time":"3.05368","counter":"521878","score":"-11049"}
{"tag":"!","time":"3.05368","counter":"521879","score":"-11025"}
{"tag":"!","time":"3.05368","counter":"521888","score":"-11013"}
{"tag":"!","time":"3.05368","counter":"521894","score":"-11012"}
{"tag":"!","time":"3.05368","counter":"521926","score":"-11008"}
{"tag":"!","time":"3.05368","counter":"521933","score":"-10998"}
{"tag":"!","time":"3.05368","counter":"521941","score":"-10994"}
{"tag":"!","time":"3.05368","counter":"521954","score":"-10987"}
{"tag":"!","time":"3.10705","counter":"530461","score":"-10974"}
{"tag":"!","time":"3.12816","counter":"533335","score":"-10944"}
{"tag":"!","time":"3.12816","counter":"533359","score":"-10937"}
{"tag":"!","time":"3.12816","counter":"533502","score":"-10926"}
{"tag":"!","time":"3.12816","counter":"533503","score":"-10915"}
{"tag":"!","time":"3.12816","counter":"533506","score":"-10902"}
{"tag":"!","time":"3.12816","counter":"533510","score":"-10895"}
{"tag":"!","time":"3.24969","counter":"551193","score":"-10888"}
{"tag":"!","time":"3.24969","counter":"551223","score":"-10886"}
{"tag":"!","time":"3.24969","counter":"551235","score":"-10873"}
{"tag":"!","time":"3.24969","counter":"551241","score":"-10869"}
{"tag":"!","time":"3.28694","counter":"557820","score":"-10867"}
{"tag":"!","time":"3.2929","counter":"558047","score":"-10862"}
{"tag":"!","time":"3.35198","counter":"568111","score":"-10854"}
{"tag":"!","time":"3.37759","counter":"572933","score":"-10846"}
{"tag":"!","time":"3.37759","counter":"572986","score":"-10841"}
{"tag":"!","time":"3.41462","counter":"578225","score":"-10835"}
{"tag":"!","time":"3.41462","counter":"578235","score":"-10831"}
{"tag":"!","time":"3.44856","counter":"583794","score":"-10825"}
{"tag":"!","time":"3.44856","counter":"583796","score":"-10803"}
{"tag":"!","time":"3.44856","counter":"583798","score":"-10789"}
{"tag":"!","time":"3.44856","counter":"583802","score":"-10781"}
{"tag":"!","time":"3.462","counter":"585195","score":"-10770"}
{"tag":"!","time":"3.462","counter":"585276","score":"-10769"}
{"tag":"!","time":"3.462","counter":"585644","score":"-10748"}
{"tag":"!","time":"3.59947","counter":"606404","score":"-10747"}
{"tag":"!","time":"3.59947","counter":"606415","score":"-10738"}
{"tag":"!","time":"3.60533","counter":"607215","score":"-10734"}
{"tag":"!","time":"3.60533","counter":"607251","score":"-10733"}
{"tag":"!","time":"3.60533","counter":"607369","score":"-10727"}
{"tag":"!","time":"3.60533","counter":"607380","score":"-10711"}
{"tag":"!","time":"3.60533","counter":"607643","score":"-10705"}
{"tag":"!","time":"3.60533","counter":"607675","score":"-10703"}
{"tag":"!","time":"3.60533","counter":"607696","score":"-10700"}
{"tag":"!","time":"3.79873","counter":"638818","score":"-10694"}
{"tag":"!","time":"3.79873","counter":"638840","score":"-10680"}
{"tag":"!","time":"3.80507","counter":"639646","score":"-10677"}
{"tag":"!","time":"3.80507","counter":"639662","score":"-10669"}
{"tag":"!","time":"3.80507","counter":"639887","score":"-10661"}
{"tag":"!","time":"3.80507","counter":"639888","score":"-10655"}
{"tag":"!","time":"3.99369","counter":"668467","score":"-10648"}
{"tag":"!","time":"4.0397","counter":"675087","score":"-10643"}
{"tag":"!","time":"4.0397","counter":"675242","score":"-10639"}
{"tag":"!","time":"4.0397","counter":"675260","score":"-10624"}
{"tag":"!","time":"4.0397","counter":"675307","score":"-10623"}
{"tag":"!","time":"4.0397","counter":"675314","score":"-10619"}
{"tag":"!","time":"4.0397","counter":"675336","score":"-10618"}
{"tag":"!","time":"4.0397","counter":"675340","score":"-10610"}
{"tag":"!","time":"4.07585","counter":"681507","score":"-10606"}
{"tag":"!","time":"4.07585","counter":"681917","score":"-10605"}
{"tag":"!","time":"4.08178","counter":"682070","score":"-10602"}
{"tag":"!","time":"4.1207","counter":"689527","score":"-10591"}
{"tag":"!","time":"4.1207","counter":"689637","score":"-10582"}
{"tag":"!","time":"4.1207","counter":"689639","score":"-10577"}
{"tag":"!","time":"4.1207","counter":"689900","score":"-10571"}
{"tag":"!","time":"4.1207","counter":"689989","score":"-10567"}
{"tag":"!","time":"4.12661","counter":"690608","score":"-10555"}
{"tag":"!","time":"4.12661","counter":"690723","score":"-10551"}
{"tag":"!","time":"4.18628","counter":"700335","score":"-10550"}
{"tag":"!","time":"4.40995","counter":"737686","score":"-10546"}
{"tag":"!","time":"4.42089","counter":"739141","score":"-10545"}
{"tag":"!","time":"4.42089","counter":"739245","score":"-10535"}
{"tag":"!","time":"4.42089","counter":"739373","score":"-10529"}
{"tag":"!","time":"4.54129","counter":"759541","score":"-10528"}
{"tag":"!","time":"4.54804","counter":"760061","score":"-10527"}
{"tag":"!","time":"4.55408","counter":"761379","score":"-10526"}
{"tag":"!","time":"4.56554","counter":"763302","score":"-10523"}
{"tag":"!","time":"4.56554","counter":"763425","score":"-10522"}
{"tag":"!","time":"4.66909","counter":"780052","score":"-10515"}
{"tag":"!","time":"4.66909","counter":"780910","score":"-10514"}
{"tag":"!","time":"4.66909","counter":"780955","score":"-10513"}
{"tag":"!","time":"4.75909","counter":"794521","score":"-10512"}
{"tag":"result","counter":"799000","score":"-10512"}
{"type":"sa","c":"0.0510204","l":"0.429061","score":"0.343862"}
