158
FOWAMYIASEJFN
AXROZYCGMPKDG
NCHBFSGDFUHAY
QRAGKNBBVGKQN
DIGISEOQQPLYV
XXKCMAKJBIQBR
GCNVMZPXICSTO
SSEYDNEPDZQXK
EJRKAHRGRAYVI
HHHPLWHHIFCEB
IGEHXUAAMOEKK
OEFVAQGDSIBNG
GLDAUOWCLDZDI
ORVBAONHQVSCF
OYTZJYXKFFTPA
SHEJKZCGUZLNX
BUJNAIRWTGNEP
XWTMCRAERDMNL
TRGGZQIWIAOCS
WAWJWXGRTRUOB
ZQSUEZCUBFJXW
KPOWFKVQTXNSV
DYVFBTCCFRAAA
DBRJGQHPCBAAA
NIWVCYLZPWRXJ
FFJTLPFWSTZMT
GNOEIMINXVRDN
PWBTDYFDCQDRB
XLKSTZXFAJJZM
BCQHSSQASRKXV
CAEYWUXEFJGSB
YHLHERNGVTMRF
UHKQAPFTFDUZT
JCGEYYFEBJXAR
LJIFBHALENXGG
UOGAPFXZATAAA
LKUNFNDYJYOKP
AXGIXJHVVGXYT
KNEVMVAVBBNAC
OFGZBWMTOGBIL
FPSWPUDYSRAQH
JDPLLTZVAUJZP
FLRBXJYZJVVNN
YITAGDSEMTVLL
PTGEHMVZTHRXO
WGAURCYYYZNOA
LEYPECBQNNJVV
WIYYVWQVNDQSK
AXPGYFZDTLVLO
UDZCBEVGYZBGO
RNPDEFFFEDGQA
HMFIFMKYKANGZ
ZDJXPZPOHANGY
LXZGEMCHUFMYT
SHKNSZMGRBGAI
ZVMRMLCSSJUTV
LPSPCDBJKBBNJ
XHIQMZZGVJXFA
HAXSCAHJLWPBX
TGDWRYJCZDFXO
YYFYKBCHPXQNU
YOQIISZXYGNCM
ZUTTXTFXELIWQ
REPEAEEQGAAAA
GZSKLRQWZELZA
NNLEUWPUBNYCW
XWXBFTLSYPFPC
LWFIVBMSCUTEN
ESXSPNWJTYOEP
VLKOLYIFYIWOO
NQSAYDXNMOGHT
NYJIQYXQFCWWG
QCALILJTNMIUZ
TLTPRPCNTGNFX
PGLXVADCMESWF
KCJQMUVLEZWBM
BAANPOOBJCAFW
ISHTDFZTGVUKK
CZBIKITWNCVOA
CQJVLHUYXVGPA
DIDERHATIPZJA
IZTTKWEGVFJZA
FMVHSFULWAAAA
YNPJCJRBMSDWC
ZQPXVCOFMAILO
MJRDCBKKMJFQI
TUMVGZIXQHRDU
PDOKFIGVRPAWI
MQKXQJASDTSHX
CNJZFKANLOBAA
DOZKCJGCEYXAA
PKGJXQLWYAAAA
VOOSZEHHWYIDX
JKOPUAYGUWQMD
GBLGPFVVBMYVI
AOCMSKPYEONIW
DIHRRORRZOJAA
RKFDZWBERVDAA
TQXCKETQCLEEU
RGYSPGNNYGWRG
XFDYLKQZLATZA
POWDHGZZWSOHD
EFUEOMBHWPPSE
YSZVRYZDPBBIE
CPBNGDASYERNF
PNOONFULPHXGO
TVYFNAAUGNJIR
YGGPABRKAMLAF
RJSLGATAHQTWT
MODIQUDAFRATC
QHSDYUCQCXLRO
PWJBYVJATNTMA
GBDXUIAXSOOPJ
XIHKKUNLOJJVX
EQUVVAFACHHJP
UPTQFSWEXOUGT
OCILTSUHRRIWM
KKUGHAXGPNBTI
RGVCVUKQKFAAA
NOGHXBYRUSAAA
MOVVBKJGSJAAA
CFGJIMWACSBVD
KCRVBCYRXSAPO
AMJRRHNNKGIHI
GFDOHFPLBIMGH
GOBBSRWIJDTLV
LWSUBXMZXRPQO
FTOIRQRATLVAO
CCVWMWWABRLWR
JOQELQEAUDMGY
QDYBNGCAXKSDU
EBHRQYVARWOQH
OOTHUUXAMTZRO
VFMRKLYATJQBF
PKEMWMECQGYDC
XGIQCSHNSORNA
WLWPIQBLWUVJA
CMOXJKUDISRCA
NPKECEHEKMYUA
DQXNTXQQVMUEA
VOHHVXSAHOCTA
MAULEGJBLLOYA
QKLBKKPHWTLOA
KMAJZGQFOTPQA
JUOHYRGACNIDA
EIPSKTWIDPXKA
JRZLLMCOYFKAA
VOPMRWZJFGIBA
QGVCBAUCGZNGA
TBNJJGWXNXMAA
ZBHSWHFXJNXIA
VGMABUHLWOTXA
PDVYAEXQSOMZA
CMORKDBBGBEIA
OCAAANPQLPLSA
BLAAAPHREAAAA
YKAAAHBWJAAAA
TBAAAAASSAAAA
33 0
36 9
9 10
20 0
98 0
89 9
56 0
15 10
96 0
108 8
64 0
141 7
46 0
154 0
46 9
92 9
24 0
92 0
30 0
83 9
83 0
8 0
15 0
71 9
123 0
129 11
125 0
127 0
104 0
0 10
150 0
118 8
27 0
56 9
155 7
147 0
110 0
134 0
148 7
141 0
150 5
71 0
64 9
24 10
96 9
78 9
134 7
36 0
144 0
0 0
110 8
116 0
31 10
77 0
121 0
121 8
129 8
88 0
98 8
