{"type":"greedy_loss","c":"1.10278","l":"0","score":"0.919354","h":"10","w":"309"}
{"type":"greedy_loss","c":"1.07423","l":"0","score":"0.895552","h":"301","w":"10"}
{"type":"greedy_loss","c":"1.07423","l":"0","score":"0.895552","h":"301","w":"10"}
{"type":"greedy_loss","c":"1.07423","l":"0","score":"0.895552","h":"301","w":"10"}
{"type":"greedy_loss","c":"1.07423","l":"0","score":"0.895552","h":"301","w":"10"}
{"type":"greedy_loss","c":"1.07423","l":"0","score":"0.895552","h":"301","w":"10"}
{"type":"greedy_loss","c":"1.07423","l":"0","score":"0.895552","h":"301","w":"10"}
{"type":"greedy_loss","c":"1.07423","l":"0","score":"0.895552","h":"301","w":"10"}
{"type":"greedy_loss","c":"1.07423","l":"0","score":"0.895552","h":"301","w":"10"}
{"type":"greedy_loss","c":"1.07423","l":"0","score":"0.895552","h":"301","w":"10"}
{"type":"greedy_loss","c":"1.07423","l":"0","score":"0.895552","h":"301","w":"10"}
{"type":"greedy_loss","c":"1.07423","l":"0","score":"0.895552","h":"301","w":"10"}
{"type":"greedy_loss","c":"1.07959","l":"0","score":"0.900015","h":"275","w":"11"}
{"type":"greedy_loss","c":"1.07066","l":"0","score":"0.892577","h":"250","w":"12"}
{"type":"greedy_loss","c":"1.03462","l":"0","score":"0.862527","h":"223","w":"13"}
{"type":"greedy_loss","c":"1.04425","l":"0","score":"0.87056","h":"209","w":"14"}
{"type":"greedy_loss","c":"1.09993","l":"0","score":"0.916974","h":"23","w":"134"}
{"type":"greedy_loss","c":"1.07923","l":"0","score":"0.899717","h":"216","w":"14"}
{"type":"greedy_loss","c":"1.07923","l":"0","score":"0.899717","h":"216","w":"14"}
{"type":"greedy_loss","c":"1.07923","l":"0","score":"0.899717","h":"216","w":"14"}
{"type":"greedy_loss","c":"1.07923","l":"0","score":"0.899717","h":"216","w":"14"}
{"type":"greedy_loss","c":"1.07923","l":"0","score":"0.899717","h":"216","w":"14"}
{"type":"greedy_loss","c":"1.07923","l":"0","score":"0.899717","h":"216","w":"14"}
{"type":"greedy_loss","c":"1.07923","l":"0","score":"0.899717","h":"216","w":"14"}
{"type":"greedy_loss","c":"1.07923","l":"0","score":"0.899717","h":"216","w":"14"}
{"type":"greedy_loss","c":"1.07923","l":"0","score":"0.899717","h":"216","w":"14"}
{"type":"greedy_loss","c":"1.07923","l":"0","score":"0.899717","h":"216","w":"14"}
{"type":"greedy_loss","c":"1.07923","l":"0","score":"0.899717","h":"63","w":"48"}
{"type":"greedy_loss","c":"1.07923","l":"0","score":"0.899717","h":"216","w":"14"}
{"type":"greedy_loss","c":"1.07923","l":"0","score":"0.899717","h":"63","w":"48"}
{"type":"greedy_loss","c":"1.07923","l":"0","score":"0.899717","h":"216","w":"14"}
{"type":"greedy_loss","c":"1.07923","l":"0","score":"0.899717","h":"63","w":"48"}
{"type":"greedy_loss","c":"1.07923","l":"0","score":"0.899717","h":"63","w":"48"}
{"type":"greedy_loss","c":"1.09208","l":"0","score":"0.910428","h":"45","w":"68"}
{"type":"greedy_loss","c":"1.09208","l":"0","score":"0.910428","h":"45","w":"68"}
{"type":"greedy_loss","c":"1.09208","l":"0","score":"0.910428","h":"45","w":"68"}
{"tag":"param","type":"sa","start_temp":"30","end_temp":"1","limit":"4.78037"}
{"tag":"!","time":"3.97818e-05","counter":"1","score":"-17576"}
{"tag":"!","time":"3.97818e-05","counter":"6","score":"-17564"}
{"tag":"!","time":"3.97818e-05","counter":"52","score":"-17559"}
{"tag":"!","time":"3.97818e-05","counter":"54","score":"-17555"}
{"tag":"!","time":"3.97818e-05","counter":"59","score":"-17531"}
{"tag":"!","time":"3.97818e-05","counter":"60","score":"-17505"}
{"tag":"!","time":"3.97818e-05","counter":"67","score":"-17497"}
{"tag":"!","time":"3.97818e-05","counter":"80","score":"-17479"}
{"tag":"!","time":"3.97818e-05","counter":"87","score":"-17473"}
{"tag":"!","time":"3.97818e-05","counter":"88","score":"-17470"}
{"tag":"!","time":"3.97818e-05","counter":"89","score":"-17460"}
{"tag":"!","time":"3.97818e-05","counter":"126","score":"-17446"}
{"tag":"!","time":"3.97818e-05","counter":"127","score":"-17443"}
{"tag":"!","time":"3.97818e-05","counter":"206","score":"-17431"}
{"tag":"!","time":"3.97818e-05","counter":"207","score":"-17415"}
{"tag":"!","time":"3.97818e-05","counter":"209","score":"-17357"}
{"tag":"!","time":"3.97818e-05","counter":"210","score":"-17352"}
{"tag":"!","time":"3.97818e-05","counter":"211","score":"-17344"}
{"tag":"!","time":"3.97818e-05","counter":"215","score":"-17342"}
{"tag":"!","time":"3.97818e-05","counter":"217","score":"-17326"}
{"tag":"!","time":"3.97818e-05","counter":"218","score":"-17299"}
{"tag":"!","time":"3.97818e-05","counter":"239","score":"-17293"}
{"tag":"!","time":"3.97818e-05","counter":"305","score":"-17280"}
{"tag":"!","time":"3.97818e-05","counter":"307","score":"-17268"}
{"tag":"!","time":"3.97818e-05","counter":"533","score":"-17244"}
{"tag":"!","time":"0.00588243","counter":"1496","score":"-17243"}
{"tag":"!","time":"0.00588243","counter":"1500","score":"-17242"}
{"tag":"!","time":"0.00588243","counter":"1580","score":"-17236"}
{"tag":"!","time":"0.00588243","counter":"1581","score":"-17207"}
{"tag":"!","time":"0.0179539","counter":"3036","score":"-17201"}
{"tag":"!","time":"0.0179539","counter":"3038","score":"-17180"}
{"tag":"!","time":"0.0179539","counter":"3899","score":"-17178"}
{"tag":"!","time":"0.0179539","counter":"3959","score":"-17165"}
{"tag":"!","time":"0.0235619","counter":"4052","score":"-17157"}
{"tag":"!","time":"0.0235619","counter":"4063","score":"-17156"}
{"tag":"!","time":"0.0235619","counter":"4130","score":"-17153"}
{"tag":"!","time":"0.0235619","counter":"4143","score":"-17133"}
{"tag":"!","time":"0.0235619","counter":"4144","score":"-17122"}
{"tag":"!","time":"0.0235619","counter":"4145","score":"-17117"}
{"tag":"!","time":"0.0235619","counter":"4147","score":"-17088"}
{"tag":"!","time":"0.0235619","counter":"4148","score":"-17078"}
{"tag":"!","time":"0.0235619","counter":"4151","score":"-17073"}
{"tag":"!","time":"0.0235619","counter":"4176","score":"-17048"}
{"tag":"!","time":"0.0235619","counter":"4179","score":"-17044"}
{"tag":"!","time":"0.0235619","counter":"4190","score":"-17023"}
{"tag":"!","time":"0.0235619","counter":"4191","score":"-17017"}
{"tag":"!","time":"0.0235619","counter":"4196","score":"-17014"}
{"tag":"!","time":"0.0235619","counter":"4200","score":"-17000"}
{"tag":"!","time":"0.0815444","counter":"15535","score":"-16975"}
{"tag":"!","time":"0.0872637","counter":"16344","score":"-16974"}
{"tag":"!","time":"0.171656","counter":"32614","score":"-16973"}
{"tag":"!","time":"0.171656","counter":"32615","score":"-16970"}
{"tag":"!","time":"0.171656","counter":"32616","score":"-16950"}
{"tag":"!","time":"0.198778","counter":"37106","score":"-16946"}
{"tag":"!","time":"0.214348","counter":"40361","score":"-16940"}
{"tag":"!","time":"0.214348","counter":"40362","score":"-16937"}
{"tag":"!","time":"0.3955","counter":"72607","score":"-16919"}
{"tag":"!","time":"0.3955","counter":"72619","score":"-16916"}
{"tag":"!","time":"0.3955","counter":"72620","score":"-16902"}
{"tag":"!","time":"0.3955","counter":"72621","score":"-16896"}
{"tag":"!","time":"0.3955","counter":"72626","score":"-16891"}
{"tag":"!","time":"0.3955","counter":"72633","score":"-16864"}
{"tag":"!","time":"0.3955","counter":"72636","score":"-16863"}
{"tag":"!","time":"0.3955","counter":"72639","score":"-16856"}
{"tag":"!","time":"0.647904","counter":"115242","score":"-16840"}
{"tag":"!","time":"0.647904","counter":"115245","score":"-16821"}
{"tag":"!","time":"0.647904","counter":"115248","score":"-16811"}
{"tag":"!","time":"0.647904","counter":"115250","score":"-16783"}
{"tag":"!","time":"0.647904","counter":"115253","score":"-16779"}
{"tag":"!","time":"0.647904","counter":"115255","score":"-16765"}
{"tag":"!","time":"1.6202","counter":"278621","score":"-16761"}
{"tag":"!","time":"2.00079","counter":"340577","score":"-16757"}
{"tag":"!","time":"2.00079","counter":"340593","score":"-16737"}
{"tag":"!","time":"2.00079","counter":"340606","score":"-16728"}
{"tag":"!","time":"2.00079","counter":"340608","score":"-16726"}
{"tag":"!","time":"2.00079","counter":"340614","score":"-16718"}
{"tag":"!","time":"2.01525","counter":"342839","score":"-16698"}
{"tag":"!","time":"2.01525","counter":"342840","score":"-16691"}
{"tag":"!","time":"2.01525","counter":"342841","score":"-16657"}
{"tag":"!","time":"2.01525","counter":"342849","score":"-16635"}
{"tag":"!","time":"2.06604","counter":"349819","score":"-16634"}
{"tag":"!","time":"2.06604","counter":"349829","score":"-16628"}
{"tag":"!","time":"2.06604","counter":"349837","score":"-16627"}
{"tag":"!","time":"2.06604","counter":"349840","score":"-16626"}
{"tag":"!","time":"2.06604","counter":"349971","score":"-16624"}
{"tag":"!","time":"2.06604","counter":"349996","score":"-16615"}
{"tag":"!","time":"2.07289","counter":"350025","score":"-16614"}
{"tag":"!","time":"2.07289","counter":"350026","score":"-16599"}
{"tag":"!","time":"2.07289","counter":"350028","score":"-16585"}
{"tag":"!","time":"2.07289","counter":"350047","score":"-16579"}
{"tag":"!","time":"2.07289","counter":"350054","score":"-16574"}
{"tag":"!","time":"2.42747","counter":"403014","score":"-16569"}
{"tag":"!","time":"2.42747","counter":"403016","score":"-16568"}
{"tag":"!","time":"2.42747","counter":"403017","score":"-16567"}
{"tag":"!","time":"2.42747","counter":"403053","score":"-16548"}
{"tag":"!","time":"2.42747","counter":"403054","score":"-16544"}
{"tag":"!","time":"2.42747","counter":"403064","score":"-16541"}
{"tag":"!","time":"2.59207","counter":"428613","score":"-16526"}
{"tag":"!","time":"2.59207","counter":"428614","score":"-16524"}
{"tag":"!","time":"2.59207","counter":"428635","score":"-16493"}
{"tag":"!","time":"2.76017","counter":"453526","score":"-16486"}
{"tag":"!","time":"2.79628","counter":"458600","score":"-16479"}
{"tag":"!","time":"2.79628","counter":"458605","score":"-16465"}
{"tag":"!","time":"2.79628","counter":"458626","score":"-16446"}
{"tag":"!","time":"2.79628","counter":"458859","score":"-16439"}
{"tag":"!","time":"2.79628","counter":"458862","score":"-16438"}
{"tag":"!","time":"2.79628","counter":"458899","score":"-16434"}
{"tag":"!","time":"2.85382","counter":"466210","score":"-16431"}
{"tag":"!","time":"2.85382","counter":"466947","score":"-16430"}
{"tag":"!","time":"2.85382","counter":"466982","score":"-16419"}
{"tag":"!","time":"2.88996","counter":"471963","score":"-16417"}
{"tag":"!","time":"2.88996","counter":"471970","score":"-16409"}
{"tag":"!","time":"2.8964","counter":"472078","score":"-16408"}
{"tag":"!","time":"2.8964","counter":"472079","score":"-16403"}
{"tag":"!","time":"2.8964","counter":"472084","score":"-16390"}
{"tag":"!","time":"2.8964","counter":"472100","score":"-16386"}
{"tag":"!","time":"2.8964","counter":"472101","score":"-16385"}
{"tag":"!","time":"2.8964","counter":"472102","score":"-16383"}
{"tag":"!","time":"2.8964","counter":"472103","score":"-16374"}
{"tag":"!","time":"2.8964","counter":"472110","score":"-16369"}
{"tag":"!","time":"2.8964","counter":"472119","score":"-16359"}
{"tag":"!","time":"2.97856","counter":"484156","score":"-16356"}
{"tag":"!","time":"2.97856","counter":"484205","score":"-16349"}
{"tag":"!","time":"2.97856","counter":"484210","score":"-16344"}
{"tag":"!","time":"2.97856","counter":"484564","score":"-16330"}
{"tag":"!","time":"2.97856","counter":"484621","score":"-16302"}
{"tag":"!","time":"2.97856","counter":"484647","score":"-16286"}
{"tag":"!","time":"2.97856","counter":"484804","score":"-16259"}
{"tag":"!","time":"2.98491","counter":"485928","score":"-16254"}
{"tag":"!","time":"2.98491","counter":"485932","score":"-16248"}
{"tag":"!","time":"2.98491","counter":"485934","score":"-16233"}
{"tag":"!","time":"2.98491","counter":"485943","score":"-16230"}
{"tag":"!","time":"2.98491","counter":"485946","score":"-16204"}
{"tag":"!","time":"2.99121","counter":"486278","score":"-16203"}
{"tag":"!","time":"3.36914","counter":"538762","score":"-16175"}
{"tag":"!","time":"3.36914","counter":"538766","score":"-16169"}
{"tag":"!","time":"3.36914","counter":"538776","score":"-16156"}
{"tag":"!","time":"3.36914","counter":"538781","score":"-16155"}
{"tag":"!","time":"3.36914","counter":"538904","score":"-16145"}
{"tag":"!","time":"3.36914","counter":"538912","score":"-16143"}
{"tag":"!","time":"3.36914","counter":"538914","score":"-16132"}
{"tag":"!","time":"3.36914","counter":"538933","score":"-16113"}
{"tag":"!","time":"3.47895","counter":"554918","score":"-16111"}
{"tag":"!","time":"3.51972","counter":"560519","score":"-16108"}
{"tag":"!","time":"3.51972","counter":"560553","score":"-16087"}
{"tag":"!","time":"3.56747","counter":"567856","score":"-16086"}
{"tag":"!","time":"3.58132","counter":"569926","score":"-16083"}
{"tag":"!","time":"3.58132","counter":"569962","score":"-16075"}
{"tag":"!","time":"3.58775","counter":"570134","score":"-16073"}
{"tag":"!","time":"3.58775","counter":"570135","score":"-16068"}
{"tag":"!","time":"3.58775","counter":"570172","score":"-16066"}
{"tag":"!","time":"3.58775","counter":"570199","score":"-16064"}
{"tag":"!","time":"3.58775","counter":"570523","score":"-16060"}
{"tag":"!","time":"3.58775","counter":"570545","score":"-16056"}
{"tag":"!","time":"3.58775","counter":"570554","score":"-16045"}
{"tag":"!","time":"3.58775","counter":"570569","score":"-16038"}
{"tag":"!","time":"3.58775","counter":"570577","score":"-16035"}
{"tag":"!","time":"3.58775","counter":"570646","score":"-16025"}
{"tag":"!","time":"3.61568","counter":"574741","score":"-16023"}
{"tag":"!","time":"3.61568","counter":"574742","score":"-16022"}
{"tag":"!","time":"3.61568","counter":"574744","score":"-16018"}
{"tag":"!","time":"3.61568","counter":"574909","score":"-16003"}
{"tag":"!","time":"3.61568","counter":"574918","score":"-15985"}
{"tag":"!","time":"3.65718","counter":"580415","score":"-15975"}
{"tag":"!","time":"3.65718","counter":"580503","score":"-15958"}
{"tag":"!","time":"3.87488","counter":"611019","score":"-15952"}
{"tag":"!","time":"3.87488","counter":"611025","score":"-15940"}
{"tag":"!","time":"3.87488","counter":"611044","score":"-15938"}
{"tag":"!","time":"3.94305","counter":"621454","score":"-15925"}
{"tag":"!","time":"3.94305","counter":"621706","score":"-15915"}
{"tag":"!","time":"3.94305","counter":"621974","score":"-15911"}
{"tag":"!","time":"3.95006","counter":"622177","score":"-15898"}
{"tag":"!","time":"3.95006","counter":"622182","score":"-15896"}
{"tag":"!","time":"3.95006","counter":"622205","score":"-15892"}
{"tag":"!","time":"3.95006","counter":"622210","score":"-15890"}
{"tag":"!","time":"3.95006","counter":"622314","score":"-15889"}
{"tag":"!","time":"3.95657","counter":"623449","score":"-15888"}
{"tag":"!","time":"4.23754","counter":"663013","score":"-15882"}
{"tag":"!","time":"4.23754","counter":"663275","score":"-15875"}
{"tag":"!","time":"4.23754","counter":"663451","score":"-15869"}
{"tag":"!","time":"4.23754","counter":"663459","score":"-15866"}
{"tag":"!","time":"4.23754","counter":"663462","score":"-15863"}
{"tag":"!","time":"4.23754","counter":"663470","score":"-15858"}
{"tag":"!","time":"4.24472","counter":"664569","score":"-15845"}
{"tag":"!","time":"4.24472","counter":"664574","score":"-15840"}
{"tag":"!","time":"4.24472","counter":"664611","score":"-15832"}
{"tag":"!","time":"4.24472","counter":"664699","score":"-15829"}
{"tag":"!","time":"4.40508","counter":"688668","score":"-15828"}
{"tag":"!","time":"4.40508","counter":"688840","score":"-15824"}
{"tag":"!","time":"4.42017","counter":"690646","score":"-15823"}
{"tag":"!","time":"4.42676","counter":"691150","score":"-15822"}
{"tag":"!","time":"4.46517","counter":"697795","score":"-15819"}
{"tag":"!","time":"4.49423","counter":"701133","score":"-15814"}
{"tag":"!","time":"4.49423","counter":"701185","score":"-15813"}
{"tag":"!","time":"4.49423","counter":"701645","score":"-15811"}
{"tag":"!","time":"4.49423","counter":"701669","score":"-15810"}
{"tag":"!","time":"4.53561","counter":"706602","score":"-15808"}
{"tag":"!","time":"4.53561","counter":"706709","score":"-15804"}
{"tag":"!","time":"4.54281","counter":"707199","score":"-15803"}
{"tag":"!","time":"4.5921","counter":"714911","score":"-15801"}
{"tag":"!","time":"4.59977","counter":"715475","score":"-15799"}
{"tag":"!","time":"4.61377","counter":"717031","score":"-15796"}
{"tag":"!","time":"4.61377","counter":"717061","score":"-15792"}
{"tag":"!","time":"4.61377","counter":"717721","score":"-15786"}
{"tag":"!","time":"4.62057","counter":"718184","score":"-15785"}
{"tag":"!","time":"4.62057","counter":"718763","score":"-15781"}
{"tag":"!","time":"4.63424","counter":"720486","score":"-15778"}
{"tag":"!","time":"4.69569","counter":"729379","score":"-15777"}
{"tag":"!","time":"4.70828","counter":"731010","score":"-15774"}
{"tag":"!","time":"4.72681","counter":"734009","score":"-15773"}
{"tag":"!","time":"4.73989","counter":"736155","score":"-15772"}
{"tag":"!","time":"4.76498","counter":"740213","score":"-15765"}
{"tag":"result","counter":"743000","score":"-15765"}
{"type":"sa","c":"0.0356888","l":"0.450107","score":"0.10462"}
