{"type":"greedy_loss","c":"1.04969","l":"0","score":"0.624213","h":"10","w":"395"}
{"tag":"param","type":"sa","start_temp":"30","end_temp":"1","limit":"4.77591"}
{"tag":"!","time":"4.372e-05","counter":"1","score":"-23717"}
{"tag":"!","time":"4.372e-05","counter":"6","score":"-23700"}
{"tag":"!","time":"4.372e-05","counter":"7","score":"-23698"}
{"tag":"!","time":"4.372e-05","counter":"8","score":"-23696"}
{"tag":"!","time":"4.372e-05","counter":"11","score":"-23684"}
{"tag":"!","time":"4.372e-05","counter":"25","score":"-23656"}
{"tag":"!","time":"4.372e-05","counter":"28","score":"-23652"}
{"tag":"!","time":"4.372e-05","counter":"57","score":"-23651"}
{"tag":"!","time":"4.372e-05","counter":"58","score":"-23640"}
{"tag":"!","time":"4.372e-05","counter":"59","score":"-23633"}
{"tag":"!","time":"4.372e-05","counter":"62","score":"-23632"}
{"tag":"!","time":"4.372e-05","counter":"73","score":"-23627"}
{"tag":"!","time":"4.372e-05","counter":"74","score":"-23625"}
{"tag":"!","time":"4.372e-05","counter":"75","score":"-23623"}
{"tag":"!","time":"4.372e-05","counter":"150","score":"-23612"}
{"tag":"!","time":"4.372e-05","counter":"153","score":"-23603"}
{"tag":"!","time":"4.372e-05","counter":"170","score":"-23579"}
{"tag":"!","time":"4.372e-05","counter":"172","score":"-23560"}
{"tag":"!","time":"4.372e-05","counter":"485","score":"-23550"}
{"tag":"!","time":"4.372e-05","counter":"487","score":"-23520"}
{"tag":"!","time":"4.372e-05","counter":"523","score":"-23502"}
{"tag":"!","time":"4.372e-05","counter":"526","score":"-23494"}
{"tag":"!","time":"4.372e-05","counter":"533","score":"-23483"}
{"tag":"!","time":"4.372e-05","counter":"534","score":"-23461"}
{"tag":"!","time":"4.372e-05","counter":"535","score":"-23451"}
{"tag":"!","time":"4.372e-05","counter":"536","score":"-23426"}
{"tag":"!","time":"4.372e-05","counter":"537","score":"-23423"}
{"tag":"!","time":"4.372e-05","counter":"538","score":"-23421"}
{"tag":"!","time":"4.372e-05","counter":"539","score":"-23405"}
{"tag":"!","time":"4.372e-05","counter":"543","score":"-23404"}
{"tag":"!","time":"4.372e-05","counter":"547","score":"-23386"}
{"tag":"!","time":"4.372e-05","counter":"645","score":"-23369"}
{"tag":"!","time":"4.372e-05","counter":"677","score":"-23353"}
{"tag":"!","time":"4.372e-05","counter":"678","score":"-23350"}
{"tag":"!","time":"4.372e-05","counter":"712","score":"-23348"}
{"tag":"!","time":"4.372e-05","counter":"717","score":"-23346"}
{"tag":"!","time":"0.00708526","counter":"1196","score":"-23334"}
{"tag":"!","time":"0.00708526","counter":"1204","score":"-23323"}
{"tag":"!","time":"0.00708526","counter":"1210","score":"-23313"}
{"tag":"!","time":"0.00708526","counter":"1214","score":"-23279"}
{"tag":"!","time":"0.00708526","counter":"1215","score":"-23259"}
{"tag":"!","time":"0.00708526","counter":"1216","score":"-23258"}
{"tag":"!","time":"0.00708526","counter":"1217","score":"-23251"}
{"tag":"!","time":"0.00708526","counter":"1218","score":"-23239"}
{"tag":"!","time":"0.00708526","counter":"1219","score":"-23238"}
{"tag":"!","time":"0.00708526","counter":"1222","score":"-23223"}
{"tag":"!","time":"0.00708526","counter":"1223","score":"-23221"}
{"tag":"!","time":"0.00708526","counter":"1227","score":"-23215"}
{"tag":"!","time":"0.00708526","counter":"1228","score":"-23192"}
{"tag":"!","time":"0.0182878","counter":"3064","score":"-23186"}
{"tag":"!","time":"0.0182878","counter":"3066","score":"-23181"}
{"tag":"!","time":"0.0182878","counter":"3067","score":"-23171"}
{"tag":"!","time":"0.0182878","counter":"3073","score":"-23170"}
{"tag":"!","time":"0.0182878","counter":"3076","score":"-23155"}
{"tag":"!","time":"0.0182878","counter":"3077","score":"-23153"}
{"tag":"!","time":"0.0182878","counter":"3081","score":"-23125"}
{"tag":"!","time":"0.0182878","counter":"3082","score":"-23122"}
{"tag":"!","time":"0.0182878","counter":"3096","score":"-23118"}
{"tag":"!","time":"0.0895445","counter":"17087","score":"-23115"}
{"tag":"!","time":"0.121776","counter":"24785","score":"-23110"}
{"tag":"!","time":"0.225164","counter":"47550","score":"-23109"}
{"tag":"!","time":"0.225164","counter":"47552","score":"-23107"}
{"tag":"!","time":"0.225164","counter":"47595","score":"-23105"}
{"tag":"!","time":"0.225164","counter":"47596","score":"-23098"}
{"tag":"!","time":"0.292883","counter":"62583","score":"-23079"}
{"tag":"!","time":"0.292883","counter":"62592","score":"-23077"}
{"tag":"!","time":"0.292883","counter":"62593","score":"-23063"}
{"tag":"!","time":"0.292883","counter":"62598","score":"-23054"}
{"tag":"!","time":"0.292883","counter":"62607","score":"-23049"}
{"tag":"!","time":"0.292883","counter":"62610","score":"-23046"}
{"tag":"!","time":"0.292883","counter":"62611","score":"-23045"}
{"tag":"!","time":"0.55336","counter":"117629","score":"-23041"}
{"tag":"!","time":"0.55336","counter":"117631","score":"-23037"}
{"tag":"!","time":"0.55336","counter":"117644","score":"-23028"}
{"tag":"!","time":"0.55336","counter":"117645","score":"-23000"}
{"tag":"!","time":"0.55336","counter":"117647","score":"-22987"}
{"tag":"!","time":"0.55336","counter":"117648","score":"-22975"}
{"tag":"!","time":"0.637463","counter":"135894","score":"-22974"}
{"tag":"!","time":"0.637463","counter":"135898","score":"-22971"}
{"tag":"!","time":"0.689304","counter":"146898","score":"-22967"}
{"tag":"!","time":"0.689304","counter":"146899","score":"-22961"}
{"tag":"!","time":"0.689304","counter":"146900","score":"-22958"}
{"tag":"!","time":"0.689304","counter":"146904","score":"-22896"}
{"tag":"!","time":"1.72651","counter":"361297","score":"-22893"}
{"tag":"!","time":"1.73588","counter":"363689","score":"-22881"}
{"tag":"!","time":"1.9186","counter":"400893","score":"-22878"}
{"tag":"!","time":"1.9186","counter":"400895","score":"-22876"}
{"tag":"!","time":"1.9186","counter":"400897","score":"-22872"}
{"tag":"!","time":"1.9186","counter":"400940","score":"-22867"}
{"tag":"!","time":"1.9186","counter":"400943","score":"-22855"}
{"tag":"!","time":"1.9186","counter":"400944","score":"-22850"}
{"tag":"!","time":"1.9186","counter":"400958","score":"-22843"}
{"tag":"!","time":"1.9186","counter":"400959","score":"-22839"}
{"tag":"!","time":"1.9186","counter":"400962","score":"-22817"}
{"tag":"!","time":"1.9186","counter":"400963","score":"-22813"}
{"tag":"!","time":"1.9186","counter":"400964","score":"-22798"}
{"tag":"!","time":"2.18509","counter":"450641","score":"-22797"}
{"tag":"!","time":"2.18509","counter":"450645","score":"-22788"}
{"tag":"!","time":"2.18509","counter":"450648","score":"-22780"}
{"tag":"!","time":"2.18509","counter":"450655","score":"-22777"}
{"tag":"!","time":"2.18509","counter":"450662","score":"-22772"}
{"tag":"!","time":"2.18509","counter":"450663","score":"-22769"}
{"tag":"!","time":"2.18509","counter":"450667","score":"-22768"}
{"tag":"!","time":"2.26992","counter":"465801","score":"-22754"}
{"tag":"!","time":"2.34945","counter":"480329","score":"-22740"}
{"tag":"!","time":"2.41866","counter":"493757","score":"-22732"}
{"tag":"!","time":"2.41866","counter":"493779","score":"-22727"}
{"tag":"!","time":"2.44623","counter":"498529","score":"-22722"}
{"tag":"!","time":"2.44623","counter":"498531","score":"-22716"}
{"tag":"!","time":"2.45238","counter":"499228","score":"-22697"}
{"tag":"!","time":"2.45238","counter":"499231","score":"-22695"}
{"tag":"!","time":"2.45238","counter":"499236","score":"-22694"}
{"tag":"!","time":"2.45238","counter":"499240","score":"-22686"}
{"tag":"!","time":"2.45238","counter":"499539","score":"-22685"}
{"tag":"!","time":"2.46814","counter":"502714","score":"-22680"}
{"tag":"!","time":"2.46814","counter":"502715","score":"-22674"}
{"tag":"!","time":"2.46814","counter":"502716","score":"-22666"}
{"tag":"!","time":"2.52861","counter":"513487","score":"-22661"}
{"tag":"!","time":"2.52861","counter":"513492","score":"-22657"}
{"tag":"!","time":"2.52861","counter":"513504","score":"-22636"}
{"tag":"!","time":"2.52861","counter":"513507","score":"-22630"}
{"tag":"!","time":"2.535","counter":"514492","score":"-22625"}
{"tag":"!","time":"2.535","counter":"514496","score":"-22623"}
{"tag":"!","time":"2.69853","counter":"544498","score":"-22583"}
{"tag":"!","time":"2.69853","counter":"544500","score":"-22574"}
{"tag":"!","time":"2.69853","counter":"544509","score":"-22565"}
{"tag":"!","time":"2.69853","counter":"544517","score":"-22564"}
{"tag":"!","time":"2.69853","counter":"544538","score":"-22557"}
{"tag":"!","time":"2.69853","counter":"544547","score":"-22538"}
{"tag":"!","time":"2.69853","counter":"544548","score":"-22520"}
{"tag":"!","time":"2.71169","counter":"546753","score":"-22518"}
{"tag":"!","time":"2.71169","counter":"546760","score":"-22516"}
{"tag":"!","time":"2.71169","counter":"546766","score":"-22514"}
{"tag":"!","time":"2.71169","counter":"546777","score":"-22496"}
{"tag":"!","time":"2.71169","counter":"546789","score":"-22494"}
{"tag":"!","time":"2.71169","counter":"546796","score":"-22493"}
{"tag":"!","time":"2.71169","counter":"546799","score":"-22470"}
{"tag":"!","time":"2.82194","counter":"566242","score":"-22464"}
{"tag":"!","time":"2.82194","counter":"566244","score":"-22459"}
{"tag":"!","time":"2.82194","counter":"566248","score":"-22456"}
{"tag":"!","time":"2.82194","counter":"566253","score":"-22454"}
{"tag":"!","time":"2.82194","counter":"566257","score":"-22453"}
{"tag":"!","time":"2.82194","counter":"566258","score":"-22447"}
{"tag":"!","time":"2.91024","counter":"582602","score":"-22446"}
{"tag":"!","time":"2.92138","counter":"584648","score":"-22439"}
{"tag":"!","time":"2.92138","counter":"584653","score":"-22432"}
{"tag":"!","time":"2.95308","counter":"589687","score":"-22430"}
{"tag":"!","time":"2.95308","counter":"589957","score":"-22426"}
{"tag":"!","time":"2.95308","counter":"589961","score":"-22422"}
{"tag":"!","time":"2.95308","counter":"589962","score":"-22413"}
{"tag":"!","time":"2.95308","counter":"589966","score":"-22404"}
{"tag":"!","time":"2.95308","counter":"589974","score":"-22392"}
{"tag":"!","time":"2.95308","counter":"589975","score":"-22372"}
{"tag":"!","time":"2.98626","counter":"595056","score":"-22371"}
{"tag":"!","time":"3.00873","counter":"599901","score":"-22337"}
{"tag":"!","time":"3.00873","counter":"599912","score":"-22269"}
{"tag":"!","time":"3.00873","counter":"599914","score":"-22264"}
{"tag":"!","time":"3.09374","counter":"613379","score":"-22252"}
{"tag":"!","time":"3.09374","counter":"613383","score":"-22251"}
{"tag":"!","time":"3.09374","counter":"613421","score":"-22225"}
{"tag":"!","time":"3.14706","counter":"623965","score":"-22219"}
{"tag":"!","time":"3.14706","counter":"623970","score":"-22207"}
{"tag":"!","time":"3.21062","counter":"634026","score":"-22196"}
{"tag":"!","time":"3.21062","counter":"634031","score":"-22193"}
{"tag":"!","time":"3.21062","counter":"634036","score":"-22164"}
{"tag":"!","time":"3.21062","counter":"634040","score":"-22153"}
{"tag":"!","time":"3.35946","counter":"659549","score":"-22151"}
{"tag":"!","time":"3.35946","counter":"659571","score":"-22128"}
{"tag":"!","time":"3.42197","counter":"670565","score":"-22119"}
{"tag":"!","time":"3.44168","counter":"673225","score":"-22110"}
{"tag":"!","time":"3.44168","counter":"673232","score":"-22091"}
{"tag":"!","time":"3.44168","counter":"673246","score":"-22090"}
{"tag":"!","time":"3.4544","counter":"675093","score":"-22079"}
{"tag":"!","time":"3.4544","counter":"675096","score":"-22072"}
{"tag":"!","time":"3.47339","counter":"678714","score":"-22069"}
{"tag":"!","time":"3.47339","counter":"678716","score":"-22065"}
{"tag":"!","time":"3.47339","counter":"678720","score":"-22063"}
{"tag":"!","time":"3.47339","counter":"678729","score":"-22047"}
{"tag":"!","time":"3.47339","counter":"678730","score":"-22043"}
{"tag":"!","time":"3.47339","counter":"678766","score":"-22037"}
{"tag":"!","time":"3.47918","counter":"679144","score":"-22031"}
{"tag":"!","time":"3.47918","counter":"679185","score":"-22021"}
{"tag":"!","time":"3.50624","counter":"684897","score":"-22018"}
{"tag":"!","time":"3.50624","counter":"684901","score":"-22016"}
{"tag":"!","time":"3.50624","counter":"684904","score":"-21989"}
{"tag":"!","time":"3.51181","counter":"685463","score":"-21979"}
{"tag":"!","time":"3.51181","counter":"685502","score":"-21972"}
{"tag":"!","time":"3.51181","counter":"685505","score":"-21969"}
{"tag":"!","time":"3.51181","counter":"685509","score":"-21954"}
{"tag":"!","time":"3.51181","counter":"685571","score":"-21945"}
{"tag":"!","time":"3.51181","counter":"685583","score":"-21941"}
{"tag":"!","time":"3.51181","counter":"685584","score":"-21936"}
{"tag":"!","time":"3.51181","counter":"685585","score":"-21920"}
{"tag":"!","time":"3.51181","counter":"685690","score":"-21913"}
{"tag":"!","time":"3.51181","counter":"685697","score":"-21909"}
{"tag":"!","time":"3.52256","counter":"687142","score":"-21908"}
{"tag":"!","time":"3.52256","counter":"687145","score":"-21907"}
{"tag":"!","time":"3.52256","counter":"687147","score":"-21891"}
{"tag":"!","time":"3.52256","counter":"687148","score":"-21888"}
{"tag":"!","time":"3.52256","counter":"687164","score":"-21880"}
{"tag":"!","time":"3.52256","counter":"687168","score":"-21865"}
{"tag":"!","time":"3.52256","counter":"687191","score":"-21836"}
{"tag":"!","time":"3.90873","counter":"750206","score":"-21830"}
{"tag":"!","time":"3.90873","counter":"750223","score":"-21823"}
{"tag":"!","time":"3.90873","counter":"750258","score":"-21822"}
{"tag":"!","time":"3.90873","counter":"750259","score":"-21819"}
{"tag":"!","time":"3.90873","counter":"750299","score":"-21816"}
{"tag":"!","time":"3.90873","counter":"750313","score":"-21795"}
{"tag":"!","time":"3.92697","counter":"753390","score":"-21788"}
{"tag":"!","time":"3.92697","counter":"753392","score":"-21787"}
{"tag":"!","time":"3.92697","counter":"753536","score":"-21786"}
{"tag":"!","time":"3.92697","counter":"753845","score":"-21781"}
{"tag":"!","time":"3.93965","counter":"755887","score":"-21776"}
{"tag":"!","time":"3.93965","counter":"755892","score":"-21772"}
{"tag":"!","time":"3.95149","counter":"757040","score":"-21766"}
{"tag":"!","time":"3.95149","counter":"757043","score":"-21761"}
{"tag":"!","time":"3.95149","counter":"757077","score":"-21753"}
{"tag":"!","time":"3.95149","counter":"757094","score":"-21741"}
{"tag":"!","time":"3.95149","counter":"757101","score":"-21729"}
{"tag":"!","time":"3.95149","counter":"757265","score":"-21727"}
{"tag":"!","time":"3.95149","counter":"757449","score":"-21715"}
{"tag":"!","time":"3.95149","counter":"757507","score":"-21710"}
{"tag":"!","time":"3.95149","counter":"757937","score":"-21709"}
{"tag":"!","time":"3.95149","counter":"757951","score":"-21708"}
{"tag":"!","time":"3.95149","counter":"757954","score":"-21706"}
{"tag":"!","time":"3.95149","counter":"757971","score":"-21703"}
{"tag":"!","time":"4.00285","counter":"765475","score":"-21698"}
{"tag":"!","time":"4.00285","counter":"765717","score":"-21691"}
{"tag":"!","time":"4.00285","counter":"765789","score":"-21688"}
{"tag":"!","time":"4.03642","counter":"770033","score":"-21687"}
{"tag":"!","time":"4.03642","counter":"770271","score":"-21684"}
{"tag":"!","time":"4.03642","counter":"770292","score":"-21681"}
{"tag":"!","time":"4.03642","counter":"770434","score":"-21673"}
{"tag":"!","time":"4.03642","counter":"770437","score":"-21670"}
{"tag":"!","time":"4.03642","counter":"770459","score":"-21659"}
{"tag":"!","time":"4.03642","counter":"770551","score":"-21657"}
{"tag":"!","time":"4.03642","counter":"770570","score":"-21649"}
{"tag":"!","time":"4.03642","counter":"770571","score":"-21641"}
{"tag":"!","time":"4.03642","counter":"770615","score":"-21633"}
{"tag":"!","time":"4.03642","counter":"770623","score":"-21619"}
{"tag":"!","time":"4.03642","counter":"770627","score":"-21615"}
{"tag":"!","time":"4.10589","counter":"782118","score":"-21614"}
{"tag":"!","time":"4.16886","counter":"792754","score":"-21607"}
{"tag":"!","time":"4.16886","counter":"792908","score":"-21588"}
{"tag":"!","time":"4.17625","counter":"793995","score":"-21583"}
{"tag":"!","time":"4.18278","counter":"794015","score":"-21576"}
{"tag":"!","time":"4.33975","counter":"818569","score":"-21573"}
{"tag":"!","time":"4.33975","counter":"818578","score":"-21563"}
{"tag":"!","time":"4.40616","counter":"829683","score":"-21558"}
{"tag":"!","time":"4.41175","counter":"830367","score":"-21556"}
{"tag":"!","time":"4.41175","counter":"830380","score":"-21555"}
{"tag":"!","time":"4.41175","counter":"830542","score":"-21553"}
{"tag":"!","time":"4.43033","counter":"833920","score":"-21552"}
{"tag":"!","time":"4.43618","counter":"834528","score":"-21550"}
{"tag":"!","time":"4.43618","counter":"834529","score":"-21538"}
{"tag":"!","time":"4.44196","counter":"835122","score":"-21537"}
{"tag":"!","time":"4.45467","counter":"837094","score":"-21536"}
{"tag":"!","time":"4.45467","counter":"837109","score":"-21518"}
{"tag":"!","time":"4.45467","counter":"837173","score":"-21516"}
{"tag":"!","time":"4.45467","counter":"837233","score":"-21515"}
{"tag":"!","time":"4.45467","counter":"837376","score":"-21512"}
{"tag":"!","time":"4.54052","counter":"852787","score":"-21509"}
{"tag":"!","time":"4.54052","counter":"852909","score":"-21508"}
{"tag":"!","time":"4.54603","counter":"853044","score":"-21507"}
{"tag":"!","time":"4.54603","counter":"853061","score":"-21501"}
{"tag":"!","time":"4.54603","counter":"853089","score":"-21491"}
{"tag":"!","time":"4.57486","counter":"858984","score":"-21489"}
{"tag":"!","time":"4.57486","counter":"858997","score":"-21487"}
{"tag":"!","time":"4.66242","counter":"872975","score":"-21485"}
{"tag":"!","time":"4.7125","counter":"880834","score":"-21483"}
{"tag":"!","time":"4.71897","counter":"881047","score":"-21480"}
{"tag":"!","time":"4.7251","counter":"882567","score":"-21477"}
{"tag":"result","counter":"891000","score":"-21477"}
{"type":"sa","c":"0.0265745","l":"0.456593","score":"0.200877"}
