{"type":"greedy_loss","c":"1.07223","l":"0","score":"0.190921","h":"10","w":"144"}
{"tag":"param","type":"sa","start_temp":"30","end_temp":"1","limit":"4.78917"}
{"tag":"!","time":"4.47686e-05","counter":"23","score":"-8027"}
{"tag":"!","time":"4.47686e-05","counter":"24","score":"-8014"}
{"tag":"!","time":"4.47686e-05","counter":"26","score":"-7995"}
{"tag":"!","time":"4.47686e-05","counter":"27","score":"-7986"}
{"tag":"!","time":"4.47686e-05","counter":"29","score":"-7978"}
{"tag":"!","time":"4.47686e-05","counter":"63","score":"-7974"}
{"tag":"!","time":"4.47686e-05","counter":"84","score":"-7942"}
{"tag":"!","time":"4.47686e-05","counter":"86","score":"-7933"}
{"tag":"!","time":"4.47686e-05","counter":"89","score":"-7918"}
{"tag":"!","time":"4.47686e-05","counter":"97","score":"-7909"}
{"tag":"!","time":"4.47686e-05","counter":"231","score":"-7891"}
{"tag":"!","time":"4.47686e-05","counter":"273","score":"-7887"}
{"tag":"!","time":"4.47686e-05","counter":"280","score":"-7883"}
{"tag":"!","time":"4.47686e-05","counter":"300","score":"-7846"}
{"tag":"!","time":"4.47686e-05","counter":"302","score":"-7845"}
{"tag":"!","time":"0.00643083","counter":"1577","score":"-7837"}
{"tag":"!","time":"0.00643083","counter":"1580","score":"-7831"}
{"tag":"!","time":"0.00643083","counter":"1581","score":"-7827"}
{"tag":"!","time":"0.00643083","counter":"1594","score":"-7825"}
{"tag":"!","time":"0.00643083","counter":"1595","score":"-7814"}
{"tag":"!","time":"0.0122456","counter":"2107","score":"-7813"}
{"tag":"!","time":"0.0122456","counter":"2108","score":"-7797"}
{"tag":"!","time":"0.0122456","counter":"2692","score":"-7788"}
{"tag":"!","time":"0.0122456","counter":"2693","score":"-7768"}
{"tag":"!","time":"0.0122456","counter":"2716","score":"-7767"}
{"tag":"!","time":"0.0122456","counter":"2852","score":"-7756"}
{"tag":"!","time":"0.0122456","counter":"2955","score":"-7750"}
{"tag":"!","time":"0.0512782","counter":"9074","score":"-7749"}
{"tag":"!","time":"0.0512782","counter":"9078","score":"-7741"}
{"tag":"!","time":"0.0801333","counter":"14283","score":"-7734"}
{"tag":"!","time":"0.0801333","counter":"14287","score":"-7724"}
{"tag":"!","time":"0.0972178","counter":"17448","score":"-7723"}
{"tag":"!","time":"0.108664","counter":"19460","score":"-7711"}
{"tag":"!","time":"0.108664","counter":"19461","score":"-7706"}
{"tag":"!","time":"0.108664","counter":"19599","score":"-7698"}
{"tag":"!","time":"0.174765","counter":"31262","score":"-7694"}
{"tag":"!","time":"0.174765","counter":"31263","score":"-7684"}
{"tag":"!","time":"0.174765","counter":"31269","score":"-7678"}
{"tag":"!","time":"0.18738","counter":"33275","score":"-7673"}
{"tag":"!","time":"0.18738","counter":"33287","score":"-7668"}
{"tag":"!","time":"0.206806","counter":"36259","score":"-7666"}
{"tag":"!","time":"0.244145","counter":"42400","score":"-7638"}
{"tag":"!","time":"0.244145","counter":"42402","score":"-7628"}
{"tag":"!","time":"0.276746","counter":"47797","score":"-7622"}
{"tag":"!","time":"0.52135","counter":"88094","score":"-7608"}
{"tag":"!","time":"0.52135","counter":"88101","score":"-7605"}
{"tag":"!","time":"0.878998","counter":"145037","score":"-7603"}
{"tag":"!","time":"0.93807","counter":"155732","score":"-7600"}
{"tag":"!","time":"0.93807","counter":"155736","score":"-7597"}
{"tag":"!","time":"0.93807","counter":"155737","score":"-7585"}
{"tag":"!","time":"0.93807","counter":"155767","score":"-7557"}
{"tag":"!","time":"0.93807","counter":"155771","score":"-7541"}
{"tag":"!","time":"0.93807","counter":"155775","score":"-7530"}
{"tag":"!","time":"0.93807","counter":"155782","score":"-7518"}
{"tag":"!","time":"1.315","counter":"214675","score":"-7514"}
{"tag":"!","time":"1.77537","counter":"285647","score":"-7512"}
{"tag":"!","time":"1.77537","counter":"285673","score":"-7493"}
{"tag":"!","time":"1.77537","counter":"285680","score":"-7490"}
{"tag":"!","time":"1.77537","counter":"285682","score":"-7488"}
{"tag":"!","time":"1.77537","counter":"285685","score":"-7483"}
{"tag":"!","time":"1.77537","counter":"285689","score":"-7448"}
{"tag":"!","time":"1.77537","counter":"285720","score":"-7412"}
{"tag":"!","time":"2.21584","counter":"352876","score":"-7395"}
{"tag":"!","time":"2.21584","counter":"352890","score":"-7391"}
{"tag":"!","time":"2.39284","counter":"378447","score":"-7372"}
{"tag":"!","time":"2.39284","counter":"378458","score":"-7360"}
{"tag":"!","time":"2.39284","counter":"378460","score":"-7357"}
{"tag":"!","time":"2.39284","counter":"378474","score":"-7350"}
{"tag":"!","time":"2.40636","counter":"380744","score":"-7348"}
{"tag":"!","time":"2.40636","counter":"380745","score":"-7332"}
{"tag":"!","time":"2.40636","counter":"380747","score":"-7329"}
{"tag":"!","time":"2.40636","counter":"380748","score":"-7323"}
{"tag":"!","time":"2.40636","counter":"380795","score":"-7320"}
{"tag":"!","time":"2.80349","counter":"438855","score":"-7302"}
{"tag":"!","time":"2.80349","counter":"438858","score":"-7301"}
{"tag":"!","time":"2.80349","counter":"438860","score":"-7281"}
{"tag":"!","time":"2.88895","counter":"450864","score":"-7280"}
{"tag":"!","time":"2.93874","counter":"457100","score":"-7275"}
{"tag":"!","time":"2.93874","counter":"457115","score":"-7269"}
{"tag":"!","time":"2.93874","counter":"457160","score":"-7267"}
{"tag":"!","time":"2.93874","counter":"457193","score":"-7262"}
{"tag":"!","time":"2.93874","counter":"457218","score":"-7256"}
{"tag":"!","time":"2.93874","counter":"457231","score":"-7247"}
{"tag":"!","time":"2.93874","counter":"457267","score":"-7242"}
{"tag":"!","time":"2.93874","counter":"457277","score":"-7237"}
{"tag":"!","time":"2.97446","counter":"462954","score":"-7226"}
{"tag":"!","time":"2.97446","counter":"462965","score":"-7201"}
{"tag":"!","time":"3.29683","counter":"506674","score":"-7197"}
{"tag":"!","time":"3.29683","counter":"506762","score":"-7174"}
{"tag":"!","time":"3.29683","counter":"506853","score":"-7173"}
{"tag":"!","time":"3.35308","counter":"513099","score":"-7168"}
{"tag":"!","time":"3.35308","counter":"513100","score":"-7150"}
{"tag":"!","time":"3.35308","counter":"513127","score":"-7145"}
{"tag":"!","time":"3.35308","counter":"513134","score":"-7139"}
{"tag":"!","time":"3.35308","counter":"513136","score":"-7130"}
{"tag":"!","time":"3.46305","counter":"528686","score":"-7111"}
{"tag":"!","time":"3.46305","counter":"528711","score":"-7104"}
{"tag":"!","time":"3.46305","counter":"528712","score":"-7102"}
{"tag":"!","time":"3.46305","counter":"528773","score":"-7093"}
{"tag":"!","time":"3.46305","counter":"528792","score":"-7087"}
{"tag":"!","time":"3.66501","counter":"555352","score":"-7086"}
{"tag":"!","time":"3.79543","counter":"574714","score":"-7085"}
{"tag":"!","time":"3.80853","counter":"576615","score":"-7081"}
{"tag":"!","time":"3.80853","counter":"576827","score":"-7075"}
{"tag":"!","time":"3.80853","counter":"576836","score":"-7073"}
{"tag":"!","time":"3.81539","counter":"577247","score":"-7060"}
{"tag":"!","time":"3.81539","counter":"577266","score":"-7051"}
{"tag":"!","time":"3.82213","counter":"578119","score":"-7044"}
{"tag":"!","time":"3.82213","counter":"578465","score":"-7033"}
{"tag":"!","time":"3.82213","counter":"578482","score":"-7010"}
{"tag":"!","time":"4.30243","counter":"646801","score":"-7006"}
{"tag":"!","time":"4.37838","counter":"657307","score":"-7005"}
{"tag":"!","time":"4.5448","counter":"680820","score":"-7004"}
{"tag":"!","time":"4.55159","counter":"681483","score":"-7000"}
{"tag":"result","counter":"717000","score":"-7000"}
{"type":"sa","c":"0.0744602","l":"0.416977","score":"0.355988"}
