{"type":"greedy_loss","c":"1.07595","l":"0","score":"0.805944","h":"10","w":"17"}
{"s_comp":"0.112926","s_loss":"0.754073","T":"158","P":"0.749054"}
{"tag":"param","type":"sa","start_temp":"30","end_temp":"1","limit":"0.25"}
{"tag":"!","time":"2.19061e-05","counter":"0","score":"-754"}
{"tag":"!","time":"2.19061e-05","counter":"6","score":"-743"}
{"tag":"!","time":"2.19061e-05","counter":"7","score":"-737"}
{"tag":"!","time":"2.19061e-05","counter":"8","score":"-558"}
{"tag":"!","time":"2.19061e-05","counter":"376","score":"-551"}
{"tag":"!","time":"2.19061e-05","counter":"494","score":"-541"}
{"tag":"!","time":"0.0123584","counter":"3022","score":"-527"}
{"tag":"result","counter":"64000","score":"-527"}
{"type":"sa","c":"0.398734","l":"0.266835","score":"0.365635"}
{"tag":"param","type":"sa","start_temp":"30","end_temp":"1","limit":"0.25"}
{"tag":"!","time":"4.00864e-05","counter":"0","score":"-592"}
{"tag":"!","time":"4.00864e-05","counter":"11","score":"-586"}
{"tag":"!","time":"4.00864e-05","counter":"14","score":"-563"}
{"tag":"!","time":"4.00864e-05","counter":"18","score":"-561"}
{"tag":"!","time":"4.00864e-05","counter":"21","score":"-540"}
{"tag":"!","time":"4.00864e-05","counter":"25","score":"-534"}
{"tag":"!","time":"4.00864e-05","counter":"749","score":"-520"}
{"tag":"!","time":"4.00864e-05","counter":"859","score":"-504"}
{"tag":"result","counter":"57000","score":"-504"}
{"type":"sa","c":"0.443038","l":"0.25519","score":"0.395898"}
{"tag":"param","type":"sa","start_temp":"30","end_temp":"1","limit":"0.25"}
{"tag":"!","time":"2.64336e-05","counter":"2","score":"-619"}
{"tag":"!","time":"2.64336e-05","counter":"10","score":"-610"}
{"tag":"!","time":"2.64336e-05","counter":"18","score":"-591"}
{"tag":"!","time":"2.64336e-05","counter":"32","score":"-574"}
{"tag":"!","time":"2.64336e-05","counter":"65","score":"-532"}
{"tag":"!","time":"2.64336e-05","counter":"176","score":"-526"}
{"tag":"!","time":"2.64336e-05","counter":"693","score":"-510"}
{"tag":"!","time":"2.64336e-05","counter":"867","score":"-507"}
{"tag":"!","time":"2.64336e-05","counter":"870","score":"-503"}
{"tag":"!","time":"2.64336e-05","counter":"885","score":"-491"}
{"tag":"!","time":"0.00896548","counter":"2126","score":"-488"}
{"tag":"!","time":"0.045031","counter":"10632","score":"-479"}
{"tag":"result","counter":"59000","score":"-479"}
{"type":"sa","c":"0.455696","l":"0.242532","score":"0.402203"}
{"tag":"param","type":"sa","start_temp":"30","end_temp":"1","limit":"0.25"}
{"tag":"!","time":"2.10043e-05","counter":"0","score":"-560"}
{"tag":"!","time":"2.10043e-05","counter":"9","score":"-519"}
{"tag":"!","time":"2.10043e-05","counter":"39","score":"-515"}
{"tag":"!","time":"2.10043e-05","counter":"44","score":"-497"}
{"tag":"!","time":"2.10043e-05","counter":"517","score":"-473"}
{"tag":"!","time":"2.10043e-05","counter":"521","score":"-471"}
{"tag":"!","time":"2.10043e-05","counter":"869","score":"-454"}
{"tag":"!","time":"2.10043e-05","counter":"917","score":"-449"}
{"tag":"!","time":"0.0586448","counter":"13359","score":"-448"}
{"tag":"!","time":"0.0632102","counter":"14796","score":"-439"}
{"tag":"!","time":"0.0794352","counter":"17523","score":"-438"}
{"tag":"result","counter":"54000","score":"-438"}
{"type":"sa","c":"0.506329","l":"0.221772","score":"0.434921"}
{"tag":"param","type":"sa","start_temp":"30","end_temp":"1","limit":"0.25"}
{"tag":"!","time":"2.27579e-05","counter":"1","score":"-625"}
{"tag":"!","time":"2.27579e-05","counter":"2","score":"-595"}
{"tag":"!","time":"2.27579e-05","counter":"3","score":"-557"}
{"tag":"!","time":"2.27579e-05","counter":"10","score":"-544"}
{"tag":"!","time":"2.27579e-05","counter":"18","score":"-516"}
{"tag":"!","time":"2.27579e-05","counter":"31","score":"-507"}
{"tag":"!","time":"2.27579e-05","counter":"47","score":"-498"}
{"tag":"!","time":"2.27579e-05","counter":"50","score":"-493"}
{"tag":"!","time":"2.27579e-05","counter":"707","score":"-491"}
{"tag":"!","time":"2.27579e-05","counter":"732","score":"-490"}
{"tag":"!","time":"0.00460326","counter":"1226","score":"-476"}
{"tag":"!","time":"0.00460326","counter":"1755","score":"-459"}
{"tag":"!","time":"0.00460326","counter":"1802","score":"-443"}
{"tag":"!","time":"0.018115","counter":"4314","score":"-438"}
{"tag":"!","time":"0.0860645","counter":"19439","score":"-421"}
{"tag":"result","counter":"57000","score":"-421"}
{"type":"sa","c":"0.512658","l":"0.213165","score":"0.437501"}
{"tag":"param","type":"sa","start_temp":"30","end_temp":"1","limit":"0.25"}
{"tag":"!","time":"2.06575e-05","counter":"2","score":"-646"}
{"tag":"!","time":"2.06575e-05","counter":"5","score":"-644"}
{"tag":"!","time":"2.06575e-05","counter":"7","score":"-643"}
{"tag":"!","time":"2.06575e-05","counter":"9","score":"-636"}
{"tag":"!","time":"2.06575e-05","counter":"11","score":"-591"}
{"tag":"!","time":"2.06575e-05","counter":"12","score":"-586"}
{"tag":"!","time":"2.06575e-05","counter":"13","score":"-548"}
{"tag":"!","time":"2.06575e-05","counter":"14","score":"-501"}
{"tag":"!","time":"2.06575e-05","counter":"17","score":"-485"}
{"tag":"!","time":"2.06575e-05","counter":"18","score":"-471"}
{"tag":"!","time":"2.06575e-05","counter":"34","score":"-462"}
{"tag":"!","time":"2.06575e-05","counter":"36","score":"-456"}
{"tag":"!","time":"2.06575e-05","counter":"79","score":"-447"}
{"tag":"!","time":"2.06575e-05","counter":"470","score":"-428"}
{"tag":"!","time":"2.06575e-05","counter":"476","score":"-418"}
{"tag":"!","time":"0.00449325","counter":"1139","score":"-416"}
{"tag":"!","time":"0.00854164","counter":"2433","score":"-409"}
{"tag":"!","time":"0.0131532","counter":"3205","score":"-395"}
{"tag":"!","time":"0.0131532","counter":"3832","score":"-386"}
{"tag":"!","time":"0.0262616","counter":"6547","score":"-373"}
{"tag":"!","time":"0.0396262","counter":"9080","score":"-371"}
{"tag":"!","time":"0.062498","counter":"14380","score":"-366"}
{"tag":"!","time":"0.0755683","counter":"17675","score":"-361"}
{"tag":"result","counter":"56000","score":"-361"}
{"type":"sa","c":"0.626582","l":"0.182785","score":"0.515213"}
{"tag":"param","type":"sa","start_temp":"30","end_temp":"1","limit":"0.25"}
{"tag":"!","time":"2.28807e-05","counter":"46","score":"-246"}
{"tag":"!","time":"2.28807e-05","counter":"53","score":"-233"}
{"tag":"!","time":"2.28807e-05","counter":"135","score":"-223"}
{"tag":"!","time":"2.28807e-05","counter":"192","score":"-163"}
{"tag":"!","time":"2.28807e-05","counter":"206","score":"-157"}
{"tag":"!","time":"2.28807e-05","counter":"336","score":"-156"}
{"tag":"!","time":"2.28807e-05","counter":"370","score":"-154"}
{"tag":"!","time":"2.28807e-05","counter":"388","score":"-144"}
{"tag":"!","time":"2.28807e-05","counter":"482","score":"-134"}
{"tag":"!","time":"2.28807e-05","counter":"492","score":"-109"}
{"tag":"!","time":"2.28807e-05","counter":"657","score":"-102"}
{"tag":"!","time":"2.28807e-05","counter":"664","score":"-89"}
{"tag":"!","time":"2.28807e-05","counter":"711","score":"-49"}
{"tag":"result","counter":"62000","score":"-49"}
{"type":"sa","c":"1.06329","l":"0.0248101","score":"0.802688"}
{"tag":"param","type":"sa","start_temp":"30","end_temp":"1","limit":"0.25"}
{"tag":"!","time":"2.77007e-05","counter":"2","score":"-114"}
{"tag":"!","time":"2.77007e-05","counter":"3","score":"-47"}
{"tag":"!","time":"2.77007e-05","counter":"9","score":"-30"}
{"tag":"!","time":"2.77007e-05","counter":"10","score":"0"}
{"tag":"result","counter":"70000","score":"0"}
{"type":"sa","c":"2.0443","l":"0","score":"1.53129"}
{"tag":"param","type":"sa","start_temp":"30","end_temp":"1","limit":"0.25"}
{"tag":"!","time":"3.14693e-05","counter":"1","score":"0"}
{"tag":"result","counter":"81000","score":"0"}
{"type":"sa","c":"3.34177","l":"0","score":"2.50317"}
{"tag":"param","type":"sa","start_temp":"30","end_temp":"1","limit":"0.25"}
{"tag":"!","time":"2.76668e-05","counter":"5","score":"0"}
{"tag":"result","counter":"99000","score":"0"}
{"type":"sa","c":"4.9557","l":"0","score":"3.71208"}
{"tag":"param","type":"sa","start_temp":"30","end_temp":"1","limit":"7.27126"}
{"tag":"!","time":"2.76854e-05","counter":"0","score":"-605"}
{"tag":"!","time":"2.76854e-05","counter":"68","score":"-594"}
{"tag":"!","time":"2.76854e-05","counter":"69","score":"-571"}
{"tag":"!","time":"2.76854e-05","counter":"72","score":"-565"}
{"tag":"!","time":"2.76854e-05","counter":"96","score":"-559"}
{"tag":"!","time":"2.76854e-05","counter":"219","score":"-549"}
{"tag":"!","time":"0.00471899","counter":"1716","score":"-541"}
{"tag":"!","time":"0.00471899","counter":"1913","score":"-527"}
{"tag":"result","counter":"1947000","score":"-527"}
{"type":"sa","c":"0.398734","l":"0.266835","score":"0.365635"}
