{"type":"greedy_loss","c":"1.09234","l":"0","score":"0.107281","h":"10","w":"291"}
{"type":"greedy_loss","c":"1.06419","l":"0","score":"0.104516","h":"105","w":"27"}
{"s_comp":"0.405805","s_loss":"0.116247","T":"2664","P":"0.0982117"}
{"type":"greedy_loss","c":"1.03904","l":"0","score":"0.102046","h":"16","w":"173"}
{"type":"greedy_loss","c":"1.02703","l":"0","score":"0.100866","h":"228","w":"12"}
{"tag":"param","type":"sa","start_temp":"30","end_temp":"1","limit":"7.9035"}
{"tag":"!","time":"6.73071e-05","counter":"1","score":"-8088"}
{"tag":"!","time":"6.73071e-05","counter":"3","score":"-8032"}
{"tag":"!","time":"6.73071e-05","counter":"4","score":"-7948"}
{"tag":"!","time":"6.73071e-05","counter":"5","score":"-7840"}
{"tag":"!","time":"6.73071e-05","counter":"8","score":"-7730"}
{"tag":"!","time":"6.73071e-05","counter":"9","score":"-7563"}
{"tag":"!","time":"6.73071e-05","counter":"10","score":"-7556"}
{"tag":"!","time":"6.73071e-05","counter":"13","score":"-7500"}
{"tag":"!","time":"6.73071e-05","counter":"14","score":"-7454"}
{"tag":"!","time":"6.73071e-05","counter":"16","score":"-7354"}
{"tag":"!","time":"6.73071e-05","counter":"20","score":"-7305"}
{"tag":"!","time":"6.73071e-05","counter":"21","score":"-7299"}
{"tag":"!","time":"6.73071e-05","counter":"24","score":"-7248"}
{"tag":"!","time":"6.73071e-05","counter":"28","score":"-7181"}
{"tag":"!","time":"6.73071e-05","counter":"32","score":"-7153"}
{"tag":"!","time":"6.73071e-05","counter":"33","score":"-7046"}
{"tag":"!","time":"6.73071e-05","counter":"34","score":"-6952"}
{"tag":"!","time":"6.73071e-05","counter":"39","score":"-6880"}
{"tag":"!","time":"6.73071e-05","counter":"41","score":"-6751"}
{"tag":"!","time":"6.73071e-05","counter":"42","score":"-6529"}
{"tag":"!","time":"6.73071e-05","counter":"43","score":"-6439"}
{"tag":"!","time":"6.73071e-05","counter":"45","score":"-6317"}
{"tag":"!","time":"6.73071e-05","counter":"47","score":"-6274"}
{"tag":"!","time":"6.73071e-05","counter":"49","score":"-6273"}
{"tag":"!","time":"6.73071e-05","counter":"51","score":"-6261"}
{"tag":"!","time":"6.73071e-05","counter":"53","score":"-6260"}
{"tag":"!","time":"6.73071e-05","counter":"57","score":"-6134"}
{"tag":"!","time":"6.73071e-05","counter":"59","score":"-6055"}
{"tag":"!","time":"6.73071e-05","counter":"61","score":"-5932"}
{"tag":"!","time":"6.73071e-05","counter":"67","score":"-5894"}
{"tag":"!","time":"6.73071e-05","counter":"80","score":"-5816"}
{"tag":"!","time":"6.73071e-05","counter":"81","score":"-5815"}
{"tag":"!","time":"6.73071e-05","counter":"83","score":"-5700"}
{"tag":"!","time":"6.73071e-05","counter":"85","score":"-5605"}
{"tag":"!","time":"6.73071e-05","counter":"100","score":"-5560"}
{"tag":"!","time":"6.73071e-05","counter":"105","score":"-5539"}
{"tag":"!","time":"6.73071e-05","counter":"106","score":"-5450"}
{"tag":"!","time":"6.73071e-05","counter":"108","score":"-5340"}
{"tag":"!","time":"6.73071e-05","counter":"115","score":"-5200"}
{"tag":"!","time":"6.73071e-05","counter":"165","score":"-5199"}
{"tag":"!","time":"6.73071e-05","counter":"172","score":"-5031"}
{"tag":"!","time":"6.73071e-05","counter":"174","score":"-4954"}
{"tag":"!","time":"6.73071e-05","counter":"176","score":"-4947"}
{"tag":"!","time":"6.73071e-05","counter":"182","score":"-4922"}
{"tag":"!","time":"6.73071e-05","counter":"183","score":"-4895"}
{"tag":"!","time":"6.73071e-05","counter":"186","score":"-4874"}
{"tag":"!","time":"6.73071e-05","counter":"187","score":"-4850"}
{"tag":"!","time":"6.73071e-05","counter":"207","score":"-4796"}
{"tag":"!","time":"6.73071e-05","counter":"210","score":"-4773"}
{"tag":"!","time":"6.73071e-05","counter":"219","score":"-4747"}
{"tag":"!","time":"6.73071e-05","counter":"263","score":"-4741"}
{"tag":"!","time":"6.73071e-05","counter":"265","score":"-4738"}
{"tag":"!","time":"6.73071e-05","counter":"414","score":"-4722"}
{"tag":"!","time":"6.73071e-05","counter":"416","score":"-4666"}
{"tag":"!","time":"6.73071e-05","counter":"418","score":"-4475"}
{"tag":"!","time":"6.73071e-05","counter":"421","score":"-4421"}
{"tag":"!","time":"6.73071e-05","counter":"428","score":"-4282"}
{"tag":"!","time":"6.73071e-05","counter":"429","score":"-4275"}
{"tag":"!","time":"6.73071e-05","counter":"494","score":"-4249"}
{"tag":"!","time":"6.73071e-05","counter":"500","score":"-4229"}
{"tag":"!","time":"6.73071e-05","counter":"514","score":"-4190"}
{"tag":"!","time":"6.73071e-05","counter":"523","score":"-4187"}
{"tag":"!","time":"6.73071e-05","counter":"610","score":"-4184"}
{"tag":"!","time":"6.73071e-05","counter":"620","score":"-4151"}
{"tag":"!","time":"6.73071e-05","counter":"655","score":"-4133"}
{"tag":"!","time":"6.73071e-05","counter":"722","score":"-4051"}
{"tag":"!","time":"6.73071e-05","counter":"727","score":"-4013"}
{"tag":"!","time":"6.73071e-05","counter":"728","score":"-4009"}
{"tag":"!","time":"6.73071e-05","counter":"817","score":"-3984"}
{"tag":"!","time":"6.73071e-05","counter":"828","score":"-3923"}
{"tag":"!","time":"6.73071e-05","counter":"830","score":"-3852"}
{"tag":"!","time":"6.73071e-05","counter":"832","score":"-3814"}
{"tag":"!","time":"6.73071e-05","counter":"876","score":"-3748"}
{"tag":"!","time":"6.73071e-05","counter":"899","score":"-3745"}
{"tag":"!","time":"6.73071e-05","counter":"902","score":"-3734"}
{"tag":"!","time":"6.73071e-05","counter":"912","score":"-3717"}
{"tag":"!","time":"0.0123942","counter":"1169","score":"-3692"}
{"tag":"!","time":"0.0123942","counter":"1239","score":"-3677"}
{"tag":"!","time":"0.0123942","counter":"1247","score":"-3666"}
{"tag":"!","time":"0.0123942","counter":"1264","score":"-3658"}
{"tag":"!","time":"0.0123942","counter":"1285","score":"-3642"}
{"tag":"!","time":"0.0123942","counter":"1307","score":"-3617"}
{"tag":"!","time":"0.0123942","counter":"1308","score":"-3573"}
{"tag":"!","time":"0.0123942","counter":"1309","score":"-3535"}
{"tag":"!","time":"0.0123942","counter":"1320","score":"-3525"}
{"tag":"!","time":"0.0123942","counter":"1330","score":"-3500"}
{"tag":"!","time":"0.0123942","counter":"1348","score":"-3496"}
{"tag":"!","time":"0.0123942","counter":"1389","score":"-3477"}
{"tag":"!","time":"0.0123942","counter":"1533","score":"-3460"}
{"tag":"!","time":"0.0123942","counter":"1540","score":"-3426"}
{"tag":"!","time":"0.0123942","counter":"1541","score":"-3415"}
{"tag":"!","time":"0.0123942","counter":"1551","score":"-3397"}
{"tag":"!","time":"0.0123942","counter":"1553","score":"-3366"}
{"tag":"!","time":"0.0123942","counter":"1574","score":"-3346"}
{"tag":"!","time":"0.0123942","counter":"1578","score":"-3329"}
{"tag":"!","time":"0.0123942","counter":"1582","score":"-3284"}
{"tag":"!","time":"0.0123942","counter":"1603","score":"-3273"}
{"tag":"!","time":"0.0123942","counter":"1623","score":"-3209"}
{"tag":"!","time":"0.0123942","counter":"1631","score":"-3172"}
{"tag":"!","time":"0.0123942","counter":"1772","score":"-3162"}
{"tag":"!","time":"0.0123942","counter":"1798","score":"-3147"}
{"tag":"!","time":"0.0123942","counter":"1803","score":"-3137"}
{"tag":"!","time":"0.0356363","counter":"4245","score":"-3134"}
{"tag":"!","time":"0.0356363","counter":"4338","score":"-3118"}
{"tag":"!","time":"0.0356363","counter":"4359","score":"-3082"}
{"tag":"!","time":"0.0356363","counter":"4382","score":"-3051"}
{"tag":"!","time":"0.0356363","counter":"4423","score":"-3009"}
{"tag":"!","time":"0.0356363","counter":"4425","score":"-2998"}
{"tag":"!","time":"0.169248","counter":"25342","score":"-2948"}
{"tag":"!","time":"0.169248","counter":"25344","score":"-2893"}
{"tag":"!","time":"0.169248","counter":"25357","score":"-2874"}
{"tag":"!","time":"0.169248","counter":"25358","score":"-2845"}
{"tag":"!","time":"0.219283","counter":"33242","score":"-2820"}
{"tag":"!","time":"0.228871","counter":"34472","score":"-2797"}
{"tag":"!","time":"0.228871","counter":"34516","score":"-2796"}
{"tag":"!","time":"0.228871","counter":"34604","score":"-2789"}
{"tag":"!","time":"0.228871","counter":"34609","score":"-2779"}
{"tag":"!","time":"0.273599","counter":"41458","score":"-2747"}
{"tag":"!","time":"0.273599","counter":"41485","score":"-2721"}
{"tag":"!","time":"0.273599","counter":"41611","score":"-2675"}
{"tag":"!","time":"0.273599","counter":"41791","score":"-2666"}
{"tag":"!","time":"0.273599","counter":"41802","score":"-2645"}
{"tag":"!","time":"0.273599","counter":"41804","score":"-2641"}
{"tag":"!","time":"0.292953","counter":"44755","score":"-2628"}
{"tag":"!","time":"0.292953","counter":"44777","score":"-2624"}
{"tag":"!","time":"0.322646","counter":"49562","score":"-2601"}
{"tag":"!","time":"0.322646","counter":"49573","score":"-2588"}
{"tag":"!","time":"0.335055","counter":"51912","score":"-2568"}
{"tag":"!","time":"0.335055","counter":"51913","score":"-2524"}
{"tag":"!","time":"0.335055","counter":"51914","score":"-2519"}
{"tag":"!","time":"0.335055","counter":"51922","score":"-2484"}
{"tag":"!","time":"0.335055","counter":"51960","score":"-2434"}
{"tag":"!","time":"1.01389","counter":"159404","score":"-2420"}
{"tag":"!","time":"1.01389","counter":"159524","score":"-2413"}
{"tag":"!","time":"1.01389","counter":"159529","score":"-2332"}
{"tag":"!","time":"1.01389","counter":"159542","score":"-2302"}
{"tag":"!","time":"1.87482","counter":"300393","score":"-2297"}
{"tag":"!","time":"1.87482","counter":"300568","score":"-2252"}
{"tag":"!","time":"1.87482","counter":"300574","score":"-2246"}
{"tag":"!","time":"1.87482","counter":"300578","score":"-2232"}
{"tag":"!","time":"1.87482","counter":"300596","score":"-2216"}
{"tag":"!","time":"1.87482","counter":"300609","score":"-2197"}
{"tag":"!","time":"1.87482","counter":"300611","score":"-2150"}
{"tag":"!","time":"1.87482","counter":"300614","score":"-2105"}
{"tag":"!","time":"1.87482","counter":"300691","score":"-2068"}
{"tag":"!","time":"1.87482","counter":"300692","score":"-2058"}
{"tag":"!","time":"2.10396","counter":"335727","score":"-2033"}
{"tag":"!","time":"2.34574","counter":"377405","score":"-2014"}
{"tag":"!","time":"2.76234","counter":"445733","score":"-2004"}
{"tag":"!","time":"2.76234","counter":"445750","score":"-1963"}
{"tag":"!","time":"2.76234","counter":"445768","score":"-1934"}
{"tag":"!","time":"2.82162","counter":"455613","score":"-1932"}
{"tag":"!","time":"2.82162","counter":"455615","score":"-1891"}
{"tag":"!","time":"2.82162","counter":"455893","score":"-1867"}
{"tag":"!","time":"3.00611","counter":"486187","score":"-1864"}
{"tag":"!","time":"3.00611","counter":"486218","score":"-1834"}
{"tag":"!","time":"3.00611","counter":"486242","score":"-1767"}
{"tag":"!","time":"3.47543","counter":"560015","score":"-1759"}
{"tag":"!","time":"3.47543","counter":"560176","score":"-1707"}
{"tag":"!","time":"3.48134","counter":"561148","score":"-1701"}
{"tag":"!","time":"3.48134","counter":"561152","score":"-1697"}
{"tag":"!","time":"3.48134","counter":"561167","score":"-1642"}
{"tag":"!","time":"3.48134","counter":"561187","score":"-1628"}
{"tag":"!","time":"3.48134","counter":"561215","score":"-1621"}
{"tag":"!","time":"3.48134","counter":"561228","score":"-1619"}
{"tag":"!","time":"3.48134","counter":"561316","score":"-1617"}
{"tag":"!","time":"3.48134","counter":"561374","score":"-1603"}
{"tag":"!","time":"3.48134","counter":"561394","score":"-1596"}
{"tag":"!","time":"3.51812","counter":"567678","score":"-1595"}
{"tag":"!","time":"3.51812","counter":"567682","score":"-1592"}
{"tag":"!","time":"3.51812","counter":"567691","score":"-1585"}
{"tag":"!","time":"3.51812","counter":"567874","score":"-1579"}
{"tag":"!","time":"3.51812","counter":"567893","score":"-1576"}
{"tag":"!","time":"3.52521","counter":"568016","score":"-1570"}
{"tag":"!","time":"3.62552","counter":"585283","score":"-1554"}
{"tag":"!","time":"3.62552","counter":"585851","score":"-1528"}
{"tag":"!","time":"3.62552","counter":"585921","score":"-1512"}
{"tag":"!","time":"3.62552","counter":"585941","score":"-1510"}
{"tag":"!","time":"3.62552","counter":"585951","score":"-1505"}
{"tag":"!","time":"3.63202","counter":"586011","score":"-1479"}
{"tag":"!","time":"3.66915","counter":"592275","score":"-1454"}
{"tag":"!","time":"3.66915","counter":"592301","score":"-1450"}
{"tag":"!","time":"3.66915","counter":"592302","score":"-1411"}
{"tag":"!","time":"3.99829","counter":"644312","score":"-1379"}
{"tag":"!","time":"3.99829","counter":"644355","score":"-1360"}
{"tag":"!","time":"3.99829","counter":"644389","score":"-1359"}
{"tag":"!","time":"4.55997","counter":"733226","score":"-1348"}
{"tag":"!","time":"4.58203","counter":"736350","score":"-1344"}
{"tag":"!","time":"4.58203","counter":"736395","score":"-1332"}
{"tag":"!","time":"4.58203","counter":"736532","score":"-1318"}
{"tag":"!","time":"4.58203","counter":"736732","score":"-1299"}
{"tag":"!","time":"4.58854","counter":"737728","score":"-1273"}
{"tag":"!","time":"4.58854","counter":"737808","score":"-1259"}
{"tag":"!","time":"4.61393","counter":"741538","score":"-1236"}
{"tag":"!","time":"4.71394","counter":"757091","score":"-1235"}
{"tag":"!","time":"4.71394","counter":"757108","score":"-1227"}
{"tag":"!","time":"4.80889","counter":"772187","score":"-1223"}
{"tag":"!","time":"4.80889","counter":"772210","score":"-1219"}
{"tag":"!","time":"4.8156","counter":"773427","score":"-1215"}
{"tag":"!","time":"4.8156","counter":"773439","score":"-1214"}
{"tag":"!","time":"4.8156","counter":"773495","score":"-1195"}
{"tag":"!","time":"4.8156","counter":"773501","score":"-1176"}
{"tag":"!","time":"4.8156","counter":"773542","score":"-1135"}
{"tag":"!","time":"4.8156","counter":"773822","score":"-1106"}
{"tag":"!","time":"5.5518","counter":"894898","score":"-1081"}
{"tag":"!","time":"5.55806","counter":"895239","score":"-1077"}
{"tag":"!","time":"5.6255","counter":"906688","score":"-1066"}
{"tag":"!","time":"5.6255","counter":"906774","score":"-1053"}
{"tag":"!","time":"5.63135","counter":"907014","score":"-1030"}
{"tag":"!","time":"5.63135","counter":"907242","score":"-997"}
{"tag":"!","time":"5.63135","counter":"907523","score":"-990"}
{"tag":"!","time":"5.67497","counter":"914148","score":"-984"}
{"tag":"!","time":"5.67497","counter":"914326","score":"-965"}
{"tag":"!","time":"5.67497","counter":"914459","score":"-963"}
{"tag":"!","time":"5.67497","counter":"914692","score":"-962"}
{"tag":"!","time":"5.67497","counter":"914773","score":"-944"}
{"tag":"!","time":"5.90602","counter":"952663","score":"-935"}
{"tag":"!","time":"5.90602","counter":"952796","score":"-927"}
{"tag":"!","time":"5.93236","counter":"955280","score":"-920"}
{"tag":"!","time":"5.93236","counter":"955498","score":"-907"}
{"tag":"!","time":"5.93236","counter":"955521","score":"-895"}
{"tag":"!","time":"5.93872","counter":"956330","score":"-894"}
{"tag":"!","time":"5.93872","counter":"956691","score":"-893"}
{"tag":"!","time":"5.93872","counter":"956789","score":"-886"}
{"tag":"!","time":"5.93872","counter":"956825","score":"-875"}
{"tag":"!","time":"5.95146","counter":"958237","score":"-862"}
{"tag":"!","time":"5.95146","counter":"958250","score":"-861"}
{"tag":"!","time":"5.95146","counter":"958282","score":"-847"}
{"tag":"!","time":"5.95146","counter":"958371","score":"-843"}
{"tag":"!","time":"5.95146","counter":"958426","score":"-835"}
{"tag":"!","time":"5.95146","counter":"958772","score":"-825"}
{"tag":"!","time":"6.109","counter":"982684","score":"-822"}
{"tag":"!","time":"6.14796","counter":"988235","score":"-817"}
{"tag":"!","time":"6.14796","counter":"988494","score":"-813"}
{"tag":"!","time":"6.15397","counter":"989051","score":"-784"}
{"tag":"!","time":"6.16032","counter":"990399","score":"-779"}
{"tag":"!","time":"6.16032","counter":"990851","score":"-778"}
{"tag":"!","time":"6.17791","counter":"993205","score":"-767"}
{"tag":"!","time":"6.18477","counter":"994628","score":"-754"}
{"tag":"!","time":"6.1915","counter":"995081","score":"-753"}
{"tag":"!","time":"6.19914","counter":"996949","score":"-748"}
{"tag":"!","time":"6.24919","counter":"1004866","score":"-743"}
{"tag":"!","time":"6.43606","counter":"1034694","score":"-742"}
{"tag":"!","time":"6.43606","counter":"1034834","score":"-735"}
{"tag":"!","time":"6.44213","counter":"1035849","score":"-724"}
{"tag":"!","time":"6.5078","counter":"1046872","score":"-713"}
{"tag":"!","time":"6.51369","counter":"1047018","score":"-699"}
{"tag":"!","time":"6.51369","counter":"1047084","score":"-697"}
{"tag":"!","time":"6.5943","counter":"1060337","score":"-688"}
{"tag":"!","time":"6.5943","counter":"1060410","score":"-687"}
{"tag":"!","time":"6.5943","counter":"1060578","score":"-675"}
{"tag":"!","time":"6.60112","counter":"1061294","score":"-668"}
{"tag":"!","time":"6.60774","counter":"1062482","score":"-667"}
{"tag":"!","time":"6.63254","counter":"1066451","score":"-665"}
{"tag":"!","time":"6.64338","counter":"1068977","score":"-661"}
{"tag":"!","time":"6.64858","counter":"1069162","score":"-659"}
{"tag":"!","time":"6.64858","counter":"1069976","score":"-654"}
{"tag":"!","time":"6.72534","counter":"1082210","score":"-652"}
{"tag":"!","time":"6.73113","counter":"1083562","score":"-629"}
{"tag":"!","time":"6.73113","counter":"1083686","score":"-624"}
{"tag":"!","time":"6.73751","counter":"1084692","score":"-614"}
{"tag":"!","time":"6.7432","counter":"1085503","score":"-611"}
{"tag":"!","time":"6.75003","counter":"1086287","score":"-604"}
{"tag":"!","time":"6.97471","counter":"1120087","score":"-603"}
{"tag":"!","time":"7.03078","counter":"1129245","score":"-593"}
{"tag":"!","time":"7.05447","counter":"1133643","score":"-587"}
{"tag":"!","time":"7.06707","counter":"1135718","score":"-586"}
{"tag":"!","time":"7.15066","counter":"1148039","score":"-583"}
{"tag":"!","time":"7.15066","counter":"1148049","score":"-575"}
{"tag":"!","time":"7.15066","counter":"1148237","score":"-546"}
{"tag":"!","time":"7.16336","counter":"1150358","score":"-533"}
{"tag":"!","time":"7.18203","counter":"1153086","score":"-529"}
{"tag":"!","time":"7.18203","counter":"1153191","score":"-516"}
{"tag":"!","time":"7.24289","counter":"1163455","score":"-512"}
{"tag":"!","time":"7.28257","counter":"1170093","score":"-507"}
{"tag":"!","time":"7.3206","counter":"1176710","score":"-501"}
{"tag":"!","time":"7.35119","counter":"1181204","score":"-481"}
{"tag":"!","time":"7.56451","counter":"1214799","score":"-480"}
{"tag":"!","time":"7.60325","counter":"1220674","score":"-467"}
{"tag":"!","time":"7.64351","counter":"1226908","score":"-456"}
{"tag":"result","counter":"1267000","score":"-456"}
{"type":"sa","c":"1.01464","l":"0.0136937","score":"0.111998"}
