{"type":"greedy_loss","c":"1.2","l":"0","score":"0.372994","h":"12","w":"14"}
{"type":"greedy_loss","c":"1.15714","l":"0","score":"0.359672","h":"18","w":"9"}
{"type":"greedy_loss","c":"1.09286","l":"0","score":"0.339691","h":"9","w":"17"}
{"s_comp":"0.310127","s_loss":"0.324611","T":"140","P":"0.310828"}
{"tag":"param","type":"sa","start_temp":"30","end_temp":"1","limit":"0.25"}
{"tag":"!","time":"2.11164e-05","counter":"15","score":"-497"}
{"tag":"!","time":"2.11164e-05","counter":"34","score":"-488"}
{"tag":"!","time":"2.11164e-05","counter":"38","score":"-484"}
{"tag":"!","time":"2.11164e-05","counter":"55","score":"-479"}
{"tag":"!","time":"2.11164e-05","counter":"136","score":"-475"}
{"tag":"!","time":"2.11164e-05","counter":"189","score":"-458"}
{"tag":"!","time":"2.11164e-05","counter":"219","score":"-452"}
{"tag":"!","time":"2.11164e-05","counter":"343","score":"-447"}
{"tag":"!","time":"2.11164e-05","counter":"344","score":"-440"}
{"tag":"!","time":"2.11164e-05","counter":"722","score":"-423"}
{"tag":"!","time":"2.11164e-05","counter":"734","score":"-422"}
{"tag":"!","time":"0.00512191","counter":"2081","score":"-416"}
{"tag":"!","time":"0.00512191","counter":"2086","score":"-413"}
{"tag":"!","time":"0.00512191","counter":"2380","score":"-398"}
{"tag":"!","time":"0.101995","counter":"33737","score":"-396"}
{"tag":"!","time":"0.145736","counter":"46682","score":"-393"}
{"tag":"result","counter":"80000","score":"-393"}
{"type":"sa","c":"0.45","l":"0.224571","score":"0.294641"}
{"tag":"param","type":"sa","start_temp":"30","end_temp":"1","limit":"0.25"}
{"tag":"!","time":"1.87757e-05","counter":"1","score":"-519"}
{"tag":"!","time":"1.87757e-05","counter":"2","score":"-469"}
{"tag":"!","time":"1.87757e-05","counter":"11","score":"-441"}
{"tag":"!","time":"1.87757e-05","counter":"12","score":"-391"}
{"tag":"!","time":"1.87757e-05","counter":"788","score":"-384"}
{"tag":"!","time":"1.87757e-05","counter":"801","score":"-376"}
{"tag":"!","time":"1.87757e-05","counter":"802","score":"-375"}
{"tag":"!","time":"0.0131647","counter":"4290","score":"-364"}
{"tag":"!","time":"0.0216187","counter":"7052","score":"-359"}
{"tag":"!","time":"0.0270965","counter":"9179","score":"-352"}
{"tag":"!","time":"0.0270965","counter":"9858","score":"-349"}
{"tag":"!","time":"0.0932011","counter":"30891","score":"-348"}
{"tag":"!","time":"0.118754","counter":"37343","score":"-341"}
{"tag":"result","counter":"75000","score":"-341"}
{"type":"sa","c":"0.514286","l":"0.194857","score":"0.294144"}
{"tag":"param","type":"sa","start_temp":"30","end_temp":"1","limit":"0.25"}
{"tag":"!","time":"3.67729e-05","counter":"6","score":"-538"}
{"tag":"!","time":"3.67729e-05","counter":"7","score":"-522"}
{"tag":"!","time":"3.67729e-05","counter":"8","score":"-499"}
{"tag":"!","time":"3.67729e-05","counter":"18","score":"-462"}
{"tag":"!","time":"3.67729e-05","counter":"70","score":"-451"}
{"tag":"!","time":"3.67729e-05","counter":"78","score":"-446"}
{"tag":"!","time":"3.67729e-05","counter":"82","score":"-433"}
{"tag":"!","time":"3.67729e-05","counter":"91","score":"-394"}
{"tag":"!","time":"3.67729e-05","counter":"507","score":"-393"}
{"tag":"!","time":"3.67729e-05","counter":"936","score":"-380"}
{"tag":"!","time":"0.00380772","counter":"1757","score":"-375"}
{"tag":"!","time":"0.0105292","counter":"3991","score":"-357"}
{"tag":"!","time":"0.0175113","counter":"5247","score":"-346"}
{"tag":"!","time":"0.0976284","counter":"29608","score":"-338"}
{"tag":"result","counter":"76000","score":"-338"}
{"type":"sa","c":"0.5","l":"0.193143","score":"0.288523"}
{"tag":"param","type":"sa","start_temp":"30","end_temp":"1","limit":"0.25"}
{"tag":"!","time":"2.18214e-05","counter":"0","score":"-597"}
{"tag":"!","time":"2.18214e-05","counter":"1","score":"-587"}
{"tag":"!","time":"2.18214e-05","counter":"3","score":"-566"}
{"tag":"!","time":"2.18214e-05","counter":"4","score":"-549"}
{"tag":"!","time":"2.18214e-05","counter":"5","score":"-497"}
{"tag":"!","time":"2.18214e-05","counter":"16","score":"-493"}
{"tag":"!","time":"2.18214e-05","counter":"19","score":"-466"}
{"tag":"!","time":"2.18214e-05","counter":"20","score":"-451"}
{"tag":"!","time":"2.18214e-05","counter":"32","score":"-436"}
{"tag":"!","time":"2.18214e-05","counter":"34","score":"-423"}
{"tag":"!","time":"2.18214e-05","counter":"54","score":"-407"}
{"tag":"!","time":"2.18214e-05","counter":"61","score":"-375"}
{"tag":"!","time":"2.18214e-05","counter":"245","score":"-363"}
{"tag":"!","time":"0.00283521","counter":"1462","score":"-357"}
{"tag":"!","time":"0.0055151","counter":"2293","score":"-354"}
{"tag":"!","time":"0.0055151","counter":"2498","score":"-339"}
{"tag":"!","time":"0.00849904","counter":"3116","score":"-338"}
{"tag":"!","time":"0.0110913","counter":"4144","score":"-333"}
{"tag":"!","time":"0.0110913","counter":"4173","score":"-329"}
{"tag":"!","time":"0.0287483","counter":"10995","score":"-328"}
{"tag":"!","time":"0.0314875","counter":"11248","score":"-324"}
{"tag":"!","time":"0.0375235","counter":"13898","score":"-318"}
{"tag":"!","time":"0.0497059","counter":"17283","score":"-312"}
{"tag":"!","time":"0.0497059","counter":"17299","score":"-307"}
{"tag":"!","time":"0.0978952","counter":"33138","score":"-305"}
{"tag":"!","time":"0.125482","counter":"42478","score":"-294"}
{"tag":"!","time":"0.154861","counter":"51193","score":"-292"}
{"tag":"result","counter":"82000","score":"-292"}
{"type":"sa","c":"0.571429","l":"0.166857","score":"0.292609"}
{"tag":"param","type":"sa","start_temp":"30","end_temp":"1","limit":"0.25"}
{"tag":"!","time":"1.9385e-05","counter":"0","score":"-541"}
{"tag":"!","time":"1.9385e-05","counter":"1","score":"-528"}
{"tag":"!","time":"1.9385e-05","counter":"6","score":"-500"}
{"tag":"!","time":"1.9385e-05","counter":"8","score":"-469"}
{"tag":"!","time":"1.9385e-05","counter":"15","score":"-452"}
{"tag":"!","time":"1.9385e-05","counter":"16","score":"-439"}
{"tag":"!","time":"1.9385e-05","counter":"23","score":"-429"}
{"tag":"!","time":"1.9385e-05","counter":"27","score":"-419"}
{"tag":"!","time":"1.9385e-05","counter":"37","score":"-398"}
{"tag":"!","time":"1.9385e-05","counter":"118","score":"-349"}
{"tag":"!","time":"1.9385e-05","counter":"131","score":"-348"}
{"tag":"!","time":"1.9385e-05","counter":"307","score":"-346"}
{"tag":"!","time":"0.00827825","counter":"3289","score":"-341"}
{"tag":"!","time":"0.0167308","counter":"6515","score":"-340"}
{"tag":"!","time":"0.065703","counter":"23094","score":"-334"}
{"tag":"!","time":"0.065703","counter":"23819","score":"-333"}
{"tag":"!","time":"0.111146","counter":"37698","score":"-329"}
{"tag":"!","time":"0.11824","counter":"39467","score":"-316"}
{"tag":"result","counter":"81000","score":"-316"}
{"type":"sa","c":"0.55","l":"0.180571","score":"0.2954"}
{"tag":"param","type":"sa","start_temp":"30","end_temp":"1","limit":"0.25"}
{"tag":"!","time":"3.8325e-05","counter":"1","score":"-417"}
{"tag":"!","time":"3.8325e-05","counter":"6","score":"-408"}
{"tag":"!","time":"3.8325e-05","counter":"7","score":"-397"}
{"tag":"!","time":"3.8325e-05","counter":"8","score":"-387"}
{"tag":"!","time":"3.8325e-05","counter":"23","score":"-382"}
{"tag":"!","time":"3.8325e-05","counter":"24","score":"-369"}
{"tag":"!","time":"3.8325e-05","counter":"60","score":"-362"}
{"tag":"!","time":"3.8325e-05","counter":"85","score":"-342"}
{"tag":"!","time":"3.8325e-05","counter":"89","score":"-328"}
{"tag":"!","time":"3.8325e-05","counter":"184","score":"-296"}
{"tag":"!","time":"3.8325e-05","counter":"187","score":"-284"}
{"tag":"!","time":"3.8325e-05","counter":"255","score":"-282"}
{"tag":"!","time":"3.8325e-05","counter":"278","score":"-263"}
{"tag":"!","time":"3.8325e-05","counter":"383","score":"-257"}
{"tag":"!","time":"0.00675572","counter":"2047","score":"-245"}
{"tag":"!","time":"0.00675572","counter":"2056","score":"-222"}
{"tag":"!","time":"0.0135638","counter":"4087","score":"-220"}
{"tag":"!","time":"0.108868","counter":"33164","score":"-201"}
{"tag":"!","time":"0.108868","counter":"33172","score":"-200"}
{"tag":"!","time":"0.125853","counter":"38273","score":"-198"}
{"tag":"!","time":"0.132347","counter":"40333","score":"-193"}
{"tag":"!","time":"0.168282","counter":"51460","score":"-188"}
{"tag":"result","counter":"77000","score":"-188"}
{"type":"sa","c":"0.707143","l":"0.107429","score":"0.293837"}
{"tag":"param","type":"sa","start_temp":"30","end_temp":"1","limit":"0.25"}
{"tag":"!","time":"2.64557e-05","counter":"1","score":"-314"}
{"tag":"!","time":"2.64557e-05","counter":"5","score":"-128"}
{"tag":"!","time":"2.64557e-05","counter":"10","score":"-82"}
{"tag":"!","time":"2.64557e-05","counter":"94","score":"-59"}
{"tag":"!","time":"2.64557e-05","counter":"101","score":"-50"}
{"tag":"!","time":"2.64557e-05","counter":"108","score":"-31"}
{"tag":"!","time":"2.64557e-05","counter":"138","score":"-23"}
{"tag":"!","time":"2.64557e-05","counter":"429","score":"-22"}
{"tag":"!","time":"2.64557e-05","counter":"612","score":"0"}
{"tag":"result","counter":"80000","score":"0"}
{"type":"sa","c":"1.2","l":"0","score":"0.372994"}
{"tag":"param","type":"sa","start_temp":"30","end_temp":"1","limit":"0.25"}
{"tag":"!","time":"4.34104e-05","counter":"0","score":"-222"}
{"tag":"!","time":"4.34104e-05","counter":"1","score":"-145"}
{"tag":"!","time":"4.34104e-05","counter":"2","score":"-103"}
{"tag":"!","time":"4.34104e-05","counter":"7","score":"-72"}
{"tag":"!","time":"4.34104e-05","counter":"23","score":"-4"}
{"tag":"!","time":"4.34104e-05","counter":"70","score":"0"}
{"tag":"result","counter":"89000","score":"0"}
{"type":"sa","c":"2.30714","l":"0","score":"0.717124"}
{"tag":"param","type":"sa","start_temp":"30","end_temp":"1","limit":"0.25"}
{"tag":"!","time":"2.59571e-05","counter":"0","score":"-39"}
{"tag":"!","time":"2.59571e-05","counter":"2","score":"-35"}
{"tag":"!","time":"2.59571e-05","counter":"9","score":"-10"}
{"tag":"!","time":"2.59571e-05","counter":"30","score":"0"}
{"tag":"result","counter":"117000","score":"0"}
{"type":"sa","c":"3.77143","l":"0","score":"1.17227"}
{"tag":"param","type":"sa","start_temp":"30","end_temp":"1","limit":"0.25"}
{"tag":"!","time":"4.01082e-05","counter":"0","score":"-231"}
{"tag":"!","time":"4.01082e-05","counter":"4","score":"-211"}
{"tag":"!","time":"4.01082e-05","counter":"5","score":"-32"}
{"tag":"!","time":"4.01082e-05","counter":"11","score":"0"}
{"tag":"result","counter":"136000","score":"0"}
{"type":"sa","c":"5.59286","l":"0","score":"1.73842"}
{"tag":"param","type":"sa","start_temp":"30","end_temp":"1","limit":"7.27669"}
{"tag":"!","time":"2.42814e-05","counter":"6","score":"-475"}
{"tag":"!","time":"2.42814e-05","counter":"7","score":"-460"}
{"tag":"!","time":"2.42814e-05","counter":"17","score":"-443"}
{"tag":"!","time":"2.42814e-05","counter":"28","score":"-438"}
{"tag":"!","time":"2.42814e-05","counter":"79","score":"-404"}
{"tag":"!","time":"2.42814e-05","counter":"81","score":"-380"}
{"tag":"!","time":"2.42814e-05","counter":"459","score":"-371"}
{"tag":"!","time":"2.42814e-05","counter":"470","score":"-367"}
{"tag":"!","time":"2.42814e-05","counter":"474","score":"-365"}
{"tag":"!","time":"0.0318312","counter":"11064","score":"-363"}
{"tag":"!","time":"0.0585292","counter":"21024","score":"-346"}
{"tag":"!","time":"0.0585292","counter":"21025","score":"-338"}
{"tag":"result","counter":"2225000","score":"-338"}
{"type":"sa","c":"0.5","l":"0.193143","score":"0.288523"}
