{"type":"greedy_loss","c":"1.12873","l":"0","score":"0.0747427","h":"10","w":"121"}
{"type":"greedy_loss","c":"1.06343","l":"0","score":"0.0704188","h":"95","w":"12"}
{"s_comp":"0.420202","s_loss":"0.084894","T":"1072","P":"0.0662184"}
{"type":"greedy_loss","c":"1.0625","l":"0","score":"0.070357","h":"67","w":"17"}
{"type":"greedy_loss","c":"1.0597","l":"0","score":"0.0701717","h":"16","w":"71"}
{"type":"greedy_loss","c":"1.02985","l":"0","score":"0.068195","h":"24","w":"46"}
{"tag":"param","type":"sa","start_temp":"30","end_temp":"1","limit":"8.51139"}
{"tag":"!","time":"4.17443e-05","counter":"4","score":"-3658"}
{"tag":"!","time":"4.17443e-05","counter":"7","score":"-3489"}
{"tag":"!","time":"4.17443e-05","counter":"8","score":"-3356"}
{"tag":"!","time":"4.17443e-05","counter":"9","score":"-3266"}
{"tag":"!","time":"4.17443e-05","counter":"11","score":"-3208"}
{"tag":"!","time":"4.17443e-05","counter":"18","score":"-3150"}
{"tag":"!","time":"4.17443e-05","counter":"26","score":"-3073"}
{"tag":"!","time":"4.17443e-05","counter":"28","score":"-2915"}
{"tag":"!","time":"4.17443e-05","counter":"29","score":"-2833"}
{"tag":"!","time":"4.17443e-05","counter":"30","score":"-2786"}
{"tag":"!","time":"4.17443e-05","counter":"33","score":"-2774"}
{"tag":"!","time":"4.17443e-05","counter":"54","score":"-2745"}
{"tag":"!","time":"4.17443e-05","counter":"56","score":"-2728"}
{"tag":"!","time":"4.17443e-05","counter":"58","score":"-2678"}
{"tag":"!","time":"4.17443e-05","counter":"74","score":"-2636"}
{"tag":"!","time":"4.17443e-05","counter":"76","score":"-2573"}
{"tag":"!","time":"4.17443e-05","counter":"81","score":"-2287"}
{"tag":"!","time":"4.17443e-05","counter":"101","score":"-2251"}
{"tag":"!","time":"4.17443e-05","counter":"117","score":"-2202"}
{"tag":"!","time":"4.17443e-05","counter":"121","score":"-2178"}
{"tag":"!","time":"4.17443e-05","counter":"132","score":"-2175"}
{"tag":"!","time":"4.17443e-05","counter":"136","score":"-2170"}
{"tag":"!","time":"4.17443e-05","counter":"162","score":"-2163"}
{"tag":"!","time":"4.17443e-05","counter":"179","score":"-2150"}
{"tag":"!","time":"4.17443e-05","counter":"182","score":"-2145"}
{"tag":"!","time":"4.17443e-05","counter":"186","score":"-2137"}
{"tag":"!","time":"4.17443e-05","counter":"187","score":"-2004"}
{"tag":"!","time":"4.17443e-05","counter":"192","score":"-1993"}
{"tag":"!","time":"4.17443e-05","counter":"213","score":"-1950"}
{"tag":"!","time":"4.17443e-05","counter":"215","score":"-1938"}
{"tag":"!","time":"4.17443e-05","counter":"227","score":"-1928"}
{"tag":"!","time":"4.17443e-05","counter":"231","score":"-1779"}
{"tag":"!","time":"4.17443e-05","counter":"247","score":"-1735"}
{"tag":"!","time":"4.17443e-05","counter":"262","score":"-1710"}
{"tag":"!","time":"4.17443e-05","counter":"264","score":"-1677"}
{"tag":"!","time":"4.17443e-05","counter":"334","score":"-1668"}
{"tag":"!","time":"4.17443e-05","counter":"344","score":"-1621"}
{"tag":"!","time":"4.17443e-05","counter":"719","score":"-1530"}
{"tag":"!","time":"4.17443e-05","counter":"721","score":"-1491"}
{"tag":"!","time":"4.17443e-05","counter":"885","score":"-1472"}
{"tag":"!","time":"4.17443e-05","counter":"890","score":"-1428"}
{"tag":"!","time":"4.17443e-05","counter":"893","score":"-1398"}
{"tag":"!","time":"4.17443e-05","counter":"918","score":"-1392"}
{"tag":"!","time":"4.17443e-05","counter":"930","score":"-1379"}
{"tag":"!","time":"4.17443e-05","counter":"931","score":"-1341"}
{"tag":"!","time":"4.17443e-05","counter":"941","score":"-1292"}
{"tag":"!","time":"4.17443e-05","counter":"944","score":"-1262"}
{"tag":"!","time":"4.17443e-05","counter":"961","score":"-1244"}
{"tag":"!","time":"4.17443e-05","counter":"998","score":"-1243"}
{"tag":"!","time":"4.17443e-05","counter":"999","score":"-1234"}
{"tag":"!","time":"0.0052511","counter":"1445","score":"-1213"}
{"tag":"!","time":"0.0052511","counter":"1451","score":"-1186"}
{"tag":"!","time":"0.0052511","counter":"1473","score":"-1179"}
{"tag":"!","time":"0.0052511","counter":"1516","score":"-1163"}
{"tag":"!","time":"0.0052511","counter":"1521","score":"-1160"}
{"tag":"!","time":"0.0052511","counter":"1529","score":"-1134"}
{"tag":"!","time":"0.0052511","counter":"1534","score":"-1127"}
{"tag":"!","time":"0.0052511","counter":"1582","score":"-1120"}
{"tag":"!","time":"0.0052511","counter":"1593","score":"-1066"}
{"tag":"!","time":"0.0052511","counter":"1596","score":"-1059"}
{"tag":"!","time":"0.0052511","counter":"1600","score":"-1042"}
{"tag":"!","time":"0.0120984","counter":"2448","score":"-1025"}
{"tag":"!","time":"0.0295967","counter":"5462","score":"-1003"}
{"tag":"!","time":"0.0295967","counter":"5465","score":"-936"}
{"tag":"!","time":"0.0295967","counter":"5535","score":"-921"}
{"tag":"!","time":"0.0295967","counter":"5555","score":"-860"}
{"tag":"!","time":"0.0295967","counter":"5569","score":"-855"}
{"tag":"!","time":"0.0295967","counter":"5578","score":"-842"}
{"tag":"!","time":"0.0295967","counter":"5579","score":"-797"}
{"tag":"!","time":"0.0295967","counter":"5585","score":"-786"}
{"tag":"!","time":"1.16455","counter":"228738","score":"-746"}
{"tag":"!","time":"1.37502","counter":"267536","score":"-740"}
{"tag":"!","time":"1.73169","counter":"339688","score":"-726"}
{"tag":"!","time":"1.89495","counter":"369489","score":"-716"}
{"tag":"!","time":"2.22351","counter":"432273","score":"-708"}
{"tag":"!","time":"2.22351","counter":"432834","score":"-658"}
{"tag":"!","time":"2.43837","counter":"472551","score":"-653"}
{"tag":"!","time":"2.87096","counter":"553519","score":"-645"}
{"tag":"!","time":"2.9423","counter":"566751","score":"-633"}
{"tag":"!","time":"2.98749","counter":"574747","score":"-629"}
{"tag":"!","time":"3.22739","counter":"615008","score":"-621"}
{"tag":"!","time":"3.22739","counter":"615032","score":"-620"}
{"tag":"!","time":"3.22739","counter":"615543","score":"-582"}
{"tag":"!","time":"3.2803","counter":"624635","score":"-553"}
{"tag":"!","time":"3.2803","counter":"624640","score":"-548"}
{"tag":"!","time":"3.2803","counter":"624691","score":"-537"}
{"tag":"!","time":"3.2803","counter":"624694","score":"-519"}
{"tag":"!","time":"3.28598","counter":"625192","score":"-517"}
{"tag":"!","time":"3.28598","counter":"625203","score":"-516"}
{"tag":"!","time":"3.28598","counter":"625210","score":"-504"}
{"tag":"!","time":"3.29151","counter":"626231","score":"-501"}
{"tag":"!","time":"3.31246","counter":"630301","score":"-497"}
{"tag":"!","time":"3.96704","counter":"748867","score":"-487"}
{"tag":"!","time":"4.09755","counter":"771514","score":"-483"}
{"tag":"!","time":"4.09755","counter":"771573","score":"-476"}
{"tag":"!","time":"4.09755","counter":"771777","score":"-472"}
{"tag":"!","time":"4.09755","counter":"771874","score":"-460"}
{"tag":"!","time":"4.29256","counter":"805141","score":"-431"}
{"tag":"!","time":"4.29256","counter":"805238","score":"-428"}
{"tag":"!","time":"4.34259","counter":"814223","score":"-425"}
{"tag":"!","time":"4.34259","counter":"814720","score":"-414"}
{"tag":"!","time":"4.34259","counter":"814732","score":"-399"}
{"tag":"!","time":"4.35444","counter":"816742","score":"-398"}
{"tag":"!","time":"4.35444","counter":"816814","score":"-377"}
{"tag":"!","time":"4.35444","counter":"816822","score":"-370"}
{"tag":"!","time":"5.60125","counter":"1041348","score":"-354"}
{"tag":"!","time":"5.6288","counter":"1046866","score":"-352"}
{"tag":"!","time":"5.63482","counter":"1047085","score":"-340"}
{"tag":"!","time":"5.77345","counter":"1072624","score":"-337"}
{"tag":"!","time":"5.77857","counter":"1073009","score":"-326"}
{"tag":"!","time":"5.77857","counter":"1073348","score":"-320"}
{"tag":"!","time":"5.78829","counter":"1075079","score":"-309"}
{"tag":"!","time":"5.79377","counter":"1076089","score":"-300"}
{"tag":"!","time":"5.79377","counter":"1076151","score":"-292"}
{"tag":"!","time":"5.91154","counter":"1097036","score":"-284"}
{"tag":"!","time":"5.91154","counter":"1097063","score":"-273"}
{"tag":"!","time":"5.93369","counter":"1101081","score":"-271"}
{"tag":"!","time":"5.93369","counter":"1101145","score":"-267"}
{"tag":"!","time":"5.93369","counter":"1101337","score":"-249"}
{"tag":"!","time":"5.93369","counter":"1101549","score":"-246"}
{"tag":"!","time":"5.93369","counter":"1101698","score":"-234"}
{"tag":"!","time":"5.93369","counter":"1101814","score":"-232"}
{"tag":"!","time":"5.94606","counter":"1103040","score":"-224"}
{"tag":"!","time":"5.95181","counter":"1104747","score":"-211"}
{"tag":"!","time":"5.97842","counter":"1109656","score":"-205"}
{"tag":"!","time":"5.98351","counter":"1110045","score":"-196"}
{"tag":"!","time":"5.98351","counter":"1110862","score":"-191"}
{"tag":"!","time":"6.08479","counter":"1130893","score":"-183"}
{"tag":"!","time":"6.09067","counter":"1131155","score":"-161"}
{"tag":"!","time":"6.25193","counter":"1162699","score":"-151"}
{"tag":"!","time":"6.25798","counter":"1163631","score":"-148"}
{"tag":"!","time":"6.27534","counter":"1166183","score":"-144"}
{"tag":"!","time":"6.27534","counter":"1166667","score":"-143"}
{"tag":"!","time":"6.28063","counter":"1167009","score":"-140"}
{"tag":"!","time":"6.28542","counter":"1168927","score":"-139"}
{"tag":"!","time":"6.29038","counter":"1169276","score":"-135"}
{"tag":"!","time":"6.29546","counter":"1170861","score":"-128"}
{"tag":"!","time":"6.31143","counter":"1173628","score":"-126"}
{"tag":"!","time":"6.88587","counter":"1284553","score":"-125"}
{"tag":"!","time":"7.2945","counter":"1365572","score":"-117"}
{"tag":"!","time":"7.2945","counter":"1365632","score":"-114"}
{"tag":"!","time":"7.47623","counter":"1402107","score":"-113"}
{"tag":"!","time":"7.61989","counter":"1430843","score":"-110"}
{"tag":"!","time":"7.63597","counter":"1433149","score":"-107"}
{"tag":"!","time":"7.63597","counter":"1433669","score":"-96"}
{"tag":"!","time":"7.65315","counter":"1436704","score":"-93"}
{"tag":"!","time":"7.71744","counter":"1448673","score":"-92"}
{"tag":"!","time":"7.72277","counter":"1449995","score":"-76"}
{"tag":"result","counter":"1604000","score":"-76"}
{"type":"sa","c":"1.01493","l":"0.00567164","score":"0.0725028"}
