{"type":"greedy_loss","c":"1.03571","l":"0","score":"0.23342","h":"10","w":"203"}
{"s_comp":"0.348583","s_loss":"0.240863","T":"1960","P":"0.225371"}
{"type":"greedy_loss","c":"1.025","l":"0","score":"0.231005","h":"41","w":"49"}
{"tag":"param","type":"sa","start_temp":"30","end_temp":"1","limit":"8.21405"}
{"tag":"!","time":"7.33611e-05","counter":"1","score":"-5657"}
{"tag":"!","time":"7.33611e-05","counter":"3","score":"-5651"}
{"tag":"!","time":"7.33611e-05","counter":"4","score":"-5632"}
{"tag":"!","time":"7.33611e-05","counter":"6","score":"-5578"}
{"tag":"!","time":"7.33611e-05","counter":"7","score":"-5467"}
{"tag":"!","time":"7.33611e-05","counter":"8","score":"-5306"}
{"tag":"!","time":"7.33611e-05","counter":"9","score":"-5297"}
{"tag":"!","time":"7.33611e-05","counter":"10","score":"-5282"}
{"tag":"!","time":"7.33611e-05","counter":"12","score":"-5140"}
{"tag":"!","time":"7.33611e-05","counter":"14","score":"-5096"}
{"tag":"!","time":"7.33611e-05","counter":"16","score":"-5085"}
{"tag":"!","time":"7.33611e-05","counter":"18","score":"-5006"}
{"tag":"!","time":"7.33611e-05","counter":"19","score":"-4980"}
{"tag":"!","time":"7.33611e-05","counter":"20","score":"-4973"}
{"tag":"!","time":"7.33611e-05","counter":"23","score":"-4938"}
{"tag":"!","time":"7.33611e-05","counter":"24","score":"-4937"}
{"tag":"!","time":"7.33611e-05","counter":"28","score":"-4850"}
{"tag":"!","time":"7.33611e-05","counter":"64","score":"-4808"}
{"tag":"!","time":"7.33611e-05","counter":"67","score":"-4786"}
{"tag":"!","time":"7.33611e-05","counter":"73","score":"-4762"}
{"tag":"!","time":"7.33611e-05","counter":"74","score":"-4737"}
{"tag":"!","time":"7.33611e-05","counter":"77","score":"-4578"}
{"tag":"!","time":"7.33611e-05","counter":"82","score":"-4523"}
{"tag":"!","time":"7.33611e-05","counter":"83","score":"-4463"}
{"tag":"!","time":"7.33611e-05","counter":"95","score":"-4324"}
{"tag":"!","time":"7.33611e-05","counter":"100","score":"-4243"}
{"tag":"!","time":"7.33611e-05","counter":"101","score":"-4240"}
{"tag":"!","time":"7.33611e-05","counter":"103","score":"-4224"}
{"tag":"!","time":"7.33611e-05","counter":"108","score":"-4147"}
{"tag":"!","time":"7.33611e-05","counter":"113","score":"-4139"}
{"tag":"!","time":"7.33611e-05","counter":"116","score":"-4123"}
{"tag":"!","time":"7.33611e-05","counter":"120","score":"-4111"}
{"tag":"!","time":"7.33611e-05","counter":"122","score":"-4081"}
{"tag":"!","time":"7.33611e-05","counter":"171","score":"-4012"}
{"tag":"!","time":"7.33611e-05","counter":"172","score":"-3935"}
{"tag":"!","time":"7.33611e-05","counter":"174","score":"-3890"}
{"tag":"!","time":"7.33611e-05","counter":"176","score":"-3887"}
{"tag":"!","time":"7.33611e-05","counter":"198","score":"-3880"}
{"tag":"!","time":"7.33611e-05","counter":"199","score":"-3870"}
{"tag":"!","time":"7.33611e-05","counter":"200","score":"-3864"}
{"tag":"!","time":"7.33611e-05","counter":"205","score":"-3770"}
{"tag":"!","time":"7.33611e-05","counter":"211","score":"-3725"}
{"tag":"!","time":"7.33611e-05","counter":"212","score":"-3707"}
{"tag":"!","time":"7.33611e-05","counter":"214","score":"-3693"}
{"tag":"!","time":"7.33611e-05","counter":"220","score":"-3671"}
{"tag":"!","time":"7.33611e-05","counter":"243","score":"-3656"}
{"tag":"!","time":"7.33611e-05","counter":"371","score":"-3514"}
{"tag":"!","time":"7.33611e-05","counter":"391","score":"-3512"}
{"tag":"!","time":"7.33611e-05","counter":"443","score":"-3471"}
{"tag":"!","time":"7.33611e-05","counter":"444","score":"-3465"}
{"tag":"!","time":"7.33611e-05","counter":"445","score":"-3461"}
{"tag":"!","time":"7.33611e-05","counter":"526","score":"-3454"}
{"tag":"!","time":"7.33611e-05","counter":"629","score":"-3446"}
{"tag":"!","time":"7.33611e-05","counter":"670","score":"-3431"}
{"tag":"!","time":"7.33611e-05","counter":"674","score":"-3386"}
{"tag":"!","time":"7.33611e-05","counter":"679","score":"-3368"}
{"tag":"!","time":"7.33611e-05","counter":"689","score":"-3278"}
{"tag":"!","time":"7.33611e-05","counter":"690","score":"-3266"}
{"tag":"!","time":"7.33611e-05","counter":"691","score":"-3233"}
{"tag":"!","time":"7.33611e-05","counter":"692","score":"-3212"}
{"tag":"!","time":"7.33611e-05","counter":"695","score":"-3186"}
{"tag":"!","time":"7.33611e-05","counter":"743","score":"-3174"}
{"tag":"!","time":"7.33611e-05","counter":"754","score":"-3166"}
{"tag":"!","time":"7.33611e-05","counter":"755","score":"-3127"}
{"tag":"!","time":"7.33611e-05","counter":"763","score":"-3080"}
{"tag":"!","time":"7.33611e-05","counter":"792","score":"-3076"}
{"tag":"!","time":"7.33611e-05","counter":"882","score":"-3047"}
{"tag":"!","time":"7.33611e-05","counter":"894","score":"-3038"}
{"tag":"!","time":"7.33611e-05","counter":"941","score":"-3018"}
{"tag":"!","time":"7.33611e-05","counter":"943","score":"-2985"}
{"tag":"!","time":"0.00780861","counter":"1269","score":"-2981"}
{"tag":"!","time":"0.00780861","counter":"1281","score":"-2965"}
{"tag":"!","time":"0.00780861","counter":"1283","score":"-2948"}
{"tag":"!","time":"0.00780861","counter":"1336","score":"-2915"}
{"tag":"!","time":"0.00780861","counter":"1346","score":"-2902"}
{"tag":"!","time":"0.00780861","counter":"1404","score":"-2892"}
{"tag":"!","time":"0.00780861","counter":"1425","score":"-2888"}
{"tag":"!","time":"0.00780861","counter":"1427","score":"-2861"}
{"tag":"!","time":"0.00780861","counter":"1428","score":"-2849"}
{"tag":"!","time":"0.00780861","counter":"1440","score":"-2828"}
{"tag":"!","time":"0.00780861","counter":"1461","score":"-2810"}
{"tag":"!","time":"0.00780861","counter":"1465","score":"-2791"}
{"tag":"!","time":"0.00780861","counter":"1469","score":"-2702"}
{"tag":"!","time":"0.00780861","counter":"1493","score":"-2698"}
{"tag":"!","time":"0.00780861","counter":"1515","score":"-2686"}
{"tag":"!","time":"0.00780861","counter":"1663","score":"-2679"}
{"tag":"!","time":"0.0141444","counter":"2133","score":"-2592"}
{"tag":"!","time":"0.0141444","counter":"2138","score":"-2562"}
{"tag":"!","time":"0.0141444","counter":"2159","score":"-2552"}
{"tag":"!","time":"0.0141444","counter":"2161","score":"-2542"}
{"tag":"!","time":"0.0141444","counter":"2501","score":"-2528"}
{"tag":"!","time":"0.0141444","counter":"2502","score":"-2483"}
{"tag":"!","time":"0.0141444","counter":"2512","score":"-2458"}
{"tag":"!","time":"0.0141444","counter":"2514","score":"-2447"}
{"tag":"!","time":"0.0141444","counter":"2905","score":"-2446"}
{"tag":"!","time":"0.0141444","counter":"2907","score":"-2410"}
{"tag":"!","time":"0.020048","counter":"3014","score":"-2377"}
{"tag":"!","time":"0.020048","counter":"3028","score":"-2348"}
{"tag":"!","time":"0.0250718","counter":"4040","score":"-2342"}
{"tag":"!","time":"0.0250718","counter":"4044","score":"-2340"}
{"tag":"!","time":"0.0250718","counter":"4152","score":"-2323"}
{"tag":"!","time":"0.0250718","counter":"4154","score":"-2282"}
{"tag":"!","time":"0.0250718","counter":"4155","score":"-2257"}
{"tag":"!","time":"0.0250718","counter":"4173","score":"-2250"}
{"tag":"!","time":"0.0250718","counter":"4177","score":"-2248"}
{"tag":"!","time":"0.0302361","counter":"5731","score":"-2247"}
{"tag":"!","time":"0.196105","counter":"37617","score":"-2243"}
{"tag":"!","time":"0.196105","counter":"37628","score":"-2214"}
{"tag":"!","time":"0.196105","counter":"37637","score":"-2138"}
{"tag":"!","time":"0.196105","counter":"37642","score":"-2114"}
{"tag":"!","time":"0.196105","counter":"37643","score":"-2086"}
{"tag":"!","time":"0.415173","counter":"77355","score":"-2023"}
{"tag":"!","time":"0.415173","counter":"77385","score":"-2006"}
{"tag":"!","time":"0.415173","counter":"77402","score":"-2003"}
{"tag":"!","time":"0.415173","counter":"77441","score":"-1989"}
{"tag":"!","time":"0.415173","counter":"77455","score":"-1935"}
{"tag":"!","time":"0.705579","counter":"136751","score":"-1916"}
{"tag":"!","time":"0.705579","counter":"136753","score":"-1890"}
{"tag":"!","time":"0.705579","counter":"136758","score":"-1887"}
{"tag":"!","time":"0.705579","counter":"136766","score":"-1876"}
{"tag":"!","time":"0.705579","counter":"136773","score":"-1869"}
{"tag":"!","time":"0.705579","counter":"136777","score":"-1840"}
{"tag":"!","time":"1.40042","counter":"270089","score":"-1835"}
{"tag":"!","time":"1.46101","counter":"282096","score":"-1826"}
{"tag":"!","time":"1.46101","counter":"282113","score":"-1798"}
{"tag":"!","time":"1.48704","counter":"287363","score":"-1791"}
{"tag":"!","time":"1.52837","counter":"295870","score":"-1757"}
{"tag":"!","time":"1.52837","counter":"295871","score":"-1741"}
{"tag":"!","time":"1.52837","counter":"295886","score":"-1726"}
{"tag":"!","time":"2.27418","counter":"443565","score":"-1722"}
{"tag":"!","time":"2.27418","counter":"443568","score":"-1706"}
{"tag":"!","time":"2.27418","counter":"443580","score":"-1692"}
{"tag":"!","time":"2.27418","counter":"443990","score":"-1660"}
{"tag":"!","time":"2.27418","counter":"443992","score":"-1544"}
{"tag":"!","time":"2.27962","counter":"444021","score":"-1521"}
{"tag":"!","time":"2.27962","counter":"444035","score":"-1510"}
{"tag":"!","time":"2.63187","counter":"510056","score":"-1495"}
{"tag":"!","time":"2.70969","counter":"525927","score":"-1492"}
{"tag":"!","time":"2.70969","counter":"525991","score":"-1456"}
{"tag":"!","time":"2.71559","counter":"526039","score":"-1454"}
{"tag":"!","time":"2.71559","counter":"526458","score":"-1450"}
{"tag":"!","time":"3.01086","counter":"581501","score":"-1445"}
{"tag":"!","time":"3.01086","counter":"581696","score":"-1441"}
{"tag":"!","time":"3.01086","counter":"581996","score":"-1439"}
{"tag":"!","time":"3.48155","counter":"669570","score":"-1437"}
{"tag":"!","time":"3.48155","counter":"669573","score":"-1427"}
{"tag":"!","time":"3.48155","counter":"669586","score":"-1408"}
{"tag":"!","time":"3.48155","counter":"669596","score":"-1388"}
{"tag":"!","time":"3.48155","counter":"669636","score":"-1364"}
{"tag":"!","time":"3.48155","counter":"669640","score":"-1350"}
{"tag":"!","time":"3.48155","counter":"669679","score":"-1335"}
{"tag":"!","time":"3.48155","counter":"669690","score":"-1318"}
{"tag":"!","time":"3.72212","counter":"716118","score":"-1289"}
{"tag":"!","time":"3.72212","counter":"716182","score":"-1251"}
{"tag":"!","time":"3.83499","counter":"736879","score":"-1250"}
{"tag":"!","time":"3.83499","counter":"736956","score":"-1246"}
{"tag":"!","time":"3.83499","counter":"736973","score":"-1230"}
{"tag":"!","time":"3.92782","counter":"753577","score":"-1220"}
{"tag":"!","time":"3.92782","counter":"753666","score":"-1215"}
{"tag":"!","time":"3.92782","counter":"753902","score":"-1211"}
{"tag":"!","time":"3.92782","counter":"753924","score":"-1195"}
{"tag":"!","time":"3.93387","counter":"754155","score":"-1173"}
{"tag":"!","time":"3.93387","counter":"754174","score":"-1152"}
{"tag":"!","time":"3.93984","counter":"755816","score":"-1134"}
{"tag":"!","time":"4.45791","counter":"849546","score":"-1123"}
{"tag":"!","time":"4.45791","counter":"849548","score":"-1107"}
{"tag":"!","time":"4.45791","counter":"849621","score":"-1085"}
{"tag":"!","time":"4.45791","counter":"849759","score":"-1082"}
{"tag":"!","time":"4.74107","counter":"900798","score":"-1072"}
{"tag":"!","time":"4.74704","counter":"901093","score":"-1070"}
{"tag":"!","time":"4.74704","counter":"901182","score":"-1067"}
{"tag":"!","time":"4.74704","counter":"901233","score":"-1060"}
{"tag":"!","time":"4.74704","counter":"901306","score":"-1059"}
{"tag":"!","time":"4.74704","counter":"901327","score":"-1046"}
{"tag":"!","time":"4.74704","counter":"901353","score":"-1036"}
{"tag":"!","time":"4.74704","counter":"901412","score":"-1032"}
{"tag":"!","time":"4.74704","counter":"901414","score":"-1031"}
{"tag":"!","time":"4.74704","counter":"901547","score":"-1030"}
{"tag":"!","time":"4.74704","counter":"901689","score":"-1008"}
{"tag":"!","time":"4.74704","counter":"901762","score":"-1007"}
{"tag":"!","time":"4.74704","counter":"901767","score":"-1004"}
{"tag":"!","time":"4.74704","counter":"901839","score":"-1000"}
{"tag":"!","time":"4.81285","counter":"912420","score":"-985"}
{"tag":"!","time":"4.81285","counter":"912837","score":"-982"}
{"tag":"!","time":"4.81285","counter":"912841","score":"-966"}
{"tag":"!","time":"4.81285","counter":"912938","score":"-962"}
{"tag":"!","time":"4.81285","counter":"912941","score":"-951"}
{"tag":"!","time":"4.90495","counter":"930029","score":"-950"}
{"tag":"!","time":"4.90495","counter":"930263","score":"-949"}
{"tag":"!","time":"4.90495","counter":"930425","score":"-933"}
{"tag":"!","time":"4.90495","counter":"930478","score":"-932"}
{"tag":"!","time":"5.05242","counter":"958730","score":"-930"}
{"tag":"!","time":"5.05242","counter":"958733","score":"-917"}
{"tag":"!","time":"5.05242","counter":"958766","score":"-912"}
{"tag":"!","time":"5.05871","counter":"959070","score":"-891"}
{"tag":"!","time":"5.05871","counter":"959381","score":"-890"}
{"tag":"!","time":"5.16982","counter":"981055","score":"-878"}
{"tag":"!","time":"5.16982","counter":"981119","score":"-863"}
{"tag":"!","time":"5.16982","counter":"981135","score":"-860"}
{"tag":"!","time":"5.16982","counter":"981200","score":"-852"}
{"tag":"!","time":"5.16982","counter":"981237","score":"-843"}
{"tag":"!","time":"5.16982","counter":"981313","score":"-838"}
{"tag":"!","time":"5.16982","counter":"981581","score":"-826"}
{"tag":"!","time":"5.16982","counter":"981664","score":"-817"}
{"tag":"!","time":"5.16982","counter":"981684","score":"-805"}
{"tag":"!","time":"5.17716","counter":"982562","score":"-795"}
{"tag":"!","time":"5.17716","counter":"982605","score":"-769"}
{"tag":"!","time":"5.17716","counter":"982685","score":"-768"}
{"tag":"!","time":"5.17716","counter":"982822","score":"-754"}
{"tag":"!","time":"5.17716","counter":"982873","score":"-752"}
{"tag":"!","time":"5.28232","counter":"1003111","score":"-749"}
{"tag":"!","time":"5.29839","counter":"1006202","score":"-741"}
{"tag":"!","time":"5.29839","counter":"1006297","score":"-725"}
{"tag":"!","time":"5.30473","counter":"1007544","score":"-716"}
{"tag":"!","time":"5.3107","counter":"1008089","score":"-685"}
{"tag":"!","time":"6.3914","counter":"1209121","score":"-684"}
{"tag":"!","time":"6.3914","counter":"1209232","score":"-683"}
{"tag":"!","time":"6.3914","counter":"1209470","score":"-676"}
{"tag":"!","time":"6.3914","counter":"1209484","score":"-665"}
{"tag":"!","time":"6.39697","counter":"1210879","score":"-643"}
{"tag":"!","time":"6.40713","counter":"1212481","score":"-633"}
{"tag":"!","time":"6.40713","counter":"1212703","score":"-632"}
{"tag":"!","time":"6.45819","counter":"1222562","score":"-627"}
{"tag":"!","time":"6.47407","counter":"1225914","score":"-626"}
{"tag":"!","time":"6.47407","counter":"1225977","score":"-596"}
{"tag":"!","time":"6.47407","counter":"1225991","score":"-588"}
{"tag":"!","time":"6.47945","counter":"1226760","score":"-587"}
{"tag":"!","time":"6.51135","counter":"1232729","score":"-583"}
{"tag":"!","time":"6.51135","counter":"1232761","score":"-581"}
{"tag":"!","time":"6.53618","counter":"1237739","score":"-578"}
{"tag":"!","time":"6.53618","counter":"1237794","score":"-574"}
{"tag":"!","time":"6.56181","counter":"1242049","score":"-568"}
{"tag":"!","time":"6.57316","counter":"1244173","score":"-559"}
{"tag":"!","time":"6.57815","counter":"1245491","score":"-546"}
{"tag":"!","time":"6.58342","counter":"1246260","score":"-542"}
{"tag":"!","time":"6.58342","counter":"1246574","score":"-533"}
{"tag":"!","time":"6.60903","counter":"1251713","score":"-529"}
{"tag":"!","time":"6.60903","counter":"1251841","score":"-526"}
{"tag":"!","time":"6.62846","counter":"1255014","score":"-521"}
{"tag":"!","time":"6.62846","counter":"1255486","score":"-512"}
{"tag":"!","time":"6.64716","counter":"1259038","score":"-509"}
{"tag":"!","time":"6.64716","counter":"1259161","score":"-499"}
{"tag":"!","time":"6.64716","counter":"1259572","score":"-494"}
{"tag":"!","time":"6.65218","counter":"1260121","score":"-491"}
{"tag":"!","time":"6.65218","counter":"1260309","score":"-474"}
{"tag":"!","time":"6.65686","counter":"1261611","score":"-468"}
{"tag":"!","time":"6.73752","counter":"1278996","score":"-450"}
{"tag":"!","time":"6.74239","counter":"1279570","score":"-438"}
{"tag":"!","time":"6.7708","counter":"1285107","score":"-432"}
{"tag":"!","time":"6.7708","counter":"1285397","score":"-421"}
{"tag":"!","time":"6.9101","counter":"1314113","score":"-410"}
{"tag":"!","time":"8.02507","counter":"1530141","score":"-409"}
{"tag":"!","time":"8.06833","counter":"1539791","score":"-407"}
{"tag":"result","counter":"1569000","score":"-407"}
{"type":"sa","c":"1.0102","l":"0.0166122","score":"0.240539"}
