12
GXQOUERUGRTV
MNILNVNNPDUW
NVJVOTGHOPLC
PRNUPORILMSH
VFGOJMNFOKIF
RNOGOIUQHNEI
PINNQLNIHJQM
LGGKIGJQITLV
JTMNNTNNRKUN
SIMNJNSLIMSN
UTSMFQTNQJLS
NHFNSOLVELST
4 2
1 0
3 0
9 1
2 0
1 3
7 4
4 0
1 4
6 0
2 8
2 3
4 4
8 0
6 0
0 6
2 5
2 1
2 0
6 6
1 2
2 3
0 7
0 3
10 1
2 5
3 6
3 5
1 3
0 8
0 5
3 1
2 1
3 1
0 4
10 10
5 5
0 5
1 3
7 4
0 0
0 0
8 4
2 1
2 0
0 0
0 2
8 2
5 2
2 3
3 2
0 1
3 3
7 4
1 0
0 0
1 3
1 2
2 4
3 7
3 0
2 0
6 2
4 0
4 6
4 1
0 0
5 3
3 9
2 1
0 2
4 1
4 0
4 2
1 0
7 3
5 3
7 2
2 0
0 6
5 1
0 2
5 3
0 8
4 4
4 0
5 1
3 1
7 0
10 7
0 5
6 6
2 7
6 0
1 1
9 0
