{"type":"greedy_loss","c":"1.0901","l":"0","score":"0.194103","h":"12","w":"122"}
{"type":"greedy_loss","c":"1.0752","l":"0","score":"0.191452","h":"38","w":"38"}
{"s_comp":"0.369873","s_loss":"0.194499","T":"1343","P":"0.178061"}
{"type":"greedy_loss","c":"1.02606","l":"0","score":"0.182701","h":"13","w":"106"}
{"tag":"param","type":"sa","start_temp":"30","end_temp":"1","limit":"8.3311"}
{"tag":"!","time":"4.95314e-05","counter":"0","score":"-3966"}
{"tag":"!","time":"4.95314e-05","counter":"2","score":"-3963"}
{"tag":"!","time":"4.95314e-05","counter":"4","score":"-3951"}
{"tag":"!","time":"4.95314e-05","counter":"6","score":"-3910"}
{"tag":"!","time":"4.95314e-05","counter":"7","score":"-3861"}
{"tag":"!","time":"4.95314e-05","counter":"8","score":"-3801"}
{"tag":"!","time":"4.95314e-05","counter":"9","score":"-3796"}
{"tag":"!","time":"4.95314e-05","counter":"12","score":"-3778"}
{"tag":"!","time":"4.95314e-05","counter":"17","score":"-3744"}
{"tag":"!","time":"4.95314e-05","counter":"22","score":"-3629"}
{"tag":"!","time":"4.95314e-05","counter":"24","score":"-3625"}
{"tag":"!","time":"4.95314e-05","counter":"30","score":"-3567"}
{"tag":"!","time":"4.95314e-05","counter":"36","score":"-3563"}
{"tag":"!","time":"4.95314e-05","counter":"39","score":"-3508"}
{"tag":"!","time":"4.95314e-05","counter":"42","score":"-3500"}
{"tag":"!","time":"4.95314e-05","counter":"49","score":"-3380"}
{"tag":"!","time":"4.95314e-05","counter":"51","score":"-3307"}
{"tag":"!","time":"4.95314e-05","counter":"54","score":"-3280"}
{"tag":"!","time":"4.95314e-05","counter":"55","score":"-3136"}
{"tag":"!","time":"4.95314e-05","counter":"59","score":"-3131"}
{"tag":"!","time":"4.95314e-05","counter":"77","score":"-3098"}
{"tag":"!","time":"4.95314e-05","counter":"91","score":"-3096"}
{"tag":"!","time":"4.95314e-05","counter":"97","score":"-2959"}
{"tag":"!","time":"4.95314e-05","counter":"98","score":"-2906"}
{"tag":"!","time":"4.95314e-05","counter":"99","score":"-2865"}
{"tag":"!","time":"4.95314e-05","counter":"104","score":"-2864"}
{"tag":"!","time":"4.95314e-05","counter":"105","score":"-2795"}
{"tag":"!","time":"4.95314e-05","counter":"117","score":"-2700"}
{"tag":"!","time":"4.95314e-05","counter":"126","score":"-2661"}
{"tag":"!","time":"4.95314e-05","counter":"179","score":"-2657"}
{"tag":"!","time":"4.95314e-05","counter":"184","score":"-2643"}
{"tag":"!","time":"4.95314e-05","counter":"190","score":"-2620"}
{"tag":"!","time":"4.95314e-05","counter":"196","score":"-2502"}
{"tag":"!","time":"4.95314e-05","counter":"215","score":"-2466"}
{"tag":"!","time":"4.95314e-05","counter":"297","score":"-2418"}
{"tag":"!","time":"4.95314e-05","counter":"299","score":"-2390"}
{"tag":"!","time":"4.95314e-05","counter":"307","score":"-2367"}
{"tag":"!","time":"4.95314e-05","counter":"313","score":"-2355"}
{"tag":"!","time":"4.95314e-05","counter":"317","score":"-2239"}
{"tag":"!","time":"4.95314e-05","counter":"343","score":"-2228"}
{"tag":"!","time":"4.95314e-05","counter":"358","score":"-2216"}
{"tag":"!","time":"4.95314e-05","counter":"362","score":"-2211"}
{"tag":"!","time":"4.95314e-05","counter":"366","score":"-2210"}
{"tag":"!","time":"4.95314e-05","counter":"398","score":"-2165"}
{"tag":"!","time":"4.95314e-05","counter":"402","score":"-2162"}
{"tag":"!","time":"4.95314e-05","counter":"433","score":"-2155"}
{"tag":"!","time":"4.95314e-05","counter":"581","score":"-2147"}
{"tag":"!","time":"4.95314e-05","counter":"588","score":"-2127"}
{"tag":"!","time":"4.95314e-05","counter":"595","score":"-2075"}
{"tag":"!","time":"4.95314e-05","counter":"600","score":"-2063"}
{"tag":"!","time":"4.95314e-05","counter":"637","score":"-2057"}
{"tag":"!","time":"4.95314e-05","counter":"679","score":"-1975"}
{"tag":"!","time":"4.95314e-05","counter":"681","score":"-1967"}
{"tag":"!","time":"4.95314e-05","counter":"710","score":"-1939"}
{"tag":"!","time":"4.95314e-05","counter":"712","score":"-1892"}
{"tag":"!","time":"4.95314e-05","counter":"718","score":"-1868"}
{"tag":"!","time":"4.95314e-05","counter":"734","score":"-1863"}
{"tag":"!","time":"4.95314e-05","counter":"753","score":"-1827"}
{"tag":"!","time":"4.95314e-05","counter":"781","score":"-1814"}
{"tag":"!","time":"4.95314e-05","counter":"814","score":"-1812"}
{"tag":"!","time":"4.95314e-05","counter":"824","score":"-1795"}
{"tag":"!","time":"4.95314e-05","counter":"830","score":"-1783"}
{"tag":"!","time":"0.00778805","counter":"1459","score":"-1769"}
{"tag":"!","time":"0.00778805","counter":"1491","score":"-1730"}
{"tag":"!","time":"0.00778805","counter":"1530","score":"-1708"}
{"tag":"!","time":"0.0133134","counter":"2518","score":"-1707"}
{"tag":"!","time":"0.0133134","counter":"2522","score":"-1699"}
{"tag":"!","time":"0.0133134","counter":"2525","score":"-1680"}
{"tag":"!","time":"0.0133134","counter":"2531","score":"-1657"}
{"tag":"!","time":"0.0199129","counter":"3181","score":"-1641"}
{"tag":"!","time":"0.0199129","counter":"3197","score":"-1592"}
{"tag":"!","time":"0.0199129","counter":"3198","score":"-1557"}
{"tag":"!","time":"0.0199129","counter":"3207","score":"-1507"}
{"tag":"!","time":"0.0199129","counter":"3806","score":"-1505"}
{"tag":"!","time":"0.0199129","counter":"3835","score":"-1500"}
{"tag":"!","time":"0.0261028","counter":"4188","score":"-1471"}
{"tag":"!","time":"0.0367371","counter":"6585","score":"-1451"}
{"tag":"!","time":"0.0546622","counter":"9839","score":"-1445"}
{"tag":"!","time":"0.0546622","counter":"9848","score":"-1423"}
{"tag":"!","time":"0.0598618","counter":"10751","score":"-1408"}
{"tag":"!","time":"0.0763913","counter":"13705","score":"-1399"}
{"tag":"!","time":"0.0822586","counter":"14065","score":"-1392"}
{"tag":"!","time":"0.0822586","counter":"14076","score":"-1344"}
{"tag":"!","time":"0.0822586","counter":"14080","score":"-1313"}
{"tag":"!","time":"0.319218","counter":"60122","score":"-1286"}
{"tag":"!","time":"0.349505","counter":"66168","score":"-1270"}
{"tag":"!","time":"0.349505","counter":"66174","score":"-1264"}
{"tag":"!","time":"0.396772","counter":"75876","score":"-1246"}
{"tag":"!","time":"0.396772","counter":"75885","score":"-1237"}
{"tag":"!","time":"0.802966","counter":"149015","score":"-1207"}
{"tag":"!","time":"0.969006","counter":"177882","score":"-1161"}
{"tag":"!","time":"0.969006","counter":"177890","score":"-1140"}
{"tag":"!","time":"1.12468","counter":"202583","score":"-1128"}
{"tag":"!","time":"1.12468","counter":"202585","score":"-1105"}
{"tag":"!","time":"1.12468","counter":"202887","score":"-1082"}
{"tag":"!","time":"1.45105","counter":"259252","score":"-1061"}
{"tag":"!","time":"1.53267","counter":"275187","score":"-998"}
{"tag":"!","time":"1.53267","counter":"275199","score":"-997"}
{"tag":"!","time":"1.53267","counter":"275217","score":"-984"}
{"tag":"!","time":"1.53267","counter":"275232","score":"-979"}
{"tag":"!","time":"1.85387","counter":"332092","score":"-970"}
{"tag":"!","time":"1.85387","counter":"332357","score":"-953"}
{"tag":"!","time":"1.92649","counter":"345567","score":"-941"}
{"tag":"!","time":"1.92649","counter":"345577","score":"-935"}
{"tag":"!","time":"1.92649","counter":"345649","score":"-920"}
{"tag":"!","time":"2.72346","counter":"490631","score":"-915"}
{"tag":"!","time":"2.79369","counter":"502926","score":"-887"}
{"tag":"!","time":"2.79369","counter":"502938","score":"-880"}
{"tag":"!","time":"2.83672","counter":"510161","score":"-877"}
{"tag":"!","time":"2.83672","counter":"510167","score":"-871"}
{"tag":"!","time":"3.08367","counter":"554031","score":"-831"}
{"tag":"!","time":"3.08367","counter":"554109","score":"-818"}
{"tag":"!","time":"3.12914","counter":"562760","score":"-810"}
{"tag":"!","time":"3.38845","counter":"613435","score":"-798"}
{"tag":"!","time":"3.38845","counter":"613448","score":"-787"}
{"tag":"!","time":"3.38845","counter":"613462","score":"-784"}
{"tag":"!","time":"3.38845","counter":"613484","score":"-774"}
{"tag":"!","time":"3.38845","counter":"613489","score":"-756"}
{"tag":"!","time":"3.55129","counter":"642939","score":"-742"}
{"tag":"!","time":"3.55129","counter":"642994","score":"-731"}
{"tag":"!","time":"3.55648","counter":"643083","score":"-710"}
{"tag":"!","time":"4.05979","counter":"736985","score":"-706"}
{"tag":"!","time":"4.06522","counter":"737107","score":"-697"}
{"tag":"!","time":"4.10162","counter":"744165","score":"-681"}
{"tag":"!","time":"4.10162","counter":"744868","score":"-672"}
{"tag":"!","time":"4.11716","counter":"746042","score":"-669"}
{"tag":"!","time":"4.11716","counter":"746105","score":"-656"}
{"tag":"!","time":"4.11716","counter":"746372","score":"-647"}
{"tag":"!","time":"4.11716","counter":"746436","score":"-586"}
{"tag":"!","time":"4.62502","counter":"835468","score":"-578"}
{"tag":"!","time":"4.62502","counter":"835824","score":"-571"}
{"tag":"!","time":"4.65147","counter":"840933","score":"-568"}
{"tag":"!","time":"4.65147","counter":"840949","score":"-566"}
{"tag":"!","time":"4.65721","counter":"841080","score":"-565"}
{"tag":"!","time":"4.65721","counter":"841824","score":"-551"}
{"tag":"!","time":"4.66214","counter":"842490","score":"-532"}
{"tag":"!","time":"4.66214","counter":"842520","score":"-524"}
{"tag":"!","time":"4.84394","counter":"876091","score":"-500"}
{"tag":"!","time":"4.84394","counter":"876168","score":"-499"}
{"tag":"!","time":"4.84394","counter":"876629","score":"-490"}
{"tag":"!","time":"4.85026","counter":"877061","score":"-478"}
{"tag":"!","time":"4.85026","counter":"877234","score":"-470"}
{"tag":"!","time":"4.85026","counter":"877435","score":"-454"}
{"tag":"!","time":"5.59251","counter":"1012795","score":"-452"}
{"tag":"!","time":"5.70841","counter":"1033381","score":"-442"}
{"tag":"!","time":"5.70841","counter":"1033616","score":"-438"}
{"tag":"!","time":"5.71383","counter":"1034892","score":"-434"}
{"tag":"!","time":"5.71922","counter":"1035113","score":"-416"}
{"tag":"!","time":"5.71922","counter":"1035224","score":"-405"}
{"tag":"!","time":"5.72516","counter":"1036519","score":"-404"}
{"tag":"!","time":"5.73029","counter":"1037528","score":"-400"}
{"tag":"!","time":"5.74628","counter":"1040678","score":"-398"}
{"tag":"!","time":"5.8523","counter":"1060312","score":"-383"}
{"tag":"!","time":"5.90749","counter":"1071296","score":"-380"}
{"tag":"!","time":"5.90749","counter":"1071448","score":"-373"}
{"tag":"!","time":"5.91313","counter":"1072111","score":"-353"}
{"tag":"!","time":"5.91313","counter":"1072155","score":"-339"}
{"tag":"!","time":"5.98828","counter":"1086609","score":"-338"}
{"tag":"!","time":"5.98828","counter":"1086666","score":"-316"}
{"tag":"!","time":"5.99506","counter":"1087312","score":"-304"}
{"tag":"!","time":"6.41405","counter":"1162389","score":"-288"}
{"tag":"!","time":"6.43017","counter":"1165843","score":"-284"}
{"tag":"!","time":"6.43637","counter":"1166012","score":"-282"}
{"tag":"!","time":"6.43637","counter":"1166020","score":"-280"}
{"tag":"!","time":"6.44791","counter":"1168549","score":"-279"}
{"tag":"!","time":"6.44791","counter":"1168580","score":"-271"}
{"tag":"!","time":"6.48045","counter":"1174178","score":"-267"}
{"tag":"!","time":"6.49057","counter":"1176846","score":"-257"}
{"tag":"!","time":"6.49601","counter":"1177552","score":"-251"}
{"tag":"!","time":"6.61056","counter":"1199867","score":"-245"}
{"tag":"!","time":"6.65188","counter":"1207404","score":"-244"}
{"tag":"!","time":"6.65188","counter":"1207434","score":"-225"}
{"tag":"!","time":"7.00315","counter":"1277132","score":"-223"}
{"tag":"!","time":"7.00315","counter":"1277946","score":"-222"}
{"tag":"!","time":"7.00797","counter":"1278755","score":"-220"}
{"tag":"!","time":"7.00797","counter":"1278902","score":"-216"}
{"tag":"!","time":"7.0137","counter":"1279513","score":"-209"}
{"tag":"!","time":"7.0137","counter":"1279639","score":"-205"}
{"tag":"!","time":"7.02831","counter":"1282438","score":"-202"}
{"tag":"!","time":"7.5286","counter":"1384005","score":"-201"}
{"tag":"!","time":"7.61717","counter":"1402741","score":"-200"}
{"tag":"!","time":"7.68913","counter":"1416218","score":"-197"}
{"tag":"!","time":"7.68913","counter":"1416675","score":"-180"}
{"tag":"!","time":"7.70998","counter":"1420102","score":"-179"}
{"tag":"!","time":"7.70998","counter":"1420761","score":"-178"}
{"tag":"!","time":"7.80093","counter":"1439773","score":"-160"}
{"tag":"!","time":"7.8917","counter":"1457518","score":"-156"}
{"tag":"!","time":"7.9057","counter":"1460056","score":"-155"}
{"tag":"!","time":"7.93436","counter":"1466086","score":"-154"}
{"tag":"!","time":"7.95733","counter":"1471734","score":"-151"}
{"tag":"!","time":"8.15876","counter":"1510230","score":"-149"}
{"tag":"!","time":"8.25044","counter":"1527911","score":"-148"}
{"tag":"result","counter":"1543000","score":"-148"}
{"type":"sa","c":"1.01862","l":"0.00881608","score":"0.188621"}
