{"type":"greedy_loss","c":"1.07595","l":"0","score":"0.805944","h":"10","w":"17"}
{"s_comp":"0.112926","s_loss":"0.754073","T":"158","P":"0.749054"}
{"tag":"param","type":"sa","start_temp":"30","end_temp":"1","limit":"0.25"}
{"tag":"!","time":"1.79014e-05","counter":"0","score":"-754"}
{"tag":"!","time":"1.79014e-05","counter":"6","score":"-743"}
{"tag":"!","time":"1.79014e-05","counter":"7","score":"-737"}
{"tag":"!","time":"1.79014e-05","counter":"8","score":"-558"}
{"tag":"!","time":"1.79014e-05","counter":"376","score":"-551"}
{"tag":"!","time":"1.79014e-05","counter":"494","score":"-541"}
{"tag":"!","time":"0.0115904","counter":"3022","score":"-527"}
{"tag":"result","counter":"66000","score":"-527"}
{"type":"sa","c":"0.398734","l":"0.266835","score":"0.365635"}
{"tag":"param","type":"sa","start_temp":"30","end_temp":"1","limit":"0.25"}
{"tag":"!","time":"1.74979e-05","counter":"0","score":"-686"}
{"tag":"!","time":"1.74979e-05","counter":"2","score":"-566"}
{"tag":"!","time":"1.74979e-05","counter":"6","score":"-561"}
{"tag":"!","time":"1.74979e-05","counter":"30","score":"-548"}
{"tag":"!","time":"1.74979e-05","counter":"33","score":"-544"}
{"tag":"!","time":"1.74979e-05","counter":"37","score":"-537"}
{"tag":"!","time":"1.74979e-05","counter":"494","score":"-523"}
{"tag":"!","time":"1.74979e-05","counter":"727","score":"-504"}
{"tag":"result","counter":"62000","score":"-504"}
{"type":"sa","c":"0.443038","l":"0.25519","score":"0.395898"}
{"tag":"param","type":"sa","start_temp":"30","end_temp":"1","limit":"0.25"}
{"tag":"!","time":"0.000180709","counter":"0","score":"-530"}
{"tag":"!","time":"0.000180709","counter":"52","score":"-523"}
{"tag":"!","time":"0.000180709","counter":"175","score":"-522"}
{"tag":"!","time":"0.000180709","counter":"182","score":"-486"}
{"tag":"!","time":"0.000180709","counter":"187","score":"-484"}
{"tag":"!","time":"0.000180709","counter":"209","score":"-481"}
{"tag":"!","time":"0.00504299","counter":"1034","score":"-468"}
{"tag":"!","time":"0.0766169","counter":"18735","score":"-455"}
{"tag":"result","counter":"59000","score":"-455"}
{"type":"sa","c":"0.487342","l":"0.23038","score":"0.422858"}
{"tag":"param","type":"sa","start_temp":"30","end_temp":"1","limit":"0.25"}
{"tag":"!","time":"1.97807e-05","counter":"3","score":"-609"}
{"tag":"!","time":"1.97807e-05","counter":"6","score":"-557"}
{"tag":"!","time":"1.97807e-05","counter":"55","score":"-554"}
{"tag":"!","time":"1.97807e-05","counter":"67","score":"-534"}
{"tag":"!","time":"1.97807e-05","counter":"68","score":"-531"}
{"tag":"!","time":"1.97807e-05","counter":"242","score":"-523"}
{"tag":"!","time":"1.97807e-05","counter":"524","score":"-519"}
{"tag":"!","time":"1.97807e-05","counter":"539","score":"-514"}
{"tag":"!","time":"0.00453779","counter":"1355","score":"-498"}
{"tag":"!","time":"0.00453779","counter":"1367","score":"-479"}
{"tag":"result","counter":"59000","score":"-479"}
{"type":"sa","c":"0.455696","l":"0.242532","score":"0.402203"}
{"tag":"param","type":"sa","start_temp":"30","end_temp":"1","limit":"0.25"}
{"tag":"!","time":"1.81886e-05","counter":"3","score":"-612"}
{"tag":"!","time":"1.81886e-05","counter":"7","score":"-610"}
{"tag":"!","time":"1.81886e-05","counter":"9","score":"-593"}
{"tag":"!","time":"1.81886e-05","counter":"10","score":"-581"}
{"tag":"!","time":"1.81886e-05","counter":"24","score":"-548"}
{"tag":"!","time":"1.81886e-05","counter":"28","score":"-497"}
{"tag":"!","time":"1.81886e-05","counter":"45","score":"-485"}
{"tag":"!","time":"1.81886e-05","counter":"596","score":"-477"}
{"tag":"!","time":"1.81886e-05","counter":"675","score":"-470"}
{"tag":"!","time":"1.81886e-05","counter":"996","score":"-466"}
{"tag":"!","time":"0.00854803","counter":"2459","score":"-463"}
{"tag":"!","time":"0.00854803","counter":"2704","score":"-462"}
{"tag":"!","time":"0.0129903","counter":"3302","score":"-453"}
{"tag":"!","time":"0.0129903","counter":"3425","score":"-449"}
{"tag":"!","time":"0.0129903","counter":"3431","score":"-447"}
{"tag":"!","time":"0.0721269","counter":"16040","score":"-445"}
{"tag":"!","time":"0.127421","counter":"28209","score":"-438"}
{"tag":"result","counter":"57000","score":"-438"}
{"type":"sa","c":"0.506329","l":"0.221772","score":"0.434921"}
{"tag":"param","type":"sa","start_temp":"30","end_temp":"1","limit":"0.25"}
{"tag":"!","time":"1.98886e-05","counter":"1","score":"-550"}
{"tag":"!","time":"1.98886e-05","counter":"22","score":"-500"}
{"tag":"!","time":"1.98886e-05","counter":"28","score":"-482"}
{"tag":"!","time":"1.98886e-05","counter":"44","score":"-468"}
{"tag":"!","time":"1.98886e-05","counter":"46","score":"-451"}
{"tag":"!","time":"0.00460213","counter":"1293","score":"-422"}
{"tag":"!","time":"0.00460213","counter":"1339","score":"-409"}
{"tag":"!","time":"0.0638085","counter":"14642","score":"-407"}
{"tag":"!","time":"0.0729061","counter":"16771","score":"-403"}
{"tag":"result","counter":"56000","score":"-403"}
{"type":"sa","c":"0.556962","l":"0.204051","score":"0.4684"}
{"tag":"param","type":"sa","start_temp":"30","end_temp":"1","limit":"0.25"}
{"tag":"!","time":"1.93786e-05","counter":"2","score":"-609"}
{"tag":"!","time":"1.93786e-05","counter":"4","score":"-581"}
{"tag":"!","time":"1.93786e-05","counter":"9","score":"-569"}
{"tag":"!","time":"1.93786e-05","counter":"27","score":"-550"}
{"tag":"!","time":"1.93786e-05","counter":"30","score":"-548"}
{"tag":"!","time":"1.93786e-05","counter":"34","score":"-547"}
{"tag":"!","time":"1.93786e-05","counter":"41","score":"-545"}
{"tag":"!","time":"1.93786e-05","counter":"42","score":"-536"}
{"tag":"!","time":"1.93786e-05","counter":"58","score":"-530"}
{"tag":"!","time":"1.93786e-05","counter":"64","score":"-502"}
{"tag":"!","time":"1.93786e-05","counter":"253","score":"-499"}
{"tag":"!","time":"1.93786e-05","counter":"262","score":"-490"}
{"tag":"!","time":"1.93786e-05","counter":"292","score":"-480"}
{"tag":"!","time":"1.93786e-05","counter":"299","score":"-467"}
{"tag":"!","time":"1.93786e-05","counter":"708","score":"-461"}
{"tag":"!","time":"0.00930987","counter":"2661","score":"-460"}
{"tag":"!","time":"0.0274164","counter":"6931","score":"-436"}
{"tag":"!","time":"0.041031","counter":"9764","score":"-421"}
{"tag":"result","counter":"57000","score":"-421"}
{"type":"sa","c":"0.512658","l":"0.213165","score":"0.437501"}
{"tag":"param","type":"sa","start_temp":"30","end_temp":"1","limit":"0.25"}
{"tag":"!","time":"1.70264e-05","counter":"0","score":"-588"}
{"tag":"!","time":"1.70264e-05","counter":"1","score":"-570"}
{"tag":"!","time":"1.70264e-05","counter":"10","score":"-521"}
{"tag":"!","time":"1.70264e-05","counter":"55","score":"-518"}
{"tag":"!","time":"1.70264e-05","counter":"106","score":"-506"}
{"tag":"!","time":"1.70264e-05","counter":"159","score":"-504"}
{"tag":"!","time":"1.70264e-05","counter":"161","score":"-493"}
{"tag":"!","time":"1.70264e-05","counter":"175","score":"-483"}
{"tag":"!","time":"1.70264e-05","counter":"177","score":"-476"}
{"tag":"!","time":"1.70264e-05","counter":"229","score":"-472"}
{"tag":"!","time":"1.70264e-05","counter":"389","score":"-451"}
{"tag":"!","time":"1.70264e-05","counter":"454","score":"-441"}
{"tag":"!","time":"1.70264e-05","counter":"820","score":"-439"}
{"tag":"!","time":"1.70264e-05","counter":"926","score":"-438"}
{"tag":"!","time":"0.00480896","counter":"1339","score":"-431"}
{"tag":"!","time":"0.00480896","counter":"1438","score":"-415"}
{"tag":"!","time":"0.028105","counter":"6073","score":"-414"}
{"tag":"!","time":"0.028105","counter":"6084","score":"-405"}
{"tag":"!","time":"0.0329197","counter":"7062","score":"-404"}
{"tag":"!","time":"0.0566494","counter":"12425","score":"-393"}
{"tag":"!","time":"0.121074","counter":"26129","score":"-390"}
{"tag":"result","counter":"55000","score":"-390"}
{"type":"sa","c":"0.56962","l":"0.197468","score":"0.47623"}
{"tag":"param","type":"sa","start_temp":"30","end_temp":"1","limit":"0.25"}
{"tag":"!","time":"2.23243e-05","counter":"2","score":"-559"}
{"tag":"!","time":"2.23243e-05","counter":"8","score":"-545"}
{"tag":"!","time":"2.23243e-05","counter":"17","score":"-525"}
{"tag":"!","time":"2.23243e-05","counter":"19","score":"-516"}
{"tag":"!","time":"2.23243e-05","counter":"21","score":"-510"}
{"tag":"!","time":"2.23243e-05","counter":"22","score":"-477"}
{"tag":"!","time":"2.23243e-05","counter":"25","score":"-465"}
{"tag":"!","time":"2.23243e-05","counter":"27","score":"-426"}
{"tag":"!","time":"2.23243e-05","counter":"39","score":"-423"}
{"tag":"!","time":"2.23243e-05","counter":"116","score":"-411"}
{"tag":"!","time":"2.23243e-05","counter":"805","score":"-390"}
{"tag":"!","time":"2.23243e-05","counter":"885","score":"-378"}
{"tag":"!","time":"0.00481309","counter":"1147","score":"-364"}
{"tag":"!","time":"0.136196","counter":"29996","score":"-361"}
{"tag":"result","counter":"53000","score":"-361"}
{"type":"sa","c":"0.626582","l":"0.182785","score":"0.515213"}
{"tag":"param","type":"sa","start_temp":"30","end_temp":"1","limit":"0.25"}
{"tag":"!","time":"2.13057e-05","counter":"0","score":"-485"}
{"tag":"!","time":"2.13057e-05","counter":"2","score":"-450"}
{"tag":"!","time":"2.13057e-05","counter":"3","score":"-408"}
{"tag":"!","time":"2.13057e-05","counter":"6","score":"-248"}
{"tag":"!","time":"2.13057e-05","counter":"14","score":"-236"}
{"tag":"!","time":"2.13057e-05","counter":"31","score":"-232"}
{"tag":"!","time":"2.13057e-05","counter":"103","score":"-195"}
{"tag":"!","time":"2.13057e-05","counter":"107","score":"-179"}
{"tag":"!","time":"2.13057e-05","counter":"112","score":"-145"}
{"tag":"!","time":"2.13057e-05","counter":"115","score":"-108"}
{"tag":"!","time":"0.00470787","counter":"1765","score":"-81"}
{"tag":"!","time":"0.00470787","counter":"1787","score":"-77"}
{"tag":"!","time":"0.0176815","counter":"4565","score":"-75"}
{"tag":"!","time":"0.030846","counter":"7131","score":"-74"}
{"tag":"!","time":"0.0406354","counter":"9764","score":"-69"}
{"tag":"!","time":"0.0448538","counter":"10034","score":"-66"}
{"tag":"!","time":"0.0537595","counter":"12697","score":"-64"}
{"tag":"!","time":"0.0582132","counter":"13777","score":"-49"}
{"tag":"result","counter":"61000","score":"-49"}
{"type":"sa","c":"1.06329","l":"0.0248101","score":"0.802688"}
{"tag":"param","type":"sa","start_temp":"30","end_temp":"1","limit":"0.25"}
{"tag":"!","time":"2.16464e-05","counter":"0","score":"-224"}
{"tag":"!","time":"2.16464e-05","counter":"8","score":"-186"}
{"tag":"!","time":"2.16464e-05","counter":"9","score":"-184"}
{"tag":"!","time":"2.16464e-05","counter":"12","score":"-85"}
{"tag":"!","time":"2.16464e-05","counter":"14","score":"-9"}
{"tag":"!","time":"2.16464e-05","counter":"20","score":"0"}
{"tag":"result","counter":"74000","score":"0"}
{"type":"sa","c":"2.0443","l":"0","score":"1.53129"}
{"tag":"param","type":"sa","start_temp":"30","end_temp":"1","limit":"6.21891"}
{"tag":"!","time":"2.25471e-05","counter":"1","score":"-712"}
{"tag":"!","time":"2.25471e-05","counter":"2","score":"-670"}
{"tag":"!","time":"2.25471e-05","counter":"6","score":"-667"}
{"tag":"!","time":"2.25471e-05","counter":"12","score":"-637"}
{"tag":"!","time":"2.25471e-05","counter":"13","score":"-631"}
{"tag":"!","time":"2.25471e-05","counter":"32","score":"-601"}
{"tag":"!","time":"2.25471e-05","counter":"33","score":"-597"}
{"tag":"!","time":"2.25471e-05","counter":"40","score":"-595"}
{"tag":"!","time":"2.25471e-05","counter":"55","score":"-572"}
{"tag":"!","time":"2.25471e-05","counter":"56","score":"-562"}
{"tag":"!","time":"2.25471e-05","counter":"57","score":"-560"}
{"tag":"!","time":"2.25471e-05","counter":"210","score":"-554"}
{"tag":"!","time":"2.25471e-05","counter":"218","score":"-527"}
{"tag":"result","counter":"1645000","score":"-527"}
{"type":"sa","c":"0.398734","l":"0.266835","score":"0.365635"}
