{"type":"greedy_loss","c":"1.09234","l":"0","score":"0.107281","h":"10","w":"291"}
{"type":"greedy_loss","c":"1.06982","l":"0","score":"0.105069","h":"285","w":"10"}
{"type":"greedy_loss","c":"1.06982","l":"0","score":"0.105069","h":"285","w":"10"}
{"type":"greedy_loss","c":"1.06982","l":"0","score":"0.105069","h":"285","w":"10"}
{"type":"greedy_loss","c":"1.06982","l":"0","score":"0.105069","h":"285","w":"10"}
{"type":"greedy_loss","c":"1.06982","l":"0","score":"0.105069","h":"285","w":"10"}
{"type":"greedy_loss","c":"1.06982","l":"0","score":"0.105069","h":"285","w":"10"}
{"type":"greedy_loss","c":"1.06982","l":"0","score":"0.105069","h":"285","w":"10"}
{"type":"greedy_loss","c":"1.06982","l":"0","score":"0.105069","h":"285","w":"10"}
{"type":"greedy_loss","c":"1.06982","l":"0","score":"0.105069","h":"285","w":"10"}
{"type":"greedy_loss","c":"1.06982","l":"0","score":"0.105069","h":"285","w":"10"}
{"type":"greedy_loss","c":"1.06982","l":"0","score":"0.105069","h":"285","w":"10"}
{"type":"greedy_loss","c":"1.08596","l":"0","score":"0.106654","h":"263","w":"11"}
{"type":"greedy_loss","c":"1.07207","l":"0","score":"0.10529","h":"12","w":"238"}
{"type":"greedy_loss","c":"1.03604","l":"0","score":"0.101751","h":"230","w":"12"}
{"type":"greedy_loss","c":"1.06869","l":"0","score":"0.104958","h":"13","w":"219"}
{"type":"greedy_loss","c":"1.06869","l":"0","score":"0.104958","h":"219","w":"13"}
{"type":"greedy_loss","c":"1.05856","l":"0","score":"0.103963","h":"15","w":"188"}
{"type":"greedy_loss","c":"1.08859","l":"0","score":"0.106912","h":"145","w":"20"}
{"type":"greedy_loss","c":"1.08859","l":"0","score":"0.106912","h":"145","w":"20"}
{"type":"greedy_loss","c":"1.08859","l":"0","score":"0.106912","h":"145","w":"20"}
{"type":"greedy_loss","c":"1.08859","l":"0","score":"0.106912","h":"145","w":"20"}
{"type":"greedy_loss","c":"1.08859","l":"0","score":"0.106912","h":"145","w":"20"}
{"type":"greedy_loss","c":"1.08859","l":"0","score":"0.106912","h":"145","w":"20"}
{"type":"greedy_loss","c":"1.08859","l":"0","score":"0.106912","h":"145","w":"20"}
{"type":"greedy_loss","c":"1.07357","l":"0","score":"0.105437","h":"55","w":"52"}
{"type":"greedy_loss","c":"1.07357","l":"0","score":"0.105437","h":"55","w":"52"}
{"type":"greedy_loss","c":"1.07357","l":"0","score":"0.105437","h":"55","w":"52"}
{"type":"greedy_loss","c":"1.07357","l":"0","score":"0.105437","h":"55","w":"52"}
{"type":"greedy_loss","c":"1.07357","l":"0","score":"0.105437","h":"55","w":"52"}
{"type":"greedy_loss","c":"1.07357","l":"0","score":"0.105437","h":"55","w":"52"}
{"type":"greedy_loss","c":"1.08333","l":"0","score":"0.106396","h":"39","w":"74"}
{"s_comp":"0.405805","s_loss":"0.116247","T":"2664","P":"0.0982117"}
{"tag":"param","type":"sa","start_temp":"30","end_temp":"1","limit":"8.96634"}
{"tag":"!","time":"1.86564e-05","counter":"1","score":"-8088"}
{"tag":"!","time":"1.86564e-05","counter":"3","score":"-8032"}
{"tag":"!","time":"1.86564e-05","counter":"4","score":"-7948"}
{"tag":"!","time":"1.86564e-05","counter":"5","score":"-7840"}
{"tag":"!","time":"1.86564e-05","counter":"8","score":"-7730"}
{"tag":"!","time":"1.86564e-05","counter":"9","score":"-7563"}
{"tag":"!","time":"1.86564e-05","counter":"10","score":"-7556"}
{"tag":"!","time":"1.86564e-05","counter":"13","score":"-7500"}
{"tag":"!","time":"1.86564e-05","counter":"14","score":"-7454"}
{"tag":"!","time":"1.86564e-05","counter":"16","score":"-7354"}
{"tag":"!","time":"1.86564e-05","counter":"20","score":"-7305"}
{"tag":"!","time":"1.86564e-05","counter":"21","score":"-7299"}
{"tag":"!","time":"1.86564e-05","counter":"24","score":"-7248"}
{"tag":"!","time":"1.86564e-05","counter":"28","score":"-7181"}
{"tag":"!","time":"1.86564e-05","counter":"32","score":"-7153"}
{"tag":"!","time":"1.86564e-05","counter":"33","score":"-7046"}
{"tag":"!","time":"1.86564e-05","counter":"34","score":"-6952"}
{"tag":"!","time":"1.86564e-05","counter":"39","score":"-6880"}
{"tag":"!","time":"1.86564e-05","counter":"41","score":"-6751"}
{"tag":"!","time":"1.86564e-05","counter":"42","score":"-6529"}
{"tag":"!","time":"1.86564e-05","counter":"43","score":"-6439"}
{"tag":"!","time":"1.86564e-05","counter":"45","score":"-6317"}
{"tag":"!","time":"1.86564e-05","counter":"47","score":"-6274"}
{"tag":"!","time":"1.86564e-05","counter":"49","score":"-6273"}
{"tag":"!","time":"1.86564e-05","counter":"51","score":"-6261"}
{"tag":"!","time":"1.86564e-05","counter":"53","score":"-6260"}
{"tag":"!","time":"1.86564e-05","counter":"57","score":"-6134"}
{"tag":"!","time":"1.86564e-05","counter":"59","score":"-6055"}
{"tag":"!","time":"1.86564e-05","counter":"61","score":"-5932"}
{"tag":"!","time":"1.86564e-05","counter":"67","score":"-5894"}
{"tag":"!","time":"1.86564e-05","counter":"80","score":"-5816"}
{"tag":"!","time":"1.86564e-05","counter":"81","score":"-5815"}
{"tag":"!","time":"1.86564e-05","counter":"83","score":"-5700"}
{"tag":"!","time":"1.86564e-05","counter":"85","score":"-5605"}
{"tag":"!","time":"1.86564e-05","counter":"100","score":"-5560"}
{"tag":"!","time":"1.86564e-05","counter":"105","score":"-5539"}
{"tag":"!","time":"1.86564e-05","counter":"106","score":"-5450"}
{"tag":"!","time":"1.86564e-05","counter":"108","score":"-5340"}
{"tag":"!","time":"1.86564e-05","counter":"115","score":"-5200"}
{"tag":"!","time":"1.86564e-05","counter":"165","score":"-5199"}
{"tag":"!","time":"1.86564e-05","counter":"172","score":"-5031"}
{"tag":"!","time":"1.86564e-05","counter":"174","score":"-4954"}
{"tag":"!","time":"1.86564e-05","counter":"176","score":"-4947"}
{"tag":"!","time":"1.86564e-05","counter":"182","score":"-4922"}
{"tag":"!","time":"1.86564e-05","counter":"183","score":"-4895"}
{"tag":"!","time":"1.86564e-05","counter":"186","score":"-4874"}
{"tag":"!","time":"1.86564e-05","counter":"187","score":"-4850"}
{"tag":"!","time":"1.86564e-05","counter":"207","score":"-4796"}
{"tag":"!","time":"1.86564e-05","counter":"210","score":"-4773"}
{"tag":"!","time":"1.86564e-05","counter":"219","score":"-4747"}
{"tag":"!","time":"1.86564e-05","counter":"263","score":"-4741"}
{"tag":"!","time":"1.86564e-05","counter":"265","score":"-4738"}
{"tag":"!","time":"1.86564e-05","counter":"414","score":"-4722"}
{"tag":"!","time":"1.86564e-05","counter":"416","score":"-4666"}
{"tag":"!","time":"1.86564e-05","counter":"418","score":"-4475"}
{"tag":"!","time":"1.86564e-05","counter":"421","score":"-4421"}
{"tag":"!","time":"1.86564e-05","counter":"428","score":"-4282"}
{"tag":"!","time":"1.86564e-05","counter":"429","score":"-4275"}
{"tag":"!","time":"1.86564e-05","counter":"494","score":"-4249"}
{"tag":"!","time":"1.86564e-05","counter":"500","score":"-4229"}
{"tag":"!","time":"1.86564e-05","counter":"514","score":"-4190"}
{"tag":"!","time":"1.86564e-05","counter":"523","score":"-4187"}
{"tag":"!","time":"1.86564e-05","counter":"610","score":"-4184"}
{"tag":"!","time":"1.86564e-05","counter":"620","score":"-4151"}
{"tag":"!","time":"1.86564e-05","counter":"655","score":"-4133"}
{"tag":"!","time":"1.86564e-05","counter":"722","score":"-4051"}
{"tag":"!","time":"1.86564e-05","counter":"727","score":"-4013"}
{"tag":"!","time":"1.86564e-05","counter":"728","score":"-4009"}
{"tag":"!","time":"1.86564e-05","counter":"817","score":"-3984"}
{"tag":"!","time":"1.86564e-05","counter":"828","score":"-3923"}
{"tag":"!","time":"1.86564e-05","counter":"830","score":"-3852"}
{"tag":"!","time":"1.86564e-05","counter":"832","score":"-3814"}
{"tag":"!","time":"1.86564e-05","counter":"876","score":"-3748"}
{"tag":"!","time":"1.86564e-05","counter":"899","score":"-3745"}
{"tag":"!","time":"1.86564e-05","counter":"902","score":"-3734"}
{"tag":"!","time":"1.86564e-05","counter":"912","score":"-3717"}
{"tag":"!","time":"0.00794374","counter":"1169","score":"-3692"}
{"tag":"!","time":"0.00794374","counter":"1239","score":"-3677"}
{"tag":"!","time":"0.00794374","counter":"1247","score":"-3666"}
{"tag":"!","time":"0.00794374","counter":"1264","score":"-3658"}
{"tag":"!","time":"0.00794374","counter":"1285","score":"-3642"}
{"tag":"!","time":"0.00794374","counter":"1307","score":"-3617"}
{"tag":"!","time":"0.00794374","counter":"1308","score":"-3573"}
{"tag":"!","time":"0.00794374","counter":"1309","score":"-3535"}
{"tag":"!","time":"0.00794374","counter":"1320","score":"-3525"}
{"tag":"!","time":"0.00794374","counter":"1330","score":"-3500"}
{"tag":"!","time":"0.00794374","counter":"1348","score":"-3496"}
{"tag":"!","time":"0.00794374","counter":"1389","score":"-3477"}
{"tag":"!","time":"0.00794374","counter":"1533","score":"-3460"}
{"tag":"!","time":"0.00794374","counter":"1540","score":"-3426"}
{"tag":"!","time":"0.00794374","counter":"1541","score":"-3415"}
{"tag":"!","time":"0.00794374","counter":"1551","score":"-3397"}
{"tag":"!","time":"0.00794374","counter":"1553","score":"-3366"}
{"tag":"!","time":"0.00794374","counter":"1574","score":"-3346"}
{"tag":"!","time":"0.00794374","counter":"1578","score":"-3329"}
{"tag":"!","time":"0.00794374","counter":"1582","score":"-3284"}
{"tag":"!","time":"0.00794374","counter":"1603","score":"-3273"}
{"tag":"!","time":"0.00794374","counter":"1623","score":"-3209"}
{"tag":"!","time":"0.00794374","counter":"1631","score":"-3172"}
{"tag":"!","time":"0.00794374","counter":"1772","score":"-3162"}
{"tag":"!","time":"0.00794374","counter":"1798","score":"-3147"}
{"tag":"!","time":"0.00794374","counter":"1803","score":"-3137"}
{"tag":"!","time":"0.0279102","counter":"4245","score":"-3134"}
{"tag":"!","time":"0.0279102","counter":"4338","score":"-3118"}
{"tag":"!","time":"0.0279102","counter":"4359","score":"-3082"}
{"tag":"!","time":"0.0279102","counter":"4382","score":"-3051"}
{"tag":"!","time":"0.0279102","counter":"4423","score":"-3009"}
{"tag":"!","time":"0.0279102","counter":"4425","score":"-2998"}
{"tag":"!","time":"0.12577","counter":"19103","score":"-2990"}
{"tag":"!","time":"0.12577","counter":"19104","score":"-2925"}
{"tag":"!","time":"0.12577","counter":"19109","score":"-2901"}
{"tag":"!","time":"0.12577","counter":"19119","score":"-2884"}
{"tag":"!","time":"0.12577","counter":"19124","score":"-2840"}
{"tag":"!","time":"0.12577","counter":"19134","score":"-2801"}
{"tag":"!","time":"0.12577","counter":"19195","score":"-2799"}
{"tag":"!","time":"0.12577","counter":"19227","score":"-2762"}
{"tag":"!","time":"0.12577","counter":"19232","score":"-2706"}
{"tag":"!","time":"0.241435","counter":"37488","score":"-2650"}
{"tag":"!","time":"0.241435","counter":"37491","score":"-2649"}
{"tag":"!","time":"0.2477","counter":"38694","score":"-2624"}
{"tag":"!","time":"0.2477","counter":"38818","score":"-2604"}
{"tag":"!","time":"0.2477","counter":"38819","score":"-2571"}
{"tag":"!","time":"0.835281","counter":"129267","score":"-2565"}
{"tag":"!","time":"0.835281","counter":"129308","score":"-2509"}
{"tag":"!","time":"0.835281","counter":"129345","score":"-2501"}
{"tag":"!","time":"0.835281","counter":"129357","score":"-2482"}
{"tag":"!","time":"0.835281","counter":"129360","score":"-2477"}
{"tag":"!","time":"0.835281","counter":"129478","score":"-2430"}
{"tag":"!","time":"0.835281","counter":"129480","score":"-2423"}
{"tag":"!","time":"0.835281","counter":"129507","score":"-2405"}
{"tag":"!","time":"0.835281","counter":"129510","score":"-2404"}
{"tag":"!","time":"0.835281","counter":"129517","score":"-2373"}
{"tag":"!","time":"0.835281","counter":"129526","score":"-2345"}
{"tag":"!","time":"0.835281","counter":"129529","score":"-2343"}
{"tag":"!","time":"0.835281","counter":"129542","score":"-2315"}
{"tag":"!","time":"0.835281","counter":"129561","score":"-2305"}
{"tag":"!","time":"0.835281","counter":"129562","score":"-2262"}
{"tag":"!","time":"0.835281","counter":"129564","score":"-2243"}
{"tag":"!","time":"2.30659","counter":"366377","score":"-2200"}
{"tag":"!","time":"2.35586","counter":"374573","score":"-2196"}
{"tag":"!","time":"2.35586","counter":"374583","score":"-2180"}
{"tag":"!","time":"2.35586","counter":"374646","score":"-2166"}
{"tag":"!","time":"2.35586","counter":"374654","score":"-2118"}
{"tag":"!","time":"2.54846","counter":"404026","score":"-2111"}
{"tag":"!","time":"2.54846","counter":"404836","score":"-2104"}
{"tag":"!","time":"2.54846","counter":"404857","score":"-2063"}
{"tag":"!","time":"2.58587","counter":"410015","score":"-2012"}
{"tag":"!","time":"2.58587","counter":"410031","score":"-1980"}
{"tag":"!","time":"2.58587","counter":"410037","score":"-1978"}
{"tag":"!","time":"2.59218","counter":"411176","score":"-1960"}
{"tag":"!","time":"2.70178","counter":"429233","score":"-1957"}
{"tag":"!","time":"2.70178","counter":"429235","score":"-1944"}
{"tag":"!","time":"3.34574","counter":"530248","score":"-1922"}
{"tag":"!","time":"3.37053","counter":"534528","score":"-1897"}
{"tag":"!","time":"3.37053","counter":"534538","score":"-1835"}
{"tag":"!","time":"3.55059","counter":"563896","score":"-1825"}
{"tag":"!","time":"3.55059","counter":"563908","score":"-1795"}
{"tag":"!","time":"3.55059","counter":"563946","score":"-1789"}
{"tag":"!","time":"3.56317","counter":"565028","score":"-1751"}
{"tag":"!","time":"3.82551","counter":"607289","score":"-1735"}
{"tag":"!","time":"3.83149","counter":"608294","score":"-1725"}
{"tag":"!","time":"3.83149","counter":"608331","score":"-1691"}
{"tag":"!","time":"3.83149","counter":"608334","score":"-1687"}
{"tag":"!","time":"3.83149","counter":"608587","score":"-1680"}
{"tag":"!","time":"3.83149","counter":"608592","score":"-1676"}
{"tag":"!","time":"3.83149","counter":"608618","score":"-1668"}
{"tag":"!","time":"3.83149","counter":"608639","score":"-1645"}
{"tag":"!","time":"3.83149","counter":"608680","score":"-1638"}
{"tag":"!","time":"3.84547","counter":"610443","score":"-1627"}
{"tag":"!","time":"3.84547","counter":"610444","score":"-1605"}
{"tag":"!","time":"4.19459","counter":"666566","score":"-1598"}
{"tag":"!","time":"4.19459","counter":"666570","score":"-1573"}
{"tag":"!","time":"4.19459","counter":"666580","score":"-1568"}
{"tag":"!","time":"4.40625","counter":"700207","score":"-1559"}
{"tag":"!","time":"4.40625","counter":"700211","score":"-1548"}
{"tag":"!","time":"4.42457","counter":"703259","score":"-1546"}
{"tag":"!","time":"4.42457","counter":"703270","score":"-1545"}
{"tag":"!","time":"4.42457","counter":"703393","score":"-1501"}
{"tag":"!","time":"4.42457","counter":"703553","score":"-1478"}
{"tag":"!","time":"4.65532","counter":"739559","score":"-1457"}
{"tag":"!","time":"4.73021","counter":"751060","score":"-1426"}
{"tag":"!","time":"4.73021","counter":"751087","score":"-1418"}
{"tag":"!","time":"4.73021","counter":"751291","score":"-1406"}
{"tag":"!","time":"4.73021","counter":"751309","score":"-1400"}
{"tag":"!","time":"4.79074","counter":"760590","score":"-1380"}
{"tag":"!","time":"4.79074","counter":"760625","score":"-1379"}
{"tag":"!","time":"4.79074","counter":"760773","score":"-1330"}
{"tag":"!","time":"4.79729","counter":"761243","score":"-1292"}
{"tag":"!","time":"4.79729","counter":"761415","score":"-1287"}
{"tag":"!","time":"4.79729","counter":"761418","score":"-1283"}
{"tag":"!","time":"4.79729","counter":"761425","score":"-1272"}
{"tag":"!","time":"4.79729","counter":"761560","score":"-1270"}
{"tag":"!","time":"4.8043","counter":"762389","score":"-1236"}
{"tag":"!","time":"4.8043","counter":"762660","score":"-1225"}
{"tag":"!","time":"4.81103","counter":"763604","score":"-1218"}
{"tag":"!","time":"4.81103","counter":"763713","score":"-1217"}
{"tag":"!","time":"4.81103","counter":"763718","score":"-1212"}
{"tag":"!","time":"4.87626","counter":"773483","score":"-1179"}
{"tag":"!","time":"4.87626","counter":"773501","score":"-1177"}
{"tag":"!","time":"4.87626","counter":"773539","score":"-1174"}
{"tag":"!","time":"4.87626","counter":"773550","score":"-1172"}
{"tag":"!","time":"4.87626","counter":"773557","score":"-1165"}
{"tag":"!","time":"4.87626","counter":"773571","score":"-1154"}
{"tag":"!","time":"4.87626","counter":"773589","score":"-1146"}
{"tag":"!","time":"4.87626","counter":"773726","score":"-1132"}
{"tag":"!","time":"4.8841","counter":"774699","score":"-1127"}
{"tag":"!","time":"4.89206","counter":"775113","score":"-1092"}
{"tag":"!","time":"4.89206","counter":"775259","score":"-1055"}
{"tag":"!","time":"4.89206","counter":"775278","score":"-1051"}
{"tag":"!","time":"4.89206","counter":"775519","score":"-1039"}
{"tag":"!","time":"5.45684","counter":"862524","score":"-1037"}
{"tag":"!","time":"5.45684","counter":"862599","score":"-1029"}
{"tag":"!","time":"5.50677","counter":"870546","score":"-1023"}
{"tag":"!","time":"5.97701","counter":"946855","score":"-992"}
{"tag":"!","time":"5.97701","counter":"946863","score":"-981"}
{"tag":"!","time":"5.98331","counter":"947292","score":"-971"}
{"tag":"!","time":"5.98331","counter":"947387","score":"-955"}
{"tag":"!","time":"5.98331","counter":"947935","score":"-951"}
{"tag":"!","time":"5.98331","counter":"947940","score":"-938"}
{"tag":"!","time":"5.98975","counter":"948026","score":"-919"}
{"tag":"!","time":"6.09431","counter":"965368","score":"-917"}
{"tag":"!","time":"6.09431","counter":"965597","score":"-912"}
{"tag":"!","time":"6.09431","counter":"965694","score":"-887"}
{"tag":"!","time":"6.19269","counter":"981748","score":"-868"}
{"tag":"!","time":"6.1988","counter":"982020","score":"-836"}
{"tag":"!","time":"6.22967","counter":"987652","score":"-824"}
{"tag":"!","time":"6.23604","counter":"988194","score":"-823"}
{"tag":"!","time":"6.24244","counter":"989443","score":"-819"}
{"tag":"!","time":"6.24244","counter":"989782","score":"-808"}
{"tag":"!","time":"6.49332","counter":"1030788","score":"-803"}
{"tag":"!","time":"6.49947","counter":"1031485","score":"-795"}
{"tag":"!","time":"6.5854","counter":"1045584","score":"-788"}
{"tag":"!","time":"6.69657","counter":"1063327","score":"-778"}
{"tag":"!","time":"6.70271","counter":"1064123","score":"-775"}
{"tag":"!","time":"6.70271","counter":"1064230","score":"-768"}
{"tag":"!","time":"6.90497","counter":"1097258","score":"-755"}
{"tag":"!","time":"6.90497","counter":"1097547","score":"-747"}
{"tag":"!","time":"6.9292","counter":"1101148","score":"-745"}
{"tag":"!","time":"6.9292","counter":"1101435","score":"-718"}
{"tag":"!","time":"6.93542","counter":"1102517","score":"-712"}
{"tag":"!","time":"6.93542","counter":"1102897","score":"-711"}
{"tag":"!","time":"6.94144","counter":"1103278","score":"-684"}
{"tag":"!","time":"6.94144","counter":"1103462","score":"-671"}
{"tag":"!","time":"6.94761","counter":"1104450","score":"-653"}
{"tag":"!","time":"7.06305","counter":"1123524","score":"-646"}
{"tag":"!","time":"7.06305","counter":"1123739","score":"-639"}
{"tag":"!","time":"7.10509","counter":"1130395","score":"-634"}
{"tag":"!","time":"7.12344","counter":"1133186","score":"-611"}
{"tag":"!","time":"7.12344","counter":"1133232","score":"-602"}
{"tag":"!","time":"7.12344","counter":"1133254","score":"-597"}
{"tag":"!","time":"7.12344","counter":"1133737","score":"-589"}
{"tag":"!","time":"7.12996","counter":"1134530","score":"-580"}
{"tag":"!","time":"7.13601","counter":"1135080","score":"-572"}
{"tag":"!","time":"7.13601","counter":"1135602","score":"-569"}
{"tag":"!","time":"7.1849","counter":"1143513","score":"-568"}
{"tag":"!","time":"7.1849","counter":"1143754","score":"-566"}
{"tag":"!","time":"7.1849","counter":"1143821","score":"-564"}
{"tag":"!","time":"7.1909","counter":"1144603","score":"-557"}
{"tag":"!","time":"7.1909","counter":"1144768","score":"-552"}
{"tag":"!","time":"7.23387","counter":"1151122","score":"-549"}
{"tag":"!","time":"7.24063","counter":"1152103","score":"-544"}
{"tag":"!","time":"7.80999","counter":"1245954","score":"-534"}
{"tag":"!","time":"7.84087","counter":"1250829","score":"-531"}
{"tag":"!","time":"7.88956","counter":"1258099","score":"-519"}
{"tag":"!","time":"7.88956","counter":"1258510","score":"-517"}
{"tag":"!","time":"7.88956","counter":"1258911","score":"-495"}
{"tag":"!","time":"7.90779","counter":"1261939","score":"-492"}
{"tag":"!","time":"8.06762","counter":"1287714","score":"-488"}
{"tag":"!","time":"8.13537","counter":"1298011","score":"-485"}
{"tag":"!","time":"8.15993","counter":"1302648","score":"-482"}
{"tag":"!","time":"8.15993","counter":"1302962","score":"-476"}
{"tag":"!","time":"8.19047","counter":"1307253","score":"-471"}
{"tag":"!","time":"8.49069","counter":"1356322","score":"-461"}
{"tag":"!","time":"8.52119","counter":"1361072","score":"-459"}
{"tag":"!","time":"8.69519","counter":"1389892","score":"-454"}
{"tag":"!","time":"8.72058","counter":"1393562","score":"-449"}
{"tag":"!","time":"8.80195","counter":"1406580","score":"-445"}
{"tag":"!","time":"8.87586","counter":"1418052","score":"-435"}
{"tag":"result","counter":"1433000","score":"-435"}
{"type":"sa","c":"1.01464","l":"0.0130631","score":"0.11143"}
