230
BEVCVWHHTSYB
BCISXABBMUTB
QEJHODEBMZXV
NXVBAPFIZYZZ
IKERTSOJBBJA
UUOSCODHDKDH
TAJJYSXEITAM
KUDGNSTEFHKQ
FMWHKRGJMVVR
VUIISGYIGUYM
HEAUDPFZSSOF
INZBUDSTGIIH
TWOWLZTXHEAN
QXVYGKEUFSLV
SNGKBEKXFPVM
HFQYEKCEFFEZ
RWZNPBZVKUPO
SYQYTCHUQVTS
HXSTOEGRLIMD
SXPOWEJOVNFT
JBJAMYZCFRJI
TPXBTOOJQGKR
DYOKRBBERXTP
EQCYNNLQCWAX
KIEJWHBPWCNN
NDPZVUZTLIQB
VDFSOTHJHDYI
WALNWYFIRSYI
DAZTSXJVUDJF
ELOFNRZQMVZM
ZAUXNUGJILLJ
XRAHMFGAOZFO
MDYLWZPETPPP
NUTRKPFOISUS
VOAZAVQLFIGA
CWECAOULBRGX
FSOXIVVRFGPL
PLGNVHAZHKHM
TZJILHDUCUAA
WCQMMUUMTUAA
VLULKYTSKOAA
LDOSZJSBZEAA
NJHNXTEIZVAA
ZCNRUYAKTAAA
YAEISOHJJWJD
NRRZGGHEFOYG
NLOOUZZCVADK
VZIAOCUKXIJT
HNSNGARMSWCD
TPAPGNAPFOZC
IFSLUSMTJODH
FVZGIZULLMNN
ECIUGIFRYCXV
FPYEPWXSJRAA
XQCRIPQKQTAA
ARXMXQXZBYAA
OIPCEBQURNAA
TGSVFIKAMBRQ
OXRULMJIMTTU
IJPHODGYYXAH
XBMKFSCERBPR
HWWSUOZNCBGV
KDMPWJWTTWWR
RHSNEILZYMFU
GNDHUFPNWJPP
JYTKHKSOTXDR
QTUDSEFLRBAA
UIQXICPOEVQA
KRJDEMGXKHBG
HLHBRRAFOFMV
OQBJWEMTOZGM
QGZSUZLBOSFT
TRHERWCZJWJK
DMWCMZLDCHEL
USOMLFMKYEKQ
YDWIIFGEEICR
NYOEMCGFNAOF
TKODLBKMVZFN
LRKMVUQEISPL
IAVSLCIWCNHE
LIEBOPTOIBXK
BVAZJINAHGUZ
DVBQZUNNSDHU
RQKYFLEJRLYH
ROYZADPSNKUF
GSWZWZRMQXPH
EMHFZVAVOAAA
XPNUSKRPBAAA
PERKRJTBSAAA
PGLLMBPTCNUK
OODYGXBDAZED
PRJAPNVAETRR
KFPOPLJMHYDD
UXOXYGXUVCPR
HUKGAJOVHAYN
YFLVDERFNQTU
USHKXBZTXIKA
JFTFQMQLRMRA
CGTELRGNIKPA
XEBNUQKZIKMA
AUINGIBWJBEA
HNXAIINQWSES
EXOFZCPKQEDP
IGQSDMQOXQTR
KZSNXXQHRHDY
BFHCDFYIZMRX
RSCXQQJVYDMZ
BOGKKJNRFIMA
IHTZOTBOFAWA
YNBPSPZHDOOA
GMHPMXTAYRAS
JGNUYNATXNRA
ZPQXFVYPLEAP
MQMJNPLTUFPT
GURMFOHMQAAA
HOJGUEEIPAAA
PNRDVUWTQXAB
FISKVDYOXVDF
LTCNQXRXTXMA
DJTYAFQIHFLJ
ELXPUVXQNAAA
QWMUCORLECIT
EXDVVKVGUPIX
ZHRPQOGBDFKM
FEKAXUXOEFYJ
OKKBWARXZCSF
NVPUHORWRCCW
RGKCVKCKIBPH
RQKKFRRVSIFF
JZLYQYJJBHES
EBPAHQJMPWFO
KSKGGHRVMVYW
KMNVLAJSYOFX
BVTDPCCDGROW
CZCNVRSQYPXA
PMRZAWFPGOBK
VBNEIJVIHHLB
UXLJDPVURCPF
VOVYAWEZAAAA
APWPTDFYITTO
HJDPGTYJHMQG
JFSFPETHQYTD
GDIAXJCZFHLN
IDDCLIQEGPPT
BHPUWAUJCZYA
DSVPSTGCATFY
VWOBATSFZQUN
XWRCEOAQGWPX
SLNVGICQAUPU
DJXEOVVRTLVM
QRHNZLRAAAAA
XQEWVPBKDUZS
BHCLUEKMKPCT
LISASGKYJITF
CNTHGGZXUZIM
NWYMTQAZPQQC
LGQOAMDLVDIL
NFMTYZCUILKJ
FSXFGNWBZJFZ
OFUPDCEAAAAA
XGBCDHZBCAQJ
XDOSWETWEJUI
NBSQKCNEKCNZ
VBOAEZQKPZCJ
MYKCNVCWABJI
INNRWDGELBZB
KMQXPZWXUOQM
WOVOGSYECJVF
TLFYMYEOOHHB
KYZMUAIRHXSW
JKAWPMPHLKQX
NGVGIAXAAAAA
AULJJFWMVIWA
XXRJQKUJVWAA
FBGSOZJZXYMA
VCZXRZFWNFSA
GPXDOILQUNHA
LOCBDDWHPMQA
XWGITQEKGYBA
CHYSJIZVOVHA
EHZPMOLUVGQA
UULHXZJWSRAA
NPEJCJVNNCAA
PPUNLGNCVZHR
FMMDYKNGVRML
IHONIMDCMCLZ
FILVDCMKHEMF
QHTFHNUXVYIR
DJIDDFCOGIFC
KIDHQHRIKFJN
OHGAHHSOESCU
SNMXDCIESHUS
THIJTQXAMYLG
TEVMGSNYDFRK
XHXSZVPLALRA
WUFXIJVLTQMW
ZIKXTEURMTAF
ENYHZFRBFXJV
TLEGBMZYQOUC
SZFODBJHEJMP
SLEMYRWRPEPE
EKGOXJRIDAYW
HVIWXDJBTDDA
WBYEFWXCBQTI
WOIOJUGZPJMB
ANWBMUSXLYLY
XBHBKEVMRFWL
DSNNNCNSDKEV
TYYIHKDWGTPS
MYVNUMEOAOAA
ZYDOPOIGYKCO
KVRKKFVFFSJJ
BBOXMIKVBXKY
SCIVYAJRACDF
IAJXTUWTTREB
KPZVVMJWEOPH
YJPLDFWBEZOQ
RHYCFWOAPHBP
PAGYYJJDYOMA
MFEYUHTRAQLM
IEFQWGNBAVRH
ZSESUSCSPHWZ
XPIWMBFOLWAP
TEODMNJQMMKU
IFHROKKPESMF
JWGFAAUJADFE
PSFKAAIXIICF
RTUCAAUROOVK
PLZAAAEBFYAA
KOOAAAGLTPAA
70 0
178 0
217 4
129 0
183 6
215 0
226 6
151 0
96 9
44 0
202 0
113 0
217 0
172 0
82 9
228 0
51 0
220 6
181 7
215 6
193 0
130 8
141 7
136 0
0 0
116 0
139 0
116 9
220 10
29 10
121 0
10 10
119 0
166 7
63 0
95 0
89 0
10 0
72 0
57 0
110 0
208 6
224 0
106 0
89 9
57 10
67 0
141 0
20 0
44 10
209 0
110 9
72 9
107 9
81 0
20 10
201 6
101 9
101 0
172 7
121 8
183 0
160 7
37 0
67 10
0 10
192 6
151 7
166 0
29 0
139 8
160 0
