11
VSRNJGQSRLD
CMKPJRKHPGJ
GMTHOMGPKHL
MPFJTORFNPG
MSTLRPOUMJJ
JGLILNIJNPK
UIHOMNPUKLI
IKILQPHNNQD
MPMOOSHTKOL
RORQHMTIJTS
YTKHITGNKJE
2 0
0 1
0 1
7 7
4 7
4 1
6 0
1 1
0 1
8 0
1 1
3 1
7 3
1 1
2 0
1 3
1 5
0 3
1 3
0 0
2 5
1 1
1 4
0 5
0 4
1 8
4 3
3 7
0 3
1 2
0 2
4 2
6 1
6 1
3 2
2 0
3 8
4 2
0 5
0 2
4 1
1 5
1 8
0 6
0 6
0 5
0 0
3 0
0 4
1 0
3 0
0 0
0 1
4 4
1 2
0 1
1 3
2 4
1 3
2 8
1 3
7 2
1 4
0 1
5 1
1 1
1 0
1 3
0 0
7 4
3 1
0 2
5 6
0 3
5 0
2 5
3 6
3 1
0 1
3 3
0 6
0 5
1 1
2 3
0 0
1 1
0 1
0 1
2 2
0 5
0 1
8 4
1 8
6 9
0 0
1 0
3 2
2 0
0 0
8 2
