{"type":"greedy_loss","c":"1.2","l":"0","score":"0.372994","h":"12","w":"14"}
{"type":"greedy_loss","c":"1.15714","l":"0","score":"0.359672","h":"18","w":"9"}
{"type":"greedy_loss","c":"1.15714","l":"0","score":"0.359672","h":"18","w":"9"}
{"type":"greedy_loss","c":"1.15714","l":"0","score":"0.359672","h":"18","w":"9"}
{"type":"greedy_loss","c":"1.15714","l":"0","score":"0.359672","h":"18","w":"9"}
{"type":"greedy_loss","c":"1.09286","l":"0","score":"0.339691","h":"9","w":"17"}
{"type":"greedy_loss","c":"1.15714","l":"0","score":"0.359672","h":"18","w":"9"}
{"type":"greedy_loss","c":"1.09286","l":"0","score":"0.339691","h":"9","w":"17"}
{"type":"greedy_loss","c":"1.15714","l":"0","score":"0.359672","h":"18","w":"9"}
{"type":"greedy_loss","c":"1.09286","l":"0","score":"0.339691","h":"9","w":"17"}
{"type":"greedy_loss","c":"1.15714","l":"0","score":"0.359672","h":"18","w":"9"}
{"type":"greedy_loss","c":"1.09286","l":"0","score":"0.339691","h":"9","w":"17"}
{"type":"greedy_loss","c":"1.15714","l":"0","score":"0.359672","h":"18","w":"9"}
{"type":"greedy_loss","c":"1.09286","l":"0","score":"0.339691","h":"9","w":"17"}
{"type":"greedy_loss","c":"1.15714","l":"0","score":"0.359672","h":"18","w":"9"}
{"type":"greedy_loss","c":"1.09286","l":"0","score":"0.339691","h":"9","w":"17"}
{"type":"greedy_loss","c":"1.15714","l":"0","score":"0.359672","h":"18","w":"9"}
{"type":"greedy_loss","c":"1.15714","l":"0","score":"0.359672","h":"9","w":"18"}
{"s_comp":"0.310127","s_loss":"0.324611","T":"140","P":"0.310828"}
{"tag":"param","type":"sa","start_temp":"30","end_temp":"1","limit":"0.25"}
{"tag":"!","time":"0.000208958","counter":"15","score":"-497"}
{"tag":"!","time":"0.000208958","counter":"34","score":"-488"}
{"tag":"!","time":"0.000208958","counter":"38","score":"-484"}
{"tag":"!","time":"0.000208958","counter":"55","score":"-479"}
{"tag":"!","time":"0.000208958","counter":"136","score":"-475"}
{"tag":"!","time":"0.000208958","counter":"189","score":"-458"}
{"tag":"!","time":"0.000208958","counter":"219","score":"-452"}
{"tag":"!","time":"0.000208958","counter":"343","score":"-447"}
{"tag":"!","time":"0.000208958","counter":"344","score":"-440"}
{"tag":"!","time":"0.000208958","counter":"722","score":"-423"}
{"tag":"!","time":"0.000208958","counter":"734","score":"-422"}
{"tag":"!","time":"0.00660349","counter":"2380","score":"-398"}
{"tag":"!","time":"0.10669","counter":"33737","score":"-396"}
{"tag":"!","time":"0.127133","counter":"39343","score":"-393"}
{"tag":"result","counter":"77000","score":"-393"}
{"type":"sa","c":"0.45","l":"0.224571","score":"0.294641"}
{"tag":"param","type":"sa","start_temp":"30","end_temp":"1","limit":"0.25"}
{"tag":"!","time":"1.87243e-05","counter":"0","score":"-451"}
{"tag":"!","time":"1.87243e-05","counter":"1","score":"-382"}
{"tag":"!","time":"1.87243e-05","counter":"5","score":"-379"}
{"tag":"!","time":"1.87243e-05","counter":"681","score":"-361"}
{"tag":"!","time":"0.00708772","counter":"2473","score":"-346"}
{"tag":"!","time":"0.115754","counter":"30734","score":"-342"}
{"tag":"!","time":"0.123549","counter":"32254","score":"-341"}
{"tag":"result","counter":"67000","score":"-341"}
{"type":"sa","c":"0.514286","l":"0.194857","score":"0.294144"}
{"tag":"param","type":"sa","start_temp":"30","end_temp":"1","limit":"0.25"}
{"tag":"!","time":"0.000162463","counter":"2","score":"-557"}
{"tag":"!","time":"0.000162463","counter":"7","score":"-469"}
{"tag":"!","time":"0.000162463","counter":"8","score":"-465"}
{"tag":"!","time":"0.000162463","counter":"10","score":"-464"}
{"tag":"!","time":"0.000162463","counter":"12","score":"-428"}
{"tag":"!","time":"0.000162463","counter":"13","score":"-391"}
{"tag":"!","time":"0.000162463","counter":"14","score":"-390"}
{"tag":"!","time":"0.000162463","counter":"39","score":"-376"}
{"tag":"!","time":"0.000162463","counter":"152","score":"-347"}
{"tag":"!","time":"0.000162463","counter":"641","score":"-342"}
{"tag":"!","time":"0.000162463","counter":"907","score":"-337"}
{"tag":"!","time":"0.000162463","counter":"910","score":"-336"}
{"tag":"!","time":"0.00539466","counter":"1003","score":"-331"}
{"tag":"!","time":"0.00539466","counter":"1015","score":"-328"}
{"tag":"!","time":"0.0126822","counter":"3072","score":"-319"}
{"tag":"!","time":"0.0126822","counter":"3523","score":"-306"}
{"tag":"!","time":"0.0195951","counter":"5260","score":"-302"}
{"tag":"!","time":"0.104539","counter":"28682","score":"-301"}
{"tag":"!","time":"0.104539","counter":"28697","score":"-298"}
{"tag":"!","time":"0.104539","counter":"28942","score":"-290"}
{"tag":"!","time":"0.14111","counter":"37415","score":"-289"}
{"tag":"!","time":"0.148803","counter":"39064","score":"-286"}
{"tag":"!","time":"0.148803","counter":"39270","score":"-281"}
{"tag":"result","counter":"68000","score":"-281"}
{"type":"sa","c":"0.578571","l":"0.160571","score":"0.290497"}
{"tag":"param","type":"sa","start_temp":"30","end_temp":"1","limit":"0.25"}
{"tag":"!","time":"0.000185366","counter":"1","score":"-532"}
{"tag":"!","time":"0.000185366","counter":"2","score":"-530"}
{"tag":"!","time":"0.000185366","counter":"3","score":"-472"}
{"tag":"!","time":"0.000185366","counter":"32","score":"-449"}
{"tag":"!","time":"0.000185366","counter":"55","score":"-425"}
{"tag":"!","time":"0.000185366","counter":"58","score":"-380"}
{"tag":"!","time":"0.000185366","counter":"67","score":"-366"}
{"tag":"!","time":"0.000185366","counter":"828","score":"-360"}
{"tag":"!","time":"0.10448","counter":"28643","score":"-354"}
{"tag":"!","time":"0.125688","counter":"34833","score":"-349"}
{"tag":"!","time":"0.132848","counter":"36930","score":"-338"}
{"tag":"result","counter":"72000","score":"-338"}
{"type":"sa","c":"0.5","l":"0.193143","score":"0.288523"}
{"tag":"param","type":"sa","start_temp":"30","end_temp":"1","limit":"0.25"}
{"tag":"!","time":"1.86507e-05","counter":"1","score":"-463"}
{"tag":"!","time":"1.86507e-05","counter":"2","score":"-441"}
{"tag":"!","time":"1.86507e-05","counter":"3","score":"-420"}
{"tag":"!","time":"1.86507e-05","counter":"12","score":"-402"}
{"tag":"!","time":"1.86507e-05","counter":"22","score":"-394"}
{"tag":"!","time":"1.86507e-05","counter":"74","score":"-370"}
{"tag":"!","time":"1.86507e-05","counter":"76","score":"-357"}
{"tag":"!","time":"1.86507e-05","counter":"97","score":"-350"}
{"tag":"!","time":"1.86507e-05","counter":"648","score":"-339"}
{"tag":"!","time":"0.00678969","counter":"2696","score":"-329"}
{"tag":"!","time":"0.00678969","counter":"2706","score":"-326"}
{"tag":"!","time":"0.00678969","counter":"2728","score":"-308"}
{"tag":"!","time":"0.0473492","counter":"14732","score":"-307"}
{"tag":"!","time":"0.157751","counter":"45903","score":"-302"}
{"tag":"!","time":"0.161446","counter":"46670","score":"-294"}
{"tag":"!","time":"0.168674","counter":"48948","score":"-292"}
{"tag":"result","counter":"72000","score":"-292"}
{"type":"sa","c":"0.571429","l":"0.166857","score":"0.292609"}
{"tag":"param","type":"sa","start_temp":"30","end_temp":"1","limit":"0.25"}
{"tag":"!","time":"2.02836e-05","counter":"0","score":"-491"}
{"tag":"!","time":"2.02836e-05","counter":"1","score":"-474"}
{"tag":"!","time":"2.02836e-05","counter":"6","score":"-426"}
{"tag":"!","time":"2.02836e-05","counter":"8","score":"-424"}
{"tag":"!","time":"2.02836e-05","counter":"15","score":"-401"}
{"tag":"!","time":"2.02836e-05","counter":"17","score":"-395"}
{"tag":"!","time":"2.02836e-05","counter":"78","score":"-383"}
{"tag":"!","time":"2.02836e-05","counter":"79","score":"-365"}
{"tag":"!","time":"2.02836e-05","counter":"87","score":"-357"}
{"tag":"!","time":"2.02836e-05","counter":"90","score":"-341"}
{"tag":"!","time":"2.02836e-05","counter":"98","score":"-302"}
{"tag":"!","time":"2.02836e-05","counter":"425","score":"-294"}
{"tag":"!","time":"2.02836e-05","counter":"543","score":"-285"}
{"tag":"!","time":"0.00702775","counter":"2336","score":"-282"}
{"tag":"!","time":"0.00702775","counter":"2350","score":"-280"}
{"tag":"!","time":"0.0170663","counter":"5058","score":"-271"}
{"tag":"!","time":"0.02734","counter":"8743","score":"-264"}
{"tag":"!","time":"0.053502","counter":"15186","score":"-261"}
{"tag":"!","time":"0.103165","counter":"29073","score":"-244"}
{"tag":"!","time":"0.157115","counter":"43253","score":"-241"}
{"tag":"result","counter":"72000","score":"-241"}
{"type":"sa","c":"0.642857","l":"0.137714","score":"0.294727"}
{"tag":"param","type":"sa","start_temp":"30","end_temp":"1","limit":"0.25"}
{"tag":"!","time":"2.09414e-05","counter":"1","score":"-510"}
{"tag":"!","time":"2.09414e-05","counter":"5","score":"-459"}
{"tag":"!","time":"2.09414e-05","counter":"19","score":"-453"}
{"tag":"!","time":"2.09414e-05","counter":"20","score":"-430"}
{"tag":"!","time":"2.09414e-05","counter":"47","score":"-405"}
{"tag":"!","time":"2.09414e-05","counter":"237","score":"-380"}
{"tag":"!","time":"2.09414e-05","counter":"320","score":"-374"}
{"tag":"!","time":"2.09414e-05","counter":"662","score":"-370"}
{"tag":"!","time":"2.09414e-05","counter":"675","score":"-360"}
{"tag":"!","time":"0.0035575","counter":"1893","score":"-347"}
{"tag":"!","time":"0.020784","counter":"6457","score":"-334"}
{"tag":"!","time":"0.069727","counter":"20630","score":"-333"}
{"tag":"!","time":"0.0993325","counter":"28058","score":"-323"}
{"tag":"!","time":"0.165746","counter":"46713","score":"-316"}
{"tag":"result","counter":"70000","score":"-316"}
{"type":"sa","c":"0.55","l":"0.180571","score":"0.2954"}
{"tag":"param","type":"sa","start_temp":"30","end_temp":"1","limit":"0.25"}
{"tag":"!","time":"1.73164e-05","counter":"1","score":"-453"}
{"tag":"!","time":"1.73164e-05","counter":"23","score":"-444"}
{"tag":"!","time":"1.73164e-05","counter":"31","score":"-442"}
{"tag":"!","time":"1.73164e-05","counter":"32","score":"-333"}
{"tag":"!","time":"1.73164e-05","counter":"176","score":"-326"}
{"tag":"!","time":"1.73164e-05","counter":"502","score":"-316"}
{"tag":"!","time":"1.73164e-05","counter":"508","score":"-296"}
{"tag":"!","time":"0.00368815","counter":"1980","score":"-263"}
{"tag":"!","time":"0.103046","counter":"29547","score":"-262"}
{"tag":"!","time":"0.120362","counter":"34520","score":"-254"}
{"tag":"!","time":"0.161659","counter":"46741","score":"-250"}
{"tag":"!","time":"0.161659","counter":"46768","score":"-249"}
{"tag":"result","counter":"74000","score":"-249"}
{"type":"sa","c":"0.628571","l":"0.142286","score":"0.293437"}
{"tag":"param","type":"sa","start_temp":"30","end_temp":"1","limit":"0.25"}
{"tag":"!","time":"2.08607e-05","counter":"2","score":"-566"}
{"tag":"!","time":"2.08607e-05","counter":"3","score":"-516"}
{"tag":"!","time":"2.08607e-05","counter":"4","score":"-402"}
{"tag":"!","time":"2.08607e-05","counter":"8","score":"-401"}
{"tag":"!","time":"2.08607e-05","counter":"18","score":"-370"}
{"tag":"!","time":"2.08607e-05","counter":"19","score":"-351"}
{"tag":"!","time":"2.08607e-05","counter":"35","score":"-334"}
{"tag":"!","time":"2.08607e-05","counter":"39","score":"-333"}
{"tag":"!","time":"2.08607e-05","counter":"42","score":"-324"}
{"tag":"!","time":"2.08607e-05","counter":"43","score":"-313"}
{"tag":"!","time":"2.08607e-05","counter":"103","score":"-291"}
{"tag":"!","time":"2.08607e-05","counter":"154","score":"-232"}
{"tag":"!","time":"0.0237992","counter":"7562","score":"-218"}
{"tag":"!","time":"0.0512832","counter":"15706","score":"-193"}
{"tag":"result","counter":"74000","score":"-193"}
{"type":"sa","c":"0.707143","l":"0.110286","score":"0.295806"}
{"tag":"param","type":"sa","start_temp":"30","end_temp":"1","limit":"0.25"}
{"tag":"!","time":"2.091e-05","counter":"0","score":"-305"}
{"tag":"!","time":"2.091e-05","counter":"1","score":"-295"}
{"tag":"!","time":"2.091e-05","counter":"2","score":"-280"}
{"tag":"!","time":"2.091e-05","counter":"4","score":"-277"}
{"tag":"!","time":"2.091e-05","counter":"5","score":"-267"}
{"tag":"!","time":"2.091e-05","counter":"11","score":"-226"}
{"tag":"!","time":"2.091e-05","counter":"12","score":"-209"}
{"tag":"!","time":"2.091e-05","counter":"13","score":"-143"}
{"tag":"!","time":"2.091e-05","counter":"104","score":"-124"}
{"tag":"!","time":"2.091e-05","counter":"111","score":"-54"}
{"tag":"!","time":"2.091e-05","counter":"127","score":"-51"}
{"tag":"!","time":"2.091e-05","counter":"132","score":"-38"}
{"tag":"!","time":"2.091e-05","counter":"149","score":"-37"}
{"tag":"!","time":"2.091e-05","counter":"371","score":"-19"}
{"tag":"!","time":"2.091e-05","counter":"373","score":"-4"}
{"tag":"!","time":"0.00642623","counter":"2924","score":"0"}
{"tag":"result","counter":"86000","score":"0"}
{"type":"sa","c":"1.2","l":"0","score":"0.372994"}
{"tag":"param","type":"sa","start_temp":"30","end_temp":"1","limit":"0.25"}
{"tag":"!","time":"2.22464e-05","counter":"0","score":"-246"}
{"tag":"!","time":"2.22464e-05","counter":"3","score":"-202"}
{"tag":"!","time":"2.22464e-05","counter":"5","score":"-191"}
{"tag":"!","time":"2.22464e-05","counter":"10","score":"-155"}
{"tag":"!","time":"2.22464e-05","counter":"12","score":"-123"}
{"tag":"!","time":"2.22464e-05","counter":"13","score":"-112"}
{"tag":"!","time":"2.22464e-05","counter":"15","score":"-76"}
{"tag":"!","time":"2.22464e-05","counter":"20","score":"-53"}
{"tag":"!","time":"2.22464e-05","counter":"23","score":"-10"}
{"tag":"!","time":"2.22464e-05","counter":"24","score":"0"}
{"tag":"result","counter":"98000","score":"0"}
{"type":"sa","c":"2.30714","l":"0","score":"0.717124"}
{"tag":"param","type":"sa","start_temp":"30","end_temp":"1","limit":"6.22436"}
{"tag":"!","time":"1.75214e-05","counter":"2","score":"-470"}
{"tag":"!","time":"1.75214e-05","counter":"9","score":"-454"}
{"tag":"!","time":"1.75214e-05","counter":"10","score":"-438"}
{"tag":"!","time":"1.75214e-05","counter":"66","score":"-394"}
{"tag":"!","time":"1.75214e-05","counter":"780","score":"-391"}
{"tag":"!","time":"0.0032932","counter":"1840","score":"-390"}
{"tag":"!","time":"0.00657266","counter":"2133","score":"-379"}
{"tag":"!","time":"0.00979227","counter":"3214","score":"-370"}
{"tag":"!","time":"0.00979227","counter":"3422","score":"-362"}
{"tag":"!","time":"0.0384821","counter":"12234","score":"-361"}
{"tag":"!","time":"0.0837997","counter":"26740","score":"-354"}
{"tag":"!","time":"0.109947","counter":"34445","score":"-349"}
{"tag":"!","time":"0.109947","counter":"34449","score":"-338"}
{"tag":"result","counter":"1819000","score":"-338"}
{"type":"sa","c":"0.5","l":"0.193143","score":"0.288523"}
