{"type":"greedy_loss","c":"1.12873","l":"0","score":"0.0747427","h":"10","w":"121"}
{"type":"greedy_loss","c":"1.08209","l":"0","score":"0.0716542","h":"116","w":"10"}
{"type":"greedy_loss","c":"1.08209","l":"0","score":"0.0716542","h":"116","w":"10"}
{"type":"greedy_loss","c":"1.08209","l":"0","score":"0.0716542","h":"116","w":"10"}
{"type":"greedy_loss","c":"1.08209","l":"0","score":"0.0716542","h":"116","w":"10"}
{"type":"greedy_loss","c":"1.08209","l":"0","score":"0.0716542","h":"116","w":"10"}
{"type":"greedy_loss","c":"1.08209","l":"0","score":"0.0716542","h":"116","w":"10"}
{"type":"greedy_loss","c":"1.08209","l":"0","score":"0.0716542","h":"116","w":"10"}
{"type":"greedy_loss","c":"1.08209","l":"0","score":"0.0716542","h":"116","w":"10"}
{"type":"greedy_loss","c":"1.08209","l":"0","score":"0.0716542","h":"116","w":"10"}
{"type":"greedy_loss","c":"1.08209","l":"0","score":"0.0716542","h":"116","w":"10"}
{"type":"greedy_loss","c":"1.08209","l":"0","score":"0.0716542","h":"116","w":"10"}
{"type":"greedy_loss","c":"1.08209","l":"0","score":"0.0716542","h":"116","w":"10"}
{"type":"greedy_loss","c":"1.08209","l":"0","score":"0.0716542","h":"116","w":"10"}
{"type":"greedy_loss","c":"1.08209","l":"0","score":"0.0716542","h":"116","w":"10"}
{"type":"greedy_loss","c":"1.08209","l":"0","score":"0.0716542","h":"116","w":"10"}
{"type":"greedy_loss","c":"1.08209","l":"0","score":"0.0716542","h":"116","w":"10"}
{"type":"greedy_loss","c":"1.08209","l":"0","score":"0.0716542","h":"116","w":"10"}
{"type":"greedy_loss","c":"1.08209","l":"0","score":"0.0716542","h":"116","w":"10"}
{"type":"greedy_loss","c":"1.08209","l":"0","score":"0.0716542","h":"116","w":"10"}
{"type":"greedy_loss","c":"1.08209","l":"0","score":"0.0716542","h":"116","w":"10"}
{"type":"greedy_loss","c":"1.08209","l":"0","score":"0.0716542","h":"116","w":"10"}
{"type":"greedy_loss","c":"1.08209","l":"0","score":"0.0716542","h":"116","w":"10"}
{"type":"greedy_loss","c":"1.09142","l":"0","score":"0.0722719","h":"45","w":"26"}
{"type":"greedy_loss","c":"1.10821","l":"0","score":"0.0733838","h":"11","w":"108"}
{"type":"greedy_loss","c":"1.09795","l":"0","score":"0.0727043","h":"11","w":"107"}
{"type":"greedy_loss","c":"1.06343","l":"0","score":"0.0704188","h":"95","w":"12"}
{"type":"greedy_loss","c":"1.09142","l":"0","score":"0.0722719","h":"45","w":"26"}
{"type":"greedy_loss","c":"1.10821","l":"0","score":"0.0733838","h":"11","w":"108"}
{"type":"greedy_loss","c":"1.06343","l":"0","score":"0.0704188","h":"95","w":"12"}
{"type":"greedy_loss","c":"1.09142","l":"0","score":"0.0722719","h":"45","w":"26"}
{"type":"greedy_loss","c":"1.10821","l":"0","score":"0.0733838","h":"11","w":"108"}
{"type":"greedy_loss","c":"1.1194","l":"0","score":"0.074125","h":"30","w":"40"}
{"type":"greedy_loss","c":"1.09422","l":"0","score":"0.0724572","h":"51","w":"23"}
{"type":"greedy_loss","c":"1.09142","l":"0","score":"0.0722719","h":"45","w":"26"}
{"type":"greedy_loss","c":"1.10821","l":"0","score":"0.0733838","h":"11","w":"108"}
{"type":"greedy_loss","c":"1.1194","l":"0","score":"0.074125","h":"30","w":"40"}
{"type":"greedy_loss","c":"1.09422","l":"0","score":"0.0724572","h":"51","w":"23"}
{"type":"greedy_loss","c":"1.09142","l":"0","score":"0.0722719","h":"45","w":"26"}
{"type":"greedy_loss","c":"1.10821","l":"0","score":"0.0733838","h":"11","w":"108"}
{"type":"greedy_loss","c":"1.1194","l":"0","score":"0.074125","h":"30","w":"40"}
{"type":"greedy_loss","c":"1.09422","l":"0","score":"0.0724572","h":"51","w":"23"}
{"type":"greedy_loss","c":"1.09142","l":"0","score":"0.0722719","h":"45","w":"26"}
{"type":"greedy_loss","c":"1.10821","l":"0","score":"0.0733838","h":"11","w":"108"}
{"type":"greedy_loss","c":"1.09701","l":"0","score":"0.0726425","h":"21","w":"56"}
{"type":"greedy_loss","c":"1.09422","l":"0","score":"0.0724572","h":"51","w":"23"}
{"type":"greedy_loss","c":"1.09142","l":"0","score":"0.0722719","h":"45","w":"26"}
{"type":"greedy_loss","c":"1.10821","l":"0","score":"0.0733838","h":"11","w":"108"}
{"type":"greedy_loss","c":"1.09701","l":"0","score":"0.0726425","h":"21","w":"56"}
{"type":"greedy_loss","c":"1.09422","l":"0","score":"0.0724572","h":"51","w":"23"}
{"type":"greedy_loss","c":"1.09142","l":"0","score":"0.0722719","h":"45","w":"26"}
{"type":"greedy_loss","c":"1.10821","l":"0","score":"0.0733838","h":"11","w":"108"}
{"type":"greedy_loss","c":"1.09701","l":"0","score":"0.0726425","h":"21","w":"56"}
{"type":"greedy_loss","c":"1.09422","l":"0","score":"0.0724572","h":"51","w":"23"}
{"type":"greedy_loss","c":"1.09142","l":"0","score":"0.0722719","h":"45","w":"26"}
{"type":"greedy_loss","c":"1.10821","l":"0","score":"0.0733838","h":"11","w":"108"}
{"type":"greedy_loss","c":"1.09422","l":"0","score":"0.0724572","h":"51","w":"23"}
{"type":"greedy_loss","c":"1.10821","l":"0","score":"0.0733838","h":"11","w":"108"}
{"type":"greedy_loss","c":"1.1194","l":"0","score":"0.074125","h":"50","w":"24"}
{"type":"greedy_loss","c":"1.07743","l":"0","score":"0.0713453","h":"33","w":"35"}
{"type":"greedy_loss","c":"1.1278","l":"0","score":"0.074681","h":"39","w":"31"}
{"type":"greedy_loss","c":"1.07743","l":"0","score":"0.0713453","h":"33","w":"35"}
{"type":"greedy_loss","c":"1.1278","l":"0","score":"0.074681","h":"39","w":"31"}
{"type":"greedy_loss","c":"1.07743","l":"0","score":"0.0713453","h":"33","w":"35"}
{"type":"greedy_loss","c":"1.1194","l":"0","score":"0.074125","h":"48","w":"25"}
{"type":"greedy_loss","c":"1.07743","l":"0","score":"0.0713453","h":"33","w":"35"}
{"type":"greedy_loss","c":"1.1194","l":"0","score":"0.074125","h":"48","w":"25"}
{"type":"greedy_loss","c":"1.07743","l":"0","score":"0.0713453","h":"33","w":"35"}
{"type":"greedy_loss","c":"1.1194","l":"0","score":"0.074125","h":"48","w":"25"}
{"type":"greedy_loss","c":"1.07743","l":"0","score":"0.0713453","h":"33","w":"35"}
{"type":"greedy_loss","c":"1.1194","l":"0","score":"0.074125","h":"48","w":"25"}
{"type":"greedy_loss","c":"1.07743","l":"0","score":"0.0713453","h":"33","w":"35"}
{"type":"greedy_loss","c":"1.1194","l":"0","score":"0.074125","h":"48","w":"25"}
{"type":"greedy_loss","c":"1.07743","l":"0","score":"0.0713453","h":"33","w":"35"}
{"type":"greedy_loss","c":"1.1194","l":"0","score":"0.074125","h":"48","w":"25"}
{"type":"greedy_loss","c":"1.11007","l":"0","score":"0.0735073","h":"34","w":"35"}
{"type":"greedy_loss","c":"1.1194","l":"0","score":"0.074125","h":"48","w":"25"}
{"type":"greedy_loss","c":"1.1194","l":"0","score":"0.074125","h":"20","w":"60"}
{"type":"greedy_loss","c":"1.1194","l":"0","score":"0.074125","h":"48","w":"25"}
{"type":"greedy_loss","c":"1.1194","l":"0","score":"0.074125","h":"20","w":"60"}
{"type":"greedy_loss","c":"1.1194","l":"0","score":"0.074125","h":"48","w":"25"}
{"type":"greedy_loss","c":"1.1194","l":"0","score":"0.074125","h":"20","w":"60"}
{"type":"greedy_loss","c":"1.1194","l":"0","score":"0.074125","h":"20","w":"60"}
{"type":"greedy_loss","c":"1.1194","l":"0","score":"0.074125","h":"20","w":"60"}
{"type":"greedy_loss","c":"1.1194","l":"0","score":"0.074125","h":"20","w":"60"}
{"type":"greedy_loss","c":"1.1194","l":"0","score":"0.074125","h":"20","w":"60"}
{"type":"greedy_loss","c":"1.1194","l":"0","score":"0.074125","h":"25","w":"48"}
{"s_comp":"0.420202","s_loss":"0.084894","T":"1072","P":"0.0662184"}
{"tag":"param","type":"sa","start_temp":"30","end_temp":"1","limit":"8.97735"}
{"tag":"!","time":"1.779e-05","counter":"4","score":"-3658"}
{"tag":"!","time":"1.779e-05","counter":"7","score":"-3489"}
{"tag":"!","time":"1.779e-05","counter":"8","score":"-3356"}
{"tag":"!","time":"1.779e-05","counter":"9","score":"-3266"}
{"tag":"!","time":"1.779e-05","counter":"11","score":"-3208"}
{"tag":"!","time":"1.779e-05","counter":"18","score":"-3150"}
{"tag":"!","time":"1.779e-05","counter":"26","score":"-3073"}
{"tag":"!","time":"1.779e-05","counter":"28","score":"-2915"}
{"tag":"!","time":"1.779e-05","counter":"29","score":"-2833"}
{"tag":"!","time":"1.779e-05","counter":"30","score":"-2786"}
{"tag":"!","time":"1.779e-05","counter":"33","score":"-2774"}
{"tag":"!","time":"1.779e-05","counter":"54","score":"-2745"}
{"tag":"!","time":"1.779e-05","counter":"56","score":"-2728"}
{"tag":"!","time":"1.779e-05","counter":"58","score":"-2678"}
{"tag":"!","time":"1.779e-05","counter":"74","score":"-2636"}
{"tag":"!","time":"1.779e-05","counter":"76","score":"-2573"}
{"tag":"!","time":"1.779e-05","counter":"81","score":"-2287"}
{"tag":"!","time":"1.779e-05","counter":"101","score":"-2251"}
{"tag":"!","time":"1.779e-05","counter":"117","score":"-2202"}
{"tag":"!","time":"1.779e-05","counter":"121","score":"-2178"}
{"tag":"!","time":"1.779e-05","counter":"132","score":"-2175"}
{"tag":"!","time":"1.779e-05","counter":"136","score":"-2170"}
{"tag":"!","time":"1.779e-05","counter":"162","score":"-2163"}
{"tag":"!","time":"1.779e-05","counter":"179","score":"-2150"}
{"tag":"!","time":"1.779e-05","counter":"182","score":"-2145"}
{"tag":"!","time":"1.779e-05","counter":"186","score":"-2137"}
{"tag":"!","time":"1.779e-05","counter":"187","score":"-2004"}
{"tag":"!","time":"1.779e-05","counter":"192","score":"-1993"}
{"tag":"!","time":"1.779e-05","counter":"213","score":"-1950"}
{"tag":"!","time":"1.779e-05","counter":"215","score":"-1938"}
{"tag":"!","time":"1.779e-05","counter":"227","score":"-1928"}
{"tag":"!","time":"1.779e-05","counter":"231","score":"-1779"}
{"tag":"!","time":"1.779e-05","counter":"247","score":"-1735"}
{"tag":"!","time":"1.779e-05","counter":"262","score":"-1710"}
{"tag":"!","time":"1.779e-05","counter":"264","score":"-1677"}
{"tag":"!","time":"1.779e-05","counter":"334","score":"-1668"}
{"tag":"!","time":"1.779e-05","counter":"344","score":"-1621"}
{"tag":"!","time":"1.779e-05","counter":"719","score":"-1530"}
{"tag":"!","time":"1.779e-05","counter":"721","score":"-1491"}
{"tag":"!","time":"1.779e-05","counter":"885","score":"-1472"}
{"tag":"!","time":"1.779e-05","counter":"890","score":"-1428"}
{"tag":"!","time":"1.779e-05","counter":"893","score":"-1398"}
{"tag":"!","time":"1.779e-05","counter":"918","score":"-1392"}
{"tag":"!","time":"1.779e-05","counter":"930","score":"-1379"}
{"tag":"!","time":"1.779e-05","counter":"931","score":"-1341"}
{"tag":"!","time":"1.779e-05","counter":"941","score":"-1292"}
{"tag":"!","time":"1.779e-05","counter":"944","score":"-1262"}
{"tag":"!","time":"1.779e-05","counter":"961","score":"-1244"}
{"tag":"!","time":"1.779e-05","counter":"998","score":"-1243"}
{"tag":"!","time":"1.779e-05","counter":"999","score":"-1234"}
{"tag":"!","time":"0.00626062","counter":"1445","score":"-1213"}
{"tag":"!","time":"0.00626062","counter":"1451","score":"-1186"}
{"tag":"!","time":"0.00626062","counter":"1473","score":"-1179"}
{"tag":"!","time":"0.00626062","counter":"1516","score":"-1163"}
{"tag":"!","time":"0.00626062","counter":"1521","score":"-1160"}
{"tag":"!","time":"0.00626062","counter":"1529","score":"-1134"}
{"tag":"!","time":"0.00626062","counter":"1534","score":"-1127"}
{"tag":"!","time":"0.00626062","counter":"1582","score":"-1120"}
{"tag":"!","time":"0.00626062","counter":"1593","score":"-1066"}
{"tag":"!","time":"0.00626062","counter":"1596","score":"-1059"}
{"tag":"!","time":"0.00626062","counter":"1600","score":"-1042"}
{"tag":"!","time":"0.012207","counter":"2448","score":"-1025"}
{"tag":"!","time":"0.0294924","counter":"5462","score":"-1003"}
{"tag":"!","time":"0.0294924","counter":"5465","score":"-936"}
{"tag":"!","time":"0.0294924","counter":"5535","score":"-921"}
{"tag":"!","time":"0.0294924","counter":"5555","score":"-860"}
{"tag":"!","time":"0.0294924","counter":"5569","score":"-855"}
{"tag":"!","time":"0.0294924","counter":"5578","score":"-842"}
{"tag":"!","time":"0.0294924","counter":"5579","score":"-797"}
{"tag":"!","time":"0.0294924","counter":"5585","score":"-786"}
{"tag":"!","time":"0.500911","counter":"90368","score":"-780"}
{"tag":"!","time":"0.804297","counter":"144798","score":"-766"}
{"tag":"!","time":"0.804297","counter":"144800","score":"-765"}
{"tag":"!","time":"1.28598","counter":"230885","score":"-757"}
{"tag":"!","time":"1.28598","counter":"230902","score":"-741"}
{"tag":"!","time":"1.28598","counter":"230936","score":"-728"}
{"tag":"!","time":"1.29161","counter":"231018","score":"-711"}
{"tag":"!","time":"1.29161","counter":"231019","score":"-686"}
{"tag":"!","time":"1.53462","counter":"274935","score":"-665"}
{"tag":"!","time":"2.75953","counter":"490249","score":"-659"}
{"tag":"!","time":"2.84302","counter":"505238","score":"-657"}
{"tag":"!","time":"2.94936","counter":"524383","score":"-639"}
{"tag":"!","time":"2.94936","counter":"524408","score":"-611"}
{"tag":"!","time":"2.94936","counter":"524548","score":"-598"}
{"tag":"!","time":"2.94936","counter":"524604","score":"-591"}
{"tag":"!","time":"2.94936","counter":"524609","score":"-590"}
{"tag":"!","time":"2.94936","counter":"524613","score":"-587"}
{"tag":"!","time":"2.94936","counter":"524820","score":"-584"}
{"tag":"!","time":"2.94936","counter":"524834","score":"-581"}
{"tag":"!","time":"3.04294","counter":"541183","score":"-551"}
{"tag":"!","time":"3.04294","counter":"541200","score":"-540"}
{"tag":"!","time":"3.04294","counter":"541205","score":"-523"}
{"tag":"!","time":"3.04294","counter":"541207","score":"-509"}
{"tag":"!","time":"3.17196","counter":"564688","score":"-481"}
{"tag":"!","time":"3.17763","counter":"565516","score":"-477"}
{"tag":"!","time":"4.06564","counter":"717173","score":"-456"}
{"tag":"!","time":"4.26799","counter":"752294","score":"-453"}
{"tag":"!","time":"4.27372","counter":"753909","score":"-450"}
{"tag":"!","time":"4.27934","counter":"754196","score":"-445"}
{"tag":"!","time":"4.27934","counter":"754240","score":"-432"}
{"tag":"!","time":"4.27934","counter":"754257","score":"-429"}
{"tag":"!","time":"4.27934","counter":"754320","score":"-414"}
{"tag":"!","time":"4.27934","counter":"754385","score":"-397"}
{"tag":"!","time":"4.27934","counter":"754431","score":"-389"}
{"tag":"!","time":"4.82239","counter":"850856","score":"-386"}
{"tag":"!","time":"4.85768","counter":"856553","score":"-385"}
{"tag":"!","time":"4.8692","counter":"858032","score":"-383"}
{"tag":"!","time":"4.92575","counter":"868436","score":"-376"}
{"tag":"!","time":"4.9426","counter":"871849","score":"-367"}
{"tag":"!","time":"4.9426","counter":"871875","score":"-364"}
{"tag":"!","time":"4.9426","counter":"871887","score":"-359"}
{"tag":"!","time":"4.9426","counter":"871919","score":"-355"}
{"tag":"!","time":"5.09453","counter":"898764","score":"-348"}
{"tag":"!","time":"5.09453","counter":"898826","score":"-337"}
{"tag":"!","time":"5.09453","counter":"898892","score":"-336"}
{"tag":"!","time":"5.10014","counter":"899197","score":"-327"}
{"tag":"!","time":"5.54512","counter":"979090","score":"-304"}
{"tag":"!","time":"5.62663","counter":"994784","score":"-279"}
{"tag":"!","time":"5.62663","counter":"994792","score":"-277"}
{"tag":"!","time":"7.18134","counter":"1272818","score":"-275"}
{"tag":"!","time":"7.18683","counter":"1273131","score":"-268"}
{"tag":"!","time":"7.18683","counter":"1273324","score":"-266"}
{"tag":"!","time":"7.1925","counter":"1274361","score":"-248"}
{"tag":"!","time":"7.27432","counter":"1289291","score":"-243"}
{"tag":"!","time":"7.27432","counter":"1289332","score":"-232"}
{"tag":"!","time":"7.36739","counter":"1306093","score":"-224"}
{"tag":"!","time":"7.36739","counter":"1306996","score":"-209"}
{"tag":"!","time":"7.39539","counter":"1311786","score":"-208"}
{"tag":"!","time":"7.39539","counter":"1311914","score":"-203"}
{"tag":"!","time":"7.40133","counter":"1312843","score":"-197"}
{"tag":"!","time":"7.40719","counter":"1313338","score":"-191"}
{"tag":"!","time":"7.52254","counter":"1333386","score":"-184"}
{"tag":"!","time":"7.55556","counter":"1339816","score":"-183"}
{"tag":"!","time":"7.55556","counter":"1339881","score":"-175"}
{"tag":"!","time":"7.79494","counter":"1383374","score":"-171"}
{"tag":"!","time":"7.80595","counter":"1385329","score":"-162"}
{"tag":"!","time":"7.96517","counter":"1414459","score":"-160"}
{"tag":"!","time":"7.97606","counter":"1416805","score":"-157"}
{"tag":"!","time":"7.97606","counter":"1416881","score":"-136"}
{"tag":"!","time":"8.01405","counter":"1423430","score":"-134"}
{"tag":"!","time":"8.03044","counter":"1426473","score":"-133"}
{"tag":"!","time":"8.03593","counter":"1427466","score":"-132"}
{"tag":"!","time":"8.04154","counter":"1428375","score":"-122"}
{"tag":"!","time":"8.15111","counter":"1448370","score":"-120"}
{"tag":"!","time":"8.18381","counter":"1454873","score":"-116"}
{"tag":"!","time":"8.24381","counter":"1465547","score":"-108"}
{"tag":"!","time":"8.26541","counter":"1469490","score":"-107"}
{"tag":"!","time":"8.56991","counter":"1524635","score":"-106"}
{"tag":"!","time":"8.67358","counter":"1543190","score":"-105"}
{"tag":"!","time":"8.88324","counter":"1582807","score":"-103"}
{"tag":"result","counter":"1600000","score":"-103"}
{"type":"sa","c":"1.01493","l":"0.00768657","score":"0.0743843"}
