{"type":"greedy_loss","c":"1.05612","l":"0","score":"0.238019","h":"10","w":"207"}
{"type":"greedy_loss","c":"1.04796","l":"0","score":"0.236179","h":"158","w":"13"}
{"type":"greedy_loss","c":"1.05","l":"0","score":"0.236639","h":"147","w":"14"}
{"s_comp":"0.348583","s_loss":"0.240863","T":"1960","P":"0.225371"}
{"tag":"param","type":"sa","start_temp":"30","end_temp":"1","limit":"8.97405"}
{"tag":"!","time":"2.30243e-05","counter":"1","score":"-5657"}
{"tag":"!","time":"2.30243e-05","counter":"3","score":"-5651"}
{"tag":"!","time":"2.30243e-05","counter":"4","score":"-5632"}
{"tag":"!","time":"2.30243e-05","counter":"6","score":"-5578"}
{"tag":"!","time":"2.30243e-05","counter":"7","score":"-5467"}
{"tag":"!","time":"2.30243e-05","counter":"8","score":"-5306"}
{"tag":"!","time":"2.30243e-05","counter":"9","score":"-5297"}
{"tag":"!","time":"2.30243e-05","counter":"10","score":"-5282"}
{"tag":"!","time":"2.30243e-05","counter":"12","score":"-5140"}
{"tag":"!","time":"2.30243e-05","counter":"14","score":"-5096"}
{"tag":"!","time":"2.30243e-05","counter":"16","score":"-5085"}
{"tag":"!","time":"2.30243e-05","counter":"18","score":"-5006"}
{"tag":"!","time":"2.30243e-05","counter":"19","score":"-4980"}
{"tag":"!","time":"2.30243e-05","counter":"20","score":"-4973"}
{"tag":"!","time":"2.30243e-05","counter":"23","score":"-4938"}
{"tag":"!","time":"2.30243e-05","counter":"24","score":"-4937"}
{"tag":"!","time":"2.30243e-05","counter":"28","score":"-4850"}
{"tag":"!","time":"2.30243e-05","counter":"64","score":"-4808"}
{"tag":"!","time":"2.30243e-05","counter":"67","score":"-4786"}
{"tag":"!","time":"2.30243e-05","counter":"73","score":"-4762"}
{"tag":"!","time":"2.30243e-05","counter":"74","score":"-4737"}
{"tag":"!","time":"2.30243e-05","counter":"77","score":"-4578"}
{"tag":"!","time":"2.30243e-05","counter":"82","score":"-4523"}
{"tag":"!","time":"2.30243e-05","counter":"83","score":"-4463"}
{"tag":"!","time":"2.30243e-05","counter":"95","score":"-4324"}
{"tag":"!","time":"2.30243e-05","counter":"100","score":"-4243"}
{"tag":"!","time":"2.30243e-05","counter":"101","score":"-4240"}
{"tag":"!","time":"2.30243e-05","counter":"103","score":"-4224"}
{"tag":"!","time":"2.30243e-05","counter":"108","score":"-4147"}
{"tag":"!","time":"2.30243e-05","counter":"113","score":"-4139"}
{"tag":"!","time":"2.30243e-05","counter":"116","score":"-4123"}
{"tag":"!","time":"2.30243e-05","counter":"120","score":"-4111"}
{"tag":"!","time":"2.30243e-05","counter":"122","score":"-4081"}
{"tag":"!","time":"2.30243e-05","counter":"171","score":"-4012"}
{"tag":"!","time":"2.30243e-05","counter":"172","score":"-3935"}
{"tag":"!","time":"2.30243e-05","counter":"174","score":"-3890"}
{"tag":"!","time":"2.30243e-05","counter":"176","score":"-3887"}
{"tag":"!","time":"2.30243e-05","counter":"198","score":"-3880"}
{"tag":"!","time":"2.30243e-05","counter":"199","score":"-3870"}
{"tag":"!","time":"2.30243e-05","counter":"200","score":"-3864"}
{"tag":"!","time":"2.30243e-05","counter":"205","score":"-3770"}
{"tag":"!","time":"2.30243e-05","counter":"211","score":"-3725"}
{"tag":"!","time":"2.30243e-05","counter":"212","score":"-3707"}
{"tag":"!","time":"2.30243e-05","counter":"214","score":"-3693"}
{"tag":"!","time":"2.30243e-05","counter":"220","score":"-3671"}
{"tag":"!","time":"2.30243e-05","counter":"243","score":"-3656"}
{"tag":"!","time":"2.30243e-05","counter":"371","score":"-3514"}
{"tag":"!","time":"2.30243e-05","counter":"391","score":"-3512"}
{"tag":"!","time":"2.30243e-05","counter":"443","score":"-3471"}
{"tag":"!","time":"2.30243e-05","counter":"444","score":"-3465"}
{"tag":"!","time":"2.30243e-05","counter":"445","score":"-3461"}
{"tag":"!","time":"2.30243e-05","counter":"526","score":"-3454"}
{"tag":"!","time":"2.30243e-05","counter":"629","score":"-3446"}
{"tag":"!","time":"2.30243e-05","counter":"670","score":"-3431"}
{"tag":"!","time":"2.30243e-05","counter":"674","score":"-3386"}
{"tag":"!","time":"2.30243e-05","counter":"679","score":"-3368"}
{"tag":"!","time":"2.30243e-05","counter":"689","score":"-3278"}
{"tag":"!","time":"2.30243e-05","counter":"690","score":"-3266"}
{"tag":"!","time":"2.30243e-05","counter":"691","score":"-3233"}
{"tag":"!","time":"2.30243e-05","counter":"692","score":"-3212"}
{"tag":"!","time":"2.30243e-05","counter":"695","score":"-3186"}
{"tag":"!","time":"2.30243e-05","counter":"743","score":"-3174"}
{"tag":"!","time":"2.30243e-05","counter":"754","score":"-3166"}
{"tag":"!","time":"2.30243e-05","counter":"755","score":"-3127"}
{"tag":"!","time":"2.30243e-05","counter":"763","score":"-3080"}
{"tag":"!","time":"2.30243e-05","counter":"792","score":"-3076"}
{"tag":"!","time":"2.30243e-05","counter":"882","score":"-3047"}
{"tag":"!","time":"2.30243e-05","counter":"894","score":"-3038"}
{"tag":"!","time":"2.30243e-05","counter":"941","score":"-3018"}
{"tag":"!","time":"2.30243e-05","counter":"943","score":"-2985"}
{"tag":"!","time":"0.00738419","counter":"1269","score":"-2981"}
{"tag":"!","time":"0.00738419","counter":"1281","score":"-2965"}
{"tag":"!","time":"0.00738419","counter":"1283","score":"-2948"}
{"tag":"!","time":"0.00738419","counter":"1336","score":"-2915"}
{"tag":"!","time":"0.00738419","counter":"1346","score":"-2902"}
{"tag":"!","time":"0.00738419","counter":"1404","score":"-2892"}
{"tag":"!","time":"0.00738419","counter":"1425","score":"-2888"}
{"tag":"!","time":"0.00738419","counter":"1427","score":"-2861"}
{"tag":"!","time":"0.00738419","counter":"1428","score":"-2849"}
{"tag":"!","time":"0.00738419","counter":"1440","score":"-2828"}
{"tag":"!","time":"0.00738419","counter":"1461","score":"-2810"}
{"tag":"!","time":"0.00738419","counter":"1465","score":"-2791"}
{"tag":"!","time":"0.00738419","counter":"1469","score":"-2702"}
{"tag":"!","time":"0.00738419","counter":"1493","score":"-2698"}
{"tag":"!","time":"0.00738419","counter":"1515","score":"-2686"}
{"tag":"!","time":"0.00738419","counter":"1663","score":"-2679"}
{"tag":"!","time":"0.0144839","counter":"2133","score":"-2592"}
{"tag":"!","time":"0.0144839","counter":"2138","score":"-2562"}
{"tag":"!","time":"0.0144839","counter":"2159","score":"-2552"}
{"tag":"!","time":"0.0144839","counter":"2161","score":"-2542"}
{"tag":"!","time":"0.0144839","counter":"2501","score":"-2528"}
{"tag":"!","time":"0.0144839","counter":"2502","score":"-2483"}
{"tag":"!","time":"0.0144839","counter":"2512","score":"-2458"}
{"tag":"!","time":"0.0144839","counter":"2514","score":"-2447"}
{"tag":"!","time":"0.0144839","counter":"2905","score":"-2446"}
{"tag":"!","time":"0.0144839","counter":"2907","score":"-2410"}
{"tag":"!","time":"0.0218515","counter":"3014","score":"-2377"}
{"tag":"!","time":"0.0218515","counter":"3028","score":"-2348"}
{"tag":"!","time":"0.027739","counter":"4040","score":"-2342"}
{"tag":"!","time":"0.027739","counter":"4044","score":"-2340"}
{"tag":"!","time":"0.027739","counter":"4152","score":"-2323"}
{"tag":"!","time":"0.027739","counter":"4154","score":"-2282"}
{"tag":"!","time":"0.027739","counter":"4155","score":"-2257"}
{"tag":"!","time":"0.027739","counter":"4173","score":"-2250"}
{"tag":"!","time":"0.027739","counter":"4177","score":"-2248"}
{"tag":"!","time":"0.0334592","counter":"5731","score":"-2247"}
{"tag":"!","time":"0.277211","counter":"46313","score":"-2214"}
{"tag":"!","time":"0.277211","counter":"46318","score":"-2194"}
{"tag":"!","time":"0.288451","counter":"48040","score":"-2191"}
{"tag":"!","time":"0.288451","counter":"48043","score":"-2119"}
{"tag":"!","time":"0.288451","counter":"48065","score":"-2022"}
{"tag":"!","time":"0.288451","counter":"48098","score":"-2019"}
{"tag":"!","time":"0.288451","counter":"48151","score":"-2018"}
{"tag":"!","time":"0.288451","counter":"48172","score":"-1986"}
{"tag":"!","time":"0.53647","counter":"93940","score":"-1940"}
{"tag":"!","time":"0.53647","counter":"93949","score":"-1927"}
{"tag":"!","time":"0.798677","counter":"141904","score":"-1921"}
{"tag":"!","time":"0.798677","counter":"141926","score":"-1909"}
{"tag":"!","time":"0.798677","counter":"141957","score":"-1860"}
{"tag":"!","time":"0.798677","counter":"141988","score":"-1844"}
{"tag":"!","time":"1.35321","counter":"242145","score":"-1786"}
{"tag":"!","time":"1.35321","counter":"242150","score":"-1775"}
{"tag":"!","time":"1.72915","counter":"310193","score":"-1761"}
{"tag":"!","time":"1.72915","counter":"310252","score":"-1744"}
{"tag":"!","time":"1.85623","counter":"333318","score":"-1728"}
{"tag":"!","time":"1.85623","counter":"333320","score":"-1722"}
{"tag":"!","time":"1.85623","counter":"333339","score":"-1721"}
{"tag":"!","time":"1.85623","counter":"333344","score":"-1720"}
{"tag":"!","time":"1.9347","counter":"347807","score":"-1706"}
{"tag":"!","time":"1.9347","counter":"347833","score":"-1690"}
{"tag":"!","time":"2.14791","counter":"385120","score":"-1675"}
{"tag":"!","time":"2.14791","counter":"385160","score":"-1674"}
{"tag":"!","time":"2.14791","counter":"385401","score":"-1672"}
{"tag":"!","time":"2.14791","counter":"385431","score":"-1652"}
{"tag":"!","time":"2.19285","counter":"393423","score":"-1630"}
{"tag":"!","time":"2.51459","counter":"450707","score":"-1594"}
{"tag":"!","time":"2.90106","counter":"520457","score":"-1564"}
{"tag":"!","time":"2.90106","counter":"520947","score":"-1556"}
{"tag":"!","time":"3.21372","counter":"576368","score":"-1555"}
{"tag":"!","time":"3.21372","counter":"576377","score":"-1554"}
{"tag":"!","time":"3.21949","counter":"577115","score":"-1522"}
{"tag":"!","time":"3.21949","counter":"577139","score":"-1504"}
{"tag":"!","time":"3.21949","counter":"577218","score":"-1493"}
{"tag":"!","time":"3.23654","counter":"580190","score":"-1487"}
{"tag":"!","time":"3.23654","counter":"580409","score":"-1485"}
{"tag":"!","time":"3.73127","counter":"667323","score":"-1450"}
{"tag":"!","time":"3.73127","counter":"667360","score":"-1436"}
{"tag":"!","time":"3.73127","counter":"667365","score":"-1423"}
{"tag":"!","time":"3.77634","counter":"675535","score":"-1381"}
{"tag":"!","time":"3.77634","counter":"675546","score":"-1378"}
{"tag":"!","time":"3.77634","counter":"675705","score":"-1329"}
{"tag":"!","time":"3.77634","counter":"675712","score":"-1320"}
{"tag":"!","time":"3.78764","counter":"677237","score":"-1306"}
{"tag":"!","time":"4.23701","counter":"758626","score":"-1295"}
{"tag":"!","time":"4.23701","counter":"758676","score":"-1289"}
{"tag":"!","time":"4.23701","counter":"758708","score":"-1285"}
{"tag":"!","time":"4.23701","counter":"758715","score":"-1275"}
{"tag":"!","time":"4.27094","counter":"764749","score":"-1244"}
{"tag":"!","time":"4.27658","counter":"765773","score":"-1230"}
{"tag":"!","time":"4.27658","counter":"765786","score":"-1203"}
{"tag":"!","time":"4.28235","counter":"766011","score":"-1201"}
{"tag":"!","time":"4.29881","counter":"769523","score":"-1180"}
{"tag":"!","time":"4.29881","counter":"769534","score":"-1174"}
{"tag":"!","time":"4.29881","counter":"769538","score":"-1153"}
{"tag":"!","time":"4.29881","counter":"769550","score":"-1113"}
{"tag":"!","time":"4.29881","counter":"769849","score":"-1073"}
{"tag":"!","time":"5.25196","counter":"936793","score":"-1044"}
{"tag":"!","time":"5.25196","counter":"936913","score":"-1038"}
{"tag":"!","time":"5.25196","counter":"936921","score":"-1030"}
{"tag":"!","time":"5.25794","counter":"937329","score":"-1003"}
{"tag":"!","time":"5.25794","counter":"937756","score":"-998"}
{"tag":"!","time":"5.4139","counter":"965418","score":"-984"}
{"tag":"!","time":"5.4139","counter":"965422","score":"-981"}
{"tag":"!","time":"5.4139","counter":"965453","score":"-967"}
{"tag":"!","time":"5.4139","counter":"965532","score":"-964"}
{"tag":"!","time":"5.4139","counter":"965772","score":"-960"}
{"tag":"!","time":"5.42517","counter":"967119","score":"-957"}
{"tag":"!","time":"5.42517","counter":"967244","score":"-953"}
{"tag":"!","time":"5.42517","counter":"967277","score":"-920"}
{"tag":"!","time":"5.42517","counter":"967317","score":"-899"}
{"tag":"!","time":"5.42517","counter":"967394","score":"-888"}
{"tag":"!","time":"5.61999","counter":"1002327","score":"-886"}
{"tag":"!","time":"5.63134","counter":"1004003","score":"-881"}
{"tag":"!","time":"5.63134","counter":"1004035","score":"-844"}
{"tag":"!","time":"5.63134","counter":"1004043","score":"-840"}
{"tag":"!","time":"5.63134","counter":"1004046","score":"-828"}
{"tag":"!","time":"5.65466","counter":"1008858","score":"-816"}
{"tag":"!","time":"5.70395","counter":"1017072","score":"-810"}
{"tag":"!","time":"5.70395","counter":"1017157","score":"-797"}
{"tag":"!","time":"5.70395","counter":"1017783","score":"-796"}
{"tag":"!","time":"5.70395","counter":"1017819","score":"-784"}
{"tag":"!","time":"5.73668","counter":"1023802","score":"-758"}
{"tag":"!","time":"5.98625","counter":"1068552","score":"-757"}
{"tag":"!","time":"5.98625","counter":"1068707","score":"-737"}
{"tag":"!","time":"5.98625","counter":"1068797","score":"-712"}
{"tag":"!","time":"5.98625","counter":"1068949","score":"-702"}
{"tag":"!","time":"5.992","counter":"1069462","score":"-682"}
{"tag":"!","time":"6.53384","counter":"1166747","score":"-681"}
{"tag":"!","time":"6.53384","counter":"1166752","score":"-677"}
{"tag":"!","time":"6.53948","counter":"1167285","score":"-676"}
{"tag":"!","time":"6.53948","counter":"1167292","score":"-661"}
{"tag":"!","time":"6.64913","counter":"1187452","score":"-660"}
{"tag":"!","time":"6.79613","counter":"1214099","score":"-658"}
{"tag":"!","time":"6.79613","counter":"1214278","score":"-639"}
{"tag":"!","time":"6.82393","counter":"1219523","score":"-630"}
{"tag":"!","time":"6.82393","counter":"1219784","score":"-618"}
{"tag":"!","time":"6.82933","counter":"1220075","score":"-615"}
{"tag":"!","time":"6.82933","counter":"1220100","score":"-613"}
{"tag":"!","time":"6.82933","counter":"1220237","score":"-606"}
{"tag":"!","time":"6.83503","counter":"1221647","score":"-601"}
{"tag":"!","time":"6.83503","counter":"1221868","score":"-600"}
{"tag":"!","time":"6.95535","counter":"1243262","score":"-598"}
{"tag":"!","time":"7.04823","counter":"1260634","score":"-572"}
{"tag":"!","time":"7.05929","counter":"1262962","score":"-550"}
{"tag":"!","time":"7.06499","counter":"1263228","score":"-543"}
{"tag":"!","time":"7.06499","counter":"1263489","score":"-522"}
{"tag":"!","time":"7.06499","counter":"1263511","score":"-519"}
{"tag":"!","time":"7.06499","counter":"1263897","score":"-514"}
{"tag":"!","time":"7.08199","counter":"1266074","score":"-503"}
{"tag":"!","time":"7.08751","counter":"1267416","score":"-491"}
{"tag":"!","time":"7.08751","counter":"1267440","score":"-477"}
{"tag":"!","time":"7.08751","counter":"1267661","score":"-476"}
{"tag":"!","time":"7.19798","counter":"1287023","score":"-466"}
{"tag":"!","time":"7.23101","counter":"1293193","score":"-462"}
{"tag":"!","time":"7.2366","counter":"1294120","score":"-453"}
{"tag":"!","time":"7.28618","counter":"1303957","score":"-449"}
{"tag":"!","time":"7.30853","counter":"1307905","score":"-445"}
{"tag":"!","time":"8.07768","counter":"1446136","score":"-444"}
{"tag":"!","time":"8.07768","counter":"1446691","score":"-439"}
{"tag":"!","time":"8.07768","counter":"1446969","score":"-414"}
{"tag":"!","time":"8.08325","counter":"1447803","score":"-400"}
{"tag":"!","time":"8.38014","counter":"1501184","score":"-399"}
{"tag":"!","time":"8.39699","counter":"1504503","score":"-392"}
{"tag":"!","time":"8.49528","counter":"1522702","score":"-391"}
{"tag":"!","time":"8.56629","counter":"1535843","score":"-385"}
{"tag":"!","time":"8.56629","counter":"1535850","score":"-384"}
{"tag":"!","time":"8.72489","counter":"1564595","score":"-382"}
{"tag":"!","time":"8.91219","counter":"1598145","score":"-367"}
{"tag":"!","time":"8.92857","counter":"1601329","score":"-366"}
{"tag":"!","time":"8.95069","counter":"1605290","score":"-365"}
{"tag":"result","counter":"1610000","score":"-365"}
{"type":"sa","c":"1.0102","l":"0.014898","score":"0.239211"}
