12
DIVVOPLQTTT
LTNGNKURMPG
UGTMTJFFQLO
SHRNRNRPQMG
TSGIHKMKHJF
POOOKTJONFI
MOLMIQKRHHL
ISNPKLIRSMS
MHRIENOMGTK
DKEHOTPMORP
RRTMTOQUFLQ
GVYGNCMUTRD
0 0
4 2
1 5
4 3
2 1
1 4
8 4
5 7
1 3
6 3
2 0
0 5
4 3
6 1
3 2
7 7
2 4
4 0
0 2
6 5
0 0
2 4
0 8
1 0
1 6
0 2
10 4
1 1
1 2
3 3
9 4
0 2
0 6
10 5
2 0
9 6
6 1
4 2
3 2
6 4
5 7
6 4
3 4
1 0
2 3
0 1
1 0
0 0
2 0
1 6
2 1
2 0
0 1
8 3
2 1
0 1
4 5
1 1
4 0
4 7
1 0
1 0
4 1
3 5
4 4
4 2
0 1
4 0
3 8
2 0
0 3
4 2
10 2
4 6
1 1
6 3
1 3
5 2
2 1
8 4
1 2
7 3
7 0
0 4
5 2
3 0
5 0
10 2
4 2
0 4
0 4
5 9
0 5
3 7
1 2
3 0
