{"type":"greedy_loss","c":"1.07223","l":"0","score":"0.190921","h":"10","w":"144"}
{"s_comp":"0.369873","s_loss":"0.194499","T":"1343","P":"0.178061"}
{"tag":"param","type":"sa","start_temp":"30","end_temp":"1","limit":"8.98245"}
{"tag":"!","time":"2.46221e-05","counter":"0","score":"-3966"}
{"tag":"!","time":"2.46221e-05","counter":"2","score":"-3963"}
{"tag":"!","time":"2.46221e-05","counter":"4","score":"-3951"}
{"tag":"!","time":"2.46221e-05","counter":"6","score":"-3910"}
{"tag":"!","time":"2.46221e-05","counter":"7","score":"-3861"}
{"tag":"!","time":"2.46221e-05","counter":"8","score":"-3801"}
{"tag":"!","time":"2.46221e-05","counter":"9","score":"-3796"}
{"tag":"!","time":"2.46221e-05","counter":"12","score":"-3778"}
{"tag":"!","time":"2.46221e-05","counter":"17","score":"-3744"}
{"tag":"!","time":"2.46221e-05","counter":"22","score":"-3629"}
{"tag":"!","time":"2.46221e-05","counter":"24","score":"-3625"}
{"tag":"!","time":"2.46221e-05","counter":"30","score":"-3567"}
{"tag":"!","time":"2.46221e-05","counter":"36","score":"-3563"}
{"tag":"!","time":"2.46221e-05","counter":"39","score":"-3508"}
{"tag":"!","time":"2.46221e-05","counter":"42","score":"-3500"}
{"tag":"!","time":"2.46221e-05","counter":"49","score":"-3380"}
{"tag":"!","time":"2.46221e-05","counter":"51","score":"-3307"}
{"tag":"!","time":"2.46221e-05","counter":"54","score":"-3280"}
{"tag":"!","time":"2.46221e-05","counter":"55","score":"-3136"}
{"tag":"!","time":"2.46221e-05","counter":"59","score":"-3131"}
{"tag":"!","time":"2.46221e-05","counter":"77","score":"-3098"}
{"tag":"!","time":"2.46221e-05","counter":"91","score":"-3096"}
{"tag":"!","time":"2.46221e-05","counter":"97","score":"-2959"}
{"tag":"!","time":"2.46221e-05","counter":"98","score":"-2906"}
{"tag":"!","time":"2.46221e-05","counter":"99","score":"-2865"}
{"tag":"!","time":"2.46221e-05","counter":"104","score":"-2864"}
{"tag":"!","time":"2.46221e-05","counter":"105","score":"-2795"}
{"tag":"!","time":"2.46221e-05","counter":"117","score":"-2700"}
{"tag":"!","time":"2.46221e-05","counter":"126","score":"-2661"}
{"tag":"!","time":"2.46221e-05","counter":"179","score":"-2657"}
{"tag":"!","time":"2.46221e-05","counter":"184","score":"-2643"}
{"tag":"!","time":"2.46221e-05","counter":"190","score":"-2620"}
{"tag":"!","time":"2.46221e-05","counter":"196","score":"-2502"}
{"tag":"!","time":"2.46221e-05","counter":"215","score":"-2466"}
{"tag":"!","time":"2.46221e-05","counter":"297","score":"-2418"}
{"tag":"!","time":"2.46221e-05","counter":"299","score":"-2390"}
{"tag":"!","time":"2.46221e-05","counter":"307","score":"-2367"}
{"tag":"!","time":"2.46221e-05","counter":"313","score":"-2355"}
{"tag":"!","time":"2.46221e-05","counter":"317","score":"-2239"}
{"tag":"!","time":"2.46221e-05","counter":"343","score":"-2228"}
{"tag":"!","time":"2.46221e-05","counter":"358","score":"-2216"}
{"tag":"!","time":"2.46221e-05","counter":"362","score":"-2211"}
{"tag":"!","time":"2.46221e-05","counter":"366","score":"-2210"}
{"tag":"!","time":"2.46221e-05","counter":"398","score":"-2165"}
{"tag":"!","time":"2.46221e-05","counter":"402","score":"-2162"}
{"tag":"!","time":"2.46221e-05","counter":"433","score":"-2155"}
{"tag":"!","time":"2.46221e-05","counter":"581","score":"-2147"}
{"tag":"!","time":"2.46221e-05","counter":"588","score":"-2127"}
{"tag":"!","time":"2.46221e-05","counter":"595","score":"-2075"}
{"tag":"!","time":"2.46221e-05","counter":"600","score":"-2063"}
{"tag":"!","time":"2.46221e-05","counter":"637","score":"-2057"}
{"tag":"!","time":"2.46221e-05","counter":"679","score":"-1975"}
{"tag":"!","time":"2.46221e-05","counter":"681","score":"-1967"}
{"tag":"!","time":"2.46221e-05","counter":"710","score":"-1939"}
{"tag":"!","time":"2.46221e-05","counter":"712","score":"-1892"}
{"tag":"!","time":"2.46221e-05","counter":"718","score":"-1868"}
{"tag":"!","time":"2.46221e-05","counter":"734","score":"-1863"}
{"tag":"!","time":"2.46221e-05","counter":"753","score":"-1827"}
{"tag":"!","time":"2.46221e-05","counter":"781","score":"-1814"}
{"tag":"!","time":"2.46221e-05","counter":"814","score":"-1812"}
{"tag":"!","time":"2.46221e-05","counter":"824","score":"-1795"}
{"tag":"!","time":"2.46221e-05","counter":"830","score":"-1783"}
{"tag":"!","time":"0.0122118","counter":"1459","score":"-1769"}
{"tag":"!","time":"0.0122118","counter":"1491","score":"-1730"}
{"tag":"!","time":"0.0122118","counter":"1530","score":"-1708"}
{"tag":"!","time":"0.0183202","counter":"2518","score":"-1707"}
{"tag":"!","time":"0.0183202","counter":"2522","score":"-1699"}
{"tag":"!","time":"0.0183202","counter":"2525","score":"-1680"}
{"tag":"!","time":"0.0183202","counter":"2531","score":"-1657"}
{"tag":"!","time":"0.0243051","counter":"3181","score":"-1641"}
{"tag":"!","time":"0.0243051","counter":"3197","score":"-1592"}
{"tag":"!","time":"0.0243051","counter":"3198","score":"-1557"}
{"tag":"!","time":"0.0243051","counter":"3207","score":"-1507"}
{"tag":"!","time":"0.0243051","counter":"3806","score":"-1505"}
{"tag":"!","time":"0.0243051","counter":"3835","score":"-1500"}
{"tag":"!","time":"0.0307439","counter":"4188","score":"-1471"}
{"tag":"!","time":"0.0420399","counter":"6585","score":"-1451"}
{"tag":"!","time":"0.0587015","counter":"9839","score":"-1445"}
{"tag":"!","time":"0.0587015","counter":"9848","score":"-1423"}
{"tag":"!","time":"0.0643678","counter":"10751","score":"-1408"}
{"tag":"!","time":"0.0813269","counter":"13705","score":"-1399"}
{"tag":"!","time":"0.0870474","counter":"14065","score":"-1392"}
{"tag":"!","time":"0.0870474","counter":"14076","score":"-1344"}
{"tag":"!","time":"0.0870474","counter":"14080","score":"-1313"}
{"tag":"!","time":"0.343703","counter":"60122","score":"-1286"}
{"tag":"!","time":"0.377757","counter":"66168","score":"-1270"}
{"tag":"!","time":"0.377757","counter":"66174","score":"-1264"}
{"tag":"!","time":"0.428422","counter":"75876","score":"-1246"}
{"tag":"!","time":"0.428422","counter":"75885","score":"-1237"}
{"tag":"!","time":"0.616105","counter":"106187","score":"-1232"}
{"tag":"!","time":"0.64434","counter":"111709","score":"-1217"}
{"tag":"!","time":"0.64434","counter":"111712","score":"-1203"}
{"tag":"!","time":"0.661084","counter":"114876","score":"-1186"}
{"tag":"!","time":"0.661084","counter":"114933","score":"-1125"}
{"tag":"!","time":"0.661084","counter":"114952","score":"-1124"}
{"tag":"!","time":"1.20801","counter":"210076","score":"-1120"}
{"tag":"!","time":"1.20801","counter":"210077","score":"-1083"}
{"tag":"!","time":"1.20801","counter":"210250","score":"-1079"}
{"tag":"!","time":"1.24175","counter":"216501","score":"-1072"}
{"tag":"!","time":"1.24756","counter":"217484","score":"-1014"}
{"tag":"!","time":"1.24756","counter":"217514","score":"-1011"}
{"tag":"!","time":"1.24756","counter":"217536","score":"-1004"}
{"tag":"!","time":"1.24756","counter":"217566","score":"-956"}
{"tag":"!","time":"2.47927","counter":"436255","score":"-947"}
{"tag":"!","time":"2.47927","counter":"436262","score":"-924"}
{"tag":"!","time":"2.47927","counter":"436312","score":"-911"}
{"tag":"!","time":"2.47927","counter":"436320","score":"-902"}
{"tag":"!","time":"2.47927","counter":"436327","score":"-897"}
{"tag":"!","time":"2.47927","counter":"436330","score":"-876"}
{"tag":"!","time":"3.25182","counter":"570130","score":"-872"}
{"tag":"!","time":"3.25182","counter":"570195","score":"-869"}
{"tag":"!","time":"3.59366","counter":"625979","score":"-851"}
{"tag":"!","time":"3.59366","counter":"625987","score":"-787"}
{"tag":"!","time":"3.59999","counter":"626007","score":"-784"}
{"tag":"!","time":"3.6474","counter":"634872","score":"-774"}
{"tag":"!","time":"3.65318","counter":"635039","score":"-744"}
{"tag":"!","time":"3.65318","counter":"635136","score":"-725"}
{"tag":"!","time":"3.65318","counter":"635162","score":"-723"}
{"tag":"!","time":"3.65318","counter":"635380","score":"-695"}
{"tag":"!","time":"3.65318","counter":"635782","score":"-677"}
{"tag":"!","time":"3.66542","counter":"637103","score":"-651"}
{"tag":"!","time":"4.82473","counter":"837571","score":"-588"}
{"tag":"!","time":"4.83049","counter":"838234","score":"-583"}
{"tag":"!","time":"4.83049","counter":"838257","score":"-554"}
{"tag":"!","time":"5.53936","counter":"962325","score":"-542"}
{"tag":"!","time":"5.53936","counter":"962351","score":"-519"}
{"tag":"!","time":"5.53936","counter":"962402","score":"-503"}
{"tag":"!","time":"5.53936","counter":"962472","score":"-470"}
{"tag":"!","time":"5.53936","counter":"962716","score":"-468"}
{"tag":"!","time":"5.54552","counter":"963082","score":"-447"}
{"tag":"!","time":"5.54552","counter":"963095","score":"-442"}
{"tag":"!","time":"5.54552","counter":"963335","score":"-437"}
{"tag":"!","time":"5.71795","counter":"993727","score":"-399"}
{"tag":"!","time":"5.76229","counter":"1001485","score":"-398"}
{"tag":"!","time":"5.80671","counter":"1009987","score":"-396"}
{"tag":"!","time":"6.70996","counter":"1162358","score":"-388"}
{"tag":"!","time":"6.7161","counter":"1163184","score":"-386"}
{"tag":"!","time":"6.74552","counter":"1168606","score":"-379"}
{"tag":"!","time":"6.76288","counter":"1171631","score":"-369"}
{"tag":"!","time":"6.83051","counter":"1182518","score":"-351"}
{"tag":"!","time":"6.8371","counter":"1183993","score":"-334"}
{"tag":"!","time":"6.8596","counter":"1187099","score":"-328"}
{"tag":"!","time":"6.8596","counter":"1187454","score":"-320"}
{"tag":"!","time":"6.88174","counter":"1191287","score":"-316"}
{"tag":"!","time":"6.89273","counter":"1193100","score":"-312"}
{"tag":"!","time":"6.89273","counter":"1193477","score":"-291"}
{"tag":"!","time":"6.93708","counter":"1201197","score":"-288"}
{"tag":"!","time":"6.93708","counter":"1201445","score":"-283"}
{"tag":"!","time":"7.02474","counter":"1217038","score":"-282"}
{"tag":"!","time":"7.03546","counter":"1219265","score":"-270"}
{"tag":"!","time":"7.15694","counter":"1241144","score":"-261"}
{"tag":"!","time":"7.35936","counter":"1278764","score":"-253"}
{"tag":"!","time":"7.37543","counter":"1281223","score":"-242"}
{"tag":"!","time":"7.37543","counter":"1281727","score":"-234"}
{"tag":"!","time":"7.38628","counter":"1283381","score":"-229"}
{"tag":"!","time":"7.4245","counter":"1290493","score":"-225"}
{"tag":"!","time":"7.51723","counter":"1307450","score":"-218"}
{"tag":"!","time":"7.53933","counter":"1311295","score":"-211"}
{"tag":"!","time":"7.53933","counter":"1311932","score":"-199"}
{"tag":"!","time":"7.68142","counter":"1337061","score":"-198"}
{"tag":"!","time":"7.68694","counter":"1338070","score":"-197"}
{"tag":"!","time":"7.69231","counter":"1339212","score":"-196"}
{"tag":"!","time":"7.84524","counter":"1367718","score":"-193"}
{"tag":"!","time":"7.84524","counter":"1367736","score":"-192"}
{"tag":"!","time":"7.89458","counter":"1376580","score":"-188"}
{"tag":"!","time":"8.04328","counter":"1403010","score":"-185"}
{"tag":"!","time":"8.16569","counter":"1425652","score":"-182"}
{"tag":"!","time":"8.17674","counter":"1427831","score":"-177"}
{"tag":"!","time":"8.2201","counter":"1435981","score":"-169"}
{"tag":"!","time":"8.28021","counter":"1446121","score":"-166"}
{"tag":"!","time":"8.29646","counter":"1449274","score":"-162"}
{"tag":"!","time":"8.30181","counter":"1450966","score":"-160"}
{"tag":"!","time":"8.50186","counter":"1487515","score":"-158"}
{"tag":"!","time":"8.57131","counter":"1500380","score":"-144"}
{"tag":"!","time":"8.59853","counter":"1505439","score":"-135"}
{"tag":"!","time":"8.97112","counter":"1574406","score":"-133"}
{"tag":"result","counter":"1577000","score":"-133"}
{"type":"sa","c":"1.01862","l":"0.00792256","score":"0.187887"}
