36
KIKXMKOWBZYEXCKRYVGGAAWNKYAAAVBLFARNWF
JFCAZQENGUZASWNYQZFHTBSTVLNWOCMFOSYTPL
FLCVUVEZDGJRCHGZOEZVBRNZEHVTYKJIUFSUGS
LHYCPNFWCWKFFDJDMVHFEAWLFTEXGGANXXGFRT
GOXTXUBWHSIEEFBDCNSQIXQCLMWBNBHOAKKSPL
TFVAQIRGUNBIZDHVZGGOKRKZVEKTQIUABKKVSN
KDAAAHCOEBVFMRXTUMBDKSRYLRQQQJSHXVNBFE
UOFAALFBOKLYFHMVOORWBJFXTLAAAWEBWHGQYO
TFGAAPXZPPAAAARFICNNEDWAPEHVRIFNSYDFCJ
VKLTFOOFXAOGZOTCRIPFJDLYWZXXEAAAKGIAFM
EPSHTBKLPZZNXTJBUPUJBDVVOUMOQNIVIVJILX
WWVBPWZLRXAAAAAANQYIXXYLETOOXUZSNKGGVJ
TXOCBMCMZDFAENYTCSTSQDBNVMSKVTITPMWPQE
XFFKFEWFKJRLORHSIIWHTGAADZVHAFOKHOTBWO
DOGEGLBHPCHSBJCSIOLNZCAALXKFYDLJHMUSZQ
CSZLBAAAAAAAAAAWGJHIKJAAWWGTKGOGJBYRNK
PHEZHPYHMOLHEPICIFSJEAVSZOYUNUODCSTFWH
YFMFHLOGLWFBXEAYDMWWWDHVQBLPBIQQFVFPAO
QGIJRWOGCYCGNWPUKHYZYBXGQWXTMZIGIXSNWP
YTYZEWMTFJZELAPLZDYZGYGZXPQXREOSJVOYQS
SOSDOBAEMHIHUKLBHCKPYMYCJEXQHNWOCRPDZR
OASRTEMXOFNGHVMAMNAAAAAATDXASPWYYDIBLF
CQWHGJLYOBBWDDBXEODPETSSMRQFKKRCWWAWNQ
HYELXAAANSYILGZPLKXAOJXOFFGVAOQDYAZXTU
OYXDVFGUGJTEMDAKKMQGXZJTSPKELFNZNGJXOW
WNWWMQWYYFQOMSQDMAHYMZBAAAERNXXJRVMTZT
NWRLJYAJDDQZPCNYBOAQVHKJIVCNJMBQLZQZXF
BJSJBCTPFEADFLOSCCCQFXLJWZURZGMLCCBHWY
FSKNDUUVQYODDRPBBZIZGIPFVAIETCAKCSFZDL
PAHMMZJOTXROVIQDRFLGHGYRCWOKMPVHSNWUFQ
PXYCPSDCOSICPIDUVFDJCGFQUQFEHIZYOMENKX
FAPVDXDLHPHJATLEDZLQHAMQTMJRTURJJIDDOB
UNIDJSMUKEQZUVNOVOGJNANOXVZTGZWDLCPKLQ
ONAEKPQFGPPXEECJZFEHDMZGZJOBSSTPYBEGAK
DSOXBJIMECPSOSEUFUASSCAARSIBGUKCXKCCUY
HEUXQNSWWFESRUAAABJKTRRSZJKEDEKRZNBBFI
0 2
26 14
13 33
23 26
19 14
13 24
1 26
33 26
9 3
6 5
19 17
0 10
1 20
31 5
10 22
22 14
0 22
29 0
23 35
22 23
16 8
14 0
30 26
23 0
0 14
13 15
16 3
0 0
7 0
12 10
32 35
9 10
9 32
0 29
16 14
26 17
24 5
8 21
10 15
